1513602098338 lifecam22 1702.22717285 5635.18701172 6.24140787125
1513602098402 lifecam22 1702.4284668 5635.1875 6.24306440353
1513602098538 lifecam22 1702.43151855 5635.1875 6.24316167831
1513602098997 lifecam22 1702.43151855 5635.1875 6.24316167831
1513602099073 lifecam22 1702.42468262 5635.37255859 6.2367811203
1513602099134 lifecam22 1702.79797363 5635.36328125 6.23574542999
1513602099199 lifecam22 1702.8314209 5635.18603516 6.2451376915
1513602099471 lifecam22 1703.68713379 5635.19580078 6.25955200195
1513602099528 lifecam22 1703.68713379 5635.19580078 6.25955200195
1513602099599 lifecam22 1700.19616699 5639.12744141 6.23102140427
1513602099675 lifecam22 1696.96228027 5639.97070312 6.23582363129
1513602099732 lifecam22 1697.79858398 5641.08984375 6.2357840538
1513602099795 lifecam22 1696.2869873 5643.26904297 6.23861598969
1513602099874 lifecam22 1694.49987793 5645.55908203 6.21213531494
1513602099938 lifecam22 1694.2611084 5647.10693359 6.19694232941
1513602099994 lifecam22 1694.27966309 5647.9765625 6.1977314949
1513602100064 lifecam22 1694.49987793 5647.61181641 6.19575119019
1513602100133 lifecam22 1694.01452637 5646.42578125 6.19576263428
1513602100264 lifecam22 1695.78344727 5641.54980469 6.26735591888
1513602100332 lifecam22 1694.27941895 5644.14208984 6.22335577011
1513602100393 lifecam22 1694.5 5646.24755859 6.2045211792
1513602100467 lifecam22 1694.27941895 5647.47753906 6.19774055481
1513602100535 lifecam22 1694.5 5647.96337891 6.19652748108
1513602100742 lifecam22 1693.32189941 5648.6171875 6.17277145386
1513602100795 lifecam22 1693.08837891 5648.12402344 6.17385053635
1513602100864 lifecam22 1693.09179688 5647.921875 6.17612552643
1513602100938 lifecam22 1694.5 5647.27880859 6.20221567154
1513602101011 lifecam22 1694.5 5647.10498047 6.2033829689
1513602101207 lifecam22 1694.5 5644.27636719 6.22225427628
1513602101415 lifecam22 1694.78308105 5641.83984375 6.25269317627
1513602101464 lifecam22 1695.81298828 5641.18554688 6.26909017563
1513602101622 lifecam22 1697.0255127 5640.43505859 6.27156829834
1513602101687 lifecam22 1697.3067627 5640.06445312 6.27117872238
1513602101738 lifecam22 1697.02075195 5640.45263672 6.26979207993
1513602101815 lifecam22 1697.32824707 5641.6953125 6.24829101562
1513602101868 lifecam22 1696.04553223 5642.66796875 6.20770359039
1513602102148 lifecam22 1695.07019043 5644.3359375 6.1799788475
1513602102214 lifecam22 1696.13391113 5644.22216797 6.18775558472
1513602102279 lifecam22 1696.10778809 5643.48339844 6.19897985458
1513602102337 lifecam22 1696.74121094 5643.29150391 6.20402288437
1513602102399 lifecam22 1696.0970459 5644.76464844 6.19220876694
1513602102605 lifecam22 1698.78222656 5643.24853516 6.21129703522
1513602102663 lifecam22 1694.62536621 5644.21679688 6.18707275391
1513602102740 lifecam22 1695.96362305 5641.31054688 6.22850322723
1513602102808 lifecam22 1699.03161621 5639.54638672 6.24967575073
1513602103067 lifecam22 1701.49987793 5634.99951172 6.25373411179
1513602103136 lifecam22 1696.98974609 5634.99951172 6.26533985138
1513602103212 lifecam22 1685.02929688 5635.0 6.26738452911
1513602103278 lifecam22 1674.09326172 5634.76171875 6.23942470551
1513602103407 lifecam22 1654.66052246 5634.078125 6.19277667999
1513602103475 lifecam22 1644.97302246 5633.63574219 6.17579984665
1513602103545 lifecam22 1635.28369141 5634.08544922 6.13923883438
1513602103614 lifecam22 1625.43444824 5633.93896484 6.09978485107
1513602103734 lifecam22 1605.3302002 5634.65625 6.04452085495
1513602103875 lifecam22 1585.34655762 5636.92041016 5.97347450256
1513602103934 lifecam22 1574.57324219 5638.29443359 5.93321084976
1513602104004 lifecam22 1565.58630371 5639.46728516 5.89849996567
1513602104084 lifecam22 1555.47021484 5642.36474609 5.8684015274
1513602104143 lifecam22 1546.3449707 5644.36523438 5.82868862152
1513602104285 lifecam22 1526.25146484 5649.94726562 5.75477743149
1513602104343 lifecam22 1517.5847168 5653.56982422 5.71087598801
1513602104400 lifecam22 1507.79626465 5657.12695312 5.65438842773
1513602104471 lifecam22 1498.15686035 5661.54980469 5.63585519791
1513602104531 lifecam22 1489.43237305 5666.41455078 5.5907087326
1513602104753 lifecam22 1464.07189941 5682.15429688 5.42700529099
1513602104948 lifecam22 1439.92443848 5701.3046875 5.31931304932
1513602104999 lifecam22 1433.40222168 5707.74365234 5.26905488968
1513602105154 lifecam22 1418.45727539 5722.49658203 5.19609880447
1513602105212 lifecam22 1411.72961426 5731.54736328 5.1389670372
1513602105267 lifecam22 1406.39233398 5739.14404297 5.10406827927
1513602105343 lifecam22 1402.58911133 5744.32324219 5.07711267471
1513602105408 lifecam22 1402.13244629 5744.40966797 5.08561325073
1513602105615 lifecam22 1402.74487305 5743.81835938 5.07759952545
1513602105683 lifecam22 1402.37072754 5744.22314453 5.07934856415
1513602105735 lifecam22 1402.44348145 5744.07421875 5.08474969864
1513602105809 lifecam22 1402.43579102 5744.05957031 5.08098173141
1513602105867 lifecam22 1402.5135498 5744.03125 5.08241176605
1513602106021 lifecam22 1402.58569336 5743.73388672 5.07368040085
1513602106078 lifecam22 1402.58276367 5743.76904297 5.07628965378
1513602106138 lifecam22 1402.28515625 5744.09960938 5.07675886154
1513602106211 lifecam22 1402.56933594 5743.71533203 5.0834107399
1513602106284 lifecam22 1402.13586426 5743.97363281 5.07651424408
1513602106480 lifecam22 1402.37060547 5743.80761719 5.07290029526
1513602106549 lifecam22 1402.37756348 5744.26757812 5.08577394485
1513602106606 lifecam22 1402.56433105 5743.74755859 5.08529090881
1513602106675 lifecam22 1402.43359375 5744.12011719 5.08626031876
1513602106734 lifecam22 1402.4354248 5744.07177734 5.0820441246
1513602106878 lifecam22 1402.43579102 5744.05957031 5.08098173141
1513602106944 lifecam22 1402.89953613 5743.85986328 5.07982254028
1513602107006 lifecam22 1402.64733887 5744.03271484 5.08872032166
1513602107075 lifecam22 1402.35461426 5743.81542969 5.07390499115
