1513602164822 lifecam22 1838.69030762 5536.25390625 6.11569690704
1513602164894 lifecam22 1838.65527344 5536.40136719 6.12202787399
1513602164970 lifecam22 1838.33532715 5536.65820312 6.10859537125
1513602165039 lifecam22 1835.33532715 5536.56835938 6.12243318558
1513602165237 lifecam22 1833.33166504 5522.90234375 6.20971822739
1513602165297 lifecam22 1831.18212891 5524.79785156 6.21825170517
1513602165373 lifecam22 1832.10009766 5523.18261719 6.19780874252
1513602165429 lifecam22 1832.68566895 5524.57080078 6.18756818771
1513602165490 lifecam22 1833.3494873 5523.62695312 6.19337034225
1513602165641 lifecam22 1833.09118652 5522.08935547 6.21694564819
1513602165708 lifecam22 1833.09118652 5522.08935547 6.21694564819
1513602165761 lifecam22 1834.41943359 5522.76416016 6.21338701248
1513602165830 lifecam22 1833.74121094 5522.07275391 6.22763347626
1513602165900 lifecam22 1831.95141602 5521.78466797 6.21095561981
1513602166111 lifecam22 1832.16174316 5523.92675781 6.19094705582
1513602166171 lifecam22 1832.78674316 5523.85400391 6.18579864502
1513602166229 lifecam22 1832.55480957 5523.51025391 6.18957042694
1513602166299 lifecam22 1832.06140137 5522.828125 6.19311666489
1513602166360 lifecam22 1831.74682617 5521.79833984 6.21096324921
1513602166573 lifecam22 1832.06140137 5522.828125 6.19311666489
1513602166627 lifecam22 1831.90380859 5523.19287109 6.19576787949
1513602166710 lifecam22 1831.86950684 5523.18945312 6.19310951233
1513602166779 lifecam22 1831.38806152 5522.83984375 6.196393013
1513602166827 lifecam22 1831.39086914 5522.80859375 6.20470142365
1513602167026 lifecam22 1829.82983398 5523.34033203 6.19039201736
1513602167099 lifecam22 1828.81567383 5523.625 6.19417858124
1513602167167 lifecam22 1829.21289062 5523.60302734 6.19738769531
1513602167296 lifecam22 1828.84289551 5522.83789062 6.19151449203
1513602167366 lifecam22 1831.24841309 5523.19042969 6.19775438309
1513602167448 lifecam22 1830.6114502 5521.10107422 6.22843456268
1513602167499 lifecam22 1830.15075684 5521.36621094 6.23662948608
1513602167567 lifecam22 1831.4362793 5522.02441406 6.233273983
1513602167635 lifecam22 1830.71801758 5521.69775391 6.23836088181
1513602167833 lifecam22 1832.28466797 5524.15039062 6.20264101028
1513602167908 lifecam22 1833.42272949 5524.76220703 6.20031356812
1513602167967 lifecam22 1833.42199707 5524.75439453 6.20051193237
1513602168032 lifecam22 1833.22497559 5524.40429688 6.21352005005
1513602168106 lifecam22 1833.19628906 5524.23486328 6.2097325325
1513602168316 lifecam22 1833.40490723 5524.76025391 6.19874572754
1513602168363 lifecam22 1833.02001953 5524.79882812 6.19944286346
1513602168435 lifecam22 1833.61828613 5524.89746094 6.19586420059
1513602168500 lifecam22 1833.86804199 5526.16259766 6.18745803833
1513602168561 lifecam22 1835.05859375 5524.45800781 6.20613574982
1513602168715 lifecam22 1835.37280273 5520.92626953 6.21574735641
1513602168781 lifecam22 1835.33605957 5520.39453125 6.22206878662
1513602168837 lifecam22 1835.53088379 5520.38964844 6.21516609192
1513602168903 lifecam22 1835.27575684 5519.38378906 6.21918821335
1513602168973 lifecam22 1835.09069824 5519.61523438 6.21457529068
1513602169168 lifecam22 1827.94384766 5520.26318359 6.20491456985
1513602169230 lifecam22 1815.71350098 5519.60595703 6.20021486282
1513602169312 lifecam22 1806.04138184 5519.25488281 6.19479084015
1513602169369 lifecam22 1796.5748291 5519.17919922 6.14731454849
1513602169436 lifecam22 1786.39624023 5519.05566406 6.10596466064
1513602169645 lifecam22 1755.36535645 5520.47558594 6.00120735168
1513602169703 lifecam22 1745.68994141 5521.55322266 5.97283029556
1513602169765 lifecam22 1735.93908691 5522.63085938 5.92927837372
1513602169849 lifecam22 1725.72546387 5524.91259766 5.88879823685
1513602169898 lifecam22 1716.12817383 5527.37597656 5.84806728363
1513602170045 lifecam22 1696.30773926 5532.27978516 5.76394224167
1513602170109 lifecam22 1687.15124512 5535.11181641 5.71504259109
1513602170167 lifecam22 1677.79724121 5539.33203125 5.69433927536
1513602170233 lifecam22 1668.49853516 5543.14794922 5.6402182579
1513602170307 lifecam22 1659.11328125 5547.95214844 5.60470485687
1513602170513 lifecam22 1633.28881836 5563.50683594 5.4477853775
1513602170566 lifecam22 1624.70593262 5569.52734375 5.41048669815
1513602170634 lifecam22 1616.2746582 5575.96044922 5.36324453354
1513602170705 lifecam22 1609.5871582 5581.91455078 5.32243776321
1513602170766 lifecam22 1601.30957031 5589.62060547 5.28247976303
1513602170919 lifecam22 1587.89855957 5604.02685547 5.18948888779
1513602170976 lifecam22 1581.25939941 5612.04248047 5.14753007889
1513602171045 lifecam22 1575.015625 5620.58007812 5.12069606781
1513602171117 lifecam22 1570.00354004 5628.70947266 5.06428289413
1513602171173 lifecam22 1564.46606445 5637.39111328 5.03063154221
1513602171372 lifecam22 1552.83752441 5659.50048828 4.92315387726
1513602171446 lifecam22 1552.94775391 5658.90429688 4.92030239105
1513602171504 lifecam22 1552.94775391 5658.90429688 4.92030239105
1513602171574 lifecam22 1552.9552002 5658.88525391 4.92258167267
1513602171645 lifecam22 1552.66271973 5659.26025391 4.9218993187
1513602171845 lifecam22 1552.9855957 5658.69726562 4.91911649704
1513602171900 lifecam22 1553.09887695 5659.15966797 4.92083883286
1513602171985 lifecam22 1553.06591797 5659.35742188 4.92317867279
1513602172045 lifecam22 1552.91003418 5659.11621094 4.92200756073
1513602172101 lifecam22 1552.91003418 5659.11621094 4.92200756073
1513602172252 lifecam22 1552.94775391 5658.90429688 4.92030239105
1513602172302 lifecam22 1552.87585449 5659.31298828 4.92434167862
1513602172371 lifecam22 1552.91003418 5659.11621094 4.92200756073
1513602172440 lifecam22 1552.87585449 5659.31298828 4.92434167862
1513602172512 lifecam22 1553.09887695 5659.15966797 4.92083883286
1513602172721 lifecam22 1553.06591797 5659.35742188 4.92317867279
1513602172773 lifecam22 1553.09887695 5659.15966797 4.92083883286
1513602172846 lifecam22 1552.91003418 5659.11621094 4.92200756073
1513602172919 lifecam22 1553.13537598 5658.93017578 4.91738939285
1513602172978 lifecam22 1552.91381836 5659.11669922 4.92430782318
