1513602147871 lifecam22 1701.8347168 5577.13183594 6.1107878685
1513602147932 lifecam22 1701.26745605 5572.20556641 6.15311193466
1513602148018 lifecam22 1705.4329834 5567.55615234 6.17614984512
1513602148070 lifecam22 1703.33898926 5571.32324219 6.1760725975
1513602148274 lifecam22 1704.78833008 5568.13525391 6.18736600876
1513602148335 lifecam22 1705.53210449 5568.21875 6.17124557495
1513602148416 lifecam22 1705.54992676 5568.03173828 6.17914295197
1513602148484 lifecam22 1705.34570312 5567.24755859 6.19124698639
1513602148542 lifecam22 1705.61010742 5567.22314453 6.1848115921
1513602148684 lifecam22 1704.92773438 5567.14257812 6.18948984146
1513602148742 lifecam22 1704.44104004 5566.70751953 6.18575763702
1513602148816 lifecam22 1704.30151367 5567.25244141 6.18276119232
1513602148884 lifecam22 1703.65270996 5568.59179688 6.16990041733
1513602148959 lifecam22 1702.73706055 5568.33740234 6.17761230469
1513602149155 lifecam22 1701.72106934 5568.83349609 6.17783546448
1513602149216 lifecam22 1701.7064209 5568.65429688 6.17872714996
1513602149269 lifecam22 1701.90490723 5568.82080078 6.16967344284
1513602149356 lifecam22 1701.64147949 5568.66162109 6.17596149445
1513602149422 lifecam22 1701.62817383 5568.41259766 6.18032121658
1513602149557 lifecam22 1701.70214844 5568.59716797 6.18030118942
1513602149620 lifecam22 1701.45605469 5568.68359375 6.17422962189
1513602149684 lifecam22 1701.41809082 5568.23828125 6.17640399933
1513602149752 lifecam22 1701.25585938 5568.6484375 6.17010879517
1513602149817 lifecam22 1700.86010742 5568.69921875 6.17404413223
1513602150021 lifecam22 1701.2064209 5568.08447266 6.17387962341
1513602150086 lifecam22 1701.27087402 5568.81542969 6.1695394516
1513602150153 lifecam22 1701.25585938 5568.6484375 6.17010879517
1513602150219 lifecam22 1700.84558105 5568.50537109 6.17357540131
1513602150286 lifecam22 1701.04260254 5568.47998047 6.1718621254
1513602150425 lifecam22 1701.78234863 5569.45898438 6.17262220383
1513602150546 lifecam22 1701.45288086 5569.57226562 6.16477108002
1513602150622 lifecam22 1700.8951416 5569.84423828 6.16245746613
1513602150689 lifecam22 1701.32263184 5569.81982422 6.15807199478
1513602150816 lifecam22 1701.36450195 5570.00048828 6.16679954529
1513602150884 lifecam22 1701.50012207 5569.39355469 6.16557884216
1513602150943 lifecam22 1701.12976074 5568.90722656 6.17749977112
1513602151023 lifecam22 1701.37463379 5569.85205078 6.16323852539
1513602151092 lifecam22 1701.60644531 5569.81738281 6.16204738617
1513602151156 lifecam22 1701.08056641 5568.97509766 6.16824293137
1513602151227 lifecam22 1701.51550293 5568.37304688 6.16935682297
1513602151284 lifecam22 1703.83618164 5569.66943359 6.15332841873
1513602151359 lifecam22 1702.58557129 5569.50146484 6.1621336937
1513602151420 lifecam22 1699.43237305 5569.78466797 6.15177202225
1513602151560 lifecam22 1703.9263916 5566.98681641 6.19465112686
1513602151615 lifecam22 1707.75622559 5563.82910156 6.21295261383
1513602151672 lifecam22 1708.27722168 5563.51025391 6.21470499039
1513602151749 lifecam22 1708.27502441 5563.48535156 6.2161154747
1513602151822 lifecam22 1708.06884766 5563.30615234 6.21316432953
1513602151958 lifecam22 1692.47839355 5564.33886719 6.19831228256
1513602152025 lifecam22 1680.83825684 5564.09521484 6.19620895386
1513602152085 lifecam22 1671.75598145 5563.53857422 6.16020917892
1513602152159 lifecam22 1662.99084473 5563.4375 6.12722110748
1513602152222 lifecam22 1653.00305176 5563.61279297 6.08387136459
1513602152348 lifecam22 1632.50439453 5564.86181641 6.02021503448
1513602152423 lifecam22 1621.9732666 5565.46630859 5.98924922943
1513602152490 lifecam22 1611.83862305 5566.93457031 5.95031690598
1513602152559 lifecam22 1601.61279297 5568.00634766 5.91967582703
1513602152626 lifecam22 1591.03552246 5569.90576172 5.89202260971
1513602152759 lifecam22 1572.03149414 5574.97265625 5.81327295303
1513602152814 lifecam22 1561.45080566 5577.99414062 5.767786026
1513602152880 lifecam22 1552.45629883 5580.78613281 5.72156429291
1513602152945 lifecam22 1543.05334473 5584.50097656 5.68364238739
1513602153011 lifecam22 1534.4140625 5589.0 5.64959716797
1513602153161 lifecam22 1516.74597168 5597.71289062 5.56533718109
1513602153223 lifecam22 1507.76147461 5602.59619141 5.52912425995
1513602153293 lifecam22 1499.3425293 5608.93896484 5.45676469803
1513602153358 lifecam22 1490.47521973 5613.69335938 5.4254899025
1513602153427 lifecam22 1481.89660645 5620.00585938 5.37589263916
1513602153558 lifecam22 1466.84313965 5632.49462891 5.28943347931
1513602153608 lifecam22 1458.99890137 5639.36035156 5.24739360809
1513602153690 lifecam22 1452.13659668 5646.44921875 5.20778179169
1513602153747 lifecam22 1445.17956543 5654.52148438 5.1571764946
1513602153818 lifecam22 1439.08728027 5662.20605469 5.12603521347
1513602153898 lifecam22 1432.86413574 5670.52978516 5.08367109299
1513602153958 lifecam22 1427.82580566 5678.75830078 5.03912353516
1513602154026 lifecam22 1422.13916016 5688.09863281 4.99756669998
1513602154090 lifecam22 1418.31091309 5694.59179688 4.95700311661
1513602154157 lifecam22 1417.95568848 5695.59082031 4.958132267
1513602154289 lifecam22 1418.22570801 5694.94091797 4.95508527756
1513602154361 lifecam22 1418.18029785 5694.66503906 4.96206712723
1513602154426 lifecam22 1418.09082031 5694.9921875 4.95583868027
1513602154492 lifecam22 1418.04846191 5695.1875 4.95755529404
1513602154561 lifecam22 1418.00231934 5695.37988281 4.95701599121
1513602154693 lifecam22 1418.17443848 5695.12597656 4.95183944702
1513602154761 lifecam22 1418.13500977 5695.32177734 4.953561306
1513602154828 lifecam22 1418.11572266 5695.44042969 4.95614051819
1513602154894 lifecam22 1418.13977051 5694.80224609 4.95806598663
1513602154947 lifecam22 1418.2154541 5694.93603516 4.95114040375
1513602155029 lifecam22 1418.26525879 5694.74560547 4.95336914062
1513602155079 lifecam22 1418.08959961 5695.51464844 4.9530248642
1513602155163 lifecam22 1417.88293457 5695.14794922 4.95976781845
1513602155229 lifecam22 1418.03723145 5694.92871094 4.96234035492
1513602155284 lifecam22 1418.05078125 5695.20849609 4.96088409424
1513602155420 lifecam22 1418.04406738 5695.20263672 4.95695352554
1513602155489 lifecam22 1418.04406738 5695.20263672 4.95695352554
1513602155561 lifecam22 1418.18029785 5694.66503906 4.96206712723
1513602155627 lifecam22 1418.04846191 5695.1875 4.95755529404
1513602155687 lifecam22 1418.09082031 5694.9921875 4.95583868027
1513602155822 lifecam22 1418.13977051 5694.80224609 4.95806598663
1513602155900 lifecam22 1418.09082031 5694.9921875 4.95583868027
1513602155964 lifecam22 1418.26525879 5694.74560547 4.95336914062
1513602156022 lifecam22 1418.13977051 5694.80224609 4.95806598663
1513602156098 lifecam22 1418.04296875 5695.24267578 4.96103477478
1513602156233 lifecam22 1418.13354492 5694.875 4.9631652832
1513602156284 lifecam22 1418.22424316 5694.93554688 4.95406341553
1513602156358 lifecam22 1418.04406738 5695.20263672 4.95695352554
1513602156432 lifecam22 1418.04406738 5695.20263672 4.95695352554
1513602156492 lifecam22 1418.04406738 5695.20263672 4.95695352554
1513602156627 lifecam22 1418.17614746 5695.17041016 4.95597553253
1513602156688 lifecam22 1418.2611084 5694.78222656 4.95477724075
