1513602059200 lifecam22 2392.34716797 5404.12939453 6.13327741623
1513602059280 lifecam22 2390.86621094 5402.84033203 6.13094234467
1513602059331 lifecam22 2389.47338867 5400.42089844 6.15545225143
1513602059399 lifecam22 2388.59033203 5400.23388672 6.15610408783
1513602059478 lifecam22 2388.76220703 5399.19824219 6.15480279922
1513602059547 lifecam22 2389.43017578 5397.68945312 6.16266822815
1513602059600 lifecam22 2389.53710938 5397.13037109 6.1695971489
1513602059683 lifecam22 2390.21044922 5397.21337891 6.1660990715
1513602059731 lifecam22 2390.62475586 5396.85400391 6.17105436325
1513602059799 lifecam22 2390.38647461 5397.18994141 6.16262388229
1513602059878 lifecam22 2389.97412109 5396.87011719 6.16792726517
1513602059937 lifecam22 2390.18212891 5396.87695312 6.17300224304
1513602060002 lifecam22 2389.99829102 5397.38085938 6.16502380371
1513602060080 lifecam22 2390.58398438 5396.81982422 6.17102622986
1513602060147 lifecam22 2390.62158203 5397.41503906 6.1712846756
1513602060212 lifecam22 2390.25439453 5397.54492188 6.16251134872
1513602060280 lifecam22 2389.99194336 5397.01318359 6.16298103333
1513602060346 lifecam22 2389.99194336 5397.01318359 6.16298103333
1513602060479 lifecam22 2388.97729492 5395.96923828 6.18182039261
1513602060545 lifecam22 2390.57666016 5396.30224609 6.1674284935
1513602060613 lifecam22 2389.45263672 5395.70605469 6.1762008667
1513602060679 lifecam22 2390.12597656 5396.46337891 6.1654291153
1513602060748 lifecam22 2387.95825195 5396.18359375 6.17223167419
1513602060881 lifecam22 2391.63891602 5392.31542969 6.21357774734
1513602060948 lifecam22 2391.25830078 5392.08740234 6.21295833588
1513602061013 lifecam22 2391.44360352 5392.12841797 6.21654558182
1513602061080 lifecam22 2391.43310547 5391.92382812 6.21919345856
1513602061212 lifecam22 2383.9284668 5391.92578125 6.20430421829
1513602061280 lifecam22 2372.9934082 5391.73291016 6.16918325424
1513602061349 lifecam22 2363.50585938 5390.73193359 6.15236997604
1513602061416 lifecam22 2353.32177734 5391.12011719 6.1164689064
1513602061480 lifecam22 2344.55712891 5391.55712891 6.10387420654
1513602061616 lifecam22 2324.92602539 5392.17675781 6.02718114853
1513602061683 lifecam22 2315.75 5392.97753906 5.99531459808
1513602061748 lifecam22 2304.59936523 5394.29150391 5.96100521088
1513602061816 lifecam22 2294.06274414 5395.67919922 5.92312335968
1513602061880 lifecam22 2284.37792969 5397.58837891 5.87964630127
1513602062016 lifecam22 2264.21362305 5401.87744141 5.81544828415
1513602062080 lifecam22 2254.16870117 5404.83886719 5.77909994125
1513602062148 lifecam22 2245.03417969 5408.49072266 5.74038696289
1513602062217 lifecam22 2235.51171875 5412.59814453 5.70617389679
1513602062284 lifecam22 2226.47094727 5416.40966797 5.65705728531
1513602062415 lifecam22 2208.62304688 5425.76757812 5.58073997498
1513602062484 lifecam22 2200.46533203 5431.22314453 5.55147695541
1513602062549 lifecam22 2191.60400391 5435.60693359 5.51163625717
1513602062615 lifecam22 2183.01855469 5441.77734375 5.45380735397
1513602062684 lifecam22 2174.5222168 5447.85253906 5.38771343231
1513602062747 lifecam22 2166.56103516 5454.93261719 5.35099554062
1513602062816 lifecam22 2160.38989258 5462.67382812 5.30244779587
1513602063285 lifecam22 2113.93017578 5515.76416016 5.02447938919
1513602063351 lifecam22 2109.41308594 5524.36572266 4.98861789703
1513602063417 lifecam22 2107.34985352 5527.82275391 4.98882818222
1513602063682 lifecam22 2107.8972168 5528.04785156 4.98810434341
1513602063751 lifecam22 2108.15136719 5527.84960938 4.97667598724
1513602064552 lifecam22 2107.6484375 5528.2109375 4.99382066727
1513602064818 lifecam22 2108.19824219 5527.65429688 4.97615861893
1513602065154 lifecam22 2107.953125 5527.78857422 4.97839546204
1513602065354 lifecam22 2107.953125 5527.78857422 4.97839546204
1513602065487 lifecam22 2108.09155273 5528.12695312 4.98254013062
1513602065619 lifecam22 2107.8972168 5528.04785156 4.98810434341
1513602066222 lifecam22 2107.76269531 5527.73095703 4.97965526581
1513602066489 lifecam22 2107.61987305 5527.48046875 4.97851276398
1513602066690 lifecam22 2107.89111328 5528.05957031 4.98425292969
