1513602185189 lifecam22 1953.69396973 5506.49853516 6.1446428299
1513602185261 lifecam22 1953.28381348 5505.30859375 6.16522264481
1513602185329 lifecam22 1950.19433594 5504.18603516 6.16573953629
1513602185392 lifecam22 1949.99987793 5502.80224609 6.17857646942
1513602185520 lifecam22 1948.55847168 5501.29736328 6.15740203857
1513602185656 lifecam22 1949.21276855 5498.35693359 6.18537473679
1513602185722 lifecam22 1950.11376953 5496.16992188 6.18901586533
1513602185789 lifecam22 1951.1517334 5495.40234375 6.19281864166
1513602185872 lifecam22 1951.0513916 5494.60791016 6.20056867599
1513602185943 lifecam22 1952.1217041 5494.08398438 6.21515798569
1513602185991 lifecam22 1952.76757812 5492.95800781 6.22414064407
1513602186066 lifecam22 1951.11193848 5493.36279297 6.22001218796
1513602186126 lifecam22 1951.4486084 5493.96289062 6.20843648911
1513602186338 lifecam22 1950.14025879 5493.37939453 6.19846773148
1513602186393 lifecam22 1950.78161621 5494.11083984 6.20228672028
1513602186457 lifecam22 1950.17199707 5493.72558594 6.19888114929
1513602186528 lifecam22 1950.23620605 5492.52099609 6.20886278152
1513602186597 lifecam22 1949.84997559 5492.49072266 6.20140266418
1513602186738 lifecam22 1950.03430176 5492.50634766 6.2108707428
1513602186803 lifecam22 1950.02185059 5492.35009766 6.2081246376
1513602186874 lifecam22 1950.22094727 5492.33789062 6.20887613297
1513602186944 lifecam22 1950.25476074 5492.16357422 6.21114492416
1513602187011 lifecam22 1950.2545166 5492.15869141 6.21069192886
1513602187124 lifecam22 1950.04199219 5492.00927734 6.20765972137
1513602187200 lifecam22 1949.83215332 5491.84814453 6.20831823349
1513602187323 lifecam22 1949.64086914 5491.86132812 6.20855426788
1513602187402 lifecam22 1950.02758789 5491.83496094 6.20857620239
1513602187474 lifecam22 1950.22753906 5491.82226562 6.20932483673
1513602187526 lifecam22 1950.22753906 5491.82226562 6.20932483673
1513602187596 lifecam22 1950.02270508 5491.8359375 6.2090678215
1513602187662 lifecam22 1949.80432129 5491.51318359 6.20786476135
1513602187726 lifecam22 1949.81848145 5491.68310547 6.20649671555
1513602187793 lifecam22 1949.81848145 5491.68310547 6.20649671555
1513602187871 lifecam22 1950.02758789 5491.83496094 6.20857620239
1513602187935 lifecam22 1949.82678223 5491.84912109 6.20932579041
1513602187994 lifecam22 1949.62683105 5491.69042969 6.20992422104
1513602188062 lifecam22 1949.83215332 5491.84814453 6.20831823349
1513602188129 lifecam22 1950.02758789 5491.83496094 6.20857620239
1513602188279 lifecam22 1950.01403809 5491.66943359 6.20675230026
1513602188329 lifecam22 1949.83215332 5491.84814453 6.20831823349
1513602188395 lifecam22 1950.0135498 5491.66552734 6.20994997025
1513602188466 lifecam22 1950.02758789 5491.83496094 6.20857620239
1513602188545 lifecam22 1950.02758789 5491.83496094 6.20857620239
1513602188674 lifecam22 1950.04089355 5491.99658203 6.21086215973
1513602188731 lifecam22 1950.22753906 5491.82226562 6.20932483673
1513602188807 lifecam22 1950.22753906 5491.82226562 6.20932483673
1513602188861 lifecam22 1950.22753906 5491.82226562 6.20932483673
1513602188944 lifecam22 1950.24182129 5491.99609375 6.20840835571
1513602189069 lifecam22 1950.22753906 5491.82226562 6.20932483673
1513602189138 lifecam22 1950.4317627 5491.80957031 6.21056079865
1513602189196 lifecam22 1950.36572266 5490.95947266 6.20964860916
1513602189262 lifecam22 1950.3515625 5489.94677734 6.20561981201
1513602189328 lifecam22 1950.83630371 5490.64208984 6.20259094238
1513602189412 lifecam22 1950.6607666 5491.00732422 6.20285987854
1513602189474 lifecam22 1951.09448242 5492.19921875 6.19947195053
1513602189538 lifecam22 1950.15905762 5490.97509766 6.20840883255
1513602189612 lifecam22 1946.58117676 5490.54052734 6.20872545242
1513602189675 lifecam22 1950.45178223 5490.11669922 6.21432447433
1513602189733 lifecam22 1951.78283691 5488.91259766 6.23877954483
1513602189883 lifecam22 1952.58190918 5488.83740234 6.22769117355
1513602189931 lifecam22 1952.10339355 5488.64306641 6.22145271301
1513602190002 lifecam22 1949.21179199 5489.00195312 6.24029588699
1513602190069 lifecam22 1941.17199707 5488.99121094 6.22938013077
1513602190143 lifecam22 1930.25366211 5488.78173828 6.19682359695
1513602190284 lifecam22 1911.50610352 5487.97705078 6.14093828201
1513602190351 lifecam22 1902.21496582 5488.40966797 6.1207075119
1513602190401 lifecam22 1893.00427246 5489.01171875 6.10454082489
1513602190536 lifecam22 1872.86743164 5489.77490234 6.02762508392
1513602190597 lifecam22 1862.52661133 5490.85791016 5.9851231575
1513602190749 lifecam22 1842.20629883 5494.08447266 5.90912294388
1513602190799 lifecam22 1832.21057129 5495.91748047 5.8642244339
1513602190865 lifecam22 1822.66162109 5499.06591797 5.83084392548
1513602190936 lifecam22 1812.04626465 5500.82666016 5.79516363144
1513602190997 lifecam22 1802.57653809 5504.73339844 5.74176263809
1513602191201 lifecam22 1773.86694336 5516.28515625 5.63215732574
1513602191265 lifecam22 1765.59411621 5521.16210938 5.59756231308
1513602191335 lifecam22 1756.53735352 5526.47314453 5.54652452469
1513602191404 lifecam22 1747.65393066 5531.21630859 5.51354598999
1513602191471 lifecam22 1739.38513184 5537.25537109 5.45668983459
1513602191619 lifecam22 1723.90368652 5549.9609375 5.36604881287
1513602191673 lifecam22 1715.93981934 5556.18066406 5.33699798584
1513602191740 lifecam22 1709.4017334 5563.65722656 5.28927516937
1513602191810 lifecam22 1702.26501465 5570.94287109 5.24240589142
1513602191878 lifecam22 1695.01843262 5577.98486328 5.20532274246
1513602191945 lifecam22 1688.13146973 5586.53222656 5.16253042221
1513602192082 lifecam22 1675.95715332 5602.18554688 5.06852436066
1513602192150 lifecam22 1670.57434082 5611.47753906 5.03193616867
1513602192208 lifecam22 1666.64086914 5618.54980469 4.99848175049
1513602192278 lifecam22 1665.85168457 5619.67382812 4.99025154114
1513602192347 lifecam22 1666.34350586 5618.58007812 4.99015951157
1513602192550 lifecam22 1666.22705078 5619.00439453 4.99368619919
1513602192615 lifecam22 1666.24377441 5618.96582031 4.98637580872
1513602192677 lifecam22 1666.42578125 5619.01953125 4.99014997482
1513602192746 lifecam22 1666.24584961 5618.95654297 4.98671674728
1513602192807 lifecam22 1666.36535645 5619.09326172 4.98353910446
1513602192949 lifecam22 1666.21569824 5619.0390625 4.99612998962
1513602193013 lifecam22 1665.9107666 5619.15917969 4.99698638916
1513602193084 lifecam22 1666.27758789 5618.828125 4.98978662491
1513602193148 lifecam22 1666.36999512 5619.07568359 4.98404788971
1513602193275 lifecam22 1666.24584961 5618.95654297 4.98671674728
1513602193350 lifecam22 1666.24377441 5618.96582031 4.98637580872
1513602193416 lifecam22 1666.46130371 5618.890625 4.99321174622
1513602193479 lifecam22 1666.42333984 5619.02880859 4.98980951309
1513602193551 lifecam22 1666.36132812 5619.25488281 4.99204826355
1513602193619 lifecam22 1666.24377441 5618.96582031 4.98637580872
1513602193812 lifecam22 1666.28601074 5618.79199219 4.99114274979
1513602193877 lifecam22 1666.36999512 5619.07568359 4.98404788971
1513602193944 lifecam22 1666.24377441 5618.96582031 4.98637580872
1513602194018 lifecam22 1666.21569824 5619.0390625 4.99612998962
1513602194216 lifecam22 1666.36999512 5619.07568359 4.98404788971
1513602194287 lifecam22 1666.40454102 5618.94433594 4.98665142059
