1513602126321 lifecam22 1771.2911377 5646.45849609 6.26092529297
1513602126365 lifecam22 1771.29516602 5646.65087891 6.25905418396
1513602126434 lifecam22 1771.0604248 5647.59033203 6.24496173859
1513602126579 lifecam22 1771.29516602 5646.65087891 6.25905513763
1513602126633 lifecam22 1771.29516602 5646.65087891 6.25905513763
1513602126707 lifecam22 1771.10168457 5647.0234375 6.25282764435
1513602126776 lifecam22 1771.33117676 5647.53466797 6.23862886429
1513602126838 lifecam22 1770.69970703 5647.68847656 6.23178768158
1513602126973 lifecam22 1771.08630371 5647.35839844 6.23712205887
1513602127042 lifecam22 1771.1184082 5648.24853516 6.22837638855
1513602127108 lifecam22 1771.56555176 5648.22021484 6.23110771179
1513602127181 lifecam22 1771.34411621 5647.88427734 6.23567295074
1513602127240 lifecam22 1771.1184082 5648.24853516 6.22837638855
1513602127383 lifecam22 1770.93798828 5648.80419922 6.21322393417
1513602127448 lifecam22 1770.89916992 5648.62207031 6.22262239456
1513602127511 lifecam22 1770.93029785 5648.62597656 6.21400737762
1513602127570 lifecam22 1770.57067871 5649.01708984 6.21390676498
1513602127633 lifecam22 1770.55883789 5648.83203125 6.21483421326
1513602127847 lifecam22 1770.76037598 5648.82568359 6.20881795883
1513602127921 lifecam22 1770.79162598 5648.81445312 6.21932983398
1513602127975 lifecam22 1770.3770752 5648.84521484 6.21252250671
1513602128046 lifecam22 1770.36535645 5648.66796875 6.21192550659
1513602128102 lifecam22 1770.13134766 5648.65380859 6.21790933609
1513602128238 lifecam22 1769.89819336 5648.85986328 6.21491861343
1513602128313 lifecam22 1769.97497559 5649.06445312 6.2060751915
1513602128370 lifecam22 1769.7109375 5648.87353516 6.21318054199
1513602128441 lifecam22 1769.53308105 5649.07519531 6.21110010147
1513602128524 lifecam22 1769.71411133 5648.8671875 6.21132516861
1513602128638 lifecam22 1769.97045898 5649.03320312 6.21430206299
1513602128707 lifecam22 1770.65356445 5649.19775391 6.2094039917
1513602128771 lifecam22 1770.63427734 5649.19677734 6.21561193466
1513602128842 lifecam22 1769.98693848 5649.67675781 6.2042517662
1513602128910 lifecam22 1770.4083252 5649.81542969 6.19649982452
1513602129048 lifecam22 1770.01135254 5649.85546875 6.19585752487
1513602129105 lifecam22 1770.18835449 5649.65576172 6.19978809357
1513602129169 lifecam22 1770.64465332 5650.15429688 6.19112920761
1513602129246 lifecam22 1770.64343262 5650.15332031 6.19066858292
1513602129374 lifecam22 1770.65356445 5650.328125 6.18744659424
1513602129447 lifecam22 1770.85595703 5650.49902344 6.19003152847
1513602129508 lifecam22 1770.62390137 5649.96875 6.18975019455
1513602129574 lifecam22 1770.60437012 5649.98193359 6.19447422028
1513602129654 lifecam22 1770.01208496 5649.06054688 6.20872497559
1513602129705 lifecam22 1770.39038086 5649.03125 6.21159791946
1513602129848 lifecam22 1770.40771484 5649.03222656 6.20539569855
1513602129903 lifecam22 1771.25280762 5649.15478516 6.20426750183
1513602129979 lifecam22 1770.87475586 5648.99414062 6.21502542496
1513602130053 lifecam22 1771.0690918 5649.62353516 6.20047330856
1513602130104 lifecam22 1770.21740723 5648.68994141 6.21296262741
1513602130248 lifecam22 1767.99963379 5646.59472656 6.22259521484
1513602130314 lifecam22 1770.89233398 5647.89453125 6.23203086853
1513602130374 lifecam22 1771.5 5647.97119141 6.26729488373
1513602130440 lifecam22 1775.00012207 5644.47021484 6.26419305801
1513602130639 lifecam22 1772.88671875 5642.96289062 6.23395729065
1513602130711 lifecam22 1764.09729004 5642.97753906 6.22314500809
1513602130771 lifecam22 1751.265625 5642.49804688 6.21687507629
1513602130845 lifecam22 1742.26403809 5641.70703125 6.17511320114
1513602130927 lifecam22 1733.85595703 5641.44384766 6.14043998718
1513602131050 lifecam22 1713.48046875 5641.07861328 6.07561540604
1513602131111 lifecam22 1704.2644043 5641.50244141 6.02233552933
1513602131185 lifecam22 1693.1307373 5642.1484375 5.995408535
1513602131249 lifecam22 1682.81677246 5642.72851562 5.94392156601
1513602131309 lifecam22 1674.17248535 5643.88623047 5.91738080978
1513602131458 lifecam22 1653.39477539 5647.95849609 5.8375082016
1513602131519 lifecam22 1643.24047852 5650.51953125 5.78769254684
1513602131582 lifecam22 1634.1114502 5653.45947266 5.75581979752
1513602131659 lifecam22 1624.26635742 5656.52929688 5.71700048447
1513602131853 lifecam22 1596.45825195 5669.32226562 5.58176803589
1513602131908 lifecam22 1588.20983887 5674.59179688 5.5536699295
1513602131981 lifecam22 1579.46838379 5679.59716797 5.50405073166
1513602132042 lifecam22 1570.55090332 5685.77783203 5.4326376915
1513602132112 lifecam22 1563.47644043 5691.16552734 5.38913059235
1513602132262 lifecam22 1548.2677002 5704.36083984 5.29533576965
1513602132317 lifecam22 1540.71105957 5710.83935547 5.26001167297
1513602132376 lifecam22 1534.03588867 5718.35986328 5.23332881927
1513602132454 lifecam22 1526.47717285 5726.59130859 5.17021846771
1513602132511 lifecam22 1520.1229248 5734.33642578 5.14841890335
1513602132653 lifecam22 1508.35656738 5750.45214844 5.06073570251
1513602132726 lifecam22 1502.89123535 5759.48974609 5.01042890549
1513602132776 lifecam22 1498.0168457 5767.09033203 4.96069335938
1513602132844 lifecam22 1493.58740234 5775.45898438 4.9287815094
1513602132930 lifecam22 1491.84350586 5779.25 4.91630840302
1513602133126 lifecam22 1492.59558105 5777.97265625 4.92012214661
1513602133176 lifecam22 1492.57873535 5778.53564453 4.91578769684
1513602133245 lifecam22 1492.28479004 5778.13330078 4.92660522461
1513602133319 lifecam22 1492.35388184 5777.71630859 4.92426919937
1513602133395 lifecam22 1492.19030762 5778.54785156 4.92206859589
1513602133521 lifecam22 1492.4362793 5778.35107422 4.92296791077
1513602133578 lifecam22 1492.20605469 5778.55566406 4.92572212219
1513602133644 lifecam22 1492.49951172 5777.96435547 4.92161607742
1513602133714 lifecam22 1492.44274902 5778.38134766 4.92635440826
1513602133795 lifecam22 1492.63024902 5778.42431641 4.92336750031
1513602133934 lifecam22 1492.25402832 5778.33691406 4.92872571945
1513602133981 lifecam22 1492.27514648 5778.08056641 4.91978740692
1513602134051 lifecam22 1492.21850586 5778.51367188 4.92746639252
1513602134112 lifecam22 1492.68029785 5777.99511719 4.91814613342
1513602134182 lifecam22 1492.23986816 5778.32617188 4.92506361008
1513602134320 lifecam22 1492.10986328 5777.87109375 4.92271661758
1513602134388 lifecam22 1492.41540527 5778.33007812 4.91820001602
1513602134461 lifecam22 1492.24499512 5778.28857422 4.92242956161
1513602134527 lifecam22 1492.65637207 5778.21484375 4.92125177383
1513602134580 lifecam22 1492.26745605 5778.12011719 4.92295074463
1513602134719 lifecam22 1492.45483398 5778.11132812 4.91680335999
1513602134785 lifecam22 1492.23742676 5778.32470703 4.92445135117
1513602134847 lifecam22 1492.46887207 5778.17285156 4.92362642288
1513602134911 lifecam22 1492.47155762 5778.17529297 4.92423534393
1513602134988 lifecam22 1492.08105469 5778.07861328 4.92532968521
1513602135128 lifecam22 1492.2701416 5778.11230469 4.91999101639
1513602135190 lifecam22 1492.31494141 5777.92578125 4.92398548126
1513602135250 lifecam22 1492.21350098 5778.3359375 4.91884994507
1513602135328 lifecam22 1492.45178223 5778.15966797 4.91995620728
1513602135386 lifecam22 1492.29040527 5777.90673828 4.91972827911
1513602135538 lifecam22 1492.23986816 5778.32617188 4.92506361008
1513602135588 lifecam22 1492.25634766 5778.08740234 4.91894388199
