1512042017236 lifecam22 2598.18920898 5204.01904297 6.1730632782
1512042017313 lifecam22 2597.94482422 5203.03222656 6.18276166916
1512042017369 lifecam22 2597.5456543 5203.37402344 6.1796207428
1512042017505 lifecam22 2597.56738281 5203.56591797 6.18091535568
1512042017576 lifecam22 2597.54736328 5203.36132812 6.1839466095
1512042017645 lifecam22 2597.58276367 5203.72558594 6.1778755188
1512042017706 lifecam22 2597.54736328 5203.36132812 6.1839466095
1512042017767 lifecam22 2597.7121582 5203.14990234 6.18091058731
1512042021121 lifecam22 2598.03320312 5202.74560547 6.18390130997
1512042021178 lifecam22 2598.23632812 5202.74853516 6.19175291061
1512042021252 lifecam22 2598.41748047 5202.71289062 6.18521356583
1512042021449 lifecam22 2596.42163086 5206.99462891 6.1652097702
1512042021508 lifecam22 2597.53442383 5207.42089844 6.16687202454
1512042021577 lifecam22 2600.26416016 5208.42773438 6.15913295746
1512042021647 lifecam22 2602.31054688 5208.53125 6.16208076477
1512042021712 lifecam22 2603.25585938 5208.9375 6.15118122101
1512042021850 lifecam22 2600.62646484 5208.77246094 6.15876626968
1512042021921 lifecam22 2599.91870117 5208.89746094 6.15156126022
1512042021979 lifecam22 2600.06030273 5209.01855469 6.14961528778
1512042022048 lifecam22 2599.70751953 5208.50341797 6.15286159515
1512042022110 lifecam22 2598.63183594 5208.89794922 6.15445327759
1512042022304 lifecam22 2597.18334961 5206.89306641 6.17586803436
1512042022373 lifecam22 2597.82446289 5208.29101562 6.16842699051
1512042022444 lifecam22 2597.45678711 5206.12548828 6.1769862175
1512042022574 lifecam22 2597.14648438 5203.41552734 6.18002271652
1512042022912 lifecam22 2598.01733398 5202.41992188 6.18913793564
1512042023251 lifecam22 2569.21972656 5205.42724609 6.22454452515
1512042023324 lifecam22 2559.77270508 5205.29785156 6.19238805771
1512042023390 lifecam22 2550.02587891 5205.05224609 6.16185283661
1512042023454 lifecam22 2540.38623047 5204.79296875 6.14447832108
1512042023787 lifecam22 2489.51953125 5207.25830078 5.99486207962
1512042023851 lifecam22 2475.79248047 5209.69433594 5.96108675003
1512042023913 lifecam22 2465.4453125 5210.48876953 5.92715263367
1512042024120 lifecam22 2436.19067383 5216.90429688 5.81024885178
1512042024249 lifecam22 2416.78808594 5222.90332031 5.73556280136
1512042024379 lifecam22 2398.68334961 5229.61962891 5.65483427048
1512042024649 lifecam22 2362.78979492 5250.24804688 5.46411561966
1512042024726 lifecam22 2355.45166016 5256.83447266 5.41184234619
1512042024776 lifecam22 2347.7578125 5263.00146484 5.36591863632
1512042024977 lifecam22 2326.15283203 5282.90185547 5.25661420822
1512042025045 lifecam22 2319.70410156 5290.60009766 5.21646785736
1512042025126 lifecam22 2313.20263672 5297.38378906 5.18302202225
1512042025188 lifecam22 2307.04125977 5305.15820312 5.14293956757
1512042025256 lifecam22 2302.12060547 5312.86279297 5.09626626968
