1512041925368 lifecam22 2443.15332031 5175.72802734 6.18832921982
1512041925439 lifecam22 2439.65893555 5183.51171875 6.17820644379
1512041925506 lifecam22 2435.19067383 5188.41748047 6.10959339142
1512041925635 lifecam22 2437.66918945 5189.43115234 6.10384607315
1512041925695 lifecam22 2439.13256836 5189.29296875 6.11519002914
1512041925775 lifecam22 2438.88500977 5188.84423828 6.1172876358
1512041925842 lifecam22 2437.85791016 5185.6875 6.17085361481
1512041925899 lifecam22 2439.48779297 5183.89355469 6.17392396927
1512041926040 lifecam22 2438.12548828 5184.01318359 6.2003326416
1512041926173 lifecam22 2437.7512207 5184.05273438 6.19910955429
1512041926303 lifecam22 2437.39599609 5183.88525391 6.19700908661
1512041926430 lifecam22 2437.53100586 5183.36035156 6.20135354996
1512041926511 lifecam22 2437.73388672 5183.69189453 6.20089006424
1512041926574 lifecam22 2437.68701172 5182.79931641 6.20376968384
1512041926638 lifecam22 2437.71386719 5183.34130859 6.20132541656
1512041926706 lifecam22 2437.53637695 5183.54931641 6.19886302948
1512041926842 lifecam22 2438.12817383 5183.30859375 6.18865442276
1512041926907 lifecam22 2438.14404297 5183.50488281 6.19087839127
1512041926973 lifecam22 2438.35058594 5183.48046875 6.18788909912
1512041927042 lifecam22 2438.14404297 5183.50488281 6.19087839127
1512041927106 lifecam22 2438.14257812 5183.48046875 6.19156551361
1512041927304 lifecam22 2437.78076172 5183.67871094 6.19108104706
1512041927376 lifecam22 2437.56445312 5183.70556641 6.19492197037
1512041927435 lifecam22 2437.56445312 5183.70556641 6.19492197037
1512041927500 lifecam22 2437.57861328 5183.86572266 6.19698190689
1512041927577 lifecam22 2437.57861328 5183.86572266 6.19698190689
1512041927778 lifecam22 2437.56445312 5183.70556641 6.19492197037
1512041927841 lifecam22 2437.56445312 5183.70556641 6.19492197037
1512041927895 lifecam22 2437.59130859 5184.06884766 6.19648838043
1512041927979 lifecam22 2437.59130859 5184.06884766 6.19648838043
1512041928043 lifecam22 2437.59130859 5184.06884766 6.19648838043
1512041928181 lifecam22 2437.59130859 5184.06884766 6.19648838043
1512041928239 lifecam22 2437.59130859 5184.06884766 6.19648838043
1512041928310 lifecam22 2437.44946289 5184.44238281 6.19166278839
1512041928377 lifecam22 2437.57666016 5185.00830078 6.18971395493
1512041928440 lifecam22 2437.60986328 5184.42431641 6.19384384155
1512041928576 lifecam22 2437.41845703 5184.25634766 6.19597768784
1512041928647 lifecam22 2437.56933594 5183.71630859 6.19729661942
1512041928711 lifecam22 2438.46435547 5183.80810547 6.20340871811
1512041928773 lifecam22 2438.11230469 5183.84716797 6.1986656189
1512041928830 lifecam22 2437.60986328 5184.42431641 6.19384384155
1512041928980 lifecam22 2438.69018555 5184.53662109 6.20408010483
1512041929041 lifecam22 2436.46630859 5185.64404297 6.19476509094
1512041929180 lifecam22 2440.46679688 5181.59130859 6.21659612656
1512041929241 lifecam22 2439.58935547 5181.84277344 6.21619558334
1512041929366 lifecam22 2435.38085938 5181.88525391 6.20355319977
1512041929446 lifecam22 2438.85546875 5182.12207031 6.22547721863
1512041929496 lifecam22 2429.10717773 5182.77392578 6.23374605179
1512041929578 lifecam22 2418.18481445 5183.39355469 6.22304487228
1512041929780 lifecam22 2385.12109375 5183.44042969 6.14160346985
1512041929848 lifecam22 2374.52148438 5183.43505859 6.11354494095
1512041929903 lifecam22 2363.72558594 5183.953125 6.07692146301
1512041929978 lifecam22 2353.96459961 5184.21875 6.04653978348
1512041930049 lifecam22 2343.37890625 5185.44140625 6.02070760727
1512041930184 lifecam22 2326.69140625 5185.59960938 5.9450712204
1512041930250 lifecam22 2315.55395508 5187.88769531 5.90870332718
1512041930306 lifecam22 2306.421875 5189.36962891 5.87019538879
1512041930378 lifecam22 2296.29614258 5191.0390625 5.84338378906
1512041930444 lifecam22 2285.29101562 5193.67773438 5.79840707779
1512041930582 lifecam22 2265.45849609 5199.84277344 5.72622537613
1512041930763 lifecam22 2238.03979492 5211.30517578 5.60760974884
1512041930850 lifecam22 2229.16455078 5218.21044922 5.60110330582
1512041930984 lifecam22 2213.44506836 5229.50927734 5.44038438797
1512041931046 lifecam22 2205.84472656 5233.68115234 5.39489889145
1512041931117 lifecam22 2197.6418457 5241.63769531 5.35474777222
1512041931169 lifecam22 2190.57226562 5247.49804688 5.34310150146
1512041931245 lifecam22 2182.59472656 5254.41552734 5.28522872925
1512041931439 lifecam22 2156.44628906 5274.640625 5.2169880867
1512041932248 lifecam22 2136.9362793 5301.47802734 5.07632780075
1512041933774 lifecam22 2136.9362793 5301.47802734 5.07632780075
