1512042056109 lifecam22 2576.87060547 5113.87158203 6.18002796173
1512042056180 lifecam22 2577.21826172 5113.26464844 6.17917823792
1512042056238 lifecam22 2578.17236328 5113.50927734 6.17763853073
1512042056297 lifecam22 2578.01806641 5113.52734375 6.17502737045
1512042056501 lifecam22 2579.79150391 5113.84863281 6.17293453217
1512042056564 lifecam22 2582.23828125 5114.75830078 6.16319561005
1512042056623 lifecam22 2583.5637207 5115.16699219 6.15517854691
1512042056705 lifecam22 2584.29052734 5115.05029297 6.15773200989
1512042056773 lifecam22 2584.46386719 5115.00927734 6.15372467041
1512042056969 lifecam22 2580.55102539 5114.11328125 6.16354036331
1512042057034 lifecam22 2580.20117188 5114.00537109 6.16542196274
1512042057107 lifecam22 2579.53076172 5113.88720703 6.16331291199
1512042057175 lifecam22 2579.35888672 5113.58398438 6.16795825958
1512042057231 lifecam22 2579.21020508 5113.60351562 6.16493272781
1512042057377 lifecam22 2578.77758789 5113.05126953 6.16816616058
1512042057445 lifecam22 2578.22167969 5113.49023438 6.17505455017
1512042057506 lifecam22 2577.59570312 5113.01806641 6.17742729187
1512042057564 lifecam22 2577.20385742 5113.07275391 6.18128871918
1512042057631 lifecam22 2577.45092773 5113.42578125 6.17756938934
1512042057840 lifecam22 2577.78881836 5113.38378906 6.17928552628
1512042057907 lifecam22 2577.80322266 5113.55761719 6.17800331116
1512042057970 lifecam22 2577.80322266 5113.55761719 6.17800331116
1512042058033 lifecam22 2578.35717773 5113.31054688 6.17722558975
1512042058099 lifecam22 2578.30908203 5112.93017578 6.17919969559
1512042058307 lifecam22 2578.91162109 5112.84472656 6.17283439636
1512042058375 lifecam22 2578.91162109 5112.84472656 6.17283439636
1512042058435 lifecam22 2579.28759766 5112.86474609 6.17169475555
1512042058501 lifecam22 2579.28759766 5112.86474609 6.17169475555
1512042058570 lifecam22 2579.25292969 5112.5078125 6.17581033707
1512042058773 lifecam22 2578.99658203 5112.11621094 6.18194532394
1512042058830 lifecam22 2578.97949219 5111.95556641 6.18410158157
1512042058901 lifecam22 2579.16748047 5111.93310547 6.18281984329
1512042058969 lifecam22 2579.16015625 5112.10449219 6.18543100357
1512042059042 lifecam22 2579.05078125 5112.66455078 6.17758464813
1512042059183 lifecam22 2579.48071289 5112.84082031 6.17193031311
1512042059241 lifecam22 2579.48046875 5112.83935547 6.17041873932
1512042059313 lifecam22 2579.51831055 5113.20751953 6.16966867447
1512042059375 lifecam22 2579.51831055 5113.20751953 6.16966867447
1512042059446 lifecam22 2579.5 5113.02783203 6.16834831238
1512042059643 lifecam22 2579.53564453 5113.37304688 6.1683807373
1512042059704 lifecam22 2580.33056641 5112.33886719 6.18034648895
1512042059777 lifecam22 2581.04614258 5111.68945312 6.18385505676
1512042059836 lifecam22 2583.14379883 5111.65478516 6.19071626663
1512042059905 lifecam22 2582.90258789 5110.80175781 6.19648218155
1512042060047 lifecam22 2580.04321289 5110.54931641 6.2052731514
1512042060112 lifecam22 2580.36132812 5109.97119141 6.20483636856
1512042060175 lifecam22 2580.54931641 5110.140625 6.20571184158
1512042060239 lifecam22 2580.36132812 5109.97119141 6.20483636856
1512042060312 lifecam22 2580.36132812 5109.97119141 6.20483779907
1512042060374 lifecam22 2580.19238281 5110.16845703 6.20483732224
1512042060578 lifecam22 2549.71582031 5111.1171875 6.16388463974
1512042060707 lifecam22 2527.63623047 5111.83984375 6.10118436813
1512042060774 lifecam22 2517.25732422 5111.94873047 6.08243751526
1512042061113 lifecam22 2467.83178711 5117.99365234 5.91534757614
1512042061180 lifecam22 2458.13305664 5119.75048828 5.87531805038
1512042061447 lifecam22 2418.18823242 5131.13525391 5.73863220215
1512042061573 lifecam22 2400.10327148 5138.75146484 5.67148923874
1512042061975 lifecam22 2350.42919922 5172.51171875 5.36362743378
1512042062371 lifecam22 2309.69482422 5212.98144531 5.08716583252
1512042062575 lifecam22 2293.65991211 5238.05566406 4.93128871918
1512042062987 lifecam22 2285.27270508 5238.02441406 5.01519680023
1512042064316 lifecam22 2285.13134766 5237.97265625 5.01202917099
