1512041948131 lifecam22 2478.53564453 5145.52734375 6.21240377426
1512041948270 lifecam22 2478.53564453 5145.52734375 6.21240377426
1512041948341 lifecam22 2478.53564453 5145.52734375 6.21240377426
1512041948405 lifecam22 2478.36694336 5145.54003906 6.21111249924
1512041948458 lifecam22 2478.53564453 5145.52734375 6.21240377426
1512041948536 lifecam22 2478.36694336 5145.54003906 6.21111249924
1512041948672 lifecam22 2478.53564453 5145.52734375 6.21240377426
1512041948743 lifecam22 2478.53564453 5145.52734375 6.21240377426
1512041948804 lifecam22 2478.5480957 5145.70996094 6.21335506439
1512041948874 lifecam22 2478.53564453 5145.52734375 6.21240377426
1512041948942 lifecam22 2478.36694336 5145.54003906 6.21111249924
1512041949008 lifecam22 2478.37963867 5145.72265625 6.21206378937
1512041949070 lifecam22 2478.53564453 5145.52734375 6.21240377426
1512041949136 lifecam22 2478.36694336 5145.54003906 6.21111249924
1512041949204 lifecam22 2478.36694336 5145.54003906 6.21111249924
1512041949262 lifecam22 2478.36694336 5145.54003906 6.21111249924
1512041949467 lifecam22 2478.5480957 5145.70996094 6.21335506439
1512041949534 lifecam22 2478.53564453 5145.52734375 6.21240377426
1512041949594 lifecam22 2478.53564453 5145.52734375 6.21240377426
1512041949661 lifecam22 2478.53564453 5145.52734375 6.21240377426
1512041949735 lifecam22 2478.53564453 5145.52734375 6.21240377426
1512041949872 lifecam22 2478.37963867 5145.72265625 6.21206378937
1512041949931 lifecam22 2478.36694336 5145.54003906 6.21111249924
1512041949993 lifecam22 2478.30712891 5145.68798828 6.20879650116
1512041950060 lifecam22 2478.36694336 5145.54003906 6.21111249924
1512041950135 lifecam22 2478.53564453 5145.52734375 6.21240377426
1512041950276 lifecam22 2478.53564453 5145.52734375 6.21240377426
1512041950341 lifecam22 2478.36694336 5145.54003906 6.21111249924
1512041950402 lifecam22 2478.47436523 5145.67578125 6.21009540558
1512041950480 lifecam22 2478.49511719 5146.00390625 6.20784711838
1512041950536 lifecam22 2478.53564453 5145.52734375 6.21240377426
1512041950671 lifecam22 2478.37963867 5145.72265625 6.21206378937
1512041950738 lifecam22 2478.37963867 5145.72265625 6.21206378937
1512041950813 lifecam22 2478.35253906 5146.35009766 6.2080411911
1512041950877 lifecam22 2478.19604492 5146.51171875 6.20428180695
1512041950939 lifecam22 2478.0402832 5146.71484375 6.20734930038
1512041951072 lifecam22 2478.20507812 5146.84912109 6.20280218124
1512041951134 lifecam22 2477.87084961 5146.72802734 6.20678472519
1512041951209 lifecam22 2478.20507812 5146.84912109 6.20280218124
1512041951275 lifecam22 2478.33984375 5146.16503906 6.20372343063
1512041951348 lifecam22 2478.37548828 5146.68457031 6.20654678345
1512041951480 lifecam22 2479.80029297 5146.18554688 6.21645975113
1512041951537 lifecam22 2479.87329102 5145.42822266 6.21930456161
1512041951605 lifecam22 2476.95556641 5147.69970703 6.20487880707
1512041951677 lifecam22 2476.62060547 5146.50048828 6.21271514893
1512041951737 lifecam22 2479.63354492 5144.70166016 6.21120500565
1512041951883 lifecam22 2478.42333984 5144.97460938 6.22987174988
1512041951938 lifecam22 2478.56884766 5144.77978516 6.22683525085
1512041952004 lifecam22 2477.4675293 5144.8671875 6.2138094902
1512041952084 lifecam22 2471.76342773 5144.43212891 6.20353889465
1512041952130 lifecam22 2458.99414062 5144.51904297 6.18185043335
1512041952282 lifecam22 2434.60693359 5144.71289062 6.1141910553
1512041952338 lifecam22 2427.07739258 5143.70361328 6.09866142273
1512041952415 lifecam22 2412.98657227 5144.36230469 6.05613613129
1512041952480 lifecam22 2403.80053711 5144.546875 6.02913379669
1512041952679 lifecam22 2374.01782227 5147.42724609 5.92540502548
1512041952736 lifecam22 2362.32617188 5149.99951172 5.88848257065
1512041952807 lifecam22 2352.57324219 5152.22412109 5.85663366318
1512041952935 lifecam22 2337.04370117 5155.60498047 5.77107906342
1512041953075 lifecam22 2315.02416992 5164.15625 5.70021438599
1512041953143 lifecam22 2306.42919922 5167.80371094 5.67364311218
1512041953213 lifecam22 2297.77758789 5172.66699219 5.63348436356
1512041953268 lifecam22 2290.82055664 5176.97265625 5.57208204269
1512041953335 lifecam22 2282.25537109 5182.45849609 5.56368684769
1512041953490 lifecam22 2263.87011719 5195.44873047 5.43161916733
1512041953542 lifecam22 2257.16040039 5201.10888672 5.38649368286
1512041953680 lifecam22 2240.0612793 5214.49169922 5.30451917648
1512041954080 lifecam22 2196.83300781 5257.72607422 5.10485458374
1512041954138 lifecam22 2191.81323242 5266.56689453 5.05628204346
