1512745044396 lifecam22 2162.29052734 5742.16845703 6.09385681152
1512745044456 lifecam22 2162.32592773 5744.78613281 6.08017349243
1512745044660 lifecam22 2174.65649414 5747.59667969 6.02421665192
1512745044731 lifecam22 2176.18676758 5749.24511719 6.00618314743
1512745044794 lifecam22 2175.59106445 5748.7421875 6.01641798019
1512745044851 lifecam22 2173.66357422 5747.68652344 6.0342168808
1512745044928 lifecam22 2173.86914062 5746.22167969 6.05989694595
1512745045132 lifecam22 2175.5456543 5746.82666016 6.04635858536
1512745045191 lifecam22 2175.46386719 5747.06201172 6.04539251328
1512745045255 lifecam22 2175.89501953 5747.10644531 6.04483652115
1512745045333 lifecam22 2175.23828125 5747.54101562 6.03897809982
1512745045378 lifecam22 2172.98046875 5747.31298828 6.03535461426
1512745045533 lifecam22 2159.61645508 5742.19238281 6.14481639862
1512745045592 lifecam22 2158.12866211 5737.88085938 6.12954807281
1512745045656 lifecam22 2157.17285156 5734.92333984 6.14141893387
1512745045722 lifecam22 2157.26391602 5733.02587891 6.15349054337
1512745045797 lifecam22 2157.69873047 5730.90771484 6.1752820015
1512745046062 lifecam22 2158.01757812 5730.50634766 6.18571996689
1512745046130 lifecam22 2158.19677734 5730.08349609 6.19629669189
1512745046185 lifecam22 2157.99658203 5729.00488281 6.19329786301
1512745046262 lifecam22 2156.27148438 5728.9375 6.18457078934
1512745046335 lifecam22 2155.90283203 5729.16162109 6.18240308762
1512745046468 lifecam22 2157.77075195 5729.03955078 6.19744110107
1512745046532 lifecam22 2158.140625 5726.87207031 6.21032762527
1512745046588 lifecam22 2157.38623047 5726.00927734 6.2209944725
1512745046664 lifecam22 2157.19799805 5725.45947266 6.22570753098
1512745046729 lifecam22 2157.57006836 5725.99169922 6.21920728683
1512745046937 lifecam22 2157.7578125 5726.14160156 6.21700286865
1512745046992 lifecam22 2157.55859375 5725.98974609 6.21698570251
1512745047051 lifecam22 2157.74853516 5726.36035156 6.21337652206
1512745047119 lifecam22 2157.5625 5726.37890625 6.21466302872
1512745047200 lifecam22 2157.40869141 5726.37109375 6.22335386276
1512745047403 lifecam22 2157.37597656 5726.00830078 6.21878147125
1512745047467 lifecam22 2157.046875 5726.01220703 6.23343372345
1512745047535 lifecam22 2157.20849609 5726.19775391 6.22288036346
1512745047599 lifecam22 2157.37963867 5726.39746094 6.21645689011
1512745047664 lifecam22 2157.37329102 5726.61132812 6.21327209473
1512745047871 lifecam22 2156.67871094 5726.43554688 6.235663414
1512745047923 lifecam22 2156.84912109 5726.23632812 6.22852468491
1512745047999 lifecam22 2156.85351562 5727.01708984 6.22449731827
1512745048068 lifecam22 2156.8449707 5726.45068359 6.22490215302
1512745048131 lifecam22 2157.38964844 5726.94873047 6.21448516846
1512745048273 lifecam22 2158.20898438 5729.86279297 6.20042562485
1512745048323 lifecam22 2158.16601562 5729.29882812 6.19699239731
1512745048403 lifecam22 2156.53076172 5727.75927734 6.22357273102
1512745048469 lifecam22 2151.81494141 5728.12695312 6.21912479401
1512745048530 lifecam22 2156.49975586 5724.21337891 6.25358438492
1512745048742 lifecam22 2158.69335938 5721.16503906 6.24640417099
1512745048796 lifecam22 2158.87402344 5721.15283203 6.24626636505
1512745048861 lifecam22 2158.29980469 5721.34716797 6.25120639801
1512745048934 lifecam22 2152.41650391 5722.5 6.27131557465
1512745049000 lifecam22 2139.92822266 5725.1171875 0.00594526994973
1512745049206 lifecam22 2110.81030273 5726.21240234 0.105094619095
1512745049259 lifecam22 2100.453125 5726.35986328 0.132238328457
1512745049325 lifecam22 2090.14013672 5726.55517578 0.171868145466
1512745049392 lifecam22 2080.52661133 5726.74951172 0.212614357471
1512745049472 lifecam22 2070.49072266 5725.42773438 0.249095231295
1512745049673 lifecam22 2041.5213623 5721.67480469 0.373333185911
1512745049735 lifecam22 2031.59436035 5719.53808594 0.418974220753
1512745049801 lifecam22 2021.95153809 5716.98828125 0.448629975319
1512745049870 lifecam22 2012.2532959 5714.29931641 0.499495923519
1512745049939 lifecam22 2003.52282715 5711.05908203 0.542464435101
1512745050073 lifecam22 1985.45593262 5703.68847656 0.626277983189
1512745050129 lifecam22 1976.56970215 5699.50537109 0.659329593182
1512745050203 lifecam22 1967.66723633 5694.88476562 0.705386400223
1512745050267 lifecam22 1959.51281738 5689.55908203 0.743073403835
1512745050339 lifecam22 1949.98950195 5683.82568359 0.796780049801
1512745050471 lifecam22 1935.35229492 5671.80664062 0.89018535614
1512745050530 lifecam22 1927.57299805 5666.02734375 0.936786413193
1512745050589 lifecam22 1920.84362793 5659.55761719 0.971952557564
1512745050669 lifecam22 1913.92419434 5652.82128906 1.01141035557
1512745050735 lifecam22 1906.71130371 5645.53271484 1.05445945263
1512745050936 lifecam22 1888.61193848 5621.95849609 1.18644213676
1512745051003 lifecam22 1883.73547363 5613.61572266 1.22741699219
1512745051070 lifecam22 1878.81115723 5605.16503906 1.26879417896
1512745051136 lifecam22 1876.3951416 5599.62207031 1.29693722725
1512745051203 lifecam22 1876.27941895 5599.22558594 1.29221892357
1512745051344 lifecam22 1876.4987793 5600.12939453 1.29368460178
1512745051403 lifecam22 1876.59020996 5600.29150391 1.29745090008
1512745051472 lifecam22 1876.65075684 5600.65087891 1.29678165913
1512745051538 lifecam22 1876.54504395 5600.29052734 1.29157006741
1512745051607 lifecam22 1876.54382324 5600.13232422 1.29479908943
1512745051745 lifecam22 1876.54504395 5600.29052734 1.29157006741
1512745051801 lifecam22 1876.4987793 5600.12939453 1.29368460178
1512745051860 lifecam22 1876.59191895 5600.45019531 1.2942135334
1512745051930 lifecam22 1876.59191895 5600.45019531 1.2942135334
1512745052002 lifecam22 1876.59191895 5600.45019531 1.2942135334
1512745052206 lifecam22 1876.54504395 5600.29052734 1.29157006741
1512745052269 lifecam22 1876.54504395 5600.29052734 1.29157006741
1512745052331 lifecam22 1876.59191895 5600.45019531 1.2942135334
1512745052394 lifecam22 1876.54382324 5600.13232422 1.29479908943
1512745052476 lifecam22 1876.54504395 5600.29052734 1.29157006741
1512745052604 lifecam22 1876.54504395 5600.29052734 1.29157006741
1512745052674 lifecam22 1876.59191895 5600.45019531 1.2942135334
1512745052742 lifecam22 1876.54382324 5600.13232422 1.29479908943
