1512745009136 lifecam22 2649.14746094 5696.39746094 6.18517637253
1512745009205 lifecam22 2649.13378906 5697.11816406 6.18293714523
1512745009266 lifecam22 2649.13378906 5697.11816406 6.18293714523
1512745009470 lifecam22 2649.92163086 5696.48583984 6.18270969391
1512745009539 lifecam22 2649.55688477 5696.72216797 6.18442869186
1512745009602 lifecam22 2649.95410156 5696.87353516 6.17784690857
1512745009675 lifecam22 2649.73803711 5696.68017578 6.18214082718
1512745009742 lifecam22 2649.58886719 5697.12597656 6.1808385849
1512745009941 lifecam22 2649.96191406 5697.07910156 6.18109226227
1512745010008 lifecam22 2649.93554688 5696.65478516 6.18141651154
1512745010075 lifecam22 2649.92578125 5696.65820312 6.18292665482
1512745010139 lifecam22 2649.92089844 5696.47167969 6.18144464493
1512745010204 lifecam22 2650.14428711 5696.84863281 6.17813396454
1512745010402 lifecam22 2649.95166016 5696.859375 6.18364572525
1512745010473 lifecam22 2649.95410156 5696.87353516 6.17784690857
1512745010540 lifecam22 2649.92871094 5696.65722656 6.1824221611
1512745010604 lifecam22 2650.08349609 5696.13330078 6.18002653122
1512745010806 lifecam22 2649.93554688 5696.65478516 6.18141651154
1512745010873 lifecam22 2649.93554688 5696.65478516 6.18141651154
1512745010941 lifecam22 2649.92089844 5696.47167969 6.18144464493
1512745011004 lifecam22 2649.73803711 5696.68017578 6.18214082718
1512745011075 lifecam22 2649.88769531 5696.07861328 6.18674039841
1512745011275 lifecam22 2649.93676758 5696.67675781 6.18367052078
1512745011343 lifecam22 2650.10546875 5696.45117188 6.18273639679
1512745011403 lifecam22 2649.76904297 5696.88085938 6.18367052078
1512745011475 lifecam22 2649.57275391 5696.69970703 6.1819024086
1512745011539 lifecam22 2649.34301758 5696.32714844 6.18792486191
1512745011744 lifecam22 2649.74682617 5696.5078125 6.18397855759
1512745011806 lifecam22 2649.75292969 5696.67675781 6.18144369125
1512745011867 lifecam22 2649.50146484 5696.67333984 6.18584442139
1512745011930 lifecam22 2649.36157227 5696.55419922 6.18391942978
1512745012008 lifecam22 2649.37524414 5696.72509766 6.18262815475
1512745012134 lifecam22 2649.19018555 5696.97412109 6.18028068542
1512745012207 lifecam22 2649.36157227 5696.55419922 6.18391942978
1512745012277 lifecam22 2649.16113281 5696.58007812 6.18514537811
1512745012346 lifecam22 2649.37939453 5696.77587891 6.18034887314
1512745012404 lifecam22 2650.50830078 5696.58544922 6.18226385117
1512745012533 lifecam22 2650.18115234 5697.23876953 6.17491054535
1512745012603 lifecam22 2649.3840332 5697.69970703 6.17629575729
1512745012670 lifecam22 2645.39306641 5697.29248047 6.21441078186
1512745012733 lifecam22 2646.42944336 5695.6796875 6.23447132111
1512745012801 lifecam22 2648.98754883 5692.83544922 6.22211408615
1512745012948 lifecam22 2648.96630859 5692.59130859 6.22439861298
1512745013013 lifecam22 2648.76269531 5692.56835938 6.22767734528
1512745013072 lifecam22 2644.95825195 5692.47802734 6.23705530167
1512745013137 lifecam22 2636.47485352 5693.07666016 6.24027395248
1512745013200 lifecam22 2625.49975586 5694.49951172 1.37487529628e-06
1512745013338 lifecam22 2605.30566406 5696.88818359 0.0321064591408
1512745013405 lifecam22 2594.99609375 5696.99902344 0.0796170756221
1512745013469 lifecam22 2585.16748047 5698.03955078 0.11831086874
1512745013539 lifecam22 2575.52416992 5698.25097656 0.152297079563
1512745013600 lifecam22 2565.77978516 5697.95458984 0.195388510823
1512745013811 lifecam22 2536.71801758 5695.59472656 0.320429772139
1512745013876 lifecam22 2527.05322266 5693.98339844 0.355730444193
1512745014017 lifecam22 2507.87524414 5689.81347656 0.435302555561
1512745014346 lifecam22 2461.37231445 5673.63916016 0.643811702728
1512745014407 lifecam22 2451.03173828 5667.53076172 0.692673802376
1512745014535 lifecam22 2433.21875 5656.86523438 0.822167813778
1512745015071 lifecam22 2376.58813477 5605.93457031 1.13229048252
1512745015275 lifecam22 2362.1027832 5582.88964844 1.24471127987
1512745015350 lifecam22 2361.41748047 5582.40039062 1.2476323843
1512745015406 lifecam22 2361.87988281 5583.36376953 1.24068450928
1512745015482 lifecam22 2362.19238281 5583.66699219 1.24030911922
1512745015549 lifecam22 2362.26318359 5583.3984375 1.23687279224
1512745015607 lifecam22 2362.4140625 5583.19628906 1.24229216576
1512745015753 lifecam22 2362.32617188 5583.57080078 1.23713135719
1512745015815 lifecam22 2362.31005859 5583.43505859 1.23899388313
1512745015878 lifecam22 2362.32617188 5583.57080078 1.23713135719
1512745015951 lifecam22 2362.09619141 5583.4921875 1.23511970043
1512745016017 lifecam22 2362.08911133 5583.45361328 1.23621165752
1512745016215 lifecam22 2362.33129883 5583.58642578 1.23571705818
1512745016281 lifecam22 2362.33129883 5583.58642578 1.23571705818
1512745016353 lifecam22 2362.12353516 5583.47607422 1.23989963531
1512745016411 lifecam22 2362.32617188 5583.57080078 1.23713135719
1512745016467 lifecam22 2362.24121094 5583.24707031 1.24014341831
1512745016613 lifecam22 2361.91064453 5583.515625 1.23726928234
1512745016680 lifecam22 2362.30444336 5583.41943359 1.24040806293
1512745016748 lifecam22 2362.24121094 5583.24707031 1.24014341831
1512745016814 lifecam22 2362.32617188 5583.57080078 1.23713135719
1512745016880 lifecam22 2362.15795898 5583.64208984 1.23505496979
1512745017011 lifecam22 2362.37304688 5583.60693359 1.23925709724
1512745017086 lifecam22 2362.15795898 5583.64208984 1.23505496979
1512745017149 lifecam22 2362.06103516 5583.30712891 1.24119627476
1512745017212 lifecam22 2362.12939453 5583.4921875 1.23848283291
1512745017288 lifecam22 2362.33129883 5583.58642578 1.23571705818
1512745017415 lifecam22 2362.08911133 5583.45361328 1.23621165752
1512745017482 lifecam22 2362.15234375 5583.62597656 1.23647105694
1512745017552 lifecam22 2362.26318359 5583.3984375 1.23687279224
