1512745061089 lifecam22 2314.27075195 5741.90771484 6.14487457275
1512745061142 lifecam22 2314.0 5742.24853516 6.13431167603
1512745061284 lifecam22 2310.9934082 5742.26025391 6.14635229111
1512745061352 lifecam22 2310.67944336 5742.28076172 6.13173913956
1512745061415 lifecam22 2310.68066406 5741.52294922 6.13830852509
1512745061487 lifecam22 2312.42358398 5739.68408203 6.14472961426
1512745061556 lifecam22 2310.86572266 5740.36914062 6.14417457581
1512745061685 lifecam22 2310.6875 5739.10302734 6.16265964508
1512745061749 lifecam22 2310.92236328 5737.24023438 6.16713428497
1512745061812 lifecam22 2311.46118164 5736.21142578 6.17136192322
1512745061885 lifecam22 2309.04150391 5733.296875 6.18864631653
1512745061953 lifecam22 2310.12353516 5731.12353516 6.23514986038
1512745062091 lifecam22 2310.49975586 5729.10986328 6.24879455566
1512745062157 lifecam22 2310.49975586 5729.10986328 6.24879455566
1512745062226 lifecam22 2310.49975586 5729.69335938 6.24695491791
1512745062287 lifecam22 2310.49975586 5729.10693359 6.24924135208
1512745062349 lifecam22 2310.49975586 5729.30615234 6.24695491791
1512745062494 lifecam22 2310.49975586 5729.10986328 6.24879455566
1512745062553 lifecam22 2310.5 5729.5 6.24834775925
1512745062623 lifecam22 2310.65405273 5729.48925781 6.24400949478
1512745062689 lifecam22 2310.49975586 5729.10986328 6.24879455566
1512745062760 lifecam22 2310.49975586 5729.30615234 6.24695491791
1512745062960 lifecam22 2310.49975586 5729.30615234 6.24695491791
1512745063014 lifecam22 2310.49975586 5729.10986328 6.24879455566
1512745063092 lifecam22 2310.5 5729.5 6.24834775925
1512745063154 lifecam22 2310.49975586 5729.30615234 6.24695491791
1512745063222 lifecam22 2310.49975586 5729.49951172 6.24555826187
1512745063422 lifecam22 2310.5 5729.11621094 6.24600696564
1512745063496 lifecam22 2310.49975586 5729.30615234 6.24695491791
1512745063556 lifecam22 2310.49975586 5729.30615234 6.24695491791
1512745063609 lifecam22 2310.49975586 5729.69335938 6.24695491791
1512745063690 lifecam22 2310.49975586 5729.88378906 6.24600696564
1512745063884 lifecam22 2310.5 5729.5 6.24834775925
1512745063956 lifecam22 2310.49975586 5729.69335938 6.24695491791
1512745064027 lifecam22 2310.49975586 5729.69335938 6.24695491791
1512745064078 lifecam22 2310.49975586 5730.58349609 6.23985052109
1512745064145 lifecam22 2309.88964844 5733.58056641 6.23815488815
1512745064286 lifecam22 2310.859375 5734.56738281 6.22238111496
1512745064345 lifecam22 2310.49975586 5732.20458984 6.24337434769
1512745064420 lifecam22 2302.57592773 5730.07910156 6.26298475266
1512745064476 lifecam22 2302.80444336 5730.25537109 6.25876045227
1512745064555 lifecam22 2306.17504883 5725.99951172 0.0066648167558
1512745064753 lifecam22 2304.69897461 5725.99951172 6.27862548828
1512745064818 lifecam22 2299.99975586 5725.99951172 6.28318452835
1512745064885 lifecam22 2289.67919922 5725.58251953 0.00805205572397
1512745064954 lifecam22 2278.1171875 5725.56640625 0.0213865675032
1512745065022 lifecam22 2269.70947266 5725.39208984 0.0459331907332
1512745065220 lifecam22 2240.29663086 5726.18115234 0.145995557308
1512745065290 lifecam22 2230.07861328 5725.33007812 0.185532063246
1512745065363 lifecam22 2220.00048828 5725.22460938 0.223760321736
1512745065428 lifecam22 2210.2980957 5724.16503906 0.266565829515
1512745065480 lifecam22 2200.47607422 5723.15820312 0.317126363516
1512745065694 lifecam22 2171.83569336 5717.11621094 0.427067935467
1512745065745 lifecam22 2161.94580078 5714.859375 0.476363390684
1512745065811 lifecam22 2152.70825195 5711.76318359 0.503924429417
1512745065880 lifecam22 2143.05712891 5708.80517578 0.548201620579
1512745065949 lifecam22 2134.07885742 5704.74316406 0.595072805882
1512745066158 lifecam22 2107.65283203 5691.47314453 0.717060983181
1512745066228 lifecam22 2098.66210938 5685.87158203 0.812543988228
1512745066294 lifecam22 2090.35644531 5679.67822266 0.846805989742
1512745066358 lifecam22 2081.77929688 5673.12890625 0.889645636082
1512745066415 lifecam22 2073.65307617 5667.28710938 0.916491627693
1512745066638 lifecam22 2053.87255859 5649.20849609 1.03015363216
1512745066683 lifecam22 2047.33898926 5641.90625 1.06992352009
1512745066755 lifecam22 2040.8717041 5634.10107422 1.12212371826
1512745066818 lifecam22 2035.0802002 5626.23535156 1.15690696239
1512745066944 lifecam22 2025.25939941 5609.63232422 1.24648821354
1512745067026 lifecam22 2021.8482666 5604.50244141 1.26447331905
1512745067093 lifecam22 2021.96130371 5604.87255859 1.2616738081
1512745067149 lifecam22 2022.14733887 5605.43994141 1.26115465164
1512745067219 lifecam22 2022.14733887 5605.43994141 1.26115465164
1512745067294 lifecam22 2022.49206543 5605.33056641 1.25929653645
1512745067428 lifecam22 2022.49206543 5605.33056641 1.25929653645
1512745067496 lifecam22 2022.28918457 5605.3984375 1.26373922825
1512745067561 lifecam22 2022.32702637 5605.38330078 1.26090836525
1512745067617 lifecam22 2022.53015137 5605.32470703 1.26489210129
1512745067686 lifecam22 2022.49206543 5605.33056641 1.25929653645
1512745067892 lifecam22 2022.49206543 5605.33056641 1.25929653645
1512745068015 lifecam22 2022.69543457 5605.27148438 1.26326107979
1512745068087 lifecam22 2022.53015137 5605.32470703 1.26489210129
1512745068153 lifecam22 2022.63464355 5605.2890625 1.26187729836
1512745068215 lifecam22 2022.32702637 5605.38330078 1.26090836525
1512745068291 lifecam22 2022.49206543 5605.33056641 1.25929653645
1512745068352 lifecam22 2022.14733887 5605.43994141 1.26115465164
1512745068423 lifecam22 2022.91247559 5605.20068359 1.26020884514
1512745068496 lifecam22 2022.47106934 5605.140625 1.26432597637
1512745068555 lifecam22 2022.14733887 5605.43994141 1.26115465164
