1512743867244 lifecam22 2594.68823242 5327.21630859 0.090706884861
1512743867379 lifecam22 2594.89208984 5327.23632812 0.0919871926308
1512743867573 lifecam22 2594.89208984 5327.23632812 0.0919871926308
1512743867644 lifecam22 2594.68823242 5327.21630859 0.090706884861
1512743867709 lifecam22 2594.67407227 5327.40429688 0.0920103266835
1512743867771 lifecam22 2594.68823242 5327.21630859 0.090706884861
1512743867839 lifecam22 2594.68823242 5327.21630859 0.090706884861
1512743867986 lifecam22 2594.91357422 5327.06787109 0.0954818204045
1512743868121 lifecam22 2594.68823242 5327.21630859 0.090706884861
1512743868187 lifecam22 2594.73242188 5326.84082031 0.0959790349007
1512743868251 lifecam22 2594.71044922 5327.04736328 0.0941975787282
1512743868458 lifecam22 2594.71044922 5327.04736328 0.0941975787282
1512743868523 lifecam22 2594.71044922 5327.01025391 0.0924915745854
1512743868653 lifecam22 2594.71044922 5327.01025391 0.0924915745854
1512743868981 lifecam22 2594.68823242 5327.21630859 0.090706884861
1512743869057 lifecam22 2594.93554688 5326.86279297 0.097268179059
1512743869182 lifecam22 2594.71044922 5327.01025391 0.0924915745854
1512743869387 lifecam22 2594.91357422 5327.06787109 0.0954818204045
1512743869456 lifecam22 2594.71044922 5327.04736328 0.0941975787282
1512743869526 lifecam22 2594.95654297 5326.69238281 0.100323393941
1512743869590 lifecam22 2594.95654297 5326.69238281 0.100323393941
1512743869658 lifecam22 2594.73193359 5326.87744141 0.0972519442439
1512743869975 lifecam22 2594.96069336 5326.69384766 0.0967192053795
1512743870257 lifecam22 2594.34301758 5327.59619141 0.0956582352519
1512743870384 lifecam22 2593.27148438 5327.76464844 0.0939940959215
1512743870447 lifecam22 2592.8737793 5328.80322266 0.0809499695897
1512743870512 lifecam22 2592.74072266 5328.17724609 0.0949159264565
1512743870710 lifecam22 2592.77099609 5328.34863281 0.0920117497444
1512743870789 lifecam22 2592.86669922 5328.79833984 0.0812785029411
1512743870858 lifecam22 2593.25927734 5328.97753906 0.0765876248479
1512743870914 lifecam22 2594.14477539 5327.36035156 0.0912591889501
1512743871127 lifecam22 2592.95361328 5330.40869141 0.0561509802938
1512743871179 lifecam22 2594.00292969 5330.5 0.0382201075554
1512743871260 lifecam22 2593.99951172 5330.5 0.0386567749083
1512743871324 lifecam22 2594.18994141 5330.5 0.0378345809877
1512743871393 lifecam22 2593.59570312 5329.76123047 0.0531553663313
1512743871589 lifecam22 2592.6394043 5330.84472656 0.0585040524602
1512743871725 lifecam22 2593.29443359 5331.54492188 0.0619475245476
1512743871792 lifecam22 2593.02734375 5331.01611328 0.0563207305968
1512743871860 lifecam22 2593.2199707 5330.84521484 0.0542133525014
1512743872059 lifecam22 2593.66308594 5331.72070312 0.0602362751961
1512743872189 lifecam22 2593.60302734 5333.52441406 0.0488492883742
1512743872259 lifecam22 2592.00073242 5335.21191406 0.0887917950749
1512743872456 lifecam22 2594.62915039 5327.63867188 0.124774634838
1512743872523 lifecam22 2594.73852539 5327.09716797 0.12573556602
1512743872596 lifecam22 2595.06298828 5327.51416016 0.124214231968
1512743872650 lifecam22 2593.96875 5327.171875 0.118909657001
1512743872717 lifecam22 2588.02099609 5325.96435547 0.0986306071281
1512743872915 lifecam22 2559.91357422 5325.4609375 0.157296746969
1512743872987 lifecam22 2549.2277832 5324.80908203 0.18836659193
1512743873053 lifecam22 2539.75585938 5324.08544922 0.228171408176
1512743873113 lifecam22 2530.19287109 5322.82666016 0.266940653324
1512743873186 lifecam22 2520.3425293 5322.07568359 0.29873996973
1512743873387 lifecam22 2490.54956055 5316.75390625 0.420074522495
1512743873454 lifecam22 2480.44921875 5313.50048828 0.458273798227
1512743873516 lifecam22 2471.40087891 5311.17626953 0.496821075678
1512743873585 lifecam22 2462.40600586 5308.63330078 0.542482793331
1512743873654 lifecam22 2453.4296875 5304.50683594 0.586075305939
1512743873795 lifecam22 2434.52099609 5296.69140625 0.675831973553
1512743873924 lifecam22 2417.83325195 5287.13476562 0.746062219143
1512743873992 lifecam22 2407.77734375 5280.96337891 0.815475404263
1512743874053 lifecam22 2400.95727539 5275.70068359 0.85279917717
1512743874259 lifecam22 2378.35913086 5256.91455078 0.969708442688
1512743874323 lifecam22 2369.69042969 5248.08251953 1.0424451828
1512743874384 lifecam22 2364.64672852 5243.39501953 1.07056999207
1512743874452 lifecam22 2357.86914062 5236.12109375 1.11094796658
1512743874522 lifecam22 2352.39746094 5228.37402344 1.15875339508
1512743874669 lifecam22 2341.60400391 5211.18066406 1.23433613777
1512743874721 lifecam22 2337.08911133 5202.44726562 1.27705669403
1512743874790 lifecam22 2332.19482422 5193.78271484 1.31162297726
1512743874854 lifecam22 2328.10742188 5184.91845703 1.34314239025
1512743874923 lifecam22 2326.06591797 5180.09667969 1.36889767647
1512743875129 lifecam22 2326.93994141 5181.45263672 1.37215578556
1512743875194 lifecam22 2326.90722656 5181.30224609 1.37202179432
1512743875260 lifecam22 2326.8984375 5181.25390625 1.37338685989
1512743875331 lifecam22 2326.8984375 5181.25390625 1.37338685989
1512743875396 lifecam22 2326.93994141 5181.45263672 1.37215578556
1512743875589 lifecam22 2326.71044922 5181.28125 1.37016558647
1512743875658 lifecam22 2326.93994141 5181.45263672 1.37215578556
1512743875727 lifecam22 2326.8984375 5181.25390625 1.37338685989
1512743875789 lifecam22 2326.8984375 5181.25390625 1.37338685989
1512743875862 lifecam22 2326.75244141 5181.48144531 1.36894130707
1512743876061 lifecam22 2326.93994141 5181.45263672 1.37215578556
1512743876128 lifecam22 2326.71044922 5181.28125 1.37016558647
1512743876198 lifecam22 2326.93994141 5181.45263672 1.37215578556
1512743876268 lifecam22 2326.93994141 5181.45263672 1.37215578556
1512743876334 lifecam22 2326.8984375 5181.25390625 1.37338685989
1512743876471 lifecam22 2326.93994141 5181.45263672 1.37215578556
1512743876531 lifecam22 2326.8984375 5181.25390625 1.37338685989
1512743876588 lifecam22 2326.93994141 5181.45263672 1.37215578556
1512743876660 lifecam22 2326.75244141 5181.48144531 1.36894130707
1512743876726 lifecam22 2326.8984375 5181.25390625 1.37338685989
1512743876942 lifecam22 2326.93994141 5181.45263672 1.37215578556
1512743876996 lifecam22 2326.8984375 5181.25390625 1.37338685989
1512743877057 lifecam22 2326.93994141 5181.45263672 1.37215578556
1512743877135 lifecam22 2326.8984375 5181.25390625 1.37338685989
1512743877199 lifecam22 2326.71044922 5181.28125 1.37016558647
1512743877400 lifecam22 2326.8984375 5181.25390625 1.37338685989
1512743877465 lifecam22 2326.8984375 5181.25390625 1.37338685989
