1512743990309 lifecam22 2571.62963867 5423.5390625 6.17785596848
1512743990361 lifecam22 2570.30224609 5423.00830078 6.19596195221
1512743990433 lifecam22 2571.04296875 5423.06347656 6.20189857483
1512743990501 lifecam22 2573.703125 5422.83056641 6.18911838531
1512743990710 lifecam22 2580.43725586 5424.89648438 6.16305398941
1512743990770 lifecam22 2581.02124023 5425.22705078 6.16265296936
1512743990831 lifecam22 2582.89013672 5424.5546875 6.15635919571
1512743990915 lifecam22 2580.90600586 5425.06982422 6.17386198044
1512743990970 lifecam22 2583.50927734 5424.1484375 6.16311836243
1512743991123 lifecam22 2581.28515625 5424.57910156 6.17269134521
1512743991175 lifecam22 2581.0390625 5424.9140625 6.16761350632
1512743991231 lifecam22 2583.1652832 5424.14355469 6.15792655945
1512743991299 lifecam22 2583.13378906 5424.26123047 6.1628279686
1512743991366 lifecam22 2581.44799805 5425.21484375 6.17097997665
1512743991509 lifecam22 2574.296875 5423.92919922 6.19003152847
1512743991586 lifecam22 2569.38427734 5420.4375 6.21582984924
1512743991651 lifecam22 2565.14453125 5417.46777344 6.24664068222
1512743991700 lifecam22 2564.38671875 5413.36621094 6.26122617722
1512743991765 lifecam22 2565.60473633 5416.29443359 6.22926616669
1512743992035 lifecam22 2565.99951172 5409.5 0.0196298975497
1512743992098 lifecam22 2565.99975586 5409.703125 0.0183855947107
1512743992165 lifecam22 2565.99951172 5409.5 0.0196298975497
1512743992240 lifecam22 2566.61621094 5408.7578125 0.0225256104022
1512743992377 lifecam22 2564.8034668 5409.53613281 0.021739307791
1512743992440 lifecam22 2564.015625 5412.89941406 6.27713346481
1512743992504 lifecam22 2564.01953125 5413.27441406 6.27769756317
1512743992568 lifecam22 2564.04760742 5413.67529297 8.6490304966e-05
1512743992635 lifecam22 2564.08251953 5413.78369141 6.2765750885
1512743992772 lifecam22 2564.89990234 5414.37548828 6.27749443054
1512743992834 lifecam22 2565.42089844 5415.08203125 6.27434587479
1512743992913 lifecam22 2565.93603516 5415.71484375 6.27025747299
1512743992968 lifecam22 2565.91601562 5416.09228516 6.26136016846
1512743993036 lifecam22 2565.90039062 5416.86376953 6.2557849884
1512743993177 lifecam22 2566.77539062 5418.05322266 6.2343454361
1512743993233 lifecam22 2566.41137695 5418.07714844 6.23054742813
1512743993368 lifecam22 2565.21679688 5417.68652344 6.24010324478
1512743993436 lifecam22 2565.33496094 5417.67675781 6.23161792755
1512743993504 lifecam22 2564.77294922 5416.82910156 6.23796844482
1512743993574 lifecam22 2563.98974609 5417.02001953 6.23046922684
1512743993632 lifecam22 2563.16210938 5417.0859375 6.22224140167
1512743993706 lifecam22 2562.99291992 5416.75488281 6.22654104233
1512743993781 lifecam22 2563.15795898 5416.90234375 6.22229671478
1512743993842 lifecam22 2563.51977539 5417.03808594 6.21751594543
1512743993969 lifecam22 2564.66821289 5417.11230469 6.21701574326
1512743994054 lifecam22 2563.70483398 5418.02539062 6.20858812332
1512743994119 lifecam22 2563.71875 5418.0390625 6.21106338501
1512743994187 lifecam22 2563.54077148 5417.5703125 6.21677398682
1512743994240 lifecam22 2563.52832031 5417.22021484 6.21690273285
1512743994381 lifecam22 2563.54321289 5417.22851562 6.21982145309
1512743994449 lifecam22 2562.8684082 5416.43603516 6.249335289
1512743994522 lifecam22 2564.015625 5413.16210938 6.25244188309
1512743994569 lifecam22 2566.2175293 5409.48046875 0.0226566214114
1512743994637 lifecam22 2565.99951172 5410.55322266 0.0082270540297
1512743994788 lifecam22 2565.99951172 5410.55322266 0.0082270540297
1512743994847 lifecam22 2563.85961914 5410.01806641 0.0167680438608
1512743994915 lifecam22 2555.49951172 5409.58105469 0.0187111552805
1512743994971 lifecam22 2545.0 5408.97460938 0.0244963821024
1512743995048 lifecam22 2534.49975586 5409.20361328 0.0199907459319
1512743995187 lifecam22 2516.73681641 5409.68261719 0.0888571068645
1512743995249 lifecam22 2506.98242188 5409.76611328 0.12427945435
1512743995314 lifecam22 2497.19628906 5410.24511719 0.156458437443
1512743995390 lifecam22 2487.24414062 5409.84863281 0.202097713947
1512743995581 lifecam22 2457.96337891 5407.26269531 0.325493395329
1512743995772 lifecam22 2428.74926758 5401.97753906 0.46156719327
1512743995839 lifecam22 2420.2043457 5399.89257812 0.494721502066
1512743996059 lifecam22 2392.31542969 5388.76220703 0.63349878788
1512743996126 lifecam22 2383.50952148 5383.96337891 0.671142101288
1512743996181 lifecam22 2374.35375977 5379.56640625 0.72239035368
1512743996246 lifecam22 2365.9621582 5374.40380859 0.754133343697
1512743996449 lifecam22 2340.80200195 5355.22265625 0.907305240631
1512743996519 lifecam22 2333.48535156 5348.48046875 0.954840958118
1512743996574 lifecam22 2325.91943359 5341.19873047 0.997411608696
1512743996926 lifecam22 2295.97216797 5305.17382812 1.18937027454
1512743997041 lifecam22 2286.21484375 5289.15429688 1.25313413143
1512743997110 lifecam22 2284.86889648 5287.14013672 1.27142655849
1512743997250 lifecam22 2286.16748047 5288.99511719 1.25554037094
1512743997326 lifecam22 2286.11401367 5288.81884766 1.25546193123
1512743997391 lifecam22 2286.04785156 5288.62207031 1.2585310936
1512743997442 lifecam22 2286.04785156 5288.62207031 1.2585310936
1512743997516 lifecam22 2286.10693359 5288.79785156 1.25878870487
1512743997649 lifecam22 2286.10693359 5288.79785156 1.25878870487
1512743997716 lifecam22 2286.10107422 5288.79931641 1.25861620903
1512743997793 lifecam22 2286.1730957 5288.99365234 1.25571382046
1512743997853 lifecam22 2286.11401367 5288.81884766 1.25546193123
1512743997984 lifecam22 2286.04174805 5288.62353516 1.25835883617
1512743998040 lifecam22 2286.04785156 5288.62207031 1.2585310936
1512743998114 lifecam22 2286.11401367 5288.81884766 1.25546193123
1512743998194 lifecam22 2286.10693359 5288.79785156 1.25878870487
1512743998261 lifecam22 2286.04174805 5288.62353516 1.25835883617
1512743998328 lifecam22 2286.04785156 5288.62207031 1.2585310936
1512743998458 lifecam22 2286.10107422 5288.79931641 1.25861620903
1512743998520 lifecam22 2286.1730957 5288.99365234 1.25571382046
1512743998592 lifecam22 2286.04785156 5288.62207031 1.2585310936
1512743998658 lifecam22 2286.1730957 5288.99365234 1.25571382046
1512743998721 lifecam22 2286.1730957 5288.99365234 1.25571382046
1512743998866 lifecam22 2286.10107422 5288.79931641 1.25861620903
1512743998921 lifecam22 2286.04174805 5288.62353516 1.25835883617
1512743998977 lifecam22 2286.04785156 5288.62207031 1.2585310936
1512743999054 lifecam22 2286.11401367 5288.81884766 1.25546193123
1512743999131 lifecam22 2286.11401367 5288.81884766 1.25546193123
1512743999261 lifecam22 2286.10107422 5288.79931641 1.25861620903
1512743999320 lifecam22 2286.11401367 5288.81884766 1.25546193123
1512743999379 lifecam22 2286.04785156 5288.62207031 1.2585310936
1512743999448 lifecam22 2286.11401367 5288.81884766 1.25546193123
