1512744988245 lifecam22 2594.44921875 5648.63525391 6.26082324982
1512744988302 lifecam22 2594.03125 5648.73339844 6.25777006149
1512744988357 lifecam22 2593.85961914 5648.75195312 6.25166416168
1512744988435 lifecam22 2593.87475586 5648.74804688 6.25380277634
1512744988509 lifecam22 2593.82666016 5648.75146484 6.25357913971
1512744988703 lifecam22 2593.52001953 5648.70214844 6.24945068359
1512744988776 lifecam22 2594.07666016 5648.6640625 6.25395584106
1512744988843 lifecam22 2593.68725586 5648.69042969 6.25162649155
1512744988912 lifecam22 2593.80932617 5648.68261719 6.25162506104
1512744988976 lifecam22 2593.48388672 5648.70458984 6.24934864044
1512744989108 lifecam22 2593.82666016 5648.51953125 6.25412607193
1512744989178 lifecam22 2593.65722656 5648.34716797 6.25230503082
1512744989231 lifecam22 2593.9753418 5648.38427734 6.25607299805
1512744989307 lifecam22 2592.33032227 5648.29248047 6.24174976349
1512744989364 lifecam22 2591.76220703 5648.14013672 6.24385404587
1512744989513 lifecam22 2592.31030273 5648.62646484 6.24061584473
1512744989565 lifecam22 2593.86474609 5648.7421875 6.25507211685
1512744989639 lifecam22 2593.03515625 5648.57421875 6.24790334702
1512744989707 lifecam22 2591.7956543 5648.32714844 6.23989629745
1512744989772 lifecam22 2593.87060547 5648.58984375 6.25324821472
1512744989974 lifecam22 2593.86572266 5648.50097656 6.24509334564
1512744990038 lifecam22 2593.84375 5648.6796875 6.2528834343
1512744990108 lifecam22 2592.5324707 5648.7734375 6.23757648468
1512744990160 lifecam22 2593.84521484 5648.33740234 6.2510175705
1512744990227 lifecam22 2594.18505859 5648.72607422 6.25094032288
1512744990363 lifecam22 2594.25366211 5648.32568359 6.2530875206
1512744990436 lifecam22 2594.11352539 5648.49902344 6.25684404373
1512744990502 lifecam22 2593.63427734 5648.51269531 6.24813318253
1512744990578 lifecam22 2593.98193359 5648.73681641 6.25303220749
1512744990649 lifecam22 2594.24560547 5648.64941406 6.25873565674
1512744990772 lifecam22 2594.19873047 5648.66113281 6.24827861786
1512744990849 lifecam22 2593.67700195 5649.03759766 6.24566221237
1512744990904 lifecam22 2594.80493164 5649.21630859 6.2575750351
1512744990981 lifecam22 2594.72631836 5648.84375 6.26070976257
1512744991048 lifecam22 2594.14331055 5648.89599609 6.24432325363
1512744991172 lifecam22 2594.67480469 5650.72167969 6.2571849823
1512744991238 lifecam22 2594.81005859 5651.46826172 6.25271081924
1512744991308 lifecam22 2595.671875 5650.62353516 6.25971221924
1512744991369 lifecam22 2594.55712891 5649.94775391 6.26893091202
1512744991447 lifecam22 2590.49951172 5648.65917969 6.25249767303
1512744991627 lifecam22 2593.5793457 5645.5 0.0076345843263
1512744991697 lifecam22 2593.61083984 5645.5 6.28318500519
1512744991771 lifecam22 2593.5793457 5645.5 0.0076345843263
1512744991845 lifecam22 2590.27905273 5644.11621094 6.26645421982
1512744991910 lifecam22 2579.65844727 5642.87402344 6.2533864975
1512744992044 lifecam22 2560.94873047 5642.39501953 0.00856620632112
1512744992110 lifecam22 2551.20507812 5643.56494141 0.0429514087737
1512744992181 lifecam22 2542.93701172 5643.73632812 0.0433540977538
1512744992247 lifecam22 2534.31420898 5644.1796875 0.0733304619789
1512744992315 lifecam22 2524.89453125 5644.50488281 0.0958104878664
1512744992501 lifecam22 2496.24121094 5644.36962891 0.186094582081
1512744992572 lifecam22 2485.75146484 5643.17089844 0.228082716465
1512744992643 lifecam22 2476.06689453 5642.640625 0.266425937414
1512744992771 lifecam22 2456.35083008 5639.90771484 0.347914159298
1512744992905 lifecam22 2436.93798828 5635.74755859 0.426442205906
1512744993038 lifecam22 2417.58032227 5630.09863281 0.507137715816
1512744993500 lifecam22 2353.43432617 5596.86914062 0.833822369576
1512744994165 lifecam22 2303.19921875 5548.17138672 1.11216521263
1512744994248 lifecam22 2303.03076172 5548.25146484 1.11166536808
1512744994298 lifecam22 2302.92626953 5548.03857422 1.1157027483
1512744994373 lifecam22 2302.92626953 5548.03857422 1.1157027483
1512744994446 lifecam22 2302.95361328 5548.10205078 1.11014568806
1512744994505 lifecam22 2303.19921875 5548.17138672 1.11216521263
1512744994577 lifecam22 2303.28125 5548.33300781 1.11268377304
1512744994644 lifecam22 2303.03076172 5548.25146484 1.11166536808
1512744994700 lifecam22 2303.19921875 5548.17138672 1.11216521263
1512744994788 lifecam22 2303.03076172 5548.25146484 1.11166536808
1512744994919 lifecam22 2303.03076172 5548.25146484 1.11166536808
1512744994981 lifecam22 2303.03076172 5548.25146484 1.11166536808
1512744995043 lifecam22 2303.03076172 5548.25146484 1.11166536808
1512744995109 lifecam22 2302.95361328 5548.10205078 1.11014568806
1512744995175 lifecam22 2303.11303711 5548.41259766 1.11218488216
1512744995323 lifecam22 2303.19921875 5548.17138672 1.11216521263
1512744995387 lifecam22 2303.11303711 5548.41259766 1.11218488216
1512744995442 lifecam22 2303.19921875 5548.17138672 1.11216521263
1512744995520 lifecam22 2303.06835938 5548.38623047 1.11515951157
1512744995579 lifecam22 2303.03076172 5548.25146484 1.11166536808
1512744995718 lifecam22 2303.28125 5548.33300781 1.11268377304
1512744995785 lifecam22 2303.19921875 5548.17138672 1.11216521263
1512744995849 lifecam22 2303.03076172 5548.25146484 1.11166536808
1512744995913 lifecam22 2303.19921875 5548.17138672 1.11216521263
1512744995973 lifecam22 2303.19921875 5548.17138672 1.11216521263
1512744996182 lifecam22 2302.92626953 5548.03857422 1.1157027483
1512744996242 lifecam22 2303.19921875 5548.17138672 1.11216521263
1512744996322 lifecam22 2303.11303711 5548.41259766 1.11218488216
1512744996390 lifecam22 2303.03076172 5548.25146484 1.11166536808
1512744996580 lifecam22 2303.03076172 5548.25146484 1.11166536808
1512744996648 lifecam22 2303.19921875 5548.17138672 1.11216521263
1512744996723 lifecam22 2302.84863281 5547.88818359 1.11415493488
1512744996775 lifecam22 2303.11303711 5548.41259766 1.11218488216
1512744996850 lifecam22 2303.03076172 5548.25146484 1.11166536808
1512744996990 lifecam22 2303.19921875 5548.17138672 1.11216521263
1512744997048 lifecam22 2303.03076172 5548.25146484 1.11166536808
1512744997123 lifecam22 2303.06835938 5548.38623047 1.11515951157
1512744997186 lifecam22 2303.19921875 5548.17138672 1.11216521263
1512744997239 lifecam22 2302.92626953 5548.03857422 1.1157027483
