1512743936694 lifecam22 2627.05957031 5337.5 6.27075958252
1512743936761 lifecam22 2627.40625 5337.49951172 6.27384281158
1512743936829 lifecam22 2627.6184082 5337.5 6.26981544495
1512743936892 lifecam22 2627.44433594 5337.5 6.27533102036
1512743936965 lifecam22 2628.00830078 5337.5 6.26664686203
1512743937167 lifecam22 2627.83325195 5337.5 6.26795578003
1512743937230 lifecam22 2627.83325195 5337.5 6.26795578003
1512743937298 lifecam22 2627.83325195 5337.5 6.26795578003
1512743937363 lifecam22 2627.64257812 5337.5 6.26624822617
1512743937431 lifecam22 2627.81787109 5337.5 6.26756381989
1512743937632 lifecam22 2627.83300781 5337.5 6.26532936096
1512743937695 lifecam22 2627.80541992 5337.5 6.26935005188
1512743937762 lifecam22 2627.81787109 5337.5 6.26756381989
1512743937831 lifecam22 2627.64257812 5337.5 6.26624822617
1512743937896 lifecam22 2627.43066406 5337.5 6.2702794075
1512743938097 lifecam22 2627.83300781 5337.5 6.26532936096
1512743938163 lifecam22 2628.00805664 5337.5 6.26664686203
1512743938232 lifecam22 2627.81787109 5337.5 6.26756381989
1512743938296 lifecam22 2627.64257812 5337.5 6.26624822617
1512743938365 lifecam22 2627.83300781 5337.5 6.26532936096
1512743938565 lifecam22 2627.83300781 5337.5 6.26532936096
1512743938632 lifecam22 2627.83300781 5337.5 6.26532936096
1512743938698 lifecam22 2627.83300781 5337.5 6.26532936096
1512743938766 lifecam22 2627.83300781 5337.5 6.26532936096
1512743938833 lifecam22 2627.83300781 5337.5 6.26533079147
1512743939034 lifecam22 2628.00805664 5337.5 6.26664686203
1512743939096 lifecam22 2628.00805664 5337.5 6.26664686203
1512743939232 lifecam22 2628.00805664 5337.5 6.26664686203
1512743939298 lifecam22 2626.03710938 5337.5 0.00220019044355
1512743939434 lifecam22 2625.49975586 5337.69384766 6.27880430222
1512743939502 lifecam22 2625.5 5340.44726562 6.24453115463
1512743939632 lifecam22 2625.49975586 5341.55273438 6.24452877045
1512743939698 lifecam22 2625.49975586 5341.74267578 6.24546003342
1512743939834 lifecam22 2625.66699219 5342.95263672 6.24136734009
1512743939900 lifecam22 2628.49194336 5343.75585938 6.22334957123
1512743939967 lifecam22 2628.2578125 5343.21240234 6.22140932083
1512743940032 lifecam22 2626.93945312 5341.52294922 6.23169374466
1512743940100 lifecam22 2625.5 5341.19042969 6.24561786652
1512743940303 lifecam22 2625.49975586 5341.18701172 6.24419784546
1512743940367 lifecam22 2625.49975586 5341.18701172 6.24419784546
1512743940431 lifecam22 2625.5 5341.0 6.24469041824
1512743940497 lifecam22 2625.68408203 5341.38427734 6.241065979
1512743940565 lifecam22 2625.68847656 5341.74462891 6.24199962616
1512743940772 lifecam22 2626.00805664 5343.61230469 6.23107385635
1512743940834 lifecam22 2625.69702148 5343.65429688 6.23545837402
1512743940900 lifecam22 2625.80981445 5343.11572266 6.23092937469
1512743940968 lifecam22 2625.68969727 5342.75097656 6.23595762253
1512743941036 lifecam22 2626.54882812 5343.71044922 6.22376251221
1512743941234 lifecam22 2625.5 5343.47119141 6.26771497726
1512743941299 lifecam22 2625.49975586 5341.0 1.82782301295e-07
1512743941368 lifecam22 2626.28491211 5340.99951172 6.28217554092
1512743941436 lifecam22 2625.85986328 5341.0 0.00402599992231
1512743941499 lifecam22 2625.85986328 5341.0 0.00402599992231
1512743941638 lifecam22 2615.52270508 5339.74951172 6.24840068817
1512743941703 lifecam22 2604.49975586 5337.69433594 6.28292751312
1512743941773 lifecam22 2595.90478516 5339.73583984 0.0104624666274
1512743941839 lifecam22 2586.36621094 5339.93554688 0.0272473730147
1512743941905 lifecam22 2576.69873047 5340.59326172 0.0607581734657
1512743942103 lifecam22 2546.84594727 5342.25830078 0.169241964817
1512743942170 lifecam22 2537.19360352 5342.17089844 0.213941156864
1512743942236 lifecam22 2527.54370117 5341.16015625 0.249527141452
1512743942303 lifecam22 2517.7097168 5340.36914062 0.295899957418
1512743942369 lifecam22 2508.40087891 5339.62841797 0.33598408103
1512743942572 lifecam22 2478.29516602 5333.04052734 0.459349662066
1512743942634 lifecam22 2469.52758789 5330.22412109 0.491708576679
1512743942704 lifecam22 2460.18505859 5327.11083984 0.543014466763
1512743942771 lifecam22 2450.16748047 5323.49023438 0.593259990215
1512743942839 lifecam22 2441.85888672 5319.63818359 0.638051986694
1512743942977 lifecam22 2424.4609375 5310.88037109 0.715142965317
1512743943037 lifecam22 2415.41870117 5305.05419922 0.764506697655
1512743943103 lifecam22 2407.48876953 5301.09960938 0.814020991325
1512743943177 lifecam22 2398.79492188 5294.21826172 0.866899490356
1512743943239 lifecam22 2390.66503906 5287.16015625 0.921274423599
1512743943441 lifecam22 2369.18701172 5266.58642578 1.04792225361
1512743943503 lifecam22 2363.32421875 5261.07421875 1.06794428825
1512743943573 lifecam22 2356.63305664 5253.04101562 1.11111080647
1512743943702 lifecam22 2344.90185547 5237.87255859 1.20280241966
1512743943906 lifecam22 2339.97363281 5229.51660156 1.24559211731
1512743943971 lifecam22 2339.73779297 5228.75 1.24423015118
1512743944040 lifecam22 2340.05957031 5229.03173828 1.24410009384
1512743944110 lifecam22 2339.86108398 5229.10693359 1.24806845188
1512743944171 lifecam22 2339.99780273 5228.85009766 1.24299573898
1512743944373 lifecam22 2340.05957031 5229.03173828 1.24410009384
1512743944438 lifecam22 2339.93823242 5228.67675781 1.24025571346
1512743944506 lifecam22 2339.99951172 5228.85693359 1.24134671688
1512743944575 lifecam22 2339.99780273 5228.85009766 1.24299573898
1512743944638 lifecam22 2340.05957031 5229.03173828 1.24410009384
1512743944779 lifecam22 2339.99780273 5228.85009766 1.24299573898
1512743944836 lifecam22 2340.05957031 5229.03173828 1.24410009384
1512743944910 lifecam22 2339.99780273 5228.85009766 1.24299573898
1512743944975 lifecam22 2339.86108398 5229.10693359 1.24806845188
1512743945038 lifecam22 2340.05957031 5229.03173828 1.24410009384
1512743945241 lifecam22 2340.07128906 5229.29150391 1.2492774725
1512743945306 lifecam22 2339.93823242 5228.67675781 1.24025571346
1512743945375 lifecam22 2339.99951172 5228.85693359 1.24134671688
1512743945444 lifecam22 2340.05957031 5229.03173828 1.24410009384
1512743945507 lifecam22 2340.05957031 5229.03173828 1.24410009384
1512743945713 lifecam22 2340.05957031 5229.03173828 1.24410009384
1512743945774 lifecam22 2340.05957031 5229.03173828 1.24410009384
1512743945840 lifecam22 2340.05957031 5229.03173828 1.24410009384
1512743945908 lifecam22 2339.86108398 5229.10693359 1.24806845188
1512743945972 lifecam22 2339.93823242 5228.67675781 1.24025571346
1512743946175 lifecam22 2340.05957031 5229.03173828 1.24410009384
1512743946245 lifecam22 2339.64306641 5228.97265625 1.2439250946
1512743946309 lifecam22 2339.99780273 5228.85009766 1.24299573898
1512743946375 lifecam22 2339.99951172 5228.85693359 1.24134671688
1512743946443 lifecam22 2339.8449707 5228.90576172 1.23833370209
1512743946576 lifecam22 2339.93823242 5228.67675781 1.24025571346
1512743946643 lifecam22 2339.64306641 5228.97265625 1.2439250946
1512743946711 lifecam22 2339.99780273 5228.85009766 1.24299573898
1512743946776 lifecam22 2340.05957031 5229.03173828 1.24410009384
