1512743914126 lifecam22 2642.37133789 5386.82128906 0.0598966516554
1512743914330 lifecam22 2642.95703125 5387.02197266 0.0581468977034
1512743914391 lifecam22 2642.78491211 5386.66601562 0.0583065114915
1512743914459 lifecam22 2642.9855957 5386.67382812 0.0590383373201
1512743914525 lifecam22 2642.9855957 5386.67382812 0.0590383373201
1512743914594 lifecam22 2642.78930664 5386.66699219 0.0592596009374
1512743914730 lifecam22 2643.18701172 5386.68017578 0.0583085417747
1512743914793 lifecam22 2642.8034668 5386.49414062 0.0562055706978
1512743914858 lifecam22 2642.97119141 5386.84667969 0.0555415786803
1512743914922 lifecam22 2642.9855957 5386.67382812 0.0590383373201
1512743914992 lifecam22 2642.9855957 5386.67382812 0.0590383373201
1512743915195 lifecam22 2643.18701172 5386.68017578 0.0583085417747
1512743915261 lifecam22 2642.95703125 5387.02197266 0.0581468977034
1512743915396 lifecam22 2643.18701172 5386.68017578 0.0583085417747
1512743915463 lifecam22 2642.97705078 5386.84619141 0.0550316013396
1512743915595 lifecam22 2642.8034668 5386.49414062 0.0562055706978
1512743915663 lifecam22 2642.8034668 5386.49414062 0.0562055706978
1512743915733 lifecam22 2642.78930664 5386.66699219 0.0592596009374
1512743915796 lifecam22 2642.78930664 5386.66699219 0.0592596009374
1512743915859 lifecam22 2642.9855957 5386.67382812 0.0590383373201
1512743916066 lifecam22 2642.98583984 5386.67285156 0.0525015033782
1512743916129 lifecam22 2642.97119141 5386.84667969 0.0555415786803
1512743916194 lifecam22 2642.99072266 5386.67333984 0.0585294440389
1512743916262 lifecam22 2642.98583984 5386.67285156 0.0525015033782
1512743916332 lifecam22 2643.20166016 5386.50585938 0.0552615560591
1512743916528 lifecam22 2643.0 5386.5 0.0559890940785
1512743916597 lifecam22 2643.20166016 5386.50585938 0.0552615560591
1512743916661 lifecam22 2643.0 5386.49951172 0.049022257328
1512743916734 lifecam22 2642.96801758 5386.328125 0.0511691048741
1512743916799 lifecam22 2643.0 5386.5 0.0559890940785
1512743916997 lifecam22 2643.0144043 5386.32666016 0.0525000728667
1512743917068 lifecam22 2642.78417969 5386.15234375 0.0478900112212
1512743917129 lifecam22 2642.98120117 5386.15576172 0.0476830564439
1512743917195 lifecam22 2642.97363281 5386.32861328 0.0506584085524
1512743917265 lifecam22 2642.81762695 5386.32226562 0.0527128614485
1512743917400 lifecam22 2642.8034668 5386.49414062 0.0562055706978
1512743917466 lifecam22 2642.546875 5386.40820312 0.0594958737493
1512743917531 lifecam22 2641.31933594 5387.01074219 0.0616844333708
1512743917597 lifecam22 2641.32910156 5386.84130859 0.0590707659721
1512743917663 lifecam22 2641.82373047 5387.20019531 0.0634477809072
1512743917862 lifecam22 2642.20410156 5388.61621094 0.0587839521468
1512743917935 lifecam22 2642.2121582 5389.58789062 0.0450320877135
1512743917995 lifecam22 2642.64379883 5389.00830078 0.0544366277754
1512743918066 lifecam22 2643.23852539 5388.83984375 0.0567814745009
1512743918136 lifecam22 2642.90087891 5388.26806641 0.0597125850618
1512743918332 lifecam22 2644.20581055 5385.06982422 0.112094826996
1512743918401 lifecam22 2644.18408203 5385.22314453 0.108235776424
1512743918534 lifecam22 2637.03735352 5384.85058594 0.122886009514
1512743918602 lifecam22 2625.43676758 5384.52197266 0.159622609615
1512743918863 lifecam22 2585.58007812 5380.14599609 0.292991071939
1512743918934 lifecam22 2575.84912109 5379.08984375 0.332256615162
1512743918999 lifecam22 2566.77832031 5377.15039062 0.365198910236
1512743919065 lifecam22 2557.07714844 5375.1796875 0.405167520046
1512743919204 lifecam22 2537.95898438 5369.20556641 0.485883921385
1512743919269 lifecam22 2528.5390625 5366.72607422 0.523974597454
1512743919400 lifecam22 2510.75097656 5359.15039062 0.61478292942
1512743919465 lifecam22 2501.80664062 5355.73876953 0.642700374126
1512743919666 lifecam22 2475.90673828 5342.11376953 0.818632721901
1512743919733 lifecam22 2466.64233398 5334.49316406 0.876270592213
1512743919801 lifecam22 2458.46435547 5327.85351562 0.903819620609
1512743919870 lifecam22 2451.30004883 5321.71582031 0.954941272736
1512743919935 lifecam22 2443.64868164 5315.40185547 0.996955811977
1512743920202 lifecam22 2418.67285156 5287.88916016 1.13040339947
1512743920270 lifecam22 2412.67382812 5279.72314453 1.1881942749
1512743920338 lifecam22 2407.0012207 5271.42089844 1.22212684155
1512743920402 lifecam22 2402.08349609 5263.64404297 1.26728928089
1512743920602 lifecam22 2389.45898438 5236.984375 1.38776147366
1512743920667 lifecam22 2385.74902344 5226.77392578 1.43299198151
1512743920735 lifecam22 2383.92089844 5220.91552734 1.45507776737
1512743920804 lifecam22 2383.89892578 5220.73486328 1.45635068417
1512743920867 lifecam22 2384.54492188 5223.24414062 1.44379043579
1512743921006 lifecam22 2384.27441406 5222.64404297 1.44370090961
1512743921071 lifecam22 2384.46264648 5222.61425781 1.44153392315
1512743921138 lifecam22 2384.27441406 5222.64404297 1.44370090961
1512743921204 lifecam22 2384.27441406 5222.64404297 1.44370090961
1512743921268 lifecam22 2384.27441406 5222.64404297 1.44370090961
1512743921472 lifecam22 2384.46264648 5222.61425781 1.44153392315
1512743921538 lifecam22 2384.46264648 5222.61425781 1.44153392315
1512743921603 lifecam22 2384.30419922 5222.87353516 1.44747340679
1512743921674 lifecam22 2384.27441406 5222.64404297 1.44370090961
1512743921737 lifecam22 2384.27441406 5222.64404297 1.44370090961
1512743921941 lifecam22 2384.30419922 5222.87353516 1.44747340679
1512743922007 lifecam22 2384.27441406 5222.64404297 1.44370090961
1512743922070 lifecam22 2384.27441406 5222.64404297 1.44370090961
1512743922135 lifecam22 2384.27441406 5222.64404297 1.44370090961
1512743922205 lifecam22 2384.29833984 5222.83251953 1.44345057011
1512743922340 lifecam22 2384.44165039 5222.46484375 1.44531261921
1512743922404 lifecam22 2384.25537109 5222.49121094 1.44748449326
1512743922473 lifecam22 2384.27441406 5222.64404297 1.44370090961
1512743922540 lifecam22 2384.49194336 5222.84716797 1.44529664516
1512743922604 lifecam22 2384.46264648 5222.61425781 1.44153392315
1512743922807 lifecam22 2384.48608398 5222.56982422 1.44858825207
1512743922873 lifecam22 2384.27441406 5222.64404297 1.44370090961
1512743922941 lifecam22 2384.27441406 5222.64404297 1.44370090961
1512743923010 lifecam22 2384.46264648 5222.61425781 1.44153392315
1512743923073 lifecam22 2384.49194336 5222.84716797 1.44529664516
