1512743969602 lifecam22 2601.93554688 5371.02832031 6.23367452621
1512743969664 lifecam22 2601.93554688 5371.02832031 6.23367452621
1512743969735 lifecam22 2601.93554688 5371.02832031 6.23367452621
1512743969800 lifecam22 2601.93554688 5371.02832031 6.23367452621
1512743969945 lifecam22 2602.12744141 5371.02001953 6.23343992233
1512743970010 lifecam22 2602.02172852 5371.03662109 6.23593997955
1512743970080 lifecam22 2602.21337891 5371.02832031 6.23570156097
1512743970133 lifecam22 2602.12744141 5371.02001953 6.23343992233
1512743970212 lifecam22 2601.93554688 5371.02832031 6.23367452621
1512743970412 lifecam22 2601.93554688 5371.02832031 6.23367452621
1512743970485 lifecam22 2601.93554688 5371.02832031 6.23367452621
1512743970547 lifecam22 2601.93554688 5371.02832031 6.23367452621
1512743970611 lifecam22 2601.93554688 5371.02832031 6.23367452621
1512743970673 lifecam22 2601.93554688 5371.02832031 6.23367452621
1512743970817 lifecam22 2601.93554688 5371.02832031 6.23367452621
1512743970882 lifecam22 2601.93994141 5371.03027344 6.23418855667
1512743970947 lifecam22 2601.93554688 5371.02832031 6.23367452621
1512743971006 lifecam22 2601.93554688 5371.02832031 6.23367452621
1512743971075 lifecam22 2601.74804688 5371.03857422 6.23442792892
1512743971279 lifecam22 2602.07861328 5370.27783203 6.23264122009
1512743971354 lifecam22 2601.88378906 5370.11328125 6.23427867889
1512743971418 lifecam22 2601.93554688 5371.02832031 6.23367452621
1512743971486 lifecam22 2602.12744141 5371.02001953 6.23343992233
1512743971558 lifecam22 2602.12744141 5371.02001953 6.23343992233
1512743971630 lifecam22 2601.93554688 5371.02832031 6.23367452621
1512743971676 lifecam22 2601.95141602 5371.22412109 6.23495864868
1512743971743 lifecam22 2601.58325195 5372.5 6.25702857971
1512743971818 lifecam22 2599.89819336 5374.58691406 6.22752714157
1512743971872 lifecam22 2600.09863281 5375.81982422 6.21738290787
1512743972023 lifecam22 2602.84692383 5377.33837891 6.20769929886
1512743972082 lifecam22 2602.68603516 5377.50976562 6.21430969238
1512743972149 lifecam22 2602.86962891 5377.45605469 6.21214342117
1512743972217 lifecam22 2603.62304688 5378.21142578 6.20187091827
1512743972283 lifecam22 2602.84594727 5378.03027344 6.20163583755
1512743972484 lifecam22 2602.49145508 5378.53564453 6.19113445282
1512743972546 lifecam22 2602.48754883 5378.53759766 6.19209289551
1512743972614 lifecam22 2602.28417969 5378.01025391 6.19579553604
1512743972680 lifecam22 2602.84350586 5377.36279297 6.19763851166
1512743972743 lifecam22 2602.64257812 5377.57958984 6.1938495636
1512743972957 lifecam22 2604.49975586 5379.28173828 6.21673107147
1512743973016 lifecam22 2604.49975586 5378.53564453 6.22174406052
1512743973077 lifecam22 2604.34545898 5378.55761719 6.21753931046
1512743973141 lifecam22 2599.96362305 5376.58056641 6.22206163406
1512743973214 lifecam22 2603.10620117 5372.06298828 6.25312709808
1512743973412 lifecam22 2604.49951172 5371.47119141 6.26771640778
1512743973487 lifecam22 2604.49975586 5371.67089844 6.26994657516
1512743973553 lifecam22 2604.49951172 5371.47119141 6.26771497726
1512743973615 lifecam22 2601.23193359 5371.47167969 6.24281215668
1512743973685 lifecam22 2590.66601562 5370.52441406 6.26534223557
1512743973886 lifecam22 2559.86352539 5372.69384766 0.0448346808553
1512743973954 lifecam22 2550.71582031 5372.75976562 0.0639169812202
1512743974081 lifecam22 2531.42089844 5373.43798828 0.13744944334
1512743974149 lifecam22 2521.32519531 5373.20166016 0.17917124927
1512743974216 lifecam22 2511.51879883 5372.98779297 0.209271728992
1512743974285 lifecam22 2501.92626953 5372.76904297 0.254312098026
1512743974350 lifecam22 2492.00537109 5372.15771484 0.300669252872
1512743974417 lifecam22 2481.94775391 5371.11132812 0.335856616497
1512743974484 lifecam22 2472.45800781 5369.16894531 0.384598076344
1512743974752 lifecam22 2434.64306641 5357.55664062 0.555537521839
1512743974825 lifecam22 2424.72485352 5353.94140625 0.599550247192
1512743974883 lifecam22 2416.13891602 5349.73144531 0.633785963058
1512743974952 lifecam22 2407.35742188 5345.56542969 0.684031605721
1512743975019 lifecam22 2399.00756836 5341.10253906 0.727880418301
1512743975219 lifecam22 2373.87988281 5324.140625 0.887831449509
1512743975289 lifecam22 2365.15283203 5316.72314453 0.921803295612
1512743975356 lifecam22 2357.16186523 5310.17333984 0.966953337193
1512743975686 lifecam22 2327.46142578 5274.96728516 1.16435205936
1512743975757 lifecam22 2321.51416016 5266.28710938 1.2013078928
1512743975819 lifecam22 2316.8762207 5258.109375 1.23949313164
1512743975890 lifecam22 2314.76513672 5255.16259766 1.2586325407
1512743976157 lifecam22 2315.25024414 5256.10693359 1.24965822697
1512743976224 lifecam22 2315.25878906 5256.09716797 1.24688446522
1512743976284 lifecam22 2315.20825195 5255.80664062 1.25602889061
1512743976340 lifecam22 2315.21606445 5255.82128906 1.25271224976
1512743976421 lifecam22 2315.43261719 5255.75048828 1.24888658524
1512743976553 lifecam22 2315.06494141 5255.46582031 1.25927770138
1512743976621 lifecam22 2315.39233398 5255.76660156 1.25378644466
1512743976690 lifecam22 2315.43261719 5255.75048828 1.24888658524
1512743976754 lifecam22 2315.13964844 5256.33935547 1.2477991581
1512743976820 lifecam22 2315.40576172 5255.76123047 1.25214719772
1512743977025 lifecam22 2315.60839844 5255.69580078 1.24994647503
1512743977091 lifecam22 2315.19042969 5255.90283203 1.25089633465
1512743977155 lifecam22 2315.21899414 5255.97167969 1.2484241724
1512743977226 lifecam22 2315.32470703 5255.57421875 1.2577880621
1512743977288 lifecam22 2315.44189453 5256.02880859 1.24388837814
1512743977494 lifecam22 2315.43408203 5256.03857422 1.24664461613
1512743977555 lifecam22 2315.19238281 5255.89746094 1.24951303005
1512743977622 lifecam22 2315.265625 5256.11572266 1.24633657932
1512743977692 lifecam22 2315.07910156 5256.16064453 1.24850380421
1512743977759 lifecam22 2315.25878906 5256.09716797 1.24688446522
1512743977894 lifecam22 2315.60839844 5255.69580078 1.24994647503
1512743977963 lifecam22 2315.40576172 5255.76123047 1.25214719772
1512743978024 lifecam22 2315.27783203 5256.0 1.25202167034
1512743978094 lifecam22 2315.01123047 5255.88720703 1.25491726398
1512743978158 lifecam22 2315.39233398 5255.76660156 1.25378644466
1512743978428 lifecam22 2314.94433594 5255.69238281 1.25893259048
1512743978491 lifecam22 2315.40576172 5255.76123047 1.25214719772
