1512744033972 lifecam22 2561.72412109 5416.55371094 6.20894241333
1512744034050 lifecam22 2561.73339844 5416.96923828 6.21520853043
1512744034181 lifecam22 2562.07250977 5417.05761719 6.2114481926
1512744034242 lifecam22 2561.13354492 5417.85986328 6.20560216904
1512744034319 lifecam22 2561.3125 5417.49169922 6.20830202103
1512744034378 lifecam22 2561.14599609 5417.60302734 6.21436786652
1512744034443 lifecam22 2561.36352539 5417.3671875 6.21460723877
1512744034571 lifecam22 2561.52636719 5417.28955078 6.20922851562
1512744034649 lifecam22 2561.46777344 5417.29052734 6.20719766617
1512744034713 lifecam22 2561.68041992 5417.10644531 6.21151256561
1512744034788 lifecam22 2561.90039062 5416.91015625 6.21583127975
1512744034840 lifecam22 2561.51123047 5416.99267578 6.21680402756
1512744034927 lifecam22 2561.34423828 5417.22607422 6.21860980988
1512744034983 lifecam22 2561.5168457 5417.10595703 6.20925807953
1512744035053 lifecam22 2561.67138672 5416.92285156 6.2115445137
1512744035111 lifecam22 2561.90039062 5416.91015625 6.21583127975
1512744035174 lifecam22 2561.90039062 5416.91015625 6.21583127975
1512744035385 lifecam22 2561.90039062 5416.91015625 6.21583127975
1512744035441 lifecam22 2561.57348633 5416.9921875 6.2193441391
1512744035516 lifecam22 2561.53808594 5417.2890625 6.20955848694
1512744035586 lifecam22 2561.3449707 5417.84619141 6.20888662338
1512744035651 lifecam22 2561.16015625 5417.85986328 6.20709228516
1512744035772 lifecam22 2560.61938477 5419.62207031 6.19731616974
1512744035851 lifecam22 2560.96899414 5419.82763672 6.17577505112
1512744035916 lifecam22 2560.80029297 5419.68603516 6.19459438324
1512744035984 lifecam22 2561.37036133 5418.40722656 6.21591186523
1512744036056 lifecam22 2561.67480469 5417.12451172 6.21530056
1512744036316 lifecam22 2563.50073242 5413.59277344 6.22831344604
1512744036385 lifecam22 2558.00097656 5413.68603516 6.24032926559
1512744036452 lifecam22 2546.80297852 5415.98583984 6.27165031433
1512744036508 lifecam22 2534.36352539 5417.18017578 0.0172764696181
1512744036587 lifecam22 2525.55981445 5417.88916016 0.0556309856474
1512744036654 lifecam22 2516.72460938 5419.02978516 0.0819874405861
1512744036715 lifecam22 2505.49389648 5419.25048828 0.125384509563
1512744036782 lifecam22 2495.91796875 5419.65185547 0.15704600513
1512744036990 lifecam22 2466.77636719 5418.47607422 0.275344222784
1512744037107 lifecam22 2446.72705078 5415.66503906 0.363951981068
1512744037240 lifecam22 2427.47875977 5411.63623047 0.462482869625
1512744037383 lifecam22 2408.34301758 5405.65576172 0.535385012627
1512744037455 lifecam22 2399.54638672 5402.20849609 0.568744599819
1512744037590 lifecam22 2381.23803711 5394.22021484 0.6667984128
1512744037641 lifecam22 2372.38330078 5390.06640625 0.714367568493
1512744037852 lifecam22 2348.10595703 5374.63964844 0.837358772755
1512744037912 lifecam22 2339.2409668 5366.93261719 0.918285369873
1512744037974 lifecam22 2332.08081055 5361.23925781 0.955351352692
1512744038048 lifecam22 2324.20117188 5353.56201172 1.00805747509
1512744038308 lifecam22 2299.21118164 5325.63037109 1.14990520477
1512744038383 lifecam22 2293.23266602 5317.33886719 1.18687725067
1512744038451 lifecam22 2288.7421875 5308.57128906 1.2263430357
1512744038787 lifecam22 2280.20654297 5294.30566406 1.29381167889
1512744038925 lifecam22 2280.22998047 5294.13378906 1.29482245445
1512744039115 lifecam22 2280.15649414 5294.13232422 1.2929071188
1512744039189 lifecam22 2280.15380859 5294.12353516 1.2926350832
1512744039313 lifecam22 2280.10888672 5293.96630859 1.29170203209
1512744039590 lifecam22 2280.16137695 5294.1484375 1.29287850857
1512744039721 lifecam22 2280.27783203 5294.30029297 1.29602432251
1512744039797 lifecam22 2280.10888672 5293.96630859 1.29170203209
1512744039991 lifecam22 2279.9543457 5293.93408203 1.29404723644
1512744040059 lifecam22 2280.17773438 5293.95166016 1.29364407063
1512744040326 lifecam22 2280.13256836 5293.78027344 1.29718673229
1512744040591 lifecam22 2280.06884766 5293.34960938 1.30068147182
1512744040794 lifecam22 2280.04370117 5293.55371094 1.29806435108
