1512041655089 lifecam22 2535.77783203 5202.53076172 0.0424763634801
1512041655344 lifecam22 2535.61376953 5202.48388672 0.0463333725929
1512041655487 lifecam22 2535.44873047 5202.29443359 0.0450530685484
1512041655815 lifecam22 2535.53491211 5203.54443359 0.0367192663252
1512041656090 lifecam22 2535.67285156 5203.76904297 0.0342055000365
1512041656156 lifecam22 2535.84985352 5203.7734375 0.0346521809697
1512041656215 lifecam22 2535.50244141 5203.765625 0.0333201289177
1512041656353 lifecam22 2535.67285156 5203.76904297 0.0342055000365
1512041656821 lifecam22 2535.72045898 5203.37792969 0.040643632412
1512041657091 lifecam22 2535.36254883 5203.43701172 0.0346940234303
1512041657157 lifecam22 2534.09765625 5204.5 0.0255530513823
1512041657217 lifecam22 2534.09765625 5204.5 0.0255530513823
1512041657353 lifecam22 2535.15112305 5205.3359375 6.27839422226
1512041657416 lifecam22 2535.32885742 5204.5 0.0130767263472
1512041657488 lifecam22 2535.1262207 5204.49951172 0.0104772485793
1512041657551 lifecam22 2536.73486328 5204.5 6.27434825897
1512041657626 lifecam22 2537.72631836 5202.70410156 6.27920055389
1512041657948 lifecam22 2536.07568359 5196.67382812 0.00844675675035
1512041658083 lifecam22 2534.47143555 5199.69287109 0.0262716449797
1512041660962 lifecam22 2537.17626953 5199.40332031 6.24909353256
1512041661029 lifecam22 2533.88452148 5204.11279297 0.0123615898192
1512041661098 lifecam22 2534.29736328 5204.5 0.0234234966338
1512041661222 lifecam22 2534.29736328 5204.5 0.0234234966338
1512041661282 lifecam22 2534.29736328 5204.5 0.0234234966338
1512041661363 lifecam22 2534.29736328 5204.5 0.0234234966338
1512041661429 lifecam22 2534.29736328 5204.5 0.0234234966338
1512041661493 lifecam22 2534.5 5204.5 0.0302247442305
1512041661630 lifecam22 2535.30444336 5204.5 0.0242574848235
1512041661685 lifecam22 2535.49755859 5204.5 0.025518598035
1512041661760 lifecam22 2535.94580078 5204.5 0.0260785277933
1512041661829 lifecam22 2537.61108398 5204.49951172 0.00705844536424
1512041661892 lifecam22 2533.15454102 5205.61328125 6.28312921524
1512041662160 lifecam22 2535.85229492 5204.63232422 0.023371880874
1512041662298 lifecam22 2534.49975586 5204.03271484 0.0107184099033
1512041662351 lifecam22 2523.8737793 5202.84570312 0.0626813769341
1512041662421 lifecam22 2510.63720703 5202.53662109 0.0678740292788
1512041662498 lifecam22 2501.89355469 5203.35742188 0.0939540341496
1512041662551 lifecam22 2492.74536133 5203.95947266 0.124788820744
1512041662632 lifecam22 2482.31201172 5204.71777344 0.168090909719
1512041662822 lifecam22 2452.10742188 5203.60693359 0.290304005146
1512041662902 lifecam22 2442.8840332 5202.15136719 0.322471439838
1512041664168 lifecam22 2283.50244141 5110.27148438 1.15685606003
1512041664423 lifecam22 2262.93969727 5075.91699219 1.33747553825
1512041664497 lifecam22 2258.86181641 5066.96679688 1.38193058968
1512041664568 lifecam22 2258.04003906 5064.46875 1.38518404961
