1512053628479 lifecam22 2606.71655273 5169.68505859 6.22849035263
1512053628552 lifecam22 2607.19824219 5170.46337891 6.22391986847
1512053628614 lifecam22 2607.03930664 5170.45996094 6.22629356384
1512053628676 lifecam22 2607.04003906 5170.25585938 6.22195386887
1512053628752 lifecam22 2606.94726562 5169.66894531 6.22080850601
1512053628947 lifecam22 2606.56640625 5166.79833984 6.2297039032
1512053629013 lifecam22 2606.56469727 5166.59814453 6.22685575485
1512053629077 lifecam22 2606.75512695 5166.78271484 6.23381757736
1512053629144 lifecam22 2606.8125 5167.15771484 6.22934818268
1512053629223 lifecam22 2607.17724609 5166.78271484 6.22197151184
1512053629425 lifecam22 2607.21069336 5166.97314453 6.21954917908
1512053629489 lifecam22 2607.41577148 5166.96728516 6.21948862076
1512053629544 lifecam22 2607.4440918 5167.15136719 6.21782636642
1512053629611 lifecam22 2607.64868164 5167.18359375 6.21869373322
1512053629680 lifecam22 2607.80810547 5166.90136719 6.22149276733
1512053629891 lifecam22 2607.64355469 5166.97314453 6.21585655212
1512053629957 lifecam22 2607.80810547 5166.90136719 6.22149276733
1512053630018 lifecam22 2607.64355469 5166.97314453 6.21585655212
1512053630082 lifecam22 2607.41577148 5166.96728516 6.21948862076
1512053630157 lifecam22 2607.14599609 5166.59423828 6.22400903702
1512053630354 lifecam22 2606.92724609 5165.99951172 6.24715900421
1512053630419 lifecam22 2606.92724609 5165.99951172 6.24715900421
1512053630485 lifecam22 2606.92724609 5165.99951172 6.24715900421
1512053630558 lifecam22 2606.92724609 5165.99951172 6.24715900421
1512053630613 lifecam22 2607.3449707 5166.0 6.24297142029
1512053630817 lifecam22 2606.92724609 5165.99951172 6.24715900421
1512053630884 lifecam22 2607.29785156 5166.0 6.24411058426
1512053630957 lifecam22 2607.51953125 5165.99951172 6.240234375
1512053631026 lifecam22 2607.51953125 5165.99951172 6.240234375
1512053631085 lifecam22 2607.69262695 5166.46191406 6.22856664658
1512053631287 lifecam22 2605.84326172 5170.09277344 6.23633813858
1512053631350 lifecam22 2604.5 5169.5 6.27443790436
1512053631420 lifecam22 2603.83203125 5171.73095703 6.2408080101
1512053631480 lifecam22 2603.8112793 5173.45751953 6.25957775116
1512053631552 lifecam22 2604.49975586 5169.5 2.68617736765e-06
1512053631751 lifecam22 2592.83374023 5170.47363281 0.0948866009712
1512053631816 lifecam22 2582.18188477 5172.14746094 0.162453114986
1512053631884 lifecam22 2568.79492188 5172.43798828 0.223583877087
1512053632027 lifecam22 2541.25292969 5168.99365234 0.35531514883
1512053632355 lifecam22 2471.04492188 5141.31542969 0.530309855938
1512053632884 lifecam22 2369.42041016 5072.58447266 0.777985274792
1512053632951 lifecam22 2357.97216797 5062.70800781 0.80825728178
