1512053528197 lifecam22 2629.36547852 5184.68603516 6.12951946259
1512053528257 lifecam22 2629.33935547 5184.48779297 6.13076925278
1512053528331 lifecam22 2629.09179688 5184.08544922 6.13601446152
1512053528399 lifecam22 2628.12304688 5183.87548828 6.14225625992
1512053528526 lifecam22 2628.12109375 5183.86474609 6.14258956909
1512053528596 lifecam22 2628.28198242 5183.63671875 6.14301919937
1512053528723 lifecam22 2627.87890625 5183.14160156 6.14663696289
1512053528929 lifecam22 2628.48486328 5183.79785156 6.14291620255
1512053529001 lifecam22 2628.30273438 5183.83056641 6.14252185822
1512053529133 lifecam22 2628.6953125 5183.97460938 6.14169168472
1512053529197 lifecam22 2628.48071289 5183.80566406 6.14167070389
1512053529335 lifecam22 2629.29052734 5184.28417969 6.13881921768
1512053529394 lifecam22 2629.30004883 5184.26953125 6.1348657608
1512053529471 lifecam22 2629.46850586 5184.24804688 6.13856601715
1512053529536 lifecam22 2629.46850586 5184.24804688 6.13856601715
1512053529600 lifecam22 2629.45117188 5184.01318359 6.1361579895
1512053529734 lifecam22 2629.39697266 5184.05126953 6.13903570175
1512053529797 lifecam22 2629.79052734 5183.72851562 6.13529396057
1512053529864 lifecam22 2629.71142578 5183.55810547 6.13762617111
1512053529934 lifecam22 2630.23413086 5183.96826172 6.14282226562
1512053529999 lifecam22 2629.83569336 5184.16748047 6.13596916199
1512053530130 lifecam22 2630.35229492 5185.16455078 6.11885643005
1512053530199 lifecam22 2630.09594727 5184.81152344 6.12603807449
1512053530265 lifecam22 2628.96606445 5184.64746094 6.13001537323
1512053530334 lifecam22 2629.01586914 5185.04589844 6.12602424622
1512053530401 lifecam22 2629.72680664 5187.66943359 6.11293935776
1512053530665 lifecam22 2629.19848633 5184.44580078 6.10753297806
1512053530728 lifecam22 2626.12060547 5183.04394531 6.14535427094
1512053530791 lifecam22 2622.87670898 5181.15087891 6.16291284561
1512053530868 lifecam22 2620.01855469 5181.14404297 6.12848043442
1512053530933 lifecam22 2622.3671875 5176.56787109 6.2009305954
1512053531066 lifecam22 2621.02563477 5176.75146484 6.22663545609
1512053531130 lifecam22 2611.49951172 5176.49951172 4.21200894607e-07
1512053531202 lifecam22 2600.06445312 5179.7421875 0.068306863308
1512053531596 lifecam22 2511.30175781 5169.86425781 0.318454295397
1512053531670 lifecam22 2496.11132812 5165.63671875 0.349328070879
1512053532873 lifecam22 2267.01953125 5018.20410156 0.905686914921
