1512053720098 lifecam22 2589.00512695 5248.35058594 6.17316770554
1512053720160 lifecam22 2584.16162109 5248.80810547 6.16429662704
1512053720224 lifecam22 2586.02001953 5249.04101562 6.16967773438
1512053720296 lifecam22 2586.59082031 5248.91357422 6.16282272339
1512053720496 lifecam22 2589.56542969 5249.34667969 6.16538000107
1512053720619 lifecam22 2591.63330078 5250.57861328 6.16606616974
1512053720687 lifecam22 2589.27490234 5249.11816406 6.17777299881
1512053720761 lifecam22 2588.4206543 5248.68212891 6.18363189697
1512053720898 lifecam22 2583.83251953 5247.74316406 6.18881750107
1512053720956 lifecam22 2582.13818359 5246.93945312 6.21909189224
1512053721033 lifecam22 2582.34619141 5246.69921875 6.22608327866
1512053721096 lifecam22 2582.73339844 5246.30566406 6.22653722763
1512053721153 lifecam22 2583.5 5245.49316406 6.23298120499
1512053721360 lifecam22 2586.83129883 5245.58740234 6.23041439056
1512053721435 lifecam22 2587.63549805 5245.60498047 6.22202348709
1512053721498 lifecam22 2587.63549805 5245.60498047 6.22202348709
1512053721565 lifecam22 2588.37744141 5245.69091797 6.21198415756
1512053721624 lifecam22 2588.765625 5246.22998047 6.2036447525
1512053721893 lifecam22 2588.98999023 5246.59521484 6.19625520706
1512053721953 lifecam22 2589.17089844 5246.77099609 6.19643068314
1512053722036 lifecam22 2589.19384766 5246.98876953 6.1931977272
1512053722101 lifecam22 2589.40136719 5247.71289062 6.19092178345
1512053722169 lifecam22 2589.25317383 5247.94433594 6.18758392334
1512053722430 lifecam22 2588.73901367 5248.02587891 6.18673944473
1512053722491 lifecam22 2589.25317383 5247.94433594 6.18758392334
1512053722565 lifecam22 2588.61694336 5248.85058594 6.18144321442
1512053722629 lifecam22 2584.07226562 5247.92138672 6.18512773514
1512053722698 lifecam22 2578.27026367 5244.64208984 6.23876523972
1512053722834 lifecam22 2581.55322266 5239.5 6.26009941101
1512053722900 lifecam22 2579.453125 5239.5 6.26092576981
1512053722964 lifecam22 2576.49951172 5239.5 4.21200894607e-07
1512053723035 lifecam22 2567.00732422 5239.69628906 6.26938343048
1512053723100 lifecam22 2555.49975586 5244.63623047 0.00487679662183
1512053723296 lifecam22 2513.93579102 5248.21679688 0.0627564787865
1512053723364 lifecam22 2502.95947266 5246.11279297 0.162682712078
1512053723430 lifecam22 2488.04736328 5244.82763672 0.176106870174
1512053723488 lifecam22 2473.47021484 5242.69824219 0.193901821971
1512053723562 lifecam22 2457.89013672 5239.37841797 0.218194559216
1512053723704 lifecam22 2428.92529297 5233.08789062 0.282202661037
1512053723766 lifecam22 2413.81567383 5229.19775391 0.30704125762
1512053723825 lifecam22 2399.36157227 5225.546875 0.32863587141
1512053723899 lifecam22 2384.10839844 5220.68017578 0.366321772337
1512053724173 lifecam22 2327.01757812 5198.33935547 0.476722151041
