1512053600782 lifecam22 2599.61132812 5222.16601562 6.15084838867
1512053600904 lifecam22 2599.64111328 5222.59521484 6.15399169922
1512053600978 lifecam22 2599.81396484 5223.08056641 6.14202880859
1512053601174 lifecam22 2599.68261719 5223.50048828 6.14507198334
1512053601248 lifecam22 2598.95361328 5222.50683594 6.14724302292
1512053601315 lifecam22 2598.27978516 5221.33740234 6.16055250168
1512053601370 lifecam22 2598.07714844 5221.03369141 6.1640162468
1512053601445 lifecam22 2598.62915039 5220.94335938 6.16268873215
1512053601508 lifecam22 2599.17285156 5221.42480469 6.16435289383
1512053601572 lifecam22 2599.87451172 5221.32421875 6.1580824852
1512053601648 lifecam22 2599.734375 5221.34228516 6.15735864639
1512053601713 lifecam22 2599.90307617 5221.30566406 6.15497255325
1512053601777 lifecam22 2600.66601562 5221.61816406 6.15580272675
1512053601913 lifecam22 2600.31103516 5221.89599609 6.15859699249
1512053601977 lifecam22 2600.14648438 5221.90527344 6.1548871994
1512053602049 lifecam22 2600.49194336 5221.86572266 6.15865421295
1512053602115 lifecam22 2600.75073242 5222.23242188 6.14871168137
1512053602179 lifecam22 2600.78417969 5222.44726562 6.14510440826
1512053602380 lifecam22 2601.12792969 5222.15234375 6.14609003067
1512053602448 lifecam22 2601.05908203 5221.73974609 6.15240097046
1512053602510 lifecam22 2601.29907227 5221.83007812 6.15640258789
1512053602579 lifecam22 2601.05908203 5221.73974609 6.15240097046
1512053602644 lifecam22 2601.03588867 5221.54296875 6.15315341949
1512053602784 lifecam22 2601.27636719 5221.61279297 6.15758323669
1512053602850 lifecam22 2602.09008789 5221.66845703 6.14967012405
1512053602915 lifecam22 2602.18847656 5221.84472656 6.14812469482
1512053602985 lifecam22 2602.81640625 5222.27734375 6.1405005455
1512053603043 lifecam22 2602.76147461 5221.79785156 6.14237546921
1512053603182 lifecam22 2602.37719727 5221.44482422 6.1501994133
1512053603242 lifecam22 2602.43920898 5221.87646484 6.1459608078
1512053603309 lifecam22 2602.20874023 5221.65332031 6.15174293518
1512053603383 lifecam22 2601.80883789 5221.91845703 6.14922714233
1512053603449 lifecam22 2602.35327148 5223.9453125 6.14695882797
1512053603577 lifecam22 2602.96508789 5224.4375 6.13832139969
1512053603641 lifecam22 2604.89038086 5225.34912109 6.1383895874
1512053603781 lifecam22 2610.83569336 5235.33056641 6.1014342308
1512053603849 lifecam22 2609.03686523 5233.23730469 6.1168589592
1512053603920 lifecam22 2595.89819336 5223.3203125 6.17557525635
1512053603985 lifecam22 2589.82177734 5215.73535156 6.21349906921
1512053604052 lifecam22 2590.49975586 5214.44726562 6.24452590942
1512053604114 lifecam22 2585.72924805 5213.46435547 0.0153083242476
1512053604184 lifecam22 2574.91918945 5216.67431641 6.27483987808
1512053604385 lifecam22 2532.90454102 5214.99169922 0.220854476094
1512053604443 lifecam22 2517.43457031 5212.69433594 0.266339451075
1512053604507 lifecam22 2502.09814453 5209.42382812 0.302989542484
1512053605854 lifecam22 2244.08496094 5053.84228516 0.916005134583
