1512053741867 lifecam22 2645.64404297 5292.35595703 6.05785369873
1512053741927 lifecam22 2641.48364258 5290.21044922 6.08126449585
1512053741998 lifecam22 2639.48168945 5287.80517578 6.10210037231
1512053742064 lifecam22 2638.83691406 5287.75244141 6.11077642441
1512053742130 lifecam22 2638.99316406 5287.69628906 6.10632133484
1512053742265 lifecam22 2637.55517578 5287.29248047 6.11592960358
1512053742332 lifecam22 2637.43359375 5286.51025391 6.1216506958
1512053742393 lifecam22 2636.63378906 5285.85449219 6.12682819366
1512053742459 lifecam22 2636.50048828 5286.29736328 6.13005638123
1512053742524 lifecam22 2635.69140625 5284.59521484 6.13876581192
1512053742669 lifecam22 2636.51245117 5286.10791016 6.13506603241
1512053742732 lifecam22 2635.80810547 5285.54785156 6.14229106903
1512053742799 lifecam22 2635.17871094 5285.05419922 6.14803218842
1512053742863 lifecam22 2635.00854492 5285.26171875 6.14463329315
1512053742931 lifecam22 2634.95825195 5284.50097656 6.15452957153
1512053743055 lifecam22 2635.484375 5284.41503906 6.15488481522
1512053743136 lifecam22 2635.71386719 5284.38867188 6.15795230865
1512053743199 lifecam22 2634.74414062 5284.7421875 6.15439748764
1512053743263 lifecam22 2634.22558594 5285.06738281 6.15089845657
1512053743330 lifecam22 2633.63671875 5285.36083984 6.16048765182
1512053743531 lifecam22 2633.23486328 5284.38134766 6.16762065887
1512053743592 lifecam22 2633.06103516 5284.78662109 6.17223262787
1512053743667 lifecam22 2633.29296875 5284.56445312 6.17695760727
1512053743731 lifecam22 2634.7421875 5284.23632812 6.17420482635
1512053743797 lifecam22 2637.3125 5284.13720703 6.15686750412
1512053743928 lifecam22 2636.30029297 5285.08251953 6.13812637329
1512053744004 lifecam22 2634.29443359 5284.20849609 6.14925670624
1512053744062 lifecam22 2633.39941406 5284.15625 6.1645359993
1512053744135 lifecam22 2631.96337891 5284.46044922 6.16175746918
1512053744206 lifecam22 2629.87573242 5283.83349609 6.17311143875
1512053744401 lifecam22 2629.60498047 5278.85449219 6.20875453949
1512053744461 lifecam22 2625.49951172 5279.16015625 6.26443338394
1512053744528 lifecam22 2619.43945312 5280.19921875 0.0502888597548
1512053744668 lifecam22 2597.32910156 5282.33300781 0.215655863285
1512053745670 lifecam22 2397.99975586 5183.5 0.792658746243
1512053746399 lifecam22 2293.70019531 5051.59863281 1.11435830593
1512053746593 lifecam22 2274.75 5013.02539062 1.20254683495
1512053746798 lifecam22 2273.24829102 5008.91748047 1.22771012783
1512053746997 lifecam22 2273.46557617 5008.96728516 1.22447037697
1512053747067 lifecam22 2273.28588867 5009.00390625 1.22107493877
1512053747138 lifecam22 2273.12084961 5009.08544922 1.22499644756
1512053747196 lifecam22 2273.23681641 5008.88183594 1.22171771526
1512053747266 lifecam22 2273.10839844 5009.06542969 1.22197163105
1512053747397 lifecam22 2273.15991211 5009.19580078 1.22268629074
1512053747457 lifecam22 2273.0690918 5008.95458984 1.22427272797
1512053747537 lifecam22 2273.0690918 5008.95458984 1.22427272797
1512053747604 lifecam22 2273.41650391 5008.84423828 1.22513222694
1512053747662 lifecam22 2273.15991211 5009.19580078 1.22268629074
1512053747814 lifecam22 2273.33544922 5009.15722656 1.22612154484
1512053747865 lifecam22 2273.30004883 5009.04882812 1.22842800617
1512053747936 lifecam22 2273.10839844 5009.06542969 1.22197163105
1512053748005 lifecam22 2273.0690918 5008.95458984 1.22427272797
1512053748067 lifecam22 2273.12084961 5009.08544922 1.22499644756
1512053748333 lifecam22 2273.25 5008.95361328 1.22302103043
1512053748406 lifecam22 2273.24829102 5008.91748047 1.22771012783
1512053748472 lifecam22 2273.24829102 5008.91748047 1.22771012783
