1512053802149 lifecam22 2426.50146484 5150.75097656 6.25170230865
1512053802217 lifecam22 2425.67822266 5150.97607422 6.24992704391
1512053802287 lifecam22 2427.1328125 5150.5625 6.24713850021
1512053802352 lifecam22 2425.25366211 5152.37792969 6.21802663803
1512053802426 lifecam22 2425.05981445 5152.56738281 6.21883630753
1512053802562 lifecam22 2424.84350586 5152.40771484 6.2227473259
1512053802620 lifecam22 2425.07006836 5152.74462891 6.21794652939
1512053802677 lifecam22 2424.64990234 5152.88769531 6.21587848663
1512053802747 lifecam22 2424.42944336 5152.09619141 6.22529506683
1512053802815 lifecam22 2423.06884766 5151.92724609 6.24352502823
1512053802954 lifecam22 2423.11206055 5151.76123047 6.24700117111
1512053803024 lifecam22 2424.61425781 5151.39648438 6.23696756363
1512053803089 lifecam22 2424.45214844 5151.05566406 6.24220752716
1512053803155 lifecam22 2424.40185547 5151.03662109 6.2468752861
1512053803222 lifecam22 2423.1887207 5153.04785156 6.23904371262
1512053803422 lifecam22 2423.22216797 5153.05371094 6.24198532104
1512053803491 lifecam22 2423.1887207 5153.04785156 6.23904275894
1512053803545 lifecam22 2423.00097656 5153.06347656 6.23868465424
1512053803624 lifecam22 2423.00097656 5153.06347656 6.23868513107
1512053803691 lifecam22 2423.00097656 5153.06347656 6.23868465424
1512053803889 lifecam22 2424.22094727 5152.14697266 6.24254179001
1512053803962 lifecam22 2425.31738281 5150.85058594 6.24517297745
1512053804030 lifecam22 2426.34472656 5150.98925781 6.24172449112
1512053804100 lifecam22 2426.5402832 5150.97460938 6.24343490601
1512053804150 lifecam22 2426.5402832 5150.97460938 6.24343442917
1512053804365 lifecam22 2427.75463867 5151.94824219 6.22429990768
1512053804425 lifecam22 2427.33984375 5152.14746094 6.21657705307
1512053804494 lifecam22 2427.76708984 5152.11816406 6.22296237946
1512053804560 lifecam22 2426.91699219 5151.83886719 6.21623563766
1512053804627 lifecam22 2427.04052734 5152.37304688 6.22878217697
1512053804896 lifecam22 2426.11743164 5150.71875 6.20471811295
1512053804956 lifecam22 2426.13891602 5150.87255859 6.21682786942
1512053805033 lifecam22 2424.23754883 5154.56494141 6.21367692947
1512053805097 lifecam22 2424.02197266 5153.28955078 6.20898389816
1512053805166 lifecam22 2423.97070312 5153.57128906 6.19379138947
1512053805429 lifecam22 2424.04614258 5152.76074219 6.19086360931
1512053805561 lifecam22 2403.85302734 5151.62207031 6.10840415955
1512053805630 lifecam22 2386.21777344 5153.59716797 6.08610868454
1512053805695 lifecam22 2372.97119141 5155.38085938 6.08059597015
1512053805904 lifecam22 2332.23828125 5163.74755859 6.14324855804
1512053805955 lifecam22 2317.9921875 5167.77490234 6.15837049484
1512053806021 lifecam22 2303.80908203 5170.87646484 6.18317461014
1512053806099 lifecam22 2287.91870117 5172.84863281 6.21931409836
1512053806168 lifecam22 2273.3815918 5176.05566406 6.24722909927
1512053806498 lifecam22 2197.95288086 5176.23486328 0.118291802704
1512053806564 lifecam22 2181.85913086 5175.6875 0.147043153644
1512053806632 lifecam22 2166.73779297 5174.03613281 0.172179043293
1512053806684 lifecam22 2151.71142578 5172.54882812 0.198170006275
1512053806962 lifecam22 2089.68798828 5162.12939453 0.2530849576
1512053807021 lifecam22 2074.04443359 5158.62304688 0.271334588528
1512053807233 lifecam22 2030.1920166 5142.23535156 0.370393931866
