1512053673959 lifecam22 2652.08398438 5209.5078125 6.19116258621
1512053674026 lifecam22 2649.40014648 5208.0 6.2448849678
1512053674090 lifecam22 2649.57202148 5211.07324219 6.22823190689
1512053674145 lifecam22 2650.03857422 5212.21923828 6.21555280685
1512053674213 lifecam22 2649.92675781 5211.05615234 6.21173667908
1512053674427 lifecam22 2649.94946289 5208.38720703 6.2321228981
1512053674491 lifecam22 2650.75927734 5209.12988281 6.22366380692
1512053674556 lifecam22 2650.36816406 5211.61572266 6.21240758896
1512053674621 lifecam22 2650.69799805 5211.11425781 6.19491052628
1512053674687 lifecam22 2650.58105469 5209.9921875 6.19947481155
1512053674825 lifecam22 2651.01855469 5208.90527344 6.21173858643
1512053674959 lifecam22 2649.47827148 5208.97558594 6.23273229599
1512053675010 lifecam22 2650.31982422 5208.0 6.23794698715
1512053675095 lifecam22 2650.12011719 5208.0 6.23712491989
1512053675284 lifecam22 2650.16357422 5208.0 6.23823595047
1512053675356 lifecam22 2649.96728516 5208.0 6.23855400085
1512053675417 lifecam22 2650.16357422 5208.0 6.23823595047
1512053675491 lifecam22 2650.31982422 5208.0 6.23794698715
1512053675550 lifecam22 2650.10693359 5208.57519531 6.22757148743
1512053675757 lifecam22 2650.26123047 5210.45605469 6.21215963364
1512053675820 lifecam22 2650.67578125 5210.62207031 6.2149066925
1512053675892 lifecam22 2650.76464844 5211.57470703 6.21853399277
1512053675963 lifecam22 2650.81762695 5212.18261719 6.21656322479
1512053676023 lifecam22 2651.18505859 5211.75 6.22446537018
1512053676222 lifecam22 2650.59228516 5211.77392578 6.22112607956
1512053676295 lifecam22 2650.77587891 5211.55175781 6.22599840164
1512053676358 lifecam22 2651.52856445 5210.92236328 6.23835992813
1512053676422 lifecam22 2651.83447266 5210.60742188 6.22185707092
1512053676489 lifecam22 2652.05078125 5210.99121094 6.22338676453
1512053676627 lifecam22 2651.45922852 5210.60302734 6.22950744629
1512053676692 lifecam22 2651.30541992 5210.97900391 6.22736167908
1512053676758 lifecam22 2650.97485352 5211.54541016 6.22730922699
1512053676822 lifecam22 2649.35498047 5213.95361328 6.20964431763
1512053676886 lifecam22 2652.69165039 5213.56835938 6.22751235962
1512053677090 lifecam22 2649.8605957 5213.23388672 6.21625041962
1512053677158 lifecam22 2649.75976562 5214.29003906 6.20614671707
1512053677222 lifecam22 2649.19140625 5213.93896484 6.21006441116
1512053677286 lifecam22 2648.17822266 5214.94775391 6.22181987762
1512053677357 lifecam22 2649.59130859 5215.29785156 6.23612737656
1512053677563 lifecam22 2647.7253418 5213.79101562 6.21830368042
1512053677629 lifecam22 2642.74169922 5214.61621094 6.20062541962
1512053677695 lifecam22 2634.81420898 5215.6015625 6.18510627747
1512053678097 lifecam22 2559.24902344 5223.37939453 6.11334323883
1512053678163 lifecam22 2544.41235352 5226.46923828 6.14301872253
1512053678231 lifecam22 2529.58154297 5229.79736328 6.18321990967
1512053678298 lifecam22 2515.37988281 5232.57128906 6.20708847046
1512053678434 lifecam22 2485.49975586 5235.67236328 6.26015949249
1512053678497 lifecam22 2471.49951172 5236.98193359 0.0301013626158
1512053678563 lifecam22 2453.55981445 5236.92138672 0.0607872642577
1512053678631 lifecam22 2438.50732422 5237.14208984 0.0703648999333
1512053678694 lifecam22 2424.20751953 5236.703125 0.0916567519307
1512053678958 lifecam22 2361.7121582 5230.80371094 0.216071888804
1512053679086 lifecam22 2332.33544922 5225.92041016 0.28025123477
1512053679164 lifecam22 2317.60644531 5222.79541016 0.308179557323
1512053679228 lifecam22 2302.96777344 5218.35888672 0.323896706104
1512053679495 lifecam22 2244.9753418 5197.88769531 0.443786203861
