1512053766896 lifecam22 2560.21191406 5231.09716797 6.20202207565
1512053769305 lifecam22 2563.36987305 5235.75048828 6.19146347046
1512053769367 lifecam22 2563.49414062 5235.05175781 6.20120239258
1512053769437 lifecam22 2562.88867188 5235.10058594 6.19593381882
1512053769560 lifecam22 2559.15161133 5239.38476562 6.19232749939
1512053769692 lifecam22 2559.89941406 5236.66113281 6.2127289772
1512053769840 lifecam22 2559.75415039 5236.84570312 6.21182537079
1512053769905 lifecam22 2559.04199219 5236.54931641 6.20614624023
1512053770173 lifecam22 2518.42626953 5238.93505859 6.05840349197
1512053770365 lifecam22 2475.546875 5246.51318359 6.0535492897
1512053770574 lifecam22 2433.39794922 5254.7109375 6.14003658295
1512053770643 lifecam22 2418.35498047 5257.91210938 6.17845344543
1512053770706 lifecam22 2404.19946289 5259.76757812 6.2040605545
1512053770773 lifecam22 2389.2878418 5261.45996094 6.23753786087
1512053770910 lifecam22 2359.49975586 5265.85742188 0.028498833999
1512053770972 lifecam22 2342.86645508 5265.37792969 0.0652487874031
1512053771042 lifecam22 2328.39233398 5265.55029297 0.0883701518178
1512053771109 lifecam22 2312.80029297 5265.01757812 0.116604506969
1512053771173 lifecam22 2296.26318359 5263.79882812 0.105074353516
1512053771311 lifecam22 2264.86425781 5260.25683594 0.153767541051
1512053771373 lifecam22 2252.9597168 5256.77832031 0.225002348423
1512053771442 lifecam22 2237.29638672 5253.77197266 0.264711081982
1512053771512 lifecam22 2222.77294922 5250.64404297 0.282231122255
1512053771578 lifecam22 2207.44702148 5247.07324219 0.317234575748
1512053771710 lifecam22 2178.89599609 5238.36181641 0.376111447811
1512053771780 lifecam22 2163.8684082 5232.91259766 0.404768764973
1512053771846 lifecam22 2149.81396484 5227.87939453 0.42744332552
1512053771910 lifecam22 2133.29663086 5220.47460938 0.417671829462
1512053772181 lifecam22 2096.80859375 5218.78759766 4.09660148621
