1512053433979 lifecam22 2679.35644531 5192.078125 6.00877904892
1512053434053 lifecam22 2679.92333984 5192.85058594 6.00045061111
1512053434121 lifecam22 2680.16943359 5193.14306641 6.00149345398
1512053434183 lifecam22 2680.22998047 5193.40136719 5.99584197998
1512053434329 lifecam22 2680.77246094 5193.95263672 5.97897672653
1512053434373 lifecam22 2680.59570312 5194.25292969 5.98525524139
1512053434447 lifecam22 2680.69555664 5193.60595703 5.98826360703
1512053434509 lifecam22 2681.34375 5193.78417969 5.98832273483
1512053434587 lifecam22 2682.43847656 5194.35595703 5.97707176208
1512053434647 lifecam22 2683.49023438 5194.37158203 5.97175073624
1512053434782 lifecam22 2683.35693359 5194.96240234 5.96717357635
1512053434857 lifecam22 2682.70874023 5194.48291016 5.97483253479
1512053434915 lifecam22 2682.42260742 5194.20410156 5.98078298569
1512053434985 lifecam22 2682.87231445 5194.18896484 5.97409534454
1512053435056 lifecam22 2683.31054688 5194.75878906 5.96609640121
1512053435258 lifecam22 2683.79980469 5194.55322266 5.96513557434
1512053435325 lifecam22 2683.31347656 5194.98632812 5.96874189377
1512053435390 lifecam22 2683.53369141 5195.07275391 5.96675252914
1512053435456 lifecam22 2683.55541992 5195.09423828 5.96140146255
1512053435524 lifecam22 2683.31347656 5194.98632812 5.96874189377
1512053435658 lifecam22 2683.28564453 5194.78955078 5.96991014481
1512053435722 lifecam22 2683.24047852 5194.58642578 5.96883106232
1512053435788 lifecam22 2683.44262695 5194.72070312 5.96902418137
1512053435853 lifecam22 2684.24829102 5194.57275391 5.96400117874
1512053435913 lifecam22 2684.421875 5194.50488281 5.96583366394
1512053436042 lifecam22 2684.19506836 5194.6015625 5.96592521667
1512053436125 lifecam22 2684.37548828 5194.31542969 5.96649026871
1512053436188 lifecam22 2684.32299805 5194.34423828 5.96841907501
1512053436258 lifecam22 2684.37548828 5194.31542969 5.96649026871
1512053436323 lifecam22 2684.328125 5194.10986328 5.96541976929
1512053436454 lifecam22 2684.37548828 5194.31542969 5.96649026871
1512053436522 lifecam22 2684.24707031 5194.80371094 5.96483421326
1512053436585 lifecam22 2686.02978516 5196.38085938 5.94351434708
1512053436659 lifecam22 2687.00463867 5197.75048828 5.9184756279
1512053436720 lifecam22 2688.70703125 5197.34082031 5.91923427582
1512053436853 lifecam22 2690.70239258 5196.21582031 5.9233212471
1512053436913 lifecam22 2688.63452148 5195.68115234 5.92872095108
1512053436981 lifecam22 2683.56298828 5192.23339844 6.00505447388
1512053437046 lifecam22 2681.35791016 5188.49853516 6.04226255417
1512053437125 lifecam22 2678.45068359 5189.03271484 6.04970884323
1512053437260 lifecam22 2676.33081055 5181.58935547 6.10950994492
1512053437389 lifecam22 2654.57373047 5186.56103516 6.18517065048
1512053437457 lifecam22 2636.62524414 5189.21337891 6.23017978668
1512053437521 lifecam22 2622.49707031 5190.49951172 6.25996875763
1512053437655 lifecam22 2591.74169922 5189.41455078 0.0450865589082
1512053437722 lifecam22 2577.65332031 5188.49902344 0.0907728150487
1512053437790 lifecam22 2562.40478516 5187.88330078 0.115592777729
1512053437853 lifecam22 2545.82861328 5185.98095703 0.150902584195
1512053437920 lifecam22 2531.34155273 5183.91015625 0.173857867718
1512053438056 lifecam22 2500.86352539 5179.13964844 0.241986215115
1512053438124 lifecam22 2486.17797852 5175.33154297 0.271484673023
1512053438198 lifecam22 2471.8203125 5171.14746094 0.295936077833
1512053438254 lifecam22 2456.90185547 5167.16455078 0.320653527975
1512053438323 lifecam22 2441.40478516 5162.15234375 0.355862468481
1512053438592 lifecam22 2384.75708008 5139.77880859 0.467050999403
1512053438659 lifecam22 2366.51782227 5129.69238281 0.414196819067
1512053439329 lifecam22 2246.16674805 5042.40771484 0.80690664053
