1512051884973 lifecam22 2550.28637695 5269.87451172 6.19203233719
1512051885034 lifecam22 2549.70458984 5269.98291016 6.1907377243
1512051885300 lifecam22 2550.80566406 5270.6875 6.19228124619
1512051885378 lifecam22 2550.10351562 5270.78564453 6.1886639595
1512051885435 lifecam22 2550.05639648 5270.78613281 6.18731451035
1512051885501 lifecam22 2549.51586914 5270.48632812 6.19539642334
1512051885568 lifecam22 2548.92114258 5270.16748047 6.19979190826
1512051885710 lifecam22 2549.53076172 5270.51025391 6.20122098923
1512051885770 lifecam22 2549.30224609 5269.91894531 6.21038484573
1512051885834 lifecam22 2549.3046875 5269.89404297 6.20964384079
1512051885901 lifecam22 2549.4921875 5269.63964844 6.2074007988
1512051885968 lifecam22 2549.09936523 5269.49169922 6.21502304077
1512051886113 lifecam22 2548.96435547 5269.08984375 6.20509910583
1512051886179 lifecam22 2549.10791016 5269.26318359 6.21114730835
1512051886242 lifecam22 2548.94677734 5269.48583984 6.21134710312
1512051886302 lifecam22 2549.47949219 5269.41308594 6.20966959
1512051886383 lifecam22 2549.71118164 5269.00537109 6.20692300797
1512051886569 lifecam22 2549.49023438 5269.17529297 6.2058224678
1512051886650 lifecam22 2549.68652344 5269.45068359 6.20314645767
1512051886709 lifecam22 2549.87451172 5269.41552734 6.20106649399
1512051886769 lifecam22 2549.87646484 5269.32470703 6.1998052597
1512051886841 lifecam22 2549.68359375 5268.98339844 6.20157670975
1512051887050 lifecam22 2549.87133789 5269.78515625 6.20340299606
1512051887114 lifecam22 2549.8581543 5269.18945312 6.20332288742
1512051887168 lifecam22 2549.8581543 5269.18945312 6.20332288742
1512051887249 lifecam22 2549.8581543 5269.18945312 6.20332288742
1512051887308 lifecam22 2549.8581543 5269.18945312 6.20332288742
1512051887522 lifecam22 2550.03369141 5269.52929688 6.20475149155
1512051887581 lifecam22 2550.03930664 5269.15771484 6.20202684402
1512051887637 lifecam22 2550.22558594 5269.50878906 6.20144176483
1512051887706 lifecam22 2550.6652832 5269.87939453 6.20457983017
1512051887774 lifecam22 2554.94091797 5269.00097656 6.18757200241
1512051888040 lifecam22 2558.828125 5267.25732422 6.19321250916
1512051888172 lifecam22 2553.19091797 5269.44482422 6.19619655609
1512051888233 lifecam22 2554.53491211 5269.97119141 6.19966554642
1512051888449 lifecam22 2545.10180664 5268.97314453 6.15434265137
1512051888503 lifecam22 2526.92504883 5266.53466797 6.15569591522
1512051888577 lifecam22 2502.41845703 5262.30957031 6.11049747467
1512051888650 lifecam22 2488.56738281 5256.37597656 6.19206190109
1512051888706 lifecam22 2472.84448242 5257.93261719 6.17653942108
1512051888914 lifecam22 2420.05126953 5261.05908203 6.15003061295
1512051888974 lifecam22 2403.70214844 5262.05664062 6.18346786499
1512051889045 lifecam22 2383.27539062 5263.57861328 6.16849279404
1512051889112 lifecam22 2369.83374023 5264.171875 6.2047085762
1512051889180 lifecam22 2353.37207031 5265.66015625 6.17825698853
1512051889382 lifecam22 2302.35009766 5268.99267578 6.17613554001
1512051889447 lifecam22 2285.49658203 5269.60253906 6.18989133835
1512051889509 lifecam22 2267.26196289 5270.28955078 6.15760850906
1512051889572 lifecam22 2251.99755859 5271.19287109 6.19294404984
1512051889641 lifecam22 2234.86791992 5272.44189453 6.17456245422
1512051889787 lifecam22 2201.08251953 5274.94482422 6.18832302094
1512051889839 lifecam22 2184.31933594 5276.25439453 6.17018318176
1512051889913 lifecam22 2167.73535156 5277.44970703 6.18955230713
1512051889980 lifecam22 2151.0078125 5278.06298828 6.1890540123
1512051890051 lifecam22 2133.52929688 5279.31542969 6.18375921249
1512051890248 lifecam22 2083.47265625 5282.38867188 6.18255805969
1512051890318 lifecam22 2066.25073242 5283.55175781 6.174305439
1512051890384 lifecam22 2048.58959961 5284.34619141 6.19254636765
1512051890447 lifecam22 2030.90515137 5285.95019531 6.17361402512
1512051890518 lifecam22 2014.11779785 5286.86914062 6.17566919327
1512051890653 lifecam22 1986.58215332 5289.46044922 6.17512989044
1512051890713 lifecam22 1982.89489746 5289.59765625 6.1748342514
1512051890781 lifecam22 1984.36047363 5289.46728516 6.18654966354
1512051890909 lifecam22 1984.31945801 5289.30224609 6.18900299072
1512051891116 lifecam22 1984.36047363 5289.46728516 6.18654966354
1512051891184 lifecam22 1984.36047363 5289.46728516 6.18654966354
1512051891248 lifecam22 1984.36047363 5289.46728516 6.18654966354
1512051891313 lifecam22 1983.96569824 5289.296875 6.18221998215
1512051891378 lifecam22 1984.16247559 5289.48193359 6.1830868721
1512051891586 lifecam22 1983.98010254 5289.50048828 6.18308544159
1512051891654 lifecam22 1984.18395996 5289.48730469 6.18786048889
1512051891723 lifecam22 1984.14074707 5289.27587891 6.18091535568
1512051891782 lifecam22 1983.98474121 5289.30224609 6.18566799164
1512051891853 lifecam22 1983.80358887 5289.52050781 6.18438768387
1512051891989 lifecam22 1983.98010254 5289.50048828 6.18308544159
1512051892045 lifecam22 1984.1607666 5289.30371094 6.18786048889
1512051892118 lifecam22 1984.34338379 5289.28564453 6.1878657341
1512051892179 lifecam22 1984.16711426 5289.28320312 6.18567895889
1512051892249 lifecam22 1984.36047363 5289.46728516 6.18654966354
1512051892442 lifecam22 1984.16711426 5289.28320312 6.18567895889
1512051892523 lifecam22 1984.36047363 5289.46728516 6.18654966354
1512051892593 lifecam22 1984.36047363 5289.46728516 6.18654966354
1512051892648 lifecam22 1984.36047363 5289.46728516 6.18654966354
1512051892712 lifecam22 1984.14074707 5289.27587891 6.18091535568
1512051892864 lifecam22 1984.14074707 5289.27587891 6.18091535568
1512051892918 lifecam22 1984.16247559 5289.48193359 6.1830868721
