1512053196676 lifecam22 2685.39355469 5187.49755859 6.20832920074
1512053196743 lifecam22 2685.39355469 5187.49755859 6.20832920074
1512053196811 lifecam22 2685.57641602 5187.48388672 6.20833110809
1512053197011 lifecam22 2685.4074707 5187.68066406 6.20832777023
1512053197070 lifecam22 2685.39355469 5187.49755859 6.20832920074
1512053197139 lifecam22 2685.59033203 5187.66699219 6.20832920074
1512053197206 lifecam22 2685.39355469 5187.49755859 6.20832920074
1512053197280 lifecam22 2685.39355469 5187.49755859 6.20832920074
1512053197420 lifecam22 2685.39355469 5187.49755859 6.20832920074
1512053197474 lifecam22 2685.39355469 5187.49755859 6.20832920074
1512053197536 lifecam22 2685.39355469 5187.49755859 6.20832920074
1512053197607 lifecam22 2685.39355469 5187.49755859 6.20832920074
1512053197672 lifecam22 2685.39355469 5187.49755859 6.20832920074
1512053197881 lifecam22 2685.4074707 5187.68066406 6.20832777023
1512053197948 lifecam22 2685.39355469 5187.49755859 6.20832920074
1512053198016 lifecam22 2685.39355469 5187.49755859 6.20832920074
1512053198074 lifecam22 2685.39355469 5187.49755859 6.20832920074
1512053198148 lifecam22 2685.39355469 5187.49755859 6.20832920074
1512053198285 lifecam22 2685.39355469 5187.49755859 6.20832920074
1512053198348 lifecam22 2685.39355469 5187.49755859 6.20832920074
1512053198474 lifecam22 2685.39355469 5187.49755859 6.20832920074
1512053198541 lifecam22 2685.39355469 5187.49755859 6.20832920074
1512053198746 lifecam22 2685.39355469 5187.49755859 6.20832920074
1512053198811 lifecam22 2685.56298828 5187.48583984 6.20963573456
1512053199014 lifecam22 2685.37988281 5187.31884766 6.20876836777
1512053199219 lifecam22 2687.38964844 5194.95410156 6.15618228912
1512053199279 lifecam22 2696.63378906 5196.91015625 6.10609912872
1512053199343 lifecam22 2700.63208008 5198.06347656 6.08691120148
1512053199409 lifecam22 2693.44677734 5196.39501953 6.11586093903
1512053200076 lifecam22 2693.27807617 5194.73681641 6.13604784012
1512053200219 lifecam22 2692.81787109 5194.60546875 6.13953113556
1512053200281 lifecam22 2694.18847656 5192.05810547 6.15848255157
1512053200483 lifecam22 2685.42919922 5192.50683594 6.17468738556
1512053200545 lifecam22 2683.44360352 5189.52148438 6.201795578
1512053200607 lifecam22 2684.49267578 5187.59179688 6.20614624023
1512053200678 lifecam22 2685.01318359 5187.17431641 6.20701932907
1512053200745 lifecam22 2683.19775391 5187.30126953 6.21516752243
1512053200956 lifecam22 2637.30517578 5185.25195312 6.1532497406
1512053201017 lifecam22 2620.64453125 5185.34472656 6.13773918152
1512053201077 lifecam22 2605.56567383 5186.828125 6.13478374481
1512053201148 lifecam22 2588.69946289 5188.54003906 6.12726688385
1512053201213 lifecam22 2571.59350586 5190.13769531 6.13404369354
1512053201414 lifecam22 2522.05859375 5194.97363281 6.1340675354
1512053201484 lifecam22 2504.16894531 5196.55908203 6.1287522316
1512053201551 lifecam22 2487.74755859 5197.84423828 6.13256072998
1512053201685 lifecam22 2453.26635742 5201.06298828 6.12703084946
1512053201942 lifecam22 2386.58740234 5206.93652344 6.13743019104
1512053202152 lifecam22 2331.82519531 5212.43945312 6.12087726593
1512053202359 lifecam22 2284.44433594 5217.22363281 6.13234710693
1512053202414 lifecam22 2268.30639648 5218.28808594 6.14392995834
1512053202481 lifecam22 2251.35791016 5219.34765625 6.13221025467
1512053202620 lifecam22 2217.10375977 5223.09521484 6.13216972351
1512053202833 lifecam22 2167.30029297 5227.28417969 6.13807535172
1512053202959 lifecam22 2133.22290039 5230.82373047 6.13427352905
1512053203016 lifecam22 2121.36279297 5231.96582031 6.13902521133
1512053203084 lifecam22 2120.16894531 5232.02050781 6.1420006752
1512053203364 lifecam22 2121.35913086 5231.94824219 6.13956069946
1512053203419 lifecam22 2121.35913086 5231.94824219 6.13956069946
1512053203479 lifecam22 2121.35913086 5231.94824219 6.13956069946
1512053203550 lifecam22 2121.35913086 5231.94824219 6.13956069946
1512053203616 lifecam22 2121.35913086 5231.94824219 6.13956069946
1512053203817 lifecam22 2121.35913086 5231.94824219 6.13956069946
1512053203884 lifecam22 2121.35913086 5231.94824219 6.13956069946
1512053203949 lifecam22 2121.23339844 5231.96435547 6.13829612732
1512053204017 lifecam22 2121.35913086 5231.94824219 6.13956069946
1512053204086 lifecam22 2121.35913086 5231.94824219 6.13956069946
1512053204290 lifecam22 2121.35913086 5231.94824219 6.13956069946
1512053204356 lifecam22 2121.35913086 5231.94824219 6.13956069946
1512053204425 lifecam22 2121.35913086 5231.94824219 6.13956069946
1512053204492 lifecam22 2121.35913086 5231.94824219 6.13956069946
