1512053327949 lifecam22 2611.49975586 5197.5 6.28318500519
1512053328005 lifecam22 2611.49975586 5197.5 6.28318500519
1512053328074 lifecam22 2611.49975586 5197.5 6.28318500519
1512053328154 lifecam22 2611.49975586 5197.5 6.28318500519
1512053328217 lifecam22 2611.49975586 5197.5 6.28318500519
1512053328354 lifecam22 2611.49975586 5197.5 6.28318500519
1512053328415 lifecam22 2611.49975586 5197.5 6.28318500519
1512053328473 lifecam22 2611.49975586 5197.5 6.28318500519
1512053328544 lifecam22 2611.49975586 5197.5 6.28318500519
1512053328610 lifecam22 2611.49975586 5197.5 6.28318500519
1512053328753 lifecam22 2611.49975586 5197.5 6.28318500519
1512053328824 lifecam22 2611.49975586 5197.5 6.28318500519
1512053328889 lifecam22 2611.49975586 5197.5 6.28318500519
1512053328945 lifecam22 2611.49975586 5197.5 6.28318500519
1512053329020 lifecam22 2611.49975586 5197.5 6.28318500519
1512053329151 lifecam22 2611.49975586 5197.5 6.28318500519
1512053329218 lifecam22 2611.71142578 5197.49951172 6.27923107147
1512053329290 lifecam22 2611.71142578 5197.49951172 6.27923107147
1512053329340 lifecam22 2611.71142578 5197.49951172 6.27923107147
1512053329416 lifecam22 2611.49975586 5197.49951172 8.98038024388e-07
1512053329551 lifecam22 2611.71142578 5197.49951172 6.27923107147
1512053329610 lifecam22 2611.71142578 5197.49951172 6.27923107147
1512053329688 lifecam22 2611.92016602 5197.49951172 6.27570581436
1512053329757 lifecam22 2611.71142578 5197.49951172 6.27923107147
1512053329817 lifecam22 2611.71142578 5197.49951172 6.27923107147
1512053329953 lifecam22 2611.71142578 5197.49951172 6.27923107147
1512053330008 lifecam22 2611.71142578 5197.49951172 6.27923107147
1512053330085 lifecam22 2611.49975586 5197.5 6.28318500519
1512053330151 lifecam22 2611.71142578 5197.49951172 6.27923107147
1512053330210 lifecam22 2611.6940918 5197.5 6.27879190445
1512053330358 lifecam22 2611.71142578 5197.49951172 6.27923107147
1512053330416 lifecam22 2611.49975586 5197.49951172 8.98038024388e-07
1512053330488 lifecam22 2611.49975586 5197.5 6.28318500519
1512053330551 lifecam22 2611.49975586 5197.5 6.28318500519
1512053330621 lifecam22 2611.49951172 5197.49951172 1.37487529628e-06
1512053330759 lifecam22 2611.49975586 5198.48974609 6.26538228989
1512053330819 lifecam22 2611.49975586 5197.5 6.28318500519
1512053330879 lifecam22 2611.49975586 5197.5 6.28318500519
1512053330957 lifecam22 2611.49951172 5197.97851562 6.27269697189
1512053331025 lifecam22 2611.49975586 5198.14453125 6.27009010315
1512053331081 lifecam22 2611.71166992 5197.5 0.00394100323319
1512053331214 lifecam22 2611.49975586 5203.11816406 6.26228666306
1512053331287 lifecam22 2607.99951172 5202.11816406 6.259557724
1512053331353 lifecam22 2608.39477539 5202.76464844 6.26094722748
1512053331420 lifecam22 2611.49975586 5197.5 6.28318500519
1512053331493 lifecam22 2601.89282227 5198.14697266 6.23440074921
1512053331561 lifecam22 2588.65649414 5197.83642578 6.19875097275
1512053331692 lifecam22 2553.47753906 5197.46630859 6.13340234756
1512053331742 lifecam22 2537.27880859 5198.85595703 6.14317560196
1512053332028 lifecam22 2471.54345703 5204.80664062 6.14447450638
1512053332087 lifecam22 2452.19775391 5206.40576172 6.13667011261
1512053332224 lifecam22 2419.48193359 5210.12207031 6.13040494919
1512053332294 lifecam22 2398.37329102 5212.25048828 6.13689041138
1512053332421 lifecam22 2368.58349609 5215.69726562 6.14024066925
1512053332496 lifecam22 2348.30761719 5218.22802734 6.13864946365
1512053332561 lifecam22 2334.70507812 5219.07080078 6.13468360901
1512053332689 lifecam22 2301.54370117 5221.36328125 6.13130426407
1512053332825 lifecam22 2267.31445312 5225.21972656 6.14050674438
1512053332879 lifecam22 2250.94921875 5226.40332031 6.13241386414
1512053333036 lifecam22 2216.98461914 5230.44921875 6.12962913513
1512053333080 lifecam22 2200.19311523 5232.17822266 6.14129590988
1512053333226 lifecam22 2165.79443359 5235.40380859 6.1278591156
1512053333290 lifecam22 2148.83569336 5237.41015625 6.13333749771
1512053333349 lifecam22 2132.45556641 5238.875 6.13122272491
1512053333426 lifecam22 2116.14599609 5240.11767578 6.14003753662
1512053333486 lifecam22 2098.67504883 5241.51318359 6.13278102875
1512053333684 lifecam22 2052.25463867 5246.85595703 6.14201545715
1512053333748 lifecam22 2050.12036133 5246.57714844 6.13789892197
1512053333817 lifecam22 2051.71411133 5246.61523438 6.14706230164
1512053333886 lifecam22 2051.71679688 5246.63525391 6.14762067795
1512053333958 lifecam22 2051.71679688 5246.63525391 6.14762067795
1512053334021 lifecam22 2051.69482422 5246.47314453 6.14589643478
1512053334088 lifecam22 2051.68945312 5246.43310547 6.14478397369
1512053334159 lifecam22 2051.69482422 5246.47314453 6.14589643478
1512053334216 lifecam22 2051.68945312 5246.43310547 6.14478397369
1512053334288 lifecam22 2051.68945312 5246.43310547 6.14478397369
1512053334428 lifecam22 2051.69482422 5246.47314453 6.14589643478
1512053334492 lifecam22 2051.69482422 5246.47314453 6.14589643478
1512053334562 lifecam22 2051.68945312 5246.43310547 6.14478397369
1512053334622 lifecam22 2051.68945312 5246.43310547 6.14478397369
1512053334693 lifecam22 2051.68945312 5246.43310547 6.14478397369
1512053334819 lifecam22 2051.71411133 5246.61523438 6.14706230164
1512053334885 lifecam22 2051.68945312 5246.43310547 6.14478397369
1512053334952 lifecam22 2051.68945312 5246.43310547 6.14478397369
1512053335025 lifecam22 2051.71411133 5246.61523438 6.14706230164
1512053335088 lifecam22 2051.69482422 5246.47314453 6.14589643478
1512053335291 lifecam22 2051.68945312 5246.43310547 6.14478397369
1512053335363 lifecam22 2051.71679688 5246.63525391 6.14762067795
1512053335421 lifecam22 2051.69482422 5246.47314453 6.14589643478
1512053335482 lifecam22 2051.68945312 5246.43310547 6.14478397369
1512053335549 lifecam22 2051.69482422 5246.47314453 6.14589643478
1512053335696 lifecam22 2051.71679688 5246.63525391 6.14762067795
1512053335763 lifecam22 2051.71679688 5246.63525391 6.14762067795
1512053335830 lifecam22 2051.71411133 5246.61523438 6.14706230164
1512053335900 lifecam22 2051.71411133 5246.61523438 6.14706230164
1512053335950 lifecam22 2051.71679688 5246.63525391 6.14762067795
1512053336102 lifecam22 2051.71411133 5246.61523438 6.14706230164
1512053336158 lifecam22 2051.68945312 5246.43310547 6.14478397369
1512053336225 lifecam22 2051.68945312 5246.43310547 6.14478397369
1512053336290 lifecam22 2051.71411133 5246.61523438 6.14706230164
1512053336357 lifecam22 2051.69482422 5246.47314453 6.14589643478
1512053336566 lifecam22 2051.68945312 5246.43310547 6.14478397369
1512053336619 lifecam22 2051.71411133 5246.61523438 6.14706230164
1512053336689 lifecam22 2051.69482422 5246.47314453 6.14589643478
1512053336756 lifecam22 2051.69482422 5246.47314453 6.14589643478
1512053336820 lifecam22 2051.68945312 5246.43310547 6.14478397369
1512053337033 lifecam22 2051.71411133 5246.61523438 6.14706230164
1512053337093 lifecam22 2051.68945312 5246.43310547 6.14478397369
1512053337161 lifecam22 2051.71411133 5246.61523438 6.14706230164
1512053337226 lifecam22 2051.68945312 5246.43310547 6.14478397369
1512053337287 lifecam22 2051.68945312 5246.43310547 6.14478397369
1512053337564 lifecam22 2051.68945312 5246.43310547 6.14478397369
1512053337629 lifecam22 2051.69482422 5246.47314453 6.14589643478
1512053337686 lifecam22 2051.68945312 5246.43310547 6.14478397369
1512053337763 lifecam22 2051.69482422 5246.47314453 6.14589643478
