1512051945000 lifecam22 2692.52319336 5365.22851562 5.92343473434
1512051945072 lifecam22 2695.72216797 5367.14941406 5.89828586578
1512051945208 lifecam22 2699.75097656 5368.33349609 5.7929816246
1512051945812 lifecam22 2698.85302734 5368.23486328 5.84919309616
1512051946012 lifecam22 2696.51831055 5366.49707031 5.8793888092
1512051946072 lifecam22 2696.46044922 5365.859375 5.88727140427
1512051946279 lifecam22 2695.55419922 5365.1796875 5.89198923111
1512051946340 lifecam22 2694.67041016 5364.19824219 5.8973608017
1512051946414 lifecam22 2694.89550781 5363.80859375 5.90167284012
1512051946475 lifecam22 2695.11743164 5364.03125 5.89895391464
1512051946542 lifecam22 2695.11743164 5364.03125 5.89895391464
1512051946807 lifecam22 2695.12890625 5363.74316406 5.90047693253
1512051946875 lifecam22 2694.85302734 5363.49853516 5.89513778687
1512051947137 lifecam22 2693.69873047 5356.46240234 5.99385738373
1512051947211 lifecam22 2692.85375977 5355.87939453 6.04306554794
1512051947277 lifecam22 2685.6472168 5352.89599609 6.06305503845
1512051947342 lifecam22 2684.37744141 5352.05859375 6.10657930374
1512051947548 lifecam22 2672.81640625 5337.21240234 6.23419761658
1512051947609 lifecam22 2673.08056641 5337.5 6.26153326035
1512051947678 lifecam22 2669.48925781 5337.09912109 6.24651861191
1512051947744 lifecam22 2657.43798828 5336.43164062 6.23438930511
1512051947811 lifecam22 2638.28759766 5335.64111328 6.24163246155
1512051947931 lifecam22 2604.27734375 5333.66503906 6.24502706528
1512051948001 lifecam22 2587.43945312 5331.72998047 6.23470067978
1512051948078 lifecam22 2569.49975586 5330.5 6.59619445287e-07
1512051948146 lifecam22 2553.05908203 5330.49951172 6.25001430511
1512051948214 lifecam22 2535.48339844 5329.76855469 6.25259780884
1512051948347 lifecam22 2503.36523438 5328.28759766 6.22930526733
1512051948397 lifecam22 2485.49975586 5327.77148438 6.25611686707
1512051948480 lifecam22 2468.65087891 5326.45068359 6.21924734116
1512051948550 lifecam22 2450.49951172 5325.10644531 6.26105546951
1512051948611 lifecam22 2434.30786133 5323.5 6.25204610825
1512051948809 lifecam22 2382.99072266 5322.08886719 6.23201465607
1512051948877 lifecam22 2364.31494141 5321.79443359 6.22793674469
1512051948943 lifecam22 2349.3984375 5320.80615234 6.22409343719
1512051949016 lifecam22 2332.85009766 5320.34619141 6.23150873184
1512051949082 lifecam22 2314.79370117 5318.92382812 6.2210059166
1512051949216 lifecam22 2281.08251953 5316.49951172 6.25946903229
1512051949284 lifecam22 2264.11865234 5316.49951172 6.25085496902
1512051949341 lifecam22 2247.66967773 5315.60449219 6.26463270187
1512051949404 lifecam22 2230.453125 5315.42382812 6.23263311386
1512051949479 lifecam22 2214.27490234 5314.95703125 6.23730993271
1512051949616 lifecam22 2179.79882812 5313.58398438 6.21924972534
1512051949682 lifecam22 2162.6484375 5313.05664062 6.23641777039
1512051949748 lifecam22 2146.28564453 5312.12255859 6.21401023865
1512051949817 lifecam22 2129.23632812 5310.47412109 6.25297641754
1512051949881 lifecam22 2112.85400391 5310.26220703 6.2437081337
1512051950020 lifecam22 2103.82470703 5309.49951172 6.24730873108
1512051950078 lifecam22 2104.9465332 5309.91601562 6.24422550201
1512051950139 lifecam22 2104.74145508 5309.49951172 6.24870347977
1512051950213 lifecam22 2105.50390625 5309.70117188 6.24952888489
1512051950280 lifecam22 2105.12597656 5309.70507812 6.2481303215
1512051950484 lifecam22 2105.49804688 5309.49951172 6.25297498703
1512051950539 lifecam22 2105.12597656 5309.70507812 6.2481303215
1512051950615 lifecam22 2105.30761719 5309.49951172 6.25204801559
1512051950683 lifecam22 2105.50439453 5309.69726562 6.25238180161
1512051950749 lifecam22 2105.30761719 5309.49951172 6.25204801559
1512051950945 lifecam22 2105.31323242 5309.70361328 6.24861001968
1512051951018 lifecam22 2105.11303711 5309.49951172 6.24924135208
1512051951085 lifecam22 2105.30761719 5309.49951172 6.25204801559
1512051951146 lifecam22 2105.3125 5309.70605469 6.24817609787
1512051951217 lifecam22 2105.30761719 5309.49951172 6.25204801559
1512051951356 lifecam22 2105.31396484 5309.70117188 6.24904537201
1512051951414 lifecam22 2105.49804688 5309.49951172 6.25297498703
1512051951486 lifecam22 2105.12524414 5309.70800781 6.24769592285
1512051951552 lifecam22 2105.11303711 5309.49951172 6.24924135208
1512051951620 lifecam22 2105.49804688 5309.49951172 6.25297498703
1512051951823 lifecam22 2105.50219727 5309.70068359 6.25151348114
1512051951888 lifecam22 2105.12329102 5309.49951172 6.25200414658
1512051951935 lifecam22 2105.31323242 5309.70361328 6.24861001968
1512051952020 lifecam22 2105.30761719 5309.49951172 6.25204801559
1512051952087 lifecam22 2105.30761719 5309.49951172 6.25204801559
