1512053156685 lifecam22 2674.49975586 5127.5 6.28318500519
1512053156744 lifecam22 2674.49975586 5127.5 6.28318500519
1512053156804 lifecam22 2674.49975586 5127.5 6.28318500519
1512053156886 lifecam22 2674.49975586 5127.5 6.28318500519
1512053157021 lifecam22 2674.49975586 5127.5 6.28318500519
1512053157086 lifecam22 2674.49975586 5127.5 6.28318500519
1512053157146 lifecam22 2674.49975586 5127.5 6.28318500519
1512053157219 lifecam22 2674.49975586 5127.5 6.28318500519
1512053157285 lifecam22 2674.49975586 5127.5 6.28318500519
1512053157426 lifecam22 2674.49975586 5127.5 6.28318500519
1512053157486 lifecam22 2674.49975586 5127.5 6.28318500519
1512053157560 lifecam22 2674.49975586 5127.5 6.28318500519
1512053157621 lifecam22 2674.49975586 5127.5 6.28318500519
1512053157690 lifecam22 2674.49975586 5127.5 6.28318500519
1512053157825 lifecam22 2674.49975586 5127.5 6.28318500519
1512053157895 lifecam22 2674.49975586 5127.5 6.28318500519
1512053157953 lifecam22 2674.49975586 5127.5 6.28318500519
1512053158027 lifecam22 2674.49975586 5127.5 6.28318500519
1512053158092 lifecam22 2674.49975586 5127.5 6.28318500519
1512053158293 lifecam22 2674.49975586 5127.5 6.28318500519
1512053158359 lifecam22 2674.49975586 5127.5 6.28318500519
1512053158425 lifecam22 2674.49975586 5127.5 6.28318500519
1512053158491 lifecam22 2674.49975586 5127.5 6.28318500519
1512053158558 lifecam22 2674.49975586 5127.5 6.28318500519
1512053158690 lifecam22 2674.49975586 5127.5 6.28318500519
1512053158818 lifecam22 2674.49975586 5127.5 6.28318500519
1512053158886 lifecam22 2674.49975586 5127.5 6.28318500519
1512053158958 lifecam22 2674.49975586 5127.5 6.28318500519
1512053159017 lifecam22 2674.49975586 5127.5 6.28318500519
1512053159087 lifecam22 2674.49975586 5127.5 6.28318500519
1512053159158 lifecam22 2674.49975586 5127.5 6.28318500519
1512053159227 lifecam22 2674.49975586 5127.5 6.28318500519
1512053159284 lifecam22 2674.49975586 5127.5 6.28318500519
1512053159360 lifecam22 2674.49975586 5127.5 6.28318500519
1512053159432 lifecam22 2674.49975586 5127.5 6.28318500519
1512053159492 lifecam22 2674.49975586 5127.5 6.28318500519
1512053159561 lifecam22 2674.49975586 5127.5 6.28318500519
1512053159626 lifecam22 2674.49975586 5127.5 6.28318500519
1512053159692 lifecam22 2674.49975586 5127.5 6.28318500519
1512053159758 lifecam22 2674.49975586 5127.5 6.28318500519
1512053159895 lifecam22 2674.49975586 5127.5 6.28318500519
1512053159959 lifecam22 2674.49975586 5127.5 6.28318500519
1512053160031 lifecam22 2674.49975586 5127.5 6.28318500519
1512053160088 lifecam22 2674.49975586 5127.5 6.28318500519
1512053160159 lifecam22 2674.49975586 5127.5 6.28318500519
1512053160291 lifecam22 2674.49975586 5127.5 6.28318500519
1512053160357 lifecam22 2674.49975586 5127.5 6.28318500519
1512053160426 lifecam22 2674.49975586 5127.5 6.28318500519
1512053160491 lifecam22 2674.49975586 5127.5 6.28318500519
1512053160561 lifecam22 2674.49975586 5127.5 6.28318500519
1512053160831 lifecam22 2674.49975586 5127.5 6.28318500519
1512053160895 lifecam22 2674.49975586 5127.5 6.28318500519
1512053160961 lifecam22 2674.49975586 5127.5 6.28318500519
1512053161028 lifecam22 2674.49975586 5127.5 6.28318500519
1512053161093 lifecam22 2674.49975586 5127.5 6.28318500519
1512053161226 lifecam22 2674.49975586 5127.5 6.28318500519
1512053161295 lifecam22 2674.49975586 5127.5 6.28318500519
1512053161359 lifecam22 2674.49975586 5127.5 6.28318500519
1512053161430 lifecam22 2674.49975586 5127.5 6.28318500519
1512053161480 lifecam22 2674.49975586 5127.5 6.28318500519
1512053161633 lifecam22 2674.5 5131.54296875 6.24485731125
1512053161699 lifecam22 2674.5 5132.44580078 6.24039363861
1512053161761 lifecam22 2674.5 5130.80957031 6.24561405182
1512053161824 lifecam22 2674.49975586 5132.75878906 6.23474884033
1512053161892 lifecam22 2678.0 5134.06787109 6.22867441177
1512053162089 lifecam22 2677.99975586 5133.25390625 6.23397350311
1512053162156 lifecam22 2678.0 5133.43554688 6.23230838776
1512053162234 lifecam22 2677.82641602 5133.00634766 6.23045873642
1512053162298 lifecam22 2678.0 5133.06494141 6.23330307007
1512053162362 lifecam22 2678.0 5133.24658203 6.23164129257
1512053162499 lifecam22 2680.28344727 5132.97558594 6.21247243881
1512053162561 lifecam22 2682.72119141 5133.45214844 6.21470880508
1512053162628 lifecam22 2684.84228516 5135.07470703 6.20783805847
1512053162697 lifecam22 2685.82250977 5135.4609375 6.1861371994
1512053162760 lifecam22 2686.73388672 5136.02294922 6.18262052536
1512053162901 lifecam22 2687.77050781 5136.72314453 6.18518590927
1512053162966 lifecam22 2690.23583984 5139.84033203 6.14611434937
1512053163018 lifecam22 2693.51708984 5144.91699219 6.06985855103
1512053163094 lifecam22 2691.99975586 5135.63818359 6.19145059586
1512053163158 lifecam22 2687.8359375 5132.25048828 6.18916225433
1512053163296 lifecam22 2683.55834961 5135.60449219 6.18711948395
1512053163367 lifecam22 2679.79882812 5134.27832031 6.20573091507
1512053163432 lifecam22 2674.5 5132.93994141 6.24025058746
1512053163494 lifecam22 2674.49975586 5127.5 6.28318500519
1512053163566 lifecam22 2674.49975586 5127.69433594 6.27880334854
1512053163641 lifecam22 2674.49975586 5127.5 6.28318500519
1512053163702 lifecam22 2669.56298828 5127.49951172 6.25143241882
1512053163766 lifecam22 2656.39697266 5126.24511719 6.21981811523
1512053163832 lifecam22 2637.77539062 5125.42822266 6.16911172867
1512053163899 lifecam22 2618.41088867 5125.40527344 6.14696311951
1512053164040 lifecam22 2587.49145508 5127.24121094 6.13751506805
1512053164088 lifecam22 2570.57177734 5128.49658203 6.14133882523
1512053164225 lifecam22 2536.08666992 5132.14453125 6.13106298447
1512053164568 lifecam22 2451.73071289 5140.61376953 6.14201498032
1512053164633 lifecam22 2435.61450195 5141.96533203 6.14149093628
1512053164832 lifecam22 2385.25439453 5147.01464844 6.13214540482
1512053164901 lifecam22 2364.13989258 5148.99902344 6.13342905045
1512053164967 lifecam22 2350.8215332 5150.28320312 6.13189458847
1512053165035 lifecam22 2334.03735352 5151.76464844 6.12486982346
1512053165233 lifecam22 2283.07983398 5157.17822266 6.14256000519
1512053165305 lifecam22 2266.30712891 5159.11572266 6.12314510345
1512053165372 lifecam22 2247.92773438 5161.43603516 6.13047266006
1512053165437 lifecam22 2232.78076172 5162.73925781 6.14143848419
1512053165503 lifecam22 2216.22485352 5163.78076172 6.12747049332
1512053165633 lifecam22 2181.52490234 5168.11230469 6.12525701523
1512053165700 lifecam22 2164.77148438 5169.78173828 6.13701915741
1512053165767 lifecam22 2147.15332031 5170.99072266 6.12248802185
1512053165830 lifecam22 2132.21606445 5173.27783203 6.12225675583
1512053165902 lifecam22 2117.74316406 5175.03613281 6.12706661224
1512053166040 lifecam22 2110.12133789 5175.86083984 6.12892103195
1512053166090 lifecam22 2112.35400391 5175.34521484 6.13426160812
1512053166161 lifecam22 2112.16870117 5175.55957031 6.12875413895
1512053166235 lifecam22 2112.13671875 5175.37011719 6.13045978546
1512053166299 lifecam22 2112.13671875 5175.37011719 6.13045978546
1512053166373 lifecam22 2112.16870117 5175.55957031 6.12875413895
1512053166438 lifecam22 2112.16870117 5175.55957031 6.12875413895
1512053166492 lifecam22 2112.17163086 5175.58886719 6.13428497314
1512053166572 lifecam22 2112.13671875 5175.37011719 6.13045978546
1512053166634 lifecam22 2112.20361328 5175.77783203 6.1325879097
1512053166697 lifecam22 2112.13671875 5175.37011719 6.13045978546
1512053166771 lifecam22 2112.13671875 5175.37011719 6.13045978546
1512053166834 lifecam22 2112.13671875 5175.37011719 6.13045978546
1512053166895 lifecam22 2112.16870117 5175.55957031 6.12875413895
1512053166966 lifecam22 2112.17163086 5175.58886719 6.13428497314
1512053167038 lifecam22 2112.13671875 5175.37011719 6.13045978546
1512053167245 lifecam22 2112.13671875 5175.37011719 6.13045978546
