1512053135253 lifecam22 2700.35742188 5061.38183594 6.18508768082
1512053135777 lifecam22 2700.72631836 5061.34179688 6.18210554123
1512053135993 lifecam22 2700.70141602 5060.42919922 6.18961715698
1512053136125 lifecam22 2700.66381836 5060.09716797 6.18655824661
1512053136192 lifecam22 2700.70141602 5060.42919922 6.18961715698
1512053136256 lifecam22 2701.04589844 5060.75341797 6.17980718613
1512053136387 lifecam22 2700.92895508 5060.40722656 6.18571329117
1512053136458 lifecam22 2700.64794922 5059.90673828 6.18743419647
1512053136521 lifecam22 2700.92895508 5060.40722656 6.18571329117
1512053136660 lifecam22 2701.49780273 5059.96679688 6.17703342438
1512053136794 lifecam22 2701.43994141 5059.45166016 6.17528343201
1512053136855 lifecam22 2701.43994141 5059.45166016 6.17528343201
1512053136920 lifecam22 2701.43994141 5059.45166016 6.17528343201
1512053136987 lifecam22 2701.43994141 5059.45166016 6.17528343201
1512053137057 lifecam22 2701.46582031 5059.46728516 6.17182922363
1512053137184 lifecam22 2702.0222168 5059.39111328 6.17179346085
1512053137255 lifecam22 2702.22119141 5059.56396484 6.16834974289
1512053137595 lifecam22 2701.72900391 5062.70214844 6.15930747986
1512053137654 lifecam22 2701.26220703 5060.90820312 6.17328882217
1512053137725 lifecam22 2700.18652344 5061.43994141 6.18390417099
1512053137791 lifecam22 2699.89697266 5060.76123047 6.17343235016
1512053137987 lifecam22 2693.63232422 5061.23339844 6.2148680687
1512053138060 lifecam22 2681.5 5064.5 2.44775878855e-06
1512053138120 lifecam22 2660.49951172 5064.81591797 0.00747949210927
1512053138184 lifecam22 2645.08203125 5065.23388672 0.0451054014266
1512053138454 lifecam22 2579.08154297 5060.5546875 0.0708999112248
1512053138525 lifecam22 2562.27172852 5058.58300781 0.0703000351787
1512053138594 lifecam22 2545.45849609 5056.6171875 0.0757161974907
1512053138651 lifecam22 2529.35107422 5054.59326172 0.0681913495064
1512053138720 lifecam22 2511.94921875 5052.99072266 0.0783252120018
1512053138863 lifecam22 2478.33935547 5048.99462891 0.0800793766975
1512053138921 lifecam22 2461.73754883 5047.24414062 0.072671353817
1512053138994 lifecam22 2444.30786133 5045.23779297 0.0796539112926
1512053139058 lifecam22 2426.63720703 5042.80712891 0.0792245268822
1512053139129 lifecam22 2411.15185547 5040.82128906 0.0783147290349
1512053139328 lifecam22 2359.74951172 5034.21435547 0.0828369259834
1512053139395 lifecam22 2343.34057617 5032.13720703 0.0875359252095
1512053139449 lifecam22 2327.05810547 5029.50537109 0.0819335579872
1512053139529 lifecam22 2309.01342773 5027.24609375 0.0853224396706
1512053139593 lifecam22 2293.57373047 5025.85498047 0.0744211003184
1512053139731 lifecam22 2258.30078125 5021.02001953 0.0809925198555
1512053139794 lifecam22 2242.97583008 5019.23144531 0.0771738812327
1512053139863 lifecam22 2224.46606445 5016.84423828 0.0867547318339
1512053139927 lifecam22 2209.109375 5014.01464844 0.0883877873421
1512053139995 lifecam22 2191.71386719 5012.16845703 0.0882794260979
1512053140200 lifecam22 2145.37792969 5005.65332031 0.081932246685
1512053140265 lifecam22 2139.72949219 5005.02880859 0.079787440598
1512053140335 lifecam22 2140.67822266 5005.33056641 0.0914253666997
1512053140395 lifecam22 2141.99169922 5005.46044922 0.0980823636055
1512053140464 lifecam22 2141.76318359 5005.43261719 0.0937201455235
1512053140663 lifecam22 2141.76733398 5005.28222656 0.0902698561549
1512053140733 lifecam22 2141.76733398 5005.28222656 0.0902698561549
1512053140798 lifecam22 2141.58642578 5005.41357422 0.0919791981578
1512053140855 lifecam22 2141.76318359 5005.43261719 0.0937201455235
1512053140930 lifecam22 2141.76318359 5005.43261719 0.0937201455235
1512053141134 lifecam22 2141.76318359 5005.43261719 0.0937201455235
1512053141191 lifecam22 2141.76318359 5005.43261719 0.0937201455235
1512053141265 lifecam22 2141.99169922 5005.46044922 0.0980823636055
1512053141328 lifecam22 2141.76733398 5005.28222656 0.0902698561549
1512053141397 lifecam22 2141.76733398 5005.28222656 0.0902698561549
1512053141533 lifecam22 2141.58642578 5005.41357422 0.0919791981578
1512053141599 lifecam22 2141.76318359 5005.43261719 0.0937201455235
1512053141667 lifecam22 2141.76318359 5005.43261719 0.0937201455235
1512053141732 lifecam22 2141.76318359 5005.43261719 0.0937201455235
1512053141799 lifecam22 2141.76318359 5005.43261719 0.0937201455235
1512053141999 lifecam22 2141.76318359 5005.43261719 0.0937201455235
1512053142064 lifecam22 2141.76318359 5005.43261719 0.0937201455235
1512053142130 lifecam22 2141.76318359 5005.43261719 0.0937201455235
1512053142194 lifecam22 2141.99169922 5005.46044922 0.0980823636055
1512053142266 lifecam22 2141.76318359 5005.43261719 0.0937201455235
1512053142393 lifecam22 2141.76318359 5005.43261719 0.0937201455235
1512053142462 lifecam22 2141.76318359 5005.43261719 0.0937201455235
1512053142521 lifecam22 2141.76318359 5005.43261719 0.0937201455235
1512053142595 lifecam22 2141.76318359 5005.43261719 0.0937201455235
1512053142666 lifecam22 2141.59130859 5005.26611328 0.0885217785835
1512053142806 lifecam22 2141.76318359 5005.43261719 0.0937201455235
1512053142860 lifecam22 2141.99169922 5005.46044922 0.0980823636055
1512053142927 lifecam22 2141.76318359 5005.43261719 0.0937201455235
