1512053249366 lifecam22 2607.93652344 5232.15087891 6.17685508728
1512053249431 lifecam22 2608.2421875 5232.48486328 6.16521501541
1512053249493 lifecam22 2608.91723633 5232.21533203 6.16087961197
1512053249635 lifecam22 2608.91113281 5231.87841797 6.15761375427
1512053249690 lifecam22 2608.73876953 5231.17578125 6.17254829407
1512053249763 lifecam22 2608.84350586 5231.37207031 6.16387414932
1512053249831 lifecam22 2609.56494141 5231.30517578 6.16248273849
1512053249897 lifecam22 2609.56494141 5231.30517578 6.16248273849
1512053250096 lifecam22 2608.99902344 5233.65087891 6.15626430511
1512053250160 lifecam22 2608.93505859 5233.48144531 6.15650987625
1512053250230 lifecam22 2608.93505859 5233.48144531 6.15650987625
1512053250297 lifecam22 2608.93505859 5233.48144531 6.15650987625
1512053250360 lifecam22 2609.09863281 5233.46142578 6.15393447876
1512053250499 lifecam22 2608.84741211 5230.27832031 6.1685385704
1512053250568 lifecam22 2609.31518555 5229.69775391 6.17262983322
1512053250640 lifecam22 2609.40185547 5229.87109375 6.16706514359
1512053250699 lifecam22 2609.55859375 5229.86425781 6.1645283699
1512053250765 lifecam22 2609.49975586 5229.53125 6.16860532761
1512053250962 lifecam22 2609.49975586 5229.53125 6.16860532761
1512053251023 lifecam22 2609.84521484 5229.41308594 6.17527961731
1512053251104 lifecam22 2610.24658203 5230.90283203 6.16476106644
1512053251170 lifecam22 2609.93945312 5231.59228516 6.16055011749
1512053251229 lifecam22 2610.00634766 5233.43701172 6.15494441986
1512053251420 lifecam22 2610.10107422 5234.65625 6.14969348907
1512053251501 lifecam22 2609.55981445 5234.55664062 6.15419912338
1512053251572 lifecam22 2608.77587891 5234.75390625 6.15171384811
1512053251635 lifecam22 2608.77587891 5234.75390625 6.15171384811
1512053251703 lifecam22 2607.79223633 5234.35205078 6.161921978
1512053251843 lifecam22 2590.03393555 5237.87402344 6.23302841187
1512053251901 lifecam22 2570.73681641 5239.66455078 0.0129914926365
1512053251963 lifecam22 2555.49975586 5238.03857422 0.0332152321935
1512053252040 lifecam22 2539.6496582 5236.12988281 0.0700647234917
1512053252104 lifecam22 2523.47631836 5234.29345703 0.0713815242052
1512053252297 lifecam22 2473.27880859 5229.00048828 0.0818584561348
1512053252369 lifecam22 2455.42333984 5226.03857422 0.0905895903707
1512053252437 lifecam22 2439.59545898 5223.83789062 0.0892690941691
1512053252502 lifecam22 2422.23779297 5221.78417969 0.0920421555638
1512053252569 lifecam22 2404.94677734 5219.21972656 0.0918207764626
1512053252767 lifecam22 2355.19726562 5212.35253906 0.0992368981242
1512053252837 lifecam22 2338.5012207 5209.61474609 0.108338773251
1512053252904 lifecam22 2320.56640625 5207.24023438 0.0906245261431
1512053252970 lifecam22 2304.91552734 5204.44042969 0.10350997746
1512053253102 lifecam22 2271.13916016 5199.10400391 0.0933677628636
1512053253175 lifecam22 2255.32275391 5196.63525391 0.111356794834
1512053253240 lifecam22 2237.29614258 5194.1015625 0.0884761214256
1512053253301 lifecam22 2219.44213867 5191.42089844 0.10837071389
1512053253503 lifecam22 2171.18603516 5183.93115234 0.109639942646
1512053253575 lifecam22 2153.76538086 5181.16650391 0.0985431075096
1512053253634 lifecam22 2136.5480957 5178.30126953 0.108137197793
1512053253693 lifecam22 2120.03027344 5175.94628906 0.106946766376
1512053253760 lifecam22 2103.36010742 5173.51611328 0.0892317891121
1512053253900 lifecam22 2070.37792969 5168.1328125 0.103146858513
1512053253967 lifecam22 2055.43164062 5165.79052734 0.0924205258489
1512053254040 lifecam22 2049.44799805 5164.66748047 0.104268372059
1512053254092 lifecam22 2050.39648438 5164.77246094 0.110097832978
1512053254161 lifecam22 2051.00146484 5164.83935547 0.112635083497
1512053254303 lifecam22 2050.83398438 5164.82080078 0.111329615116
1512053254359 lifecam22 2050.96044922 5164.83496094 0.108029305935
1512053254495 lifecam22 2051.20727539 5164.67822266 0.111868798733
1512053254569 lifecam22 2051.03955078 5164.65966797 0.110564529896
1512053254635 lifecam22 2050.79321289 5164.81640625 0.106729321182
1512053254703 lifecam22 2051.00146484 5164.83935547 0.112635083497
1512053254759 lifecam22 2051.20727539 5164.67822266 0.111868798733
1512053254838 lifecam22 2050.97973633 5164.65283203 0.108025841415
1512053254907 lifecam22 2050.96044922 5164.83496094 0.108029305935
1512053254960 lifecam22 2051.18652344 5164.85986328 0.111866779625
1512053255157 lifecam22 2050.83398438 5164.82080078 0.111329615116
1512053255229 lifecam22 2051.03955078 5164.65966797 0.110564529896
1512053255301 lifecam22 2051.18652344 5164.85986328 0.111866779625
1512053255370 lifecam22 2050.60742188 5164.79589844 0.107492387295
1512053255428 lifecam22 2050.79321289 5164.81640625 0.106729321182
1512053255638 lifecam22 2050.79321289 5164.81640625 0.106729321182
1512053255702 lifecam22 2050.96044922 5164.83496094 0.108029305935
1512053255769 lifecam22 2050.79321289 5164.81640625 0.106729321182
1512053255835 lifecam22 2051.03955078 5164.65966797 0.110564529896
1512053255910 lifecam22 2050.83398438 5164.82080078 0.111329615116
1512053256041 lifecam22 2050.77490234 5164.81445312 0.108795113862
1512053256104 lifecam22 2051.18652344 5164.85986328 0.111866779625
1512053256172 lifecam22 2051.02246094 5164.65771484 0.112638294697
1512053256235 lifecam22 2050.97973633 5164.65283203 0.108025841415
1512053256300 lifecam22 2051.20727539 5164.67822266 0.111868798733
1512053256451 lifecam22 2051.01928711 5164.84130859 0.110564179718
1512053256508 lifecam22 2051.18652344 5164.85986328 0.111866779625
1512053256570 lifecam22 2050.79443359 5164.63232422 0.108794279397
1512053256631 lifecam22 2051.02246094 5164.65771484 0.112638294697
1512053256702 lifecam22 2051.03955078 5164.65966797 0.110564529896
1512053256830 lifecam22 2051.02246094 5164.65771484 0.112638294697
1512053256903 lifecam22 2051.01928711 5164.84130859 0.110564179718
1512053256965 lifecam22 2050.97973633 5164.65283203 0.108025841415
1512053257032 lifecam22 2051.18652344 5164.85986328 0.111866779625
1512053257100 lifecam22 2051.01928711 5164.84130859 0.110564179718
1512053257314 lifecam22 2051.01928711 5164.84130859 0.110564179718
1512053257378 lifecam22 2051.01928711 5164.84130859 0.110564179718
1512053257439 lifecam22 2050.96044922 5164.83496094 0.108029305935
1512053257507 lifecam22 2050.83398438 5164.82080078 0.111329615116
1512053257577 lifecam22 2051.20727539 5164.67822266 0.111868798733
1512053257715 lifecam22 2051.01928711 5164.84130859 0.110564179718
1512053257769 lifecam22 2050.79321289 5164.81640625 0.106729321182
1512053257843 lifecam22 2050.83398438 5164.82080078 0.111329615116
1512053257902 lifecam22 2051.03955078 5164.65966797 0.110564529896
1512053257973 lifecam22 2050.96044922 5164.83496094 0.108029305935
1512053258100 lifecam22 2050.62670898 5164.61376953 0.107489876449
