1512052872843 lifecam22 2643.16503906 5127.09667969 6.10599136353
1512052872904 lifecam22 2642.61572266 5126.80078125 6.12205648422
1512052873105 lifecam22 2643.94262695 5133.73632812 5.98052978516
1512052873178 lifecam22 2642.27612305 5125.78857422 6.10948944092
1512052873317 lifecam22 2631.33007812 5118.68261719 6.1854968071
1512052873373 lifecam22 2631.18286133 5119.71435547 6.16810464859
1512052873520 lifecam22 2631.66699219 5120.64990234 6.15301942825
1512052873575 lifecam22 2631.76269531 5121.26220703 6.14639568329
1512052873714 lifecam22 2630.42138672 5120.43798828 6.15409851074
1512052873773 lifecam22 2629.68408203 5120.390625 6.16167020798
1512052873981 lifecam22 2628.24707031 5119.87646484 6.16290616989
1512052874053 lifecam22 2628.04101562 5119.70361328 6.16771745682
1512052874114 lifecam22 2627.61474609 5119.41748047 6.17310380936
1512052874183 lifecam22 2627.92333984 5118.76953125 6.18697404861
1512052874254 lifecam22 2627.34326172 5118.83837891 6.18535041809
1512052874448 lifecam22 2627.5703125 5119.01611328 6.1780629158
1512052874511 lifecam22 2627.76391602 5118.80664062 6.19163656235
1512052874579 lifecam22 2627.76391602 5118.80664062 6.19163656235
1512052874640 lifecam22 2627.7253418 5118.80615234 6.19006299973
1512052874714 lifecam22 2628.53588867 5118.53515625 6.20267534256
1512052874852 lifecam22 2628.13745117 5118.75292969 6.18994903564
1512052874909 lifecam22 2627.81689453 5119.81884766 6.1862206459
1512052874984 lifecam22 2630.79516602 5118.38330078 6.1799993515
1512052875051 lifecam22 2632.76586914 5117.40625 6.17790842056
1512052875111 lifecam22 2634.28637695 5116.01074219 6.16498422623
1512052875322 lifecam22 2627.43115234 5118.70654297 6.20549678802
1512052875374 lifecam22 2622.66894531 5118.03125 6.19395112991
1512052875442 lifecam22 2625.28759766 5112.86621094 6.26825857162
1512052875519 lifecam22 2624.19165039 5113.5 6.25944232941
1512052875587 lifecam22 2623.99511719 5113.49951172 6.25764608383
1512052875720 lifecam22 2611.49975586 5112.27783203 6.2663640976
1512052875787 lifecam22 2600.95214844 5109.30175781 6.2144370079
1512052875850 lifecam22 2586.42675781 5107.25390625 6.2300658226
1512052875919 lifecam22 2569.45556641 5105.91699219 6.21832799911
1512052876117 lifecam22 2521.30737305 5103.91113281 6.17258739471
1512052876255 lifecam22 2490.79711914 5106.29150391 6.16920995712
1512052876598 lifecam22 2406.78417969 5110.28173828 6.21206665039
1512052876656 lifecam22 2390.6875 5110.56298828 6.20701694489
1512052876717 lifecam22 2373.53369141 5111.27294922 6.21532917023
1512052876782 lifecam22 2356.59057617 5110.85644531 6.21006965637
1512052876847 lifecam22 2339.8828125 5111.43945312 6.22057962418
1512052877052 lifecam22 2287.93188477 5112.02734375 6.22584438324
1512052877124 lifecam22 2272.13623047 5111.76757812 6.21706056595
1512052877188 lifecam22 2254.70043945 5112.35839844 6.22807121277
1512052877258 lifecam22 2235.06201172 5112.41601562 6.22418880463
1512052877318 lifecam22 2220.89526367 5112.30761719 6.2265586853
1512052877450 lifecam22 2184.98632812 5112.90039062 6.2336101532
1512052877515 lifecam22 2169.89257812 5113.12060547 6.25559139252
1512052877583 lifecam22 2153.19726562 5113.27246094 6.23921489716
1512052877652 lifecam22 2135.20849609 5113.67773438 6.24492788315
1512052877719 lifecam22 2118.67651367 5113.67626953 6.24227619171
1512052877843 lifecam22 2089.78466797 5113.79589844 6.23764276505
1512052877924 lifecam22 2087.77758789 5113.67822266 6.25679826736
1512052877984 lifecam22 2087.65722656 5113.83300781 6.24061203003
1512052878048 lifecam22 2087.96435547 5113.66210938 6.24316883087
1512052878123 lifecam22 2087.78686523 5113.6640625 6.24399518967
1512052878256 lifecam22 2087.78686523 5113.6640625 6.24399518967
1512052878385 lifecam22 2087.65722656 5113.83300781 6.24061203003
1512052878455 lifecam22 2087.96435547 5113.66210938 6.24316883087
1512052878521 lifecam22 2087.79736328 5113.83056641 6.24043464661
1512052878660 lifecam22 2087.70092773 5113.82666016 6.23779678345
1512052878715 lifecam22 2087.97412109 5113.82617188 6.2396030426
1512052878779 lifecam22 2087.79736328 5113.83056641 6.24043464661
1512052878861 lifecam22 2087.97412109 5113.82617188 6.2396030426
1512052878923 lifecam22 2089.6081543 5113.80029297 6.23848295212
1512052879050 lifecam22 2087.78686523 5113.6640625 6.24399518967
1512052879111 lifecam22 2087.79736328 5113.83056641 6.24043464661
1512052879179 lifecam22 2087.79736328 5113.83056641 6.24043464661
1512052879258 lifecam22 2087.97412109 5113.82617188 6.2396030426
1512052879320 lifecam22 2087.97412109 5113.82617188 6.2396030426
1512052879456 lifecam22 2087.78686523 5113.6640625 6.24399518967
1512052879527 lifecam22 2087.78686523 5113.6640625 6.24399518967
1512052879591 lifecam22 2087.79736328 5113.83056641 6.24043464661
1512052879654 lifecam22 2087.96435547 5113.66210938 6.24316883087
1512052879726 lifecam22 2087.96435547 5113.66210938 6.24316883087
1512052879859 lifecam22 2087.87768555 5113.82226562 6.23696899414
1512052879916 lifecam22 2087.97412109 5113.82617188 6.2396030426
1512052879984 lifecam22 2087.79736328 5113.83056641 6.24043464661
1512052880051 lifecam22 2087.97412109 5113.82617188 6.2396030426
1512052880120 lifecam22 2087.79736328 5113.83056641 6.24043464661
1512052880257 lifecam22 2087.97412109 5113.82617188 6.2396030426
1512052880318 lifecam22 2087.78686523 5113.6640625 6.24399518967
1512052880388 lifecam22 2087.97412109 5113.82617188 6.2396030426
1512052880457 lifecam22 2087.87768555 5113.82226562 6.23696899414
1512052880526 lifecam22 2087.97412109 5113.82617188 6.2396030426
1512052880650 lifecam22 2087.78686523 5113.6640625 6.24399518967
1512052880721 lifecam22 2087.79736328 5113.83056641 6.24043464661
1512052880790 lifecam22 2087.79736328 5113.83056641 6.24043464661
1512052880851 lifecam22 2087.97412109 5113.82617188 6.2396030426
1512052880922 lifecam22 2087.78686523 5113.6640625 6.24399518967
1512052881054 lifecam22 2087.97412109 5113.82617188 6.2396030426
1512052881115 lifecam22 2087.96435547 5113.66210938 6.24316883087
1512052881186 lifecam22 2087.78686523 5113.6640625 6.24399518967
1512052881259 lifecam22 2087.79736328 5113.83056641 6.24043464661
1512052881324 lifecam22 2087.97412109 5113.82617188 6.2396030426
1512052881459 lifecam22 2087.78686523 5113.6640625 6.24399518967
1512052881529 lifecam22 2087.96435547 5113.66210938 6.24316883087
1512052881594 lifecam22 2087.79736328 5113.83056641 6.24043464661
1512052881661 lifecam22 2087.97412109 5113.82617188 6.2396030426
1512052881727 lifecam22 2087.96435547 5113.66210938 6.24316883087
1512052881857 lifecam22 2087.96435547 5113.66210938 6.24316883087
1512052881927 lifecam22 2087.79736328 5113.83056641 6.24043464661
1512052881996 lifecam22 2087.70092773 5113.82666016 6.23779678345
1512052882053 lifecam22 2087.79736328 5113.83056641 6.24043464661
1512052882132 lifecam22 2087.78686523 5113.6640625 6.24399518967
1512052882264 lifecam22 2087.79736328 5113.83056641 6.24043464661
1512052882327 lifecam22 2087.79736328 5113.83056641 6.24043464661
1512052882390 lifecam22 2087.68725586 5113.66210938 6.24136209488
1512052882454 lifecam22 2087.78686523 5113.6640625 6.24399518967
1512052882521 lifecam22 2089.59667969 5113.6484375 6.24199581146
1512052882600 lifecam22 2087.65722656 5113.83300781 6.24061203003
1512052882664 lifecam22 2087.78686523 5113.6640625 6.24399518967
1512052882729 lifecam22 2087.79736328 5113.83056641 6.24043464661
