1512053222980 lifecam22 2612.65722656 5185.69970703 6.17392492294
1512053223051 lifecam22 2612.65722656 5185.69970703 6.17392492294
1512053223200 lifecam22 2612.65722656 5185.69970703 6.17392492294
1512053223585 lifecam22 2643.34375 5197.14599609 6.03785657883
1512053223721 lifecam22 2641.14111328 5198.10546875 6.007771492
1512053223784 lifecam22 2629.8684082 5195.84716797 6.06379556656
1512053223858 lifecam22 2622.27416992 5191.77294922 6.10207653046
1512053223991 lifecam22 2618.98901367 5191.3125 6.12701320648
1512053224129 lifecam22 2619.38232422 5191.49755859 6.12463140488
1512053224521 lifecam22 2620.31542969 5192.33300781 6.11423254013
1512053224589 lifecam22 2620.81494141 5192.05224609 6.1078042984
1512053224718 lifecam22 2622.11572266 5191.79980469 6.09886312485
1512053225047 lifecam22 2624.44335938 5191.28222656 6.09107160568
1512053225116 lifecam22 2623.60522461 5191.015625 6.10261011124
1512053225193 lifecam22 2621.00512695 5191.42138672 6.12448596954
1512053225394 lifecam22 2619.55883789 5190.82910156 6.12287902832
1512053225464 lifecam22 2619.71557617 5191.85791016 6.14645576477
1512053225529 lifecam22 2620.2890625 5188.22900391 6.16536664963
1512053225586 lifecam22 2620.65820312 5188.17236328 6.16314315796
1512053225652 lifecam22 2618.22314453 5192.37402344 6.1302819252
1512053225862 lifecam22 2612.19677734 5192.36523438 6.14908742905
1512053225922 lifecam22 2609.81689453 5188.85644531 6.1858086586
1512053225984 lifecam22 2611.20874023 5186.27587891 6.18403863907
1512053226055 lifecam22 2604.78222656 5185.83496094 6.17307329178
1512053226112 lifecam22 2590.66992188 5184.75976562 6.15370464325
1512053226325 lifecam22 2538.20043945 5188.04003906 6.0995464325
1512053226462 lifecam22 2505.1027832 5193.04638672 6.09366130829
1512053226530 lifecam22 2488.80078125 5194.93310547 6.09450054169
1512053226597 lifecam22 2471.27880859 5197.53857422 6.09930801392
1512053226862 lifecam22 2404.55371094 5206.53613281 6.0952963829
1512053226931 lifecam22 2383.13623047 5209.43164062 6.08447599411
1512053227001 lifecam22 2369.77832031 5211.25683594 6.10038566589
1512053227201 lifecam22 2318.09375 5218.34521484 6.10405492783
1512053227262 lifecam22 2303.43798828 5220.87695312 6.08445882797
1512053227335 lifecam22 2284.41894531 5223.17724609 6.07962703705
1512053227392 lifecam22 2267.88208008 5225.76025391 6.07725954056
1512053227455 lifecam22 2252.15039062 5228.20507812 6.0947303772
1512053227667 lifecam22 2202.17626953 5234.82177734 6.09156322479
1512053227727 lifecam22 2184.3125 5237.56933594 6.07938861847
1512053227789 lifecam22 2168.53271484 5239.39794922 6.08421945572
1512053227866 lifecam22 2152.46679688 5242.12939453 6.09772014618
1512053227931 lifecam22 2135.6171875 5244.23486328 6.08408498764
1512053228067 lifecam22 2101.88525391 5249.79492188 6.08602380753
1512053228130 lifecam22 2084.84960938 5251.70947266 6.09288358688
1512053228197 lifecam22 2066.85693359 5254.45263672 6.07588720322
1512053228258 lifecam22 2053.25366211 5256.33447266 6.08133840561
1512053228331 lifecam22 2048.48339844 5256.70117188 6.08990001678
1512053228535 lifecam22 2050.94238281 5256.36083984 6.08670330048
1512053228595 lifecam22 2051.10888672 5256.33007812 6.0879573822
1512053228654 lifecam22 2050.98242188 5256.54736328 6.08837080002
1512053228735 lifecam22 2050.94238281 5256.36083984 6.08670330048
1512053228790 lifecam22 2050.94238281 5256.36083984 6.08670330048
1512053228936 lifecam22 2050.94238281 5256.36083984 6.08670330048
1512053229003 lifecam22 2050.94238281 5256.36083984 6.08670330048
1512053229067 lifecam22 2050.94238281 5256.36083984 6.08670330048
1512053229126 lifecam22 2050.94238281 5256.36083984 6.08670330048
1512053229207 lifecam22 2050.94238281 5256.36083984 6.08670330048
1512053229404 lifecam22 2051.10888672 5256.33007812 6.0879573822
1512053229463 lifecam22 2050.94238281 5256.36083984 6.08670330048
1512053229528 lifecam22 2050.98242188 5256.54736328 6.08837080002
1512053229603 lifecam22 2050.94238281 5256.36083984 6.08670330048
1512053229663 lifecam22 2050.94238281 5256.36083984 6.08670330048
1512053229802 lifecam22 2050.94238281 5256.36083984 6.08670330048
1512053229868 lifecam22 2051.10888672 5256.33007812 6.0879573822
1512053229917 lifecam22 2050.94238281 5256.36083984 6.08670330048
