1512052810018 lifecam22 2593.69628906 5185.28320312 6.11471891403
1512052810145 lifecam22 2593.09350586 5185.46484375 6.120262146
1512052810209 lifecam22 2593.21484375 5185.62988281 6.1120467186
1512052810285 lifecam22 2593.17797852 5185.3984375 6.11572170258
1512052810336 lifecam22 2593.14453125 5185.78369141 6.11435413361
1512052810406 lifecam22 2592.95288086 5185.82421875 6.11415719986
1512052810669 lifecam22 2592.95288086 5185.82421875 6.11415719986
1512052810738 lifecam22 2592.93823242 5185.73876953 6.11637878418
1512052810816 lifecam22 2592.73828125 5185.55175781 6.12411165237
1512052810945 lifecam22 2592.67578125 5185.15576172 6.12202215195
1512052811018 lifecam22 2592.7265625 5185.43505859 6.12316608429
1512052811074 lifecam22 2592.93041992 5184.96044922 6.11944532394
1512052811154 lifecam22 2592.88696289 5184.63378906 6.12644290924
1512052811226 lifecam22 2592.6809082 5184.46972656 6.12700271606
1512052811350 lifecam22 2592.85180664 5184.00488281 6.12465715408
1512052811407 lifecam22 2592.64501953 5183.83300781 6.13216590881
1512052811485 lifecam22 2592.85205078 5183.79980469 6.12809228897
1512052811543 lifecam22 2593.03295898 5183.76513672 6.12803840637
1512052811617 lifecam22 2593.15576172 5183.32910156 6.12867307663
1512052811751 lifecam22 2593.55932617 5183.63867188 6.12166309357
1512052811806 lifecam22 2593.56762695 5183.65039062 6.12532377243
1512052811949 lifecam22 2593.95751953 5183.75341797 6.11872291565
1512052812017 lifecam22 2593.18896484 5183.73632812 6.12857103348
1512052812208 lifecam22 2596.25756836 5184.68212891 6.10091114044
1512052812283 lifecam22 2598.33862305 5184.90136719 6.0940489769
1512052812426 lifecam22 2598.34594727 5182.86767578 6.10681581497
1512052812476 lifecam22 2595.37597656 5183.68505859 6.11613512039
1512052812621 lifecam22 2593.8894043 5185.02490234 6.11445093155
1512052812679 lifecam22 2591.97314453 5184.64648438 6.12146043777
1512052812745 lifecam22 2589.25292969 5184.50097656 6.13852024078
1512052812872 lifecam22 2583.69995117 5179.98388672 6.18515968323
1512052813076 lifecam22 2549.96142578 5186.39501953 6.21372890472
1512052813144 lifecam22 2534.49951172 5190.29394531 6.28011035919
1512052813219 lifecam22 2520.31542969 5190.49951172 6.28318500519
1512052813286 lifecam22 2502.99975586 5190.49951172 0.0214106477797
1512052813341 lifecam22 2485.86303711 5189.95361328 6.26761198044
1512052813558 lifecam22 2436.81103516 5183.70117188 6.27178764343
1512052813608 lifecam22 2421.08227539 5183.5 6.25946903229
1512052813681 lifecam22 2403.92211914 5183.5 6.2483420372
1512052813744 lifecam22 2386.47924805 5183.49951172 6.26600170135
1512052813886 lifecam22 2352.49975586 5183.5 1.74845553147e-07
1512052813951 lifecam22 2335.17456055 5183.49951172 6.24730825424
1512052814087 lifecam22 2298.12768555 5183.5 6.23568916321
1512052814158 lifecam22 2281.65356445 5183.5 6.23620605469
1512052814211 lifecam22 2268.34667969 5183.08007812 6.27265071869
1512052814352 lifecam22 2233.49975586 5182.47119141 6.2677154541
1512052814487 lifecam22 2198.65820312 5181.8984375 6.26001644135
1512052814557 lifecam22 2182.61108398 5180.40722656 6.22054672241
1512052814612 lifecam22 2165.8996582 5179.18457031 6.21619129181
1512052814817 lifecam22 2114.49975586 5176.5 1.13645671718e-06
1512052814886 lifecam22 2098.30761719 5176.49951172 6.25204658508
1512052814949 lifecam22 2081.20385742 5176.5 6.25540447235
1512052815028 lifecam22 2065.49975586 5176.5 1.74845553147e-07
1512052815078 lifecam22 2051.49975586 5176.5 1.13645671718e-06
1512052815294 lifecam22 2049.99560547 5176.5 6.25764894485
1512052815345 lifecam22 2049.24633789 5176.5 6.25050354004
1512052815424 lifecam22 2049.43676758 5176.5 6.25143194199
1512052815489 lifecam22 2049.43676758 5176.5 6.25143194199
1512052815551 lifecam22 2049.43676758 5176.5 6.25143194199
1512052815757 lifecam22 2049.43676758 5176.5 6.25143194199
1512052815830 lifecam22 2049.25244141 5176.5 6.25138759613
1512052815886 lifecam22 2049.24633789 5176.5 6.25050354004
1512052815957 lifecam22 2049.24633789 5176.5 6.25050354004
1512052816018 lifecam22 2049.43676758 5176.5 6.25143194199
1512052816222 lifecam22 2049.24633789 5176.5 6.25050354004
1512052816291 lifecam22 2049.43676758 5176.5 6.25143194199
1512052816350 lifecam22 2049.24633789 5176.5 6.25050354004
1512052816419 lifecam22 2049.43676758 5176.5 6.25143194199
1512052816481 lifecam22 2049.43676758 5176.5 6.25143194199
1512052816690 lifecam22 2049.43676758 5176.5 6.25143194199
1512052816751 lifecam22 2049.24633789 5176.5 6.25050354004
1512052816819 lifecam22 2049.43676758 5176.5 6.25143194199
1512052816880 lifecam22 2049.43676758 5176.5 6.25143194199
