1512744274961 lifecam22 2577.03808594 5354.48925781 6.23455953598
1512744275013 lifecam22 2576.85693359 5354.50048828 6.2379117012
1512744275157 lifecam22 2576.85693359 5354.50048828 6.2379117012
1512744275222 lifecam22 2576.86010742 5354.68408203 6.23787117004
1512744275289 lifecam22 2576.86010742 5354.68408203 6.23787117004
1512744275351 lifecam22 2576.86010742 5354.68408203 6.23787117004
1512744275562 lifecam22 2576.86083984 5354.85644531 6.23696279526
1512744275616 lifecam22 2576.67944336 5354.86865234 6.24084186554
1512744275690 lifecam22 2576.53662109 5354.99707031 6.23855829239
1512744275749 lifecam22 2576.53955078 5355.16992188 6.23947048187
1512744275812 lifecam22 2576.35449219 5354.94775391 6.24168348312
1512744275948 lifecam22 2576.67944336 5354.86865234 6.24084186554
1512744276018 lifecam22 2576.49975586 5354.81884766 6.24398326874
1512744276089 lifecam22 2576.5 5354.640625 6.24481010437
1512744276152 lifecam22 2576.67944336 5354.86865234 6.24084186554
1512744276226 lifecam22 2576.67944336 5354.86865234 6.24084186554
1512744276418 lifecam22 2576.67944336 5354.86865234 6.24084186554
1512744276481 lifecam22 2576.67944336 5354.86865234 6.24084186554
1512744276554 lifecam22 2576.67919922 5354.69482422 6.24174308777
1512744276624 lifecam22 2576.67944336 5354.86865234 6.24084186554
1512744276682 lifecam22 2576.67944336 5354.86865234 6.24084186554
1512744276830 lifecam22 2576.67944336 5354.86865234 6.24084186554
1512744276887 lifecam22 2576.67944336 5354.86865234 6.24084186554
1512744276959 lifecam22 2576.67944336 5354.86865234 6.24084186554
1512744277016 lifecam22 2576.67944336 5354.86865234 6.24084186554
1512744277078 lifecam22 2576.67944336 5354.86865234 6.24084186554
1512744277165 lifecam22 2576.67944336 5354.86865234 6.24084186554
1512744277227 lifecam22 2576.67944336 5354.86865234 6.24084186554
1512744277359 lifecam22 2576.67944336 5354.86865234 6.24084186554
1512744277425 lifecam22 2576.67944336 5354.86865234 6.24084186554
1512744277486 lifecam22 2576.94287109 5354.8515625 6.23470020294
1512744277623 lifecam22 2576.5 5354.640625 6.24481010437
1512744277697 lifecam22 2576.5 5354.45654297 6.24486303329
1512744277764 lifecam22 2576.49975586 5354.81884766 6.24398326874
1512744277819 lifecam22 2577.25976562 5354.82958984 6.22988510132
1512744277954 lifecam22 2577.09912109 5354.84082031 6.23207235336
1512744278024 lifecam22 2577.25878906 5354.65966797 6.23080396652
1512744278090 lifecam22 2577.25878906 5354.65966797 6.23080396652
1512744278151 lifecam22 2577.58618164 5354.45361328 6.22777318954
1512744278227 lifecam22 2577.58618164 5354.45361328 6.22777318954
1512744278360 lifecam22 2577.95581055 5354.95898438 6.22590494156
1512744278429 lifecam22 2577.80517578 5355.48828125 6.22798442841
1512744278496 lifecam22 2578.00561523 5355.81542969 6.22912740707
1512744278564 lifecam22 2577.86108398 5356.34570312 6.23257684708
1512744278626 lifecam22 2578.39208984 5355.61816406 6.22438049316
1512744278766 lifecam22 2580.15527344 5354.10644531 6.22850131989
1512744278890 lifecam22 2580.515625 5351.5 6.25120973587
1512744279219 lifecam22 2561.84326172 5351.06835938 6.26520586014
1512744279291 lifecam22 2545.29980469 5350.84716797 6.23860406876
1512744279362 lifecam22 2529.68481445 5351.5 6.25490188599
1512744279426 lifecam22 2516.14306641 5351.5 6.27378940582
1512744279563 lifecam22 2485.70166016 5353.875 0.0308449883014
1512744279628 lifecam22 2469.79394531 5354.37451172 0.0742316842079
1512744279685 lifecam22 2455.35473633 5354.33496094 0.104481033981
1512744279762 lifecam22 2439.56640625 5353.24462891 0.140404552221
1512744279828 lifecam22 2424.70996094 5352.01220703 0.162147223949
1512744279965 lifecam22 2393.6940918 5347.81298828 0.221390172839
1512744280035 lifecam22 2378.40087891 5345.03613281 0.253822863102
1512744280094 lifecam22 2363.38378906 5342.27539062 0.267160743475
1512744280162 lifecam22 2344.18212891 5337.58251953 0.240132153034
1512744280501 lifecam22 2276.11279297 5315.36523438 0.462725281715
1512744280568 lifecam22 2262.55273438 5309.05566406 0.484758526087
1512744280625 lifecam22 2244.80249023 5300.85449219 0.4275406003
1512744280702 lifecam22 2235.21972656 5295.66699219 0.545357882977
1512744280760 lifecam22 2216.73217773 5287.33837891 0.456653028727
1512744280820 lifecam22 2207.81201172 5280.91259766 0.597794950008
1512744280895 lifecam22 2194.84375 5272.95556641 0.627986252308
1512744281027 lifecam22 2169.26757812 5255.96240234 0.686082661152
1512744281358 lifecam22 2114.0078125 5210.37060547 0.828597784042
1512744283171 lifecam22 2112.24902344 5209.08251953 0.850761711597
