1512744250316 lifecam22 2570.88354492 5371.64453125 6.11593914032
1512744250374 lifecam22 2567.82397461 5371.69482422 6.13364887238
1512744250435 lifecam22 2567.38061523 5370.46386719 6.13006925583
1512744250517 lifecam22 2563.54638672 5368.65478516 6.15684270859
1512744250574 lifecam22 2560.40405273 5366.46777344 6.17348480225
1512744250702 lifecam22 2556.74414062 5363.03125 6.20791435242
1512744250786 lifecam22 2556.77368164 5361.94091797 6.22161960602
1512744250851 lifecam22 2556.94970703 5361.57519531 6.22096633911
1512744250915 lifecam22 2556.94970703 5361.57519531 6.22096633911
1512744250974 lifecam22 2556.75463867 5361.25341797 6.22736024857
1512744251114 lifecam22 2556.7668457 5361.625 6.22686624527
1512744251180 lifecam22 2556.75463867 5361.25341797 6.22736024857
1512744251256 lifecam22 2556.77539062 5361.08740234 6.22810983658
1512744251309 lifecam22 2556.77539062 5361.08740234 6.22810983658
1512744251383 lifecam22 2556.75292969 5361.07519531 6.22400760651
1512744251519 lifecam22 2556.41723633 5361.46533203 6.22908782959
1512744251580 lifecam22 2556.7668457 5361.625 6.22686624527
1512744251653 lifecam22 2557.55761719 5361.57177734 6.21999025345
1512744251716 lifecam22 2557.1652832 5361.76464844 6.2220492363
1512744251778 lifecam22 2556.75976562 5361.44140625 6.22689247131
1512744251921 lifecam22 2557.10473633 5360.859375 6.22287845612
1512744251986 lifecam22 2557.13183594 5361.22753906 6.22519779205
1512744252051 lifecam22 2557.5090332 5361.38818359 6.22429847717
1512744252120 lifecam22 2557.52514648 5361.38818359 6.22260475159
1512744252184 lifecam22 2557.13769531 5361.41503906 6.22473049164
1512744252391 lifecam22 2556.75463867 5361.25341797 6.22736024857
1512744252450 lifecam22 2556.75463867 5361.25341797 6.22736024857
1512744252518 lifecam22 2556.75976562 5361.44140625 6.22689247131
1512744252591 lifecam22 2556.75463867 5361.25341797 6.22736024857
1512744252656 lifecam22 2556.75463867 5361.25341797 6.22736024857
1512744252852 lifecam22 2556.75976562 5361.44140625 6.22689247131
1512744252918 lifecam22 2556.75463867 5361.25341797 6.22736024857
1512744252987 lifecam22 2556.75463867 5361.25341797 6.22736024857
1512744253053 lifecam22 2556.75976562 5361.44140625 6.22689247131
1512744253119 lifecam22 2556.75976562 5361.44140625 6.22689247131
1512744253321 lifecam22 2556.75463867 5361.25341797 6.22736024857
1512744253391 lifecam22 2556.75976562 5361.44140625 6.22689247131
1512744253457 lifecam22 2556.75463867 5361.25341797 6.22736024857
1512744253519 lifecam22 2556.75463867 5361.25341797 6.22736024857
1512744253584 lifecam22 2556.76831055 5361.79296875 6.22593927383
1512744253782 lifecam22 2556.83398438 5363.00439453 6.22978115082
1512744253855 lifecam22 2556.78833008 5362.14746094 6.22722053528
1512744253917 lifecam22 2555.67578125 5361.13232422 6.2432012558
1512744253986 lifecam22 2557.89379883 5360.06933594 6.24189138412
1512744254052 lifecam22 2559.77734375 5358.5 6.26165533066
1512744254259 lifecam22 2559.26416016 5357.65332031 6.23999786377
1512744254325 lifecam22 2557.86865234 5358.5 6.25486326218
1512744254376 lifecam22 2548.5 5358.5 6.28318452835
1512744254443 lifecam22 2534.49975586 5358.49951172 1.74845553147e-07
1512744254520 lifecam22 2517.19433594 5358.5 6.27868938446
1512744254594 lifecam22 2501.97143555 5358.5 0.0156387723982
1512744254640 lifecam22 2487.87060547 5359.10302734 0.0422276891768
1512744254722 lifecam22 2472.67724609 5358.88476562 0.0682918429375
1512744254788 lifecam22 2456.95605469 5358.0546875 0.107464507222
1512744254856 lifecam22 2442.19433594 5357.70507812 0.135012209415
1512744255060 lifecam22 2396.48071289 5353.06787109 0.231313407421
1512744255121 lifecam22 2381.80664062 5350.70410156 0.269809067249
1512744255193 lifecam22 2366.6184082 5346.66796875 0.291730225086
1512744255260 lifecam22 2351.81835938 5343.08251953 0.32234236598
1512744255325 lifecam22 2336.82885742 5339.35742188 0.348145067692
1512744255459 lifecam22 2307.75610352 5329.58886719 0.401838243008
1512744255528 lifecam22 2289.9934082 5322.63769531 0.367714464664
1512744255583 lifecam22 2280.33349609 5318.87109375 0.451476663351
1512744255658 lifecam22 2264.86206055 5312.70556641 0.496597975492
1512744255994 lifecam22 2198.46606445 5276.00683594 0.644540846348
1512744256056 lifecam22 2185.88623047 5267.8515625 0.667541742325
1512744256124 lifecam22 2173.41186523 5258.22363281 0.692109644413
1512744256331 lifecam22 2136.59375 5230.09375 0.795432627201
1512744256394 lifecam22 2126.20068359 5219.22802734 0.822597742081
1512744256459 lifecam22 2115.84057617 5209.40966797 0.857671141624
1512744256797 lifecam22 2098.93701172 5191.94824219 0.902366161346
1512744256843 lifecam22 2098.93701172 5191.94824219 0.902366161346
1512744257051 lifecam22 2098.93701172 5191.94824219 0.902366161346
1512744257196 lifecam22 2099.03295898 5191.85205078 0.897607147694
1512744257464 lifecam22 2099.06860352 5191.85693359 0.905103743076
1512744257532 lifecam22 2098.93701172 5191.94824219 0.902366161346
1512744257715 lifecam22 2098.93701172 5191.94824219 0.902366161346
1512744257859 lifecam22 2098.93701172 5191.94824219 0.902366161346
1512744257925 lifecam22 2099.20385742 5192.02783203 0.901701211929
1512744257988 lifecam22 2099.06860352 5191.85693359 0.905103743076
1512744258053 lifecam22 2099.06860352 5191.85693359 0.905103743076
1512744258262 lifecam22 2099.06860352 5191.85693359 0.905103743076
1512744258462 lifecam22 2099.20385742 5192.02783203 0.901701211929
1512744258865 lifecam22 2099.06860352 5191.85693359 0.905103743076
1512744258932 lifecam22 2099.06860352 5191.85693359 0.905103743076
1512744259130 lifecam22 2099.06860352 5191.85693359 0.905103743076
1512744259197 lifecam22 2099.1394043 5192.07275391 0.899720072746
1512744259322 lifecam22 2099.06860352 5191.85693359 0.905103743076
1512744259395 lifecam22 2099.06860352 5191.85693359 0.905103743076
1512744259594 lifecam22 2098.93701172 5191.94824219 0.902366161346
