1512744533682 lifecam22 2631.49609375 5380.48144531 6.17962312698
1512744533752 lifecam22 2631.22460938 5380.46386719 6.18611717224
1512744533822 lifecam22 2631.24316406 5380.65869141 6.1848115921
1512744534020 lifecam22 2631.27392578 5380.3125 6.1835308075
1512744534081 lifecam22 2631.22460938 5380.46386719 6.18611717224
1512744534149 lifecam22 2631.22460938 5380.46386719 6.18611717224
1512744534285 lifecam22 2631.44482422 5380.63232422 6.18220567703
1512744534350 lifecam22 2631.24316406 5380.65869141 6.1848115921
1512744534421 lifecam22 2631.48608398 5380.390625 6.17775297165
1512744534480 lifecam22 2631.44482422 5380.63232422 6.18220567703
1512744534553 lifecam22 2631.24316406 5380.65869141 6.1848115921
1512744534606 lifecam22 2631.20996094 5380.29150391 6.18873500824
1512744534675 lifecam22 2631.42407227 5380.4375 6.18350601196
1512744534880 lifecam22 2631.24316406 5380.65869141 6.1848115921
1512744534956 lifecam22 2631.22460938 5380.46386719 6.18611717224
1512744535011 lifecam22 2631.29248047 5380.50634766 6.18222379684
1512744535078 lifecam22 2631.49609375 5380.48144531 6.17962312698
1512744535141 lifecam22 2631.64257812 5380.60839844 6.18002843857
1512744535417 lifecam22 2631.62036133 5380.41308594 6.18132305145
1512744535473 lifecam22 2631.62036133 5380.41308594 6.18132305145
1512744535537 lifecam22 2631.62036133 5380.41308594 6.18132305145
1512744535621 lifecam22 2631.62036133 5380.41308594 6.18132305145
1512744535684 lifecam22 2631.42358398 5380.45800781 6.18186092377
1512744535814 lifecam22 2631.62036133 5380.41308594 6.18132305145
1512744535893 lifecam22 2630.70385742 5381.28857422 6.19009160995
1512744535950 lifecam22 2630.38012695 5382.33154297 6.17658233643
1512744536017 lifecam22 2629.7734375 5384.23535156 6.15963220596
1512744536080 lifecam22 2630.17358398 5384.39550781 6.15975379944
1512744536275 lifecam22 2630.3527832 5385.57958984 6.1541967392
1512744536341 lifecam22 2630.69042969 5385.71142578 6.15905046463
1512744536421 lifecam22 2631.12255859 5386.90966797 6.15528917313
1512744536479 lifecam22 2631.7824707 5387.71728516 6.13758802414
1512744536556 lifecam22 2631.7824707 5387.71728516 6.13758802414
1512744536756 lifecam22 2630.36523438 5384.73388672 6.1572561264
1512744536825 lifecam22 2630.29931641 5384.52392578 6.16365337372
1512744536894 lifecam22 2630.11865234 5384.38769531 6.16432857513
1512744536960 lifecam22 2629.77563477 5384.59570312 6.16094875336
1512744537020 lifecam22 2629.59350586 5384.62255859 6.16091442108
1512744537288 lifecam22 2630.17407227 5384.74658203 6.16458654404
1512744537357 lifecam22 2629.7578125 5384.24267578 6.16824054718
1512744537412 lifecam22 2629.54150391 5383.91992188 6.16779279709
1512744537486 lifecam22 2629.58764648 5383.77490234 6.16518449783
1512744537629 lifecam22 2629.96777344 5384.94238281 6.15628004074
1512744537691 lifecam22 2630.17114258 5384.9140625 6.15748691559
1512744537747 lifecam22 2629.58276367 5384.46337891 6.16293382645
1512744537828 lifecam22 2629.43164062 5384.45996094 6.15936326981
1512744537891 lifecam22 2629.46386719 5384.78466797 6.15824842453
1512744538093 lifecam22 2629.63623047 5384.984375 6.1645860672
1512744538162 lifecam22 2630.22119141 5385.12255859 6.16738080978
1512744538216 lifecam22 2625.79443359 5383.70800781 6.19997501373
1512744538284 lifecam22 2629.57763672 5382.95410156 6.20455646515
1512744538354 lifecam22 2629.77954102 5381.20947266 6.20192480087
1512744538481 lifecam22 2629.59838867 5381.39208984 6.20046472549
1512744538548 lifecam22 2629.58886719 5381.22705078 6.20219278336
1512744538624 lifecam22 2629.44238281 5381.62060547 6.20263767242
1512744538692 lifecam22 2624.50488281 5381.18701172 6.18132066727
1512744538749 lifecam22 2612.97851562 5381.50585938 6.17780685425
1512744538962 lifecam22 2565.50341797 5384.34375 6.20222711563
1512744539017 lifecam22 2551.1940918 5386.44287109 6.21807670593
1512744539091 lifecam22 2536.65136719 5388.14257812 6.23107004166
1512744539160 lifecam22 2520.5 5389.99951172 1.85171245448e-06
1512744539210 lifecam22 2506.5 5390.59863281 0.0279755070806
1512744539366 lifecam22 2471.75195312 5391.49902344 0.0333409942687
1512744539417 lifecam22 2461.53637695 5391.20654297 0.120735824108
1512744539492 lifecam22 2446.4609375 5390.54541016 0.15320199728
1512744539559 lifecam22 2430.96508789 5388.66601562 0.177526906133
1512744539626 lifecam22 2415.19189453 5386.69677734 0.211170017719
1512744539893 lifecam22 2355.10400391 5374.50390625 0.33073553443
1512744540356 lifecam22 2251.59228516 5334.73388672 0.451262682676
1512744540558 lifecam22 2216.01074219 5313.88476562 0.621566534042
1512744540899 lifecam22 2157.94042969 5274.05712891 0.882620930672
1512744540954 lifecam22 2153.0 5267.5 0.792658448219
1512744541171 lifecam22 2150.66455078 5265.52490234 0.637374520302
1512744542835 lifecam22 2150.73925781 5265.43310547 0.641105890274
1512744543092 lifecam22 2150.75537109 5265.44335938 0.640662848949
1512744544904 lifecam22 2150.73999023 5265.26367188 0.642822265625
