1512744313607 lifecam22 2494.74658203 5389.31494141 6.12558317184
1512744313749 lifecam22 2494.79150391 5389.46435547 6.1288151741
1512744313814 lifecam22 2495.18408203 5389.40039062 6.13215446472
1512744313948 lifecam22 2494.61669922 5389.32421875 6.13232851028
1512744314017 lifecam22 2495.27807617 5389.02636719 6.13377332687
1512744314086 lifecam22 2495.84594727 5388.93798828 6.13604593277
1512744314135 lifecam22 2495.90527344 5389.28173828 6.13510799408
1512744314213 lifecam22 2495.82177734 5388.75097656 6.13434028625
1512744314421 lifecam22 2495.59765625 5388.44580078 6.14346647263
1512744314480 lifecam22 2495.2109375 5388.50390625 6.13965463638
1512744314537 lifecam22 2495.43652344 5388.62402344 6.14108753204
1512744314617 lifecam22 2495.41186523 5388.62060547 6.136469841
1512744314680 lifecam22 2495.59765625 5388.44580078 6.14346647263
1512744314886 lifecam22 2495.41577148 5388.47509766 6.14386796951
1512744314945 lifecam22 2495.59765625 5388.44580078 6.14346647263
1512744315023 lifecam22 2495.75 5388.27490234 6.14919185638
1512744315089 lifecam22 2495.39501953 5388.32861328 6.1470375061
1512744315144 lifecam22 2495.63720703 5388.43896484 6.14238786697
1512744315349 lifecam22 2495.76855469 5388.42138672 6.1460313797
1512744315402 lifecam22 2495.5859375 5388.45019531 6.14643239975
1512744315472 lifecam22 2495.41577148 5388.47509766 6.14386796951
1512744315543 lifecam22 2495.5859375 5388.45019531 6.14643239975
1512744315618 lifecam22 2495.41577148 5388.47509766 6.14386796951
1512744315751 lifecam22 2495.41577148 5388.47509766 6.14386796951
1512744315819 lifecam22 2495.5859375 5388.45019531 6.14643239975
1512744315871 lifecam22 2495.41577148 5388.47509766 6.14386796951
1512744315955 lifecam22 2495.5859375 5388.45019531 6.14643239975
1512744316022 lifecam22 2495.41577148 5388.47509766 6.14386796951
1512744316229 lifecam22 2495.2109375 5388.50390625 6.13965463638
1512744316294 lifecam22 2495.25341797 5388.83154297 6.13685464859
1512744316339 lifecam22 2495.0637207 5388.86279297 6.13712406158
1512744316410 lifecam22 2495.30175781 5389.02197266 6.13312387466
1512744316471 lifecam22 2495.30175781 5389.02197266 6.13312387466
1512744316686 lifecam22 2495.32714844 5389.20751953 6.13482570648
1512744316758 lifecam22 2495.32495117 5389.37792969 6.13493728638
1512744316823 lifecam22 2495.50390625 5389.34716797 6.13174009323
1512744316883 lifecam22 2495.54541016 5389.6875 6.12670183182
1512744316938 lifecam22 2495.34912109 5389.37353516 6.13428688049
1512744317164 lifecam22 2496.02001953 5390.15478516 6.13207197189
1512744317219 lifecam22 2495.28369141 5389.90722656 6.13472890854
1512744317289 lifecam22 2495.34912109 5389.37353516 6.13428688049
1512744317352 lifecam22 2492.35864258 5389.07958984 6.14231777191
1512744317420 lifecam22 2492.72705078 5388.85107422 6.14356517792
1512744317622 lifecam22 2495.42333984 5386.30078125 6.15830755234
1512744317683 lifecam22 2493.45947266 5386.69189453 6.13653898239
1512744317818 lifecam22 2485.26049805 5387.39111328 6.15841627121
1512744317886 lifecam22 2470.73364258 5389.84521484 6.18390798569
1512744318091 lifecam22 2423.30761719 5393.5 6.2730345726
1512744318161 lifecam22 2408.5 5395.58105469 0.0187090076506
1512744318222 lifecam22 2393.38476562 5396.03710938 0.0385636761785
1512744318287 lifecam22 2377.03540039 5396.41796875 0.0621932186186
1512744318343 lifecam22 2361.8894043 5396.55517578 0.0905023217201
1512744318560 lifecam22 2316.20141602 5393.25585938 0.180417120457
1512744318623 lifecam22 2301.39428711 5391.41259766 0.202836826444
1512744318689 lifecam22 2285.578125 5389.29345703 0.235493257642
1512744318757 lifecam22 2271.35571289 5386.69921875 0.2628236413
1512744318823 lifecam22 2255.8203125 5383.64697266 0.303490817547
1512744319088 lifecam22 2197.88085938 5366.39892578 0.41085344553
1512744319155 lifecam22 2179.34130859 5359.12207031 0.379084289074
1512744319487 lifecam22 2114.45947266 5327.65966797 0.585516691208
1512744319548 lifecam22 2102.02783203 5320.12548828 0.611276626587
1512744319684 lifecam22 2076.24804688 5304.82226562 0.67275428772
1512744319824 lifecam22 2051.04321289 5285.70556641 0.727724313736
1512744319878 lifecam22 2040.0670166 5275.87207031 0.760517776012
1512744319964 lifecam22 2028.05236816 5266.44775391 0.799174785614
1512744320093 lifecam22 2018.80773926 5257.63427734 0.834169149399
