1512744331509 lifecam22 2517.88500977 5370.54736328 6.17786884308
1512744331577 lifecam22 2518.16015625 5370.94384766 6.17268180847
1512744331642 lifecam22 2518.32568359 5371.08496094 6.1723651886
1512744331843 lifecam22 2518.47924805 5368.8828125 6.20009040833
1512744331913 lifecam22 2518.4387207 5370.125 6.20173788071
1512744331970 lifecam22 2517.28515625 5369.22949219 6.21239805222
1512744332045 lifecam22 2515.46240234 5369.63671875 6.20944738388
1512744332097 lifecam22 2513.66577148 5369.06396484 6.20916032791
1512744332251 lifecam22 2507.63037109 5365.04638672 6.23845767975
1512744332299 lifecam22 2505.65112305 5361.53759766 6.26052713394
1512744332362 lifecam22 2505.6262207 5359.6875 6.28091049194
1512744332431 lifecam22 2505.67089844 5358.5 0.0130736269057
1512744332493 lifecam22 2505.67089844 5358.5 0.0130736269057
1512744332712 lifecam22 2505.87353516 5358.5 0.0104737915099
1512744332759 lifecam22 2506.14990234 5358.49951172 0.0067474283278
1512744332848 lifecam22 2505.67089844 5358.5 0.0130736269057
1512744332917 lifecam22 2505.67089844 5358.5 0.0130736269057
1512744332982 lifecam22 2505.47119141 5358.49951172 0.01523095835
1512744333179 lifecam22 2505.47119141 5358.49951172 0.01523095835
1512744333248 lifecam22 2505.47119141 5358.49951172 0.01523095835
1512744333306 lifecam22 2505.47119141 5358.49951172 0.01523095835
1512744333381 lifecam22 2505.47119141 5358.49951172 0.01523095835
1512744333445 lifecam22 2505.47119141 5358.49951172 0.01523095835
1512744333584 lifecam22 2505.47119141 5358.49951172 0.01523095835
1512744333646 lifecam22 2505.47119141 5358.49951172 0.01523095835
1512744333714 lifecam22 2505.47119141 5358.49951172 0.01523095835
1512744333778 lifecam22 2505.67089844 5358.5 0.0130736269057
1512744333847 lifecam22 2505.47119141 5358.49951172 0.01523095835
1512744334042 lifecam22 2505.47119141 5358.49951172 0.01523095835
1512744334100 lifecam22 2505.47119141 5358.49951172 0.01523095835
1512744334181 lifecam22 2505.47119141 5358.49951172 0.01523095835
1512744334246 lifecam22 2505.47119141 5358.49951172 0.01523095835
1512744334312 lifecam22 2505.47119141 5358.49951172 0.01523095835
1512744334451 lifecam22 2505.47119141 5358.49951172 0.01523095835
1512744334513 lifecam22 2505.47119141 5358.49951172 0.01523095835
1512744334570 lifecam22 2505.47119141 5358.49951172 0.01523095835
1512744334649 lifecam22 2505.27490234 5358.49951172 0.0169463790953
1512744334703 lifecam22 2505.27490234 5358.49951172 0.0169463790953
1512744334911 lifecam22 2505.27490234 5358.49951172 0.0169463790953
1512744334971 lifecam22 2505.67089844 5358.5 0.0130736269057
1512744335034 lifecam22 2505.67089844 5358.5 0.0130736269057
1512744335104 lifecam22 2505.67089844 5358.5 0.0130736269057
1512744335165 lifecam22 2505.67089844 5358.5 0.0130736269057
1512744335376 lifecam22 2505.67089844 5358.5 0.0130736269057
1512744335434 lifecam22 2505.67089844 5358.5 0.0130736269057
1512744335502 lifecam22 2505.67089844 5358.5 0.0130736269057
1512744335582 lifecam22 2505.47119141 5358.49951172 0.01523095835
1512744335647 lifecam22 2505.67089844 5358.5 0.0130736269057
1512744335785 lifecam22 2505.67089844 5358.5 0.0130736269057
1512744335842 lifecam22 2505.67089844 5358.5 0.0130736269057
1512744335918 lifecam22 2505.47119141 5358.49951172 0.01523095835
1512744335985 lifecam22 2505.27490234 5358.49951172 0.0169463790953
1512744336053 lifecam22 2505.67089844 5358.5 0.0130736269057
1512744336307 lifecam22 2505.67089844 5358.5 0.0130736269057
1512744336379 lifecam22 2506.49975586 5358.24462891 0.00677818479016
1512744336444 lifecam22 2508.34619141 5356.33837891 0.0471759475768
1512744336512 lifecam22 2508.01147461 5355.72949219 0.0492422059178
1512744336702 lifecam22 2503.17431641 5355.40478516 0.0586993172765
1512744336783 lifecam22 2492.49975586 5354.40136719 0.0279709752649
1512744336854 lifecam22 2475.72143555 5352.84423828 0.0420623458922
1512744336915 lifecam22 2458.30029297 5352.38085938 0.0256510414183
1512744336986 lifecam22 2444.52099609 5351.66650391 0.0434963144362
1512744337182 lifecam22 2399.26513672 5350.22705078 0.137658417225
1512744337238 lifecam22 2384.72558594 5349.56103516 0.168014228344
1512744337319 lifecam22 2370.34960938 5348.04980469 0.202501252294
1512744337384 lifecam22 2353.81542969 5345.90332031 0.229661181569
1512744337452 lifecam22 2339.44189453 5342.77880859 0.256836622953
1512744337651 lifecam22 2294.5324707 5332.04492188 0.344896018505
1512744337712 lifecam22 2277.34716797 5328.45898438 0.256105482578
1512744337770 lifecam22 2265.62597656 5322.93408203 0.406621068716
1512744337836 lifecam22 2247.39746094 5315.75097656 0.373637616634
1512744338057 lifecam22 2209.57666016 5299.67138672 0.517957150936
1512744338124 lifecam22 2192.51171875 5292.21044922 0.430091053247
1512744338320 lifecam22 2156.33056641 5269.46875 0.638713419437
1512744338914 lifecam22 2053.50976562 5182.88037109 0.894471406937
1512744339054 lifecam22 2049.89575195 5179.39453125 0.912639796734
1512744339393 lifecam22 2050.16479492 5179.18896484 0.915473043919
1512744340329 lifecam22 2049.89575195 5179.39453125 0.912639796734
1512744340714 lifecam22 2050.04150391 5179.28125 0.912642359734
