1512744788533 lifecam22 2331.69238281 5766.00341797 6.1588716507
1512744788611 lifecam22 2331.68066406 5764.35791016 6.17905569077
1512744788677 lifecam22 2332.04443359 5763.36962891 6.1768951416
1512744788736 lifecam22 2331.8918457 5761.02539062 6.19590520859
1512744788930 lifecam22 2331.49951172 5754.515625 6.25121068954
1512744789013 lifecam22 2331.49951172 5754.33349609 6.24941205978
1512744789064 lifecam22 2331.49951172 5754.515625 6.25121068954
1512744789137 lifecam22 2331.49951172 5754.515625 6.25121068954
1512744789195 lifecam22 2331.49951172 5754.34667969 6.24903488159
1512744789353 lifecam22 2331.49951172 5754.33349609 6.24941205978
1512744789406 lifecam22 2331.49951172 5754.34667969 6.24903488159
1512744789476 lifecam22 2331.49951172 5754.33349609 6.24941205978
1512744789546 lifecam22 2331.49951172 5754.66943359 6.25105762482
1512744789605 lifecam22 2331.49951172 5754.66943359 6.25105762482
1512744789820 lifecam22 2331.13720703 5754.36962891 6.25908899307
1512744789881 lifecam22 2331.49951172 5754.50244141 6.25158834457
1512744789949 lifecam22 2331.49951172 5754.50048828 6.24888467789
1512744790006 lifecam22 2331.49951172 5754.83496094 6.25367975235
1512744790073 lifecam22 2331.49951172 5754.70605469 6.24780273438
1512744790271 lifecam22 2328.75830078 5754.86572266 6.26536226273
1512744790347 lifecam22 2330.8515625 5755.06054688 6.26743507385
1512744790410 lifecam22 2330.44018555 5755.09960938 6.26668643951
1512744790482 lifecam22 2331.49951172 5754.99804688 6.25675439835
1512744790532 lifecam22 2331.49951172 5754.66943359 6.25105762482
1512744790682 lifecam22 2331.49951172 5754.69384766 6.25036811829
1512744790809 lifecam22 2331.49951172 5754.69384766 6.25036811829
1512744790872 lifecam22 2331.49951172 5754.69384766 6.25036811829
1512744790940 lifecam22 2331.49951172 5754.69384766 6.25036811829
1512744791078 lifecam22 2331.49951172 5754.69384766 6.25036811829
1512744791141 lifecam22 2331.49951172 5754.69384766 6.25036811829
1512744791203 lifecam22 2331.49951172 5754.52490234 6.24819660187
1512744791281 lifecam22 2331.49951172 5754.69384766 6.25036811829
1512744791348 lifecam22 2331.49951172 5754.69384766 6.25036811829
1512744791477 lifecam22 2331.49951172 5754.875 6.24997091293
1512744791548 lifecam22 2331.49951172 5754.875 6.24997091293
1512744791613 lifecam22 2331.49951172 5754.875 6.24997091293
1512744791747 lifecam22 2331.49951172 5754.875 6.24997091293
1512744791817 lifecam22 2331.27832031 5755.03857422 6.25456809998
1512744791869 lifecam22 2332.29394531 5757.41894531 6.22723388672
1512744791945 lifecam22 2331.69042969 5758.21142578 6.23435783386
1512744792010 lifecam22 2331.49951172 5755.18164062 6.25958919525
1512744792084 lifecam22 2324.49951172 5754.0 6.25643253326
1512744792219 lifecam22 2331.49951172 5750.5 6.28318500519
1512744792284 lifecam22 2331.49951172 5750.5 6.28318500519
1512744792352 lifecam22 2331.49951172 5750.5 4.21200894607e-07
1512744792407 lifecam22 2331.49951172 5750.5 4.21200894607e-07
1512744792482 lifecam22 2331.3125 5750.49951172 6.28274726868
1512744792627 lifecam22 2311.58056641 5748.7578125 0.036196410656
1512744792681 lifecam22 2292.59692383 5749.04296875 0.0555350184441
1512744792734 lifecam22 2277.50976562 5748.32421875 0.0770187973976
1512744792812 lifecam22 2264.20068359 5747.67675781 0.0898837447166
1512744792877 lifecam22 2249.46948242 5747.02978516 0.119362063706
1512744793088 lifecam22 2202.85864258 5742.10009766 0.198388397694
1512744793144 lifecam22 2188.625 5739.75634766 0.229865133762
1512744793204 lifecam22 2173.45825195 5736.94091797 0.256125509739
1512744793285 lifecam22 2158.48486328 5734.00390625 0.289361059666
1512744793340 lifecam22 2143.78222656 5729.92431641 0.324856102467
1512744793493 lifecam22 2113.80957031 5721.12548828 0.376881420612
1512744793555 lifecam22 2100.54345703 5717.08984375 0.400522083044
1512744793617 lifecam22 2085.09423828 5711.50488281 0.427504479885
1512744793690 lifecam22 2070.64404297 5705.71875 0.462966740131
1512744793752 lifecam22 2056.8737793 5699.97753906 0.487795770168
1512744793951 lifecam22 2016.30358887 5678.78173828 0.567231297493
1512744794014 lifecam22 2003.17810059 5671.89404297 0.602327167988
1512744794158 lifecam22 1977.54711914 5654.99707031 0.665750563145
1512744794208 lifecam22 1965.77233887 5645.92480469 0.695323050022
1512744794348 lifecam22 1940.55322266 5626.61621094 0.757043421268
1512744794423 lifecam22 1929.22741699 5617.27294922 0.792614281178
1512744794488 lifecam22 1917.86279297 5607.66259766 0.813737094402
1512744794550 lifecam22 1907.29016113 5596.88427734 0.854737758636
1512744794625 lifecam22 1895.63818359 5585.78564453 0.871202409267
1512744794762 lifecam22 1879.51342773 5567.97119141 0.926317870617
1512744794825 lifecam22 1875.74865723 5563.68847656 0.957411170006
1512744794875 lifecam22 1877.54504395 5566.04394531 0.9779702425
1512744794944 lifecam22 1877.77160645 5565.43847656 0.941223680973
1512744795014 lifecam22 1877.03601074 5564.84472656 0.939367055893
1512744795215 lifecam22 1877.31115723 5564.86767578 0.93749409914
1512744795291 lifecam22 1877.15344238 5564.99804688 0.940445721149
1512744795354 lifecam22 1877.15344238 5564.99804688 0.940445721149
1512744795423 lifecam22 1877.15344238 5564.99804688 0.940445721149
1512744795490 lifecam22 1877.31115723 5564.86767578 0.93749409914
1512744795625 lifecam22 1877.20849609 5565.08300781 0.935745894909
1512744795689 lifecam22 1877.31115723 5564.86767578 0.93749409914
1512744795754 lifecam22 1877.3260498 5565.23632812 0.936832487583
1512744795823 lifecam22 1877.15344238 5564.99804688 0.940445721149
1512744795894 lifecam22 1877.31115723 5564.86767578 0.93749409914
1512744796093 lifecam22 1877.48840332 5565.10449219 0.93388992548
1512744796217 lifecam22 1877.1776123 5564.97558594 0.939778327942
1512744796290 lifecam22 1877.15344238 5564.99804688 0.940445721149
1512744796359 lifecam22 1877.15344238 5564.99804688 0.940445721149
1512744796487 lifecam22 1877.19262695 5564.71337891 0.936421394348
1512744796558 lifecam22 1877.3260498 5565.23632812 0.936832487583
1512744796625 lifecam22 1877.03601074 5564.84472656 0.939367055893
1512744796690 lifecam22 1877.15344238 5564.99804688 0.940445721149
1512744796749 lifecam22 1877.46179199 5564.77294922 0.939222097397
1512744796957 lifecam22 1877.31115723 5564.86767578 0.93749409914
1512744797026 lifecam22 1877.15344238 5564.99804688 0.940445721149
1512744797093 lifecam22 1877.3260498 5565.23632812 0.936832487583
1512744797159 lifecam22 1877.48840332 5565.10449219 0.93388992548
1512744797288 lifecam22 1877.46179199 5564.77294922 0.939222097397
1512744797351 lifecam22 1876.98034668 5565.10302734 0.93757557869
1512744797415 lifecam22 1877.19262695 5564.71337891 0.936421394348
