1512744209524 lifecam22 2470.5925293 5431.86279297 6.07764291763
1512744209592 lifecam22 2469.76367188 5431.38378906 6.10290527344
1512744209652 lifecam22 2468.58007812 5431.39453125 6.10898923874
1512744209786 lifecam22 2468.27978516 5432.76123047 6.09997987747
1512744209859 lifecam22 2467.26806641 5433.46289062 6.08957624435
1512744209922 lifecam22 2467.11572266 5433.2421875 6.09100627899
1512744209987 lifecam22 2467.18847656 5432.89257812 6.09526586533
1512744210059 lifecam22 2466.91259766 5431.87255859 6.0912976265
1512744210184 lifecam22 2467.49560547 5433.05712891 6.09285974503
1512744210247 lifecam22 2471.15283203 5433.24072266 6.0845618248
1512744210324 lifecam22 2467.32983398 5431.72509766 6.09616327286
1512744210376 lifecam22 2465.5847168 5430.2890625 6.1478471756
1512744210453 lifecam22 2460.99975586 5427.71826172 6.1532869339
1512744210597 lifecam22 2456.15966797 5423.17285156 6.17650413513
1512744210654 lifecam22 2456.32446289 5421.31347656 6.19111776352
1512744210728 lifecam22 2456.609375 5422.70654297 6.16041374207
1512744210783 lifecam22 2456.62768555 5423.78857422 6.17964267731
1512744210856 lifecam22 2455.01220703 5422.45019531 6.14809179306
1512744210998 lifecam22 2464.51464844 5408.54736328 6.1615447998
1512744211056 lifecam22 2472.74511719 5401.73291016 6.17896556854
1512744211122 lifecam22 2484.65234375 5394.53759766 6.1752705574
1512744211192 lifecam22 2493.60620117 5389.55029297 6.18921709061
1512744211241 lifecam22 2506.31689453 5384.91894531 6.20284509659
1512744211322 lifecam22 2513.33740234 5381.53125 6.21237802505
1512744211456 lifecam22 2517.92871094 5377.31201172 6.20104789734
1512744211512 lifecam22 2519.46679688 5376.57714844 6.20883512497
1512744211594 lifecam22 2516.69287109 5377.09179688 6.20440530777
1512744211656 lifecam22 2516.37011719 5377.14208984 6.21645736694
1512744211718 lifecam22 2516.57885742 5375.26708984 6.23241949081
1512744211857 lifecam22 2517.0 5375.23925781 6.23675489426
1512744211915 lifecam22 2516.99975586 5375.43115234 6.23829698563
1512744211985 lifecam22 2517.36474609 5376.75585938 6.22114849091
1512744212055 lifecam22 2520.50024414 5378.32666016 6.20805740356
1512744212128 lifecam22 2520.50024414 5378.34863281 6.20496463776
1512744212265 lifecam22 2520.50024414 5378.36083984 6.21047115326
1512744212327 lifecam22 2520.5 5379.07910156 6.20408010483
1512744212390 lifecam22 2520.5 5379.62255859 6.19492101669
1512744212457 lifecam22 2520.5 5380.19335938 6.19189453125
1512744212524 lifecam22 2520.5 5380.14453125 6.19214916229
1512744212721 lifecam22 2517.92260742 5376.5 6.22271251678
1512744212796 lifecam22 2517.37988281 5375.56152344 6.23456048965
1512744212854 lifecam22 2516.94970703 5374.90576172 6.23134756088
1512744212929 lifecam22 2518.1328125 5374.44726562 6.23501777649
1512744212987 lifecam22 2516.70532227 5374.35693359 6.22834587097
1512744213120 lifecam22 2517.5637207 5373.82226562 6.24155950546
1512744213186 lifecam22 2517.5637207 5373.82226562 6.24155950546
1512744213257 lifecam22 2517.73681641 5373.81103516 6.24330854416
1512744213324 lifecam22 2518.30810547 5373.76318359 6.24047517776
1512744213392 lifecam22 2518.48999023 5373.18847656 6.24522209167
1512744213458 lifecam22 2518.66992188 5373.17822266 6.24654150009
1512744213523 lifecam22 2518.47729492 5373.00830078 6.25079774857
1512744213584 lifecam22 2518.66601562 5372.99365234 6.24868965149
1512744213661 lifecam22 2518.29638672 5373.01708984 6.2494764328
1512744213861 lifecam22 2518.29638672 5373.20410156 6.2481751442
1512744213930 lifecam22 2518.07739258 5373.34375 6.24048900604
1512744213984 lifecam22 2518.4519043 5373.5 6.23832368851
1512744214066 lifecam22 2517.87207031 5373.91113281 6.23280286789
1512744214130 lifecam22 2517.65405273 5373.73925781 6.23143339157
1512744214260 lifecam22 2517.08276367 5374.15332031 6.23050308228
1512744214329 lifecam22 2517.29882812 5375.0859375 6.23744773865
1512744214391 lifecam22 2516.13134766 5376.04882812 6.23298788071
1512744214457 lifecam22 2515.5324707 5375.92578125 6.22933769226
1512744214532 lifecam22 2519.11474609 5375.33935547 6.23638057709
1512744214664 lifecam22 2513.49975586 5372.71142578 6.27923727036
1512744215063 lifecam22 2513.49951172 5370.16064453 6.26443719864
1512744215132 lifecam22 2502.99975586 5372.23583984 0.00726682366803
1512744215260 lifecam22 2468.82617188 5371.25341797 0.079297721386
1512744215328 lifecam22 2455.69750977 5371.56787109 0.0995891839266
1512744215527 lifecam22 2409.65234375 5367.48339844 0.189372479916
1512744215596 lifecam22 2393.29931641 5365.04394531 0.218834102154
1512744215660 lifecam22 2378.37841797 5361.97900391 0.250794827938
1512744215728 lifecam22 2360.33056641 5358.51660156 0.222305357456
1512744215932 lifecam22 2319.9921875 5347.421875 0.371155768633
1512744215994 lifecam22 2305.48291016 5342.58691406 0.405165225267
1512744216069 lifecam22 2291.6796875 5336.82324219 0.429755270481
1512744216195 lifecam22 2263.07617188 5325.37841797 0.490318357944
1512744216331 lifecam22 2235.38769531 5311.55761719 0.541406154633
1512744216394 lifecam22 2218.81835938 5302.40478516 0.495083481073
1512744216462 lifecam22 2209.11791992 5296.32568359 0.611448705196
1512744216532 lifecam22 2196.28173828 5287.95751953 0.635114073753
1512744216598 lifecam22 2183.41967773 5280.20263672 0.666316747665
1512744216734 lifecam22 2159.15185547 5261.72949219 0.719118773937
1512744216790 lifecam22 2147.00073242 5255.02197266 0.858076095581
1512744216865 lifecam22 2135.49975586 5242.99951172 0.785397827625
1512744216996 lifecam22 2113.02807617 5221.70166016 0.858722090721
1512744217140 lifecam22 2091.36132812 5199.30810547 0.913388967514
1512744217194 lifecam22 2082.19360352 5187.44580078 0.939009189606
1512744217264 lifecam22 2074.40161133 5178.2109375 0.961016058922
1512744217531 lifecam22 2070.7019043 5173.64111328 0.974307358265
1512744217604 lifecam22 2070.77783203 5174.05664062 0.970805585384
1512744217734 lifecam22 2070.72998047 5174.29150391 0.966612815857
1512744217798 lifecam22 2070.55981445 5173.73925781 0.975058138371
1512744217990 lifecam22 2070.55981445 5173.73925781 0.975058138371
1512744218070 lifecam22 2070.875 5174.19873047 0.969040334225
1512744218132 lifecam22 2070.7019043 5173.64111328 0.974307358265
1512744218198 lifecam22 2070.55981445 5173.73925781 0.975058138371
1512744218396 lifecam22 2070.65722656 5173.88134766 0.973292410374
1512744218472 lifecam22 2070.875 5174.19873047 0.969040334225
1512744218533 lifecam22 2070.72998047 5174.29150391 0.966612815857
1512744218599 lifecam22 2070.7019043 5173.64111328 0.974307358265
1512744218667 lifecam22 2070.65722656 5173.88134766 0.973292410374
1512744218805 lifecam22 2070.55981445 5173.73925781 0.975058138371
1512744218939 lifecam22 2070.55981445 5173.73925781 0.975058138371
1512744219068 lifecam22 2070.55981445 5173.73925781 0.975058138371
1512744219264 lifecam22 2070.7019043 5173.64111328 0.974307358265
1512744219337 lifecam22 2070.65722656 5173.88134766 0.973292410374
1512744219399 lifecam22 2070.7019043 5173.64111328 0.974307358265
1512744219465 lifecam22 2070.55981445 5173.73925781 0.975058138371
1512744219534 lifecam22 2070.77783203 5174.05664062 0.970805585384
1512744219609 lifecam22 2070.55981445 5173.73925781 0.975058138371
1512744219667 lifecam22 2070.77783203 5174.05664062 0.970805585384
1512744219735 lifecam22 2070.875 5174.19873047 0.969040334225
1512744219866 lifecam22 2070.7019043 5173.64111328 0.974307358265
1512744219995 lifecam22 2071.01586914 5174.09960938 0.968283295631
1512744220067 lifecam22 2070.875 5174.19873047 0.969040334225
1512744220136 lifecam22 2070.55981445 5173.73925781 0.975058138371
1512744220196 lifecam22 2070.7019043 5173.64111328 0.974307358265
1512744220400 lifecam22 2070.55981445 5173.73925781 0.975058138371
1512744220472 lifecam22 2070.55981445 5173.73925781 0.975058138371
1512744220537 lifecam22 2070.63134766 5174.15087891 0.968384981155
1512744220603 lifecam22 2070.79858398 5173.78222656 0.972538709641
1512744220671 lifecam22 2070.55981445 5173.73925781 0.975058138371
1512744220805 lifecam22 2070.77783203 5174.05664062 0.970805585384
1512744220873 lifecam22 2070.65722656 5173.88134766 0.973292410374
1512744220936 lifecam22 2070.77783203 5174.05664062 0.970805585384
