1512744671170 lifecam22 2969.6940918 5603.49951172 0.0137186683714
1512744671226 lifecam22 2969.71582031 5603.5 0.0106225656345
1512744671282 lifecam22 2970.24072266 5603.5 0.0146639989689
1512744671366 lifecam22 2970.04736328 5603.49951172 0.0159747060388
1512744671427 lifecam22 2969.66650391 5603.49951172 0.0109316734597
1512744671633 lifecam22 2969.71582031 5603.5 0.0106225656345
1512744671699 lifecam22 2969.54052734 5603.49951172 0.00928384531289
1512744671763 lifecam22 2969.71582031 5603.5 0.0106225656345
1512744671837 lifecam22 2969.90600586 5603.5 0.00975138321519
1512744671887 lifecam22 2970.3972168 5603.49951172 0.0186856426299
1512744672023 lifecam22 2970.25 5603.49951172 0.0122873224318
1512744672096 lifecam22 2970.43334961 5603.34179688 0.0203643459827
1512744672160 lifecam22 2970.97119141 5603.5 0.0156387723982
1512744672235 lifecam22 2971.17089844 5603.5 0.0134261287749
1512744672292 lifecam22 2970.78393555 5603.5 0.0160626787692
1512744672437 lifecam22 2971.97265625 5610.81201172 6.24087715149
1512744672505 lifecam22 2975.83666992 5612.61914062 6.20737934113
1512744672564 lifecam22 2980.04833984 5615.67675781 6.19441795349
1512744672632 lifecam22 2983.37255859 5618.71972656 6.14896154404
1512744672694 lifecam22 2988.94824219 5621.26757812 6.1101193428
1512744672898 lifecam22 3000.0 5623.31201172 6.05234909058
1512744672961 lifecam22 3000.0 5622.61181641 6.05943632126
1512744673033 lifecam22 2999.39331055 5622.59570312 6.08208608627
1512744673102 lifecam22 2998.77905273 5623.00976562 6.08925151825
1512744673235 lifecam22 2996.60058594 5624.12646484 6.07565498352
1512744673300 lifecam22 2995.26660156 5623.5703125 6.08016300201
1512744673372 lifecam22 2993.15673828 5623.14550781 6.08943891525
1512744673432 lifecam22 2989.47851562 5621.74560547 6.1110663414
1512744673493 lifecam22 2985.40258789 5621.11572266 6.13618516922
1512744673700 lifecam22 2979.32910156 5618.69970703 6.15420103073
1512744673769 lifecam22 2978.54003906 5619.16796875 6.15277528763
1512744673843 lifecam22 2976.48486328 5618.87451172 6.16722774506
1512744673905 lifecam22 2976.24389648 5617.65185547 6.17563295364
1512744673969 lifecam22 2975.80786133 5617.30957031 6.17086076736
1512744674169 lifecam22 2971.64306641 5611.66503906 6.22393608093
1512744674230 lifecam22 2969.90161133 5609.45458984 6.25307416916
1512744674300 lifecam22 2969.5090332 5609.49755859 6.25827217102
1512744674371 lifecam22 2969.73095703 5608.68896484 6.26279163361
1512744674442 lifecam22 2969.55737305 5608.51904297 6.26029777527
1512744674490 lifecam22 2969.73120117 5608.51416016 6.25899171829
1512744674559 lifecam22 2970.28271484 5609.25830078 6.25535726547
1512744674631 lifecam22 2970.4309082 5610.13867188 6.24996519089
1512744674705 lifecam22 2970.28271484 5609.25830078 6.25535726547
1512744674902 lifecam22 2969.31665039 5607.30029297 6.26018762589
1512744674969 lifecam22 2969.16235352 5606.95458984 6.25706481934
1512744675039 lifecam22 2969.00146484 5606.25097656 6.25449895859
1512744675104 lifecam22 2969.31591797 5606.93945312 6.25723838806
1512744675177 lifecam22 2969.47973633 5606.92773438 6.2595038414
1512744675302 lifecam22 2969.30004883 5607.30273438 6.26193761826
1512744675373 lifecam22 2969.29125977 5607.30224609 6.25942993164
1512744675431 lifecam22 2969.2956543 5607.30322266 6.26237487793
1512744675496 lifecam22 2969.11987305 5607.31445312 6.25804519653
1512744675569 lifecam22 2969.09350586 5607.921875 6.26193380356
1512744675708 lifecam22 2973.20776367 5610.21435547 6.23606681824
1512744675769 lifecam22 2973.33691406 5608.46386719 6.24338817596
1512744675833 lifecam22 2967.84326172 5607.03369141 6.25664758682
1512744675905 lifecam22 2966.98413086 5606.99951172 0.0216893590987
1512744675972 lifecam22 2968.49975586 5603.49951172 6.28318500519
1512744676171 lifecam22 2968.49975586 5603.49951172 6.28318500519
1512744676236 lifecam22 2968.49975586 5603.49951172 6.28318500519
1512744676302 lifecam22 2968.49975586 5603.49951172 6.28318500519
1512744676371 lifecam22 2961.49975586 5603.5 6.283182621
1512744676441 lifecam22 2947.5 5603.5 6.28318405151
1512744676572 lifecam22 2913.02270508 5601.75976562 0.0313740409911
1512744676640 lifecam22 2898.15673828 5601.80957031 0.0694270804524
1512744676698 lifecam22 2883.33276367 5601.14941406 0.100030966103
1512744676761 lifecam22 2868.80371094 5600.7109375 0.120288424194
1512744676842 lifecam22 2853.30908203 5599.83007812 0.150795042515
1512744676961 lifecam22 2823.87011719 5596.4609375 0.213330551982
1512744677042 lifecam22 2808.48388672 5593.57763672 0.245402634144
1512744677110 lifecam22 2794.07128906 5590.84521484 0.27959266305
1512744677378 lifecam22 2734.92651367 5575.0390625 0.388649880886
1512744677508 lifecam22 2707.25195312 5564.9453125 0.441123992205
1512744677970 lifecam22 2611.67285156 5513.82714844 0.659344613552
1512744678370 lifecam22 2539.23901367 5455.66796875 0.858220100403
