1512744768854 lifecam22 2238.1159668 5758.20166016 6.24815559387
1512744768896 lifecam22 2234.63208008 5761.33007812 6.22926092148
1512744768963 lifecam22 2234.69384766 5764.46044922 6.2177400589
1512744769110 lifecam22 2234.83813477 5771.10205078 6.16041278839
1512744769169 lifecam22 2238.30517578 5774.15234375 6.12433338165
1512744769237 lifecam22 2237.72998047 5773.88671875 6.13241147995
1512744769304 lifecam22 2238.09570312 5775.140625 6.11255741119
1512744769363 lifecam22 2240.6862793 5774.74853516 6.12635374069
1512744769509 lifecam22 2241.24243164 5775.62646484 6.1137676239
1512744769569 lifecam22 2241.23632812 5775.13623047 6.1157207489
1512744769636 lifecam22 2241.57543945 5776.16699219 6.09552717209
1512744769717 lifecam22 2242.38891602 5777.15820312 6.10159492493
1512744769786 lifecam22 2243.79931641 5778.05517578 6.09577083588
1512744769911 lifecam22 2238.28173828 5773.73828125 6.12219429016
1512744769973 lifecam22 2234.75024414 5770.61230469 6.15491390228
1512744770035 lifecam22 2234.51123047 5766.64648438 6.1919670105
1512744770117 lifecam22 2234.68432617 5765.28222656 6.21005868912
1512744770169 lifecam22 2235.22509766 5764.73681641 6.21350431442
1512744770242 lifecam22 2235.97216797 5763.65869141 6.22205400467
1512744770380 lifecam22 2235.1640625 5761.29248047 6.22807025909
1512744770452 lifecam22 2234.63208008 5761.33007812 6.22926092148
1512744770501 lifecam22 2234.65722656 5761.65966797 6.23338794708
1512744770585 lifecam22 2234.640625 5761.49707031 6.23117351532
1512744770639 lifecam22 2234.65722656 5761.65966797 6.23338842392
1512744770781 lifecam22 2234.81713867 5761.48486328 6.23030185699
1512744770848 lifecam22 2234.6262207 5761.33056641 6.22941303253
1512744770900 lifecam22 2234.64282227 5761.49267578 6.23162078857
1512744770988 lifecam22 2234.64282227 5761.49267578 6.23162078857
1512744771042 lifecam22 2234.98095703 5761.30517578 6.22809076309
1512744771180 lifecam22 2234.6262207 5761.33056641 6.22941303253
1512744771246 lifecam22 2235.18334961 5761.62988281 6.22928380966
1512744771305 lifecam22 2235.20117188 5761.79394531 6.23150444031
1512744771367 lifecam22 2234.98095703 5761.30517578 6.22809076309
1512744771441 lifecam22 2235.37011719 5761.61767578 6.22968912125
1512744771579 lifecam22 2235.37011719 5761.61767578 6.22969007492
1512744771643 lifecam22 2234.640625 5761.49707031 6.23117351532
1512744771705 lifecam22 2234.6262207 5761.33056641 6.22941303253
1512744771766 lifecam22 2234.6262207 5761.33056641 6.22941303253
1512744771837 lifecam22 2234.6262207 5761.33056641 6.22941303253
1512744771990 lifecam22 2234.6262207 5761.33056641 6.22941303253
1512744772048 lifecam22 2234.6262207 5761.33056641 6.22941303253
1512744772106 lifecam22 2234.65722656 5761.65966797 6.23338842392
1512744772178 lifecam22 2235.56054688 5761.60546875 6.23051786423
1512744772254 lifecam22 2234.64404297 5761.66796875 6.23062086105
1512744772442 lifecam22 2234.6262207 5761.33056641 6.22941303253
1512744772503 lifecam22 2234.6262207 5761.33056641 6.22941303253
1512744772579 lifecam22 2234.80175781 5761.31787109 6.22853803635
1512744772641 lifecam22 2235.02099609 5761.80615234 6.23194646835
1512744772710 lifecam22 2235.40722656 5761.94482422 6.23459529877
1512744772842 lifecam22 2235.60058594 5764.50195312 6.21674442291
1512744772903 lifecam22 2236.39746094 5763.94921875 6.23286914825
1512744772975 lifecam22 2234.66796875 5763.00488281 6.22505807877
1512744773040 lifecam22 2231.68798828 5761.80371094 6.2696928978
1512744773119 lifecam22 2233.49975586 5759.83935547 6.2644367218
1512744773187 lifecam22 2235.45214844 5757.49951172 6.26716184616
1512744773255 lifecam22 2236.01416016 5757.5 6.26575136185
1512744773308 lifecam22 2235.66113281 5757.49951172 6.26356983185
1512744773370 lifecam22 2236.01416016 5757.49951172 6.26575231552
1512744773458 lifecam22 2231.16015625 5757.5 6.26443815231
1512744773645 lifecam22 2188.05029297 5758.47460938 0.07015068084
1512744773722 lifecam22 2174.44384766 5758.51367188 0.110621266067
1512744773787 lifecam22 2159.05493164 5757.50048828 0.134465992451
1512744773855 lifecam22 2143.44970703 5756.32177734 0.174408853054
1512744773912 lifecam22 2128.31225586 5754.71435547 0.198719084263
1512744774039 lifecam22 2098.40625 5749.50537109 0.254200279713
1512744774125 lifecam22 2082.95336914 5746.49951172 0.281212747097
1512744774194 lifecam22 2068.50146484 5742.86523438 0.302539288998
1512744774257 lifecam22 2053.12304688 5739.28857422 0.334932029247
1512744774312 lifecam22 2038.84191895 5734.91796875 0.367677599192
1512744774448 lifecam22 2009.99694824 5725.07421875 0.421758711338
1512744774514 lifecam22 1995.55480957 5720.12548828 0.445724904537
1512744774592 lifecam22 1982.07434082 5713.94726562 0.474395811558
1512744774640 lifecam22 1967.52160645 5706.99267578 0.517358601093
1512744774707 lifecam22 1954.59936523 5700.01318359 0.544844508171
1512744774977 lifecam22 1901.68408203 5668.91845703 0.659523785114
1512744775044 lifecam22 1889.6973877 5660.18896484 0.679748296738
1512744775108 lifecam22 1876.8104248 5650.88134766 0.71366161108
1512744775178 lifecam22 1865.15148926 5642.82128906 0.731946527958
1512744775261 lifecam22 1851.53149414 5632.29882812 0.781874597073
1512744775394 lifecam22 1831.1361084 5611.61279297 0.839159548283
1512744775451 lifecam22 1819.39123535 5600.62353516 0.869116544724
1512744775505 lifecam22 1808.65014648 5590.09570312 0.901875138283
1512744775575 lifecam22 1798.37219238 5578.10595703 0.930167257786
1512744775663 lifecam22 1789.38684082 5567.390625 0.962166309357
1512744775717 lifecam22 1787.22338867 5563.73339844 0.962245941162
1512744775776 lifecam22 1787.64428711 5564.58398438 0.964208543301
1512744775854 lifecam22 1788.04956055 5564.54931641 0.96709382534
1512744775919 lifecam22 1787.74841309 5564.73291016 0.963031291962
1512744776060 lifecam22 1787.85852051 5564.54345703 0.967862904072
1512744776132 lifecam22 1787.91516113 5564.62841797 0.964836120605
1512744776176 lifecam22 1788.04956055 5564.54931641 0.96709382534
1512744776243 lifecam22 1788.04956055 5564.54931641 0.96709382534
1512744776311 lifecam22 1787.74841309 5564.73291016 0.963031291962
1512744776518 lifecam22 1788.04956055 5564.54931641 0.96709382534
1512744776580 lifecam22 1788.04956055 5564.54931641 0.96709382534
1512744776642 lifecam22 1787.91516113 5564.62841797 0.964836120605
1512744776719 lifecam22 1787.91516113 5564.62841797 0.964836120605
1512744776776 lifecam22 1788.04956055 5564.54931641 0.96709382534
1512744776908 lifecam22 1787.74841309 5564.73291016 0.963031291962
1512744776998 lifecam22 1787.85852051 5564.54345703 0.967862904072
1512744777050 lifecam22 1787.74841309 5564.73291016 0.963031291962
1512744777122 lifecam22 1787.8828125 5564.65380859 0.965290009975
1512744777177 lifecam22 1787.69262695 5564.64746094 0.966055750847
1512744777325 lifecam22 1787.91516113 5564.62841797 0.964836120605
1512744777388 lifecam22 1788.04956055 5564.54931641 0.96709382534
1512744777457 lifecam22 1787.91516113 5564.62841797 0.964836120605
1512744777515 lifecam22 1787.74841309 5564.73291016 0.963031291962
1512744777598 lifecam22 1788.04956055 5564.54931641 0.96709382534
1512744777716 lifecam22 1787.91516113 5564.62841797 0.964836120605
1512744777795 lifecam22 1787.8828125 5564.65380859 0.965290009975
1512744777848 lifecam22 1788.04956055 5564.54931641 0.96709382534
1512744777921 lifecam22 1788.04956055 5564.54931641 0.96709382534
1512744777990 lifecam22 1787.91516113 5564.62841797 0.964836120605
