1512744464302 lifecam22 2534.35083008 5333.42382812 6.24124956131
1512744464365 lifecam22 2534.49975586 5333.44726562 6.24453020096
1512744464437 lifecam22 2534.49975586 5333.44726562 6.24453020096
1512744464578 lifecam22 2534.49975586 5333.44726562 6.24453020096
1512744464644 lifecam22 2534.49975586 5333.44726562 6.24453020096
1512744464703 lifecam22 2534.49975586 5333.44726562 6.24453020096
1512744464777 lifecam22 2534.49975586 5333.44726562 6.24453020096
1512744464842 lifecam22 2534.49975586 5333.26904297 6.24535751343
1512744465032 lifecam22 2534.49975586 5333.44726562 6.24453020096
1512744465101 lifecam22 2534.49975586 5333.44726562 6.24453020096
1512744465164 lifecam22 2534.49975586 5333.44726562 6.24453020096
1512744465246 lifecam22 2534.49975586 5333.44726562 6.24453020096
1512744465327 lifecam22 2534.49975586 5333.44726562 6.24453020096
1512744465378 lifecam22 2534.49975586 5333.44726562 6.24453020096
1512744465446 lifecam22 2534.49975586 5333.44726562 6.24453020096
1512744465509 lifecam22 2534.49975586 5333.44726562 6.24453020096
1512744465572 lifecam22 2534.49975586 5333.44726562 6.24453020096
1512744465781 lifecam22 2534.49975586 5333.44726562 6.24453020096
1512744465844 lifecam22 2534.49975586 5333.44726562 6.24453020096
1512744465902 lifecam22 2534.49975586 5333.44726562 6.24453020096
1512744465971 lifecam22 2534.49975586 5333.44726562 6.24453020096
1512744466041 lifecam22 2534.49975586 5333.44726562 6.24453020096
1512744466186 lifecam22 2534.49975586 5333.44726562 6.24453020096
1512744466241 lifecam22 2534.49975586 5333.44726562 6.24453020096
1512744466311 lifecam22 2534.49975586 5333.44726562 6.24453020096
1512744466381 lifecam22 2534.49975586 5333.44726562 6.24453020096
1512744466501 lifecam22 2534.49975586 5333.44726562 6.24453020096
1512744466577 lifecam22 2534.49975586 5333.26904297 6.24535751343
1512744466645 lifecam22 2534.49975586 5333.44726562 6.24453020096
1512744466709 lifecam22 2534.49975586 5333.07861328 6.2462887764
1512744466783 lifecam22 2534.49951172 5333.06347656 6.24682950974
1512744466841 lifecam22 2534.49975586 5333.44726562 6.24453020096
1512744466984 lifecam22 2534.49975586 5333.44726562 6.24453020096
1512744467043 lifecam22 2534.49975586 5333.44726562 6.24453020096
1512744467111 lifecam22 2534.35253906 5333.59912109 6.2410159111
1512744467177 lifecam22 2534.35083008 5333.42382812 6.24124956131
1512744467258 lifecam22 2534.49975586 5333.63427734 6.2440366745
1512744467380 lifecam22 2534.49975586 5333.44726562 6.24453020096
1512744467451 lifecam22 2534.49975586 5333.44726562 6.24453020096
1512744467508 lifecam22 2534.49975586 5333.44726562 6.24453020096
1512744467574 lifecam22 2534.49975586 5333.63427734 6.2440366745
1512744467637 lifecam22 2534.49975586 5333.81835938 6.24398231506
1512744467847 lifecam22 2534.49975586 5334.36523438 6.2440366745
1512744467928 lifecam22 2534.5 5335.07714844 6.24834108353
1512744467975 lifecam22 2534.32324219 5335.21289062 6.24613761902
1512744468041 lifecam22 2534.69702148 5335.27001953 6.24524593353
1512744468118 lifecam22 2534.87915039 5334.73339844 6.23881292343
1512744468242 lifecam22 2529.49804688 5333.56738281 6.22827625275
1512744468313 lifecam22 2534.5 5330.49951172 6.28318500519
1512744468373 lifecam22 2534.5 5330.5 1.74845553147e-07
1512744468443 lifecam22 2534.5 5330.5 1.74845553147e-07
1512744468505 lifecam22 2534.5 5330.5 1.74845553147e-07
1512744468652 lifecam22 2527.67163086 5330.49951172 0.00175530114211
1512744468705 lifecam22 2520.31396484 5330.81494141 0.0082373060286
1512744468776 lifecam22 2501.90966797 5331.62597656 0.0446826778352
1512744468845 lifecam22 2485.41113281 5331.97998047 0.0776771903038
1512744468912 lifecam22 2471.8347168 5330.68066406 0.105299055576
1512744469041 lifecam22 2440.40576172 5329.47607422 0.156456410885
1512744469124 lifecam22 2425.56201172 5327.98535156 0.18243701756
1512744469190 lifecam22 2410.02954102 5325.60546875 0.219402492046
1512744469258 lifecam22 2394.27539062 5322.45947266 0.249565199018
1512744469325 lifecam22 2380.5546875 5319.57666016 0.27975744009
1512744469457 lifecam22 2349.93701172 5311.94091797 0.33669012785
1512744469659 lifecam22 2306.57348633 5298.39697266 0.424843758345
1512744469719 lifecam22 2292.63330078 5293.56640625 0.449075996876
1512744469851 lifecam22 2260.00878906 5277.02392578 0.44402962923
1512744470043 lifecam22 2224.25366211 5259.03271484 0.602959990501
1512744470600 lifecam22 2127.69970703 5187.30419922 0.953093647957
1512744470778 lifecam22 2096.42553711 5151.61474609 0.926827430725
1512744470844 lifecam22 2089.36669922 5146.93212891 1.06250083447
