1512744726311 lifecam22 2058.5 5712.05273438 6.18600988388
1512744726368 lifecam22 2062.46826172 5716.30615234 6.1214017868
1512744726438 lifecam22 2065.2199707 5719.26025391 6.08405160904
1512744726507 lifecam22 2067.74511719 5719.67382812 6.07949447632
1512744726573 lifecam22 2067.81567383 5717.89892578 6.08494281769
1512744726778 lifecam22 2069.4609375 5714.85058594 6.09732246399
1512744726847 lifecam22 2070.70507812 5714.16210938 6.10409593582
1512744726902 lifecam22 2071.50024414 5714.27685547 6.09166622162
1512744726978 lifecam22 2073.60644531 5714.18652344 6.1055188179
1512744727036 lifecam22 2074.08789062 5714.05029297 6.10641002655
1512744727248 lifecam22 2071.85327148 5714.39697266 6.09081697464
1512744727305 lifecam22 2071.6171875 5714.05810547 6.09680080414
1512744727368 lifecam22 2070.70385742 5714.21728516 6.10589694977
1512744727437 lifecam22 2070.33642578 5714.19775391 6.10926961899
1512744727712 lifecam22 2062.48193359 5715.5703125 6.11957359314
1512744727778 lifecam22 2055.88037109 5709.16796875 6.19048643112
1512744727850 lifecam22 2055.0 5706.35791016 6.23271846771
1512744727908 lifecam22 2055.71557617 5706.29882812 6.21780490875
1512744727983 lifecam22 2060.19311523 5705.11767578 6.22561740875
1512744728115 lifecam22 2059.79736328 5704.63867188 6.22804260254
1512744728175 lifecam22 2059.80883789 5704.81347656 6.22891187668
1512744728239 lifecam22 2059.80029297 5704.4765625 6.22974061966
1512744728312 lifecam22 2060.71484375 5704.73486328 6.22929143906
1512744728375 lifecam22 2060.75415039 5704.20556641 6.22909116745
1512744728574 lifecam22 2055.0 5704.83154297 6.24685001373
1512744728634 lifecam22 2053.39282227 5704.61328125 6.23080778122
1512744728706 lifecam22 2055.0 5705.16845703 6.24685049057
1512744728779 lifecam22 2055.0 5705.92626953 6.23805999756
1512744728851 lifecam22 2055.0 5705.56591797 6.23973655701
1512744729038 lifecam22 2055.0 5705.0 6.24777698517
1512744729101 lifecam22 2054.35644531 5705.04345703 6.23859357834
1512744729171 lifecam22 2054.35644531 5705.04345703 6.23859357834
1512744729241 lifecam22 2054.77807617 5705.01464844 6.2440161705
1512744729301 lifecam22 2055.0 5705.0 6.24777698517
1512744729511 lifecam22 2055.0 5705.53417969 6.2444152832
1512744729571 lifecam22 2055.0 5705.73144531 6.24104738235
1512744729641 lifecam22 2055.0 5705.5234375 6.24218845367
1512744729709 lifecam22 2055.0 5706.07617188 6.23702049255
1512744729771 lifecam22 2055.0 5705.90234375 6.2405166626
1512744729906 lifecam22 2055.0 5705.16845703 6.24685049057
1512744729969 lifecam22 2055.0 5705.16845703 6.24685049057
1512744730038 lifecam22 2055.0 5705.16845703 6.24685001373
1512744730106 lifecam22 2055.0 5705.16845703 6.24685001373
1512744730173 lifecam22 2054.99975586 5705.36816406 6.24310255051
1512744730387 lifecam22 2054.99975586 5705.36816406 6.24310255051
1512744730448 lifecam22 2054.99975586 5705.36816406 6.24310255051
1512744730508 lifecam22 2055.0 5705.16845703 6.24685049057
1512744730576 lifecam22 2055.0 5705.16845703 6.24685001373
1512744730635 lifecam22 2054.99975586 5705.36816406 6.24310255051
1512744730837 lifecam22 2055.58325195 5709.32470703 6.21448755264
1512744730913 lifecam22 2055.56518555 5708.66845703 6.21348953247
1512744730975 lifecam22 2055.0 5707.64990234 6.2330904007
1512744731043 lifecam22 2051.87451172 5705.21337891 6.24041032791
1512744731106 lifecam22 2057.91088867 5702.91650391 6.25287389755
1512744731304 lifecam22 2056.45849609 5700.890625 6.25630664825
1512744731376 lifecam22 2056.28710938 5700.87597656 6.25400066376
1512744731444 lifecam22 2048.74414062 5701.1015625 6.26288080215
1512744731504 lifecam22 2035.16662598 5701.5 6.2642788887
1512744731574 lifecam22 2018.15783691 5701.5 6.28318119049
1512744731714 lifecam22 1986.27502441 5701.24023438 0.0523639284074
1512744731775 lifecam22 1971.5357666 5701.10546875 0.0707708075643
1512744731844 lifecam22 1956.34997559 5700.78759766 0.100316718221
1512744731917 lifecam22 1941.82080078 5699.94970703 0.129857480526
1512744731992 lifecam22 1927.26599121 5699.51220703 0.158959209919
1512744732188 lifecam22 1881.68994141 5693.19921875 0.255399256945
1512744732245 lifecam22 1866.64929199 5690.12792969 0.290260374546
1512744732324 lifecam22 1851.88293457 5686.23779297 0.314801633358
1512744732381 lifecam22 1836.79040527 5682.89941406 0.340335935354
1512744732458 lifecam22 1819.79663086 5677.25244141 0.328384786844
1512744732598 lifecam22 1792.9317627 5668.24414062 0.432136386633
1512744732649 lifecam22 1779.79675293 5662.00097656 0.452936708927
1512744732725 lifecam22 1764.52282715 5656.734375 0.490064829588
1512744732793 lifecam22 1750.52990723 5650.08007812 0.513655006886
1512744732855 lifecam22 1737.60522461 5644.00439453 0.545429050922
1512744733060 lifecam22 1697.52941895 5620.38037109 0.629667401314
1512744733261 lifecam22 1660.56872559 5594.7890625 0.720098435879
1512744733324 lifecam22 1648.7767334 5585.99121094 0.751450657845
1512744733469 lifecam22 1624.78100586 5564.72802734 0.827059447765
1512744733515 lifecam22 1613.97766113 5555.19238281 0.843355178833
1512744733591 lifecam22 1602.4197998 5543.85693359 0.870055258274
1512744733660 lifecam22 1595.98510742 5536.61669922 0.894170880318
1512744733720 lifecam22 1593.90930176 5535.0703125 0.900074124336
1512744733781 lifecam22 1595.09606934 5536.10791016 0.893734157085
1512744733912 lifecam22 1595.39221191 5535.86523438 0.893735170364
1512744733996 lifecam22 1595.3380127 5536.10253906 0.890820741653
1512744734395 lifecam22 1595.39221191 5535.86523438 0.893735170364
1512744734454 lifecam22 1595.48364258 5535.97949219 0.890285551548
1512744734653 lifecam22 1595.70117188 5536.04150391 0.887834906578
1512744734863 lifecam22 1595.3380127 5536.10253906 0.890820741653
1512744734919 lifecam22 1595.3380127 5536.10253906 0.890820741653
1512744735054 lifecam22 1595.24597168 5535.98632812 0.894275844097
1512744735128 lifecam22 1595.48364258 5535.97949219 0.890285551548
1512744735331 lifecam22 1595.3380127 5536.10253906 0.890820741653
1512744735733 lifecam22 1595.4576416 5536.25439453 0.891151785851
