1512744231352 lifecam22 2486.35717773 5396.49267578 6.0913567543
1512744231422 lifecam22 2485.34472656 5396.88623047 6.09325695038
1512744231481 lifecam22 2485.32763672 5397.19238281 6.08726358414
1512744231551 lifecam22 2486.34570312 5396.78857422 6.08544063568
1512744231820 lifecam22 2485.96289062 5396.64550781 6.09191179276
1512744231884 lifecam22 2485.57080078 5397.56982422 6.0991191864
1512744231951 lifecam22 2484.17895508 5397.79101562 6.10427379608
1512744232020 lifecam22 2483.29907227 5397.38769531 6.11945962906
1512744232088 lifecam22 2483.27294922 5397.19677734 6.12410020828
1512744232287 lifecam22 2479.89868164 5395.46044922 6.12879610062
1512744232346 lifecam22 2475.72021484 5393.38183594 6.14596223831
1512744232420 lifecam22 2472.24951172 5390.44970703 6.17912483215
1512744232489 lifecam22 2471.06005859 5386.0 6.2029671669
1512744232547 lifecam22 2471.20556641 5382.95800781 6.2381696701
1512744232689 lifecam22 2473.77856445 5380.94433594 6.241335392
1512744232759 lifecam22 2474.3293457 5380.72070312 6.24493026733
1512744232822 lifecam22 2474.32543945 5380.71875 6.24544906616
1512744232890 lifecam22 2474.1484375 5380.73486328 6.24312400818
1512744232952 lifecam22 2473.76416016 5380.75 6.24263000488
1512744233156 lifecam22 2474.1484375 5380.73486328 6.24312400818
1512744233226 lifecam22 2473.95996094 5380.74414062 6.24236011505
1512744233352 lifecam22 2475.62060547 5380.71875 6.23606109619
1512744233414 lifecam22 2475.07421875 5381.47167969 6.22713565826
1512744233623 lifecam22 2472.63427734 5383.15380859 6.22673416138
1512744233690 lifecam22 2472.45800781 5383.69238281 6.22891569138
1512744233753 lifecam22 2472.12548828 5384.18554688 6.22351646423
1512744233823 lifecam22 2472.11547852 5383.64794922 6.22762966156
1512744233883 lifecam22 2472.11547852 5383.64794922 6.22762966156
1512744234089 lifecam22 2472.27612305 5383.45947266 6.22567892075
1512744234154 lifecam22 2472.29199219 5383.99414062 6.22356510162
1512744234223 lifecam22 2472.10546875 5385.1875 6.20704746246
1512744234290 lifecam22 2472.10839844 5385.375 6.2045378685
1512744234351 lifecam22 2472.10839844 5385.375 6.2045378685
1512744234561 lifecam22 2472.26318359 5384.8203125 6.21176195145
1512744234623 lifecam22 2472.42041016 5384.63330078 6.20914936066
1512744234688 lifecam22 2472.26147461 5385.00683594 6.2088804245
1512744234758 lifecam22 2472.10449219 5385.71142578 6.20469379425
1512744234824 lifecam22 2472.2980957 5386.38720703 6.20271873474
1512744235022 lifecam22 2472.28027344 5387.08203125 6.19934606552
1512744235091 lifecam22 2472.4609375 5389.29589844 6.1800031662
1512744235155 lifecam22 2472.47167969 5390.32421875 6.17092657089
1512744235224 lifecam22 2473.70825195 5390.74853516 6.15978240967
1512744235289 lifecam22 2473.45361328 5390.63037109 6.1594119072
1512744235494 lifecam22 2472.35546875 5390.49462891 6.1617474556
1512744235557 lifecam22 2471.91967773 5388.27490234 6.1830573082
1512744235626 lifecam22 2472.18652344 5387.09033203 6.1889462471
1512744235758 lifecam22 2472.29980469 5386.1953125 6.19594621658
1512744235888 lifecam22 2471.63232422 5385.92138672 6.19712781906
1512744235963 lifecam22 2470.67163086 5385.33984375 6.20600366592
1512744236025 lifecam22 2467.53759766 5386.33349609 6.20765733719
1512744236092 lifecam22 2470.19604492 5386.64501953 6.19360017776
1512744236161 lifecam22 2471.46191406 5385.78076172 6.1976518631
1512744236358 lifecam22 2472.48999023 5386.359375 6.19700145721
1512744236424 lifecam22 2472.20043945 5387.08154297 6.19560670853
1512744236493 lifecam22 2473.15136719 5386.32226562 6.20319318771
1512744236560 lifecam22 2472.31201172 5386.02636719 6.21107625961
1512744236628 lifecam22 2471.13720703 5384.65527344 6.2488861084
1512744236829 lifecam22 2471.5 5382.82470703 6.24730968475
1512744236890 lifecam22 2472.01757812 5382.24316406 6.25351810455
1512744236957 lifecam22 2471.86328125 5382.24902344 6.25434160233
1512744237028 lifecam22 2471.5 5382.24169922 6.25236034393
1512744237093 lifecam22 2466.87011719 5382.03613281 6.22231054306
1512744237298 lifecam22 2419.77978516 5381.47705078 6.22628164291
1512744237362 lifecam22 2405.8762207 5382.00097656 6.23533535004
1512744237429 lifecam22 2391.33813477 5382.99951172 6.26727581024
1512744237493 lifecam22 2376.10375977 5384.05810547 0.0284732021391
1512744237561 lifecam22 2360.98046875 5384.13037109 0.0472018122673
1512744237763 lifecam22 2315.52856445 5382.59277344 0.139696419239
1512744237830 lifecam22 2300.38916016 5380.85986328 0.166970789433
1512744237896 lifecam22 2285.85839844 5379.44628906 0.19848638773
1512744237966 lifecam22 2270.62158203 5377.01171875 0.231828540564
1512744238030 lifecam22 2255.19018555 5373.45556641 0.272270619869
1512744238170 lifecam22 2225.27880859 5366.82177734 0.320280402899
1512744238232 lifecam22 2210.90039062 5362.98242188 0.352138340473
1512744238303 lifecam22 2196.65283203 5358.68603516 0.377737939358
1512744238357 lifecam22 2182.02416992 5353.59375 0.42008215189
1512744238697 lifecam22 2111.90527344 5321.63476562 0.564879477024
1512744238761 lifecam22 2099.76171875 5314.36083984 0.579629063606
1512744238830 lifecam22 2086.27685547 5306.52539062 0.621896743774
1512744238896 lifecam22 2073.07617188 5298.39794922 0.643456757069
1512744239166 lifecam22 2025.26013184 5262.40527344 0.796014606953
1512744239231 lifecam22 2013.76672363 5252.29833984 0.812670767307
1512744239297 lifecam22 2005.12414551 5243.96289062 0.836885213852
1512744239496 lifecam22 2003.59802246 5242.78222656 0.826520621777
1512744239567 lifecam22 2003.78527832 5242.58789062 0.821258187294
1512744239635 lifecam22 2003.54626465 5242.83251953 0.827044844627
1512744239701 lifecam22 2003.68786621 5242.69970703 0.826734721661
1512744239766 lifecam22 2003.68786621 5242.69970703 0.826734721661
1512744239969 lifecam22 2003.59802246 5242.78222656 0.826520621777
1512744240028 lifecam22 2003.68786621 5242.69970703 0.826734721661
1512744240099 lifecam22 2003.59802246 5242.78222656 0.826520621777
1512744240166 lifecam22 2003.41101074 5242.95703125 0.826721847057
1512744240236 lifecam22 2003.68786621 5242.69970703 0.826734721661
1512744240434 lifecam22 2003.59802246 5242.76318359 0.821469545364
1512744240509 lifecam22 2003.68786621 5242.69970703 0.826734721661
1512744240572 lifecam22 2003.54626465 5242.83251953 0.827044844627
1512744240627 lifecam22 2003.54626465 5242.83251953 0.827044844627
1512744240699 lifecam22 2003.68786621 5242.69970703 0.826734721661
1512744240835 lifecam22 2003.59802246 5242.78222656 0.826520621777
1512744240900 lifecam22 2003.41101074 5242.95703125 0.826721847057
1512744240970 lifecam22 2003.68786621 5242.69970703 0.826734721661
1512744241034 lifecam22 2003.54626465 5242.83251953 0.827044844627
1512744241102 lifecam22 2003.41101074 5242.95703125 0.826721847057
1512744241235 lifecam22 2003.59802246 5242.76318359 0.821469545364
1512744241296 lifecam22 2003.59802246 5242.78222656 0.826520621777
1512744241372 lifecam22 2003.54626465 5242.83251953 0.827044844627
1512744241436 lifecam22 2003.54626465 5242.83251953 0.827044844627
1512744241505 lifecam22 2003.78527832 5242.58789062 0.821258187294
1512744241635 lifecam22 2003.41101074 5242.95703125 0.826721847057
1512744241695 lifecam22 2003.59802246 5242.78222656 0.826520621777
1512744241759 lifecam22 2003.87512207 5242.50537109 0.82146692276
1512744241828 lifecam22 2003.73352051 5242.63818359 0.821784436703
1512744241901 lifecam22 2003.66564941 5242.69580078 0.820342540741
