1512744556985 lifecam22 2578.36401367 5299.62207031 6.22817325592
1512744557047 lifecam22 2578.38696289 5299.96728516 6.23014831543
1512744557118 lifecam22 2578.1809082 5299.63525391 6.22819662094
1512744557197 lifecam22 2578.57763672 5299.77636719 6.22866821289
1512744557257 lifecam22 2578.75732422 5299.59521484 6.23110151291
1512744557322 lifecam22 2579.75244141 5299.01806641 6.23648500443
1512744557390 lifecam22 2578.5222168 5299.08642578 6.22656154633
1512744557445 lifecam22 2578.92919922 5299.0546875 6.23033332825
1512744557662 lifecam22 2579.29882812 5299.02783203 6.22530603409
1512744557712 lifecam22 2578.33447266 5299.10058594 6.22615861893
1512744557788 lifecam22 2578.33447266 5299.10058594 6.22615861893
1512744557861 lifecam22 2578.53930664 5299.26220703 6.22618818283
1512744557908 lifecam22 2578.34570312 5299.27685547 6.22702646255
1512744557989 lifecam22 2578.34570312 5299.27685547 6.22702646255
1512744558184 lifecam22 2577.81079102 5299.66162109 6.22781324387
1512744558254 lifecam22 2577.99023438 5299.6484375 6.22736549377
1512744558326 lifecam22 2578.17358398 5299.63525391 6.22734355927
1512744558377 lifecam22 2577.79785156 5299.49072266 6.22650527954
1512744558449 lifecam22 2577.81079102 5299.66162109 6.22781324387
1512744558588 lifecam22 2577.63476562 5299.67431641 6.22869253159
1512744558655 lifecam22 2577.62255859 5299.50390625 6.22738695145
1512744558719 lifecam22 2577.79785156 5299.49072266 6.22650527954
1512744558786 lifecam22 2577.79199219 5299.31738281 6.22667217255
1512744558859 lifecam22 2577.78662109 5299.31591797 6.22564315796
1512744559071 lifecam22 2577.79785156 5299.49072266 6.22650527954
1512744559109 lifecam22 2577.62255859 5299.50390625 6.22738695145
1512744559178 lifecam22 2577.63476562 5299.67431641 6.22869253159
1512744559243 lifecam22 2577.62255859 5299.50390625 6.22738695145
1512744559316 lifecam22 2577.30615234 5299.86767578 6.23349618912
1512744559589 lifecam22 2577.64233398 5299.85058594 6.22890472412
1512744559654 lifecam22 2577.64233398 5299.85058594 6.22890472412
1512744559721 lifecam22 2577.63476562 5299.67431641 6.22869253159
1512744559790 lifecam22 2577.62255859 5299.50390625 6.22738695145
1512744559992 lifecam22 2577.64233398 5299.85058594 6.22890472412
1512744560054 lifecam22 2577.62255859 5299.50390625 6.22738695145
1512744560120 lifecam22 2577.62255859 5299.50390625 6.22738695145
1512744560189 lifecam22 2577.64233398 5299.85058594 6.22890472412
1512744560257 lifecam22 2577.83398438 5300.00439453 6.22978067398
1512744560393 lifecam22 2577.74682617 5301.03613281 6.24151134491
1512744560462 lifecam22 2577.75 5301.89697266 6.2359495163
1512744560521 lifecam22 2578.48022461 5301.00097656 6.24106264114
1512744560587 lifecam22 2578.28051758 5300.82226562 6.23888444901
1512744560659 lifecam22 2576.5 5299.56152344 6.24507284164
1512744561060 lifecam22 2579.15551758 5295.5 6.25691413879
1512744561119 lifecam22 2570.83862305 5295.5 6.27609539032
1512744561323 lifecam22 2525.66162109 5297.12402344 0.0494813397527
1512744561387 lifecam22 2511.53149414 5297.59521484 0.0621048882604
1512744561456 lifecam22 2496.57885742 5297.54541016 0.0851661711931
1512744561525 lifecam22 2480.68359375 5296.70898438 0.118246391416
1512744561581 lifecam22 2465.45263672 5295.41064453 0.144779026508
1512744561793 lifecam22 2420.05273438 5289.72998047 0.238827168941
1512744561862 lifecam22 2405.19262695 5286.99609375 0.263796150684
1512744561929 lifecam22 2389.47216797 5283.26611328 0.291178375483
1512744562452 lifecam22 2270.52905273 5240.05908203 0.450743585825
1512744562650 lifecam22 2234.59960938 5219.75878906 0.610379815102
1512744563257 lifecam22 2128.99853516 5134.21728516 0.88060259819
1512744563325 lifecam22 2122.69897461 5127.03417969 0.908686757088
1512744563852 lifecam22 2122.61328125 5127.74853516 0.895525097847
1512744565463 lifecam22 2122.671875 5127.49609375 0.903737664223
