1512744162514 lifecam22 2531.20874023 5347.77099609 6.28266763687
1512744162774 lifecam22 2531.20874023 5347.77099609 6.28266763687
1512744162850 lifecam22 2531.20874023 5347.77099609 6.28266763687
1512744162975 lifecam22 2534.5 5347.58203125 0.00718516437337
1512744163040 lifecam22 2534.67675781 5348.50390625 6.27778339386
1512744163110 lifecam22 2534.49975586 5350.08154297 6.26456880569
1512744163169 lifecam22 2534.66918945 5350.68505859 6.27347564697
1512744163246 lifecam22 2534.49975586 5351.5 2.92459594675e-06
1512744163297 lifecam22 2534.0793457 5351.5 0.00743431318551
1512744163518 lifecam22 2532.72167969 5354.52978516 6.2388176918
1512744163574 lifecam22 2532.72387695 5354.703125 6.23897075653
1512744163650 lifecam22 2532.99267578 5353.81347656 6.25331735611
1512744163714 lifecam22 2533.16674805 5353.46289062 6.25907659531
1512744163779 lifecam22 2533.17944336 5353.12695312 6.26250123978
1512744163911 lifecam22 2533.1730957 5353.28662109 6.26083660126
1512744163980 lifecam22 2533.26293945 5353.80175781 6.24156665802
1512744164050 lifecam22 2534.0168457 5353.73583984 6.23841190338
1512744164118 lifecam22 2534.34350586 5353.89550781 6.2441945076
1512744164174 lifecam22 2533.81469727 5354.41308594 6.22963094711
1512744164321 lifecam22 2534.03076172 5354.09326172 6.2360868454
1512744164385 lifecam22 2532.99438477 5354.16650391 6.25082063675
1512744164449 lifecam22 2533.18847656 5352.93359375 6.26548194885
1512744164517 lifecam22 2532.94580078 5353.4765625 6.26554298401
1512744164582 lifecam22 2533.11181641 5353.97998047 6.26061344147
1512744164784 lifecam22 2532.95336914 5353.99169922 6.2570772171
1512744164842 lifecam22 2532.99438477 5353.84521484 6.2546453476
1512744164916 lifecam22 2532.78930664 5353.32470703 6.263671875
1512744164986 lifecam22 2533.44360352 5352.06640625 0.00596899213269
1512744165046 lifecam22 2533.15307617 5352.92480469 6.26361370087
1512744165187 lifecam22 2532.95825195 5353.11181641 6.26177597046
1512744165251 lifecam22 2531.88012695 5353.90283203 6.2541437149
1512744165316 lifecam22 2531.0 5353.06005859 6.25639247894
1512744165385 lifecam22 2531.0 5352.54980469 6.26350355148
1512744165453 lifecam22 2531.0 5352.69970703 6.25477600098
1512744165588 lifecam22 2530.80419922 5353.44824219 6.25224637985
1512744165655 lifecam22 2531.18066406 5353.39160156 6.24343633652
1512744165721 lifecam22 2531.36816406 5352.82666016 6.24727725983
1512744165790 lifecam22 2532.65771484 5354.38037109 6.24804401398
1512744165843 lifecam22 2527.49975586 5351.5 8.98038024388e-07
1512744165977 lifecam22 2533.56860352 5351.5 6.2829284668
1512744166049 lifecam22 2534.09399414 5349.36230469 6.27201604843
1512744166111 lifecam22 2534.30419922 5348.41796875 0.00736886728555
1512744166185 lifecam22 2531.50195312 5348.0 6.2716217041
1512744166253 lifecam22 2524.22363281 5347.68115234 6.24660873413
1512744166454 lifecam22 2481.61376953 5345.16210938 6.21675014496
1512744166526 lifecam22 2466.90991211 5346.06201172 6.22277450562
1512744166588 lifecam22 2450.88964844 5347.04882812 6.24052667618
1512744166656 lifecam22 2435.203125 5347.99951172 6.26493120193
1512744166721 lifecam22 2419.69750977 5348.20410156 6.27275419235
1512744166853 lifecam22 2389.64282227 5349.17285156 0.0638440325856
1512744166924 lifecam22 2374.75561523 5349.35253906 0.0972212031484
1512744166978 lifecam22 2359.71240234 5348.82226562 0.128947675228
1512744167042 lifecam22 2345.02929688 5347.48681641 0.157799810171
1512744167113 lifecam22 2329.28466797 5346.01757812 0.190972745419
1512744167250 lifecam22 2299.75805664 5342.09130859 0.25708347559
1512744167310 lifecam22 2284.63378906 5338.70019531 0.288173764944
1512744167448 lifecam22 2254.39550781 5330.85595703 0.353798687458
1512744167521 lifecam22 2240.74584961 5326.88525391 0.378941744566
1512744167588 lifecam22 2222.43457031 5319.91259766 0.360104262829
1512744167722 lifecam22 2198.02294922 5310.42529297 0.470287054777
1512744167776 lifecam22 2179.66845703 5301.75683594 0.436054289341
1512744167846 lifecam22 2166.984375 5296.68945312 0.444442719221
1512744167989 lifecam22 2142.84936523 5284.05273438 0.575466871262
1512744168058 lifecam22 2130.31518555 5276.93847656 0.609500586987
1512744168126 lifecam22 2117.08764648 5269.09423828 0.630029201508
1512744168255 lifecam22 2091.42797852 5251.17773438 0.701138079166
1512744168526 lifecam22 2057.18237305 5223.10058594 0.77726316452
1512744168657 lifecam22 2060.05834961 5225.45654297 0.754108786583
1512744169055 lifecam22 2059.75683594 5225.52587891 0.756072163582
1512744169254 lifecam22 2059.75683594 5225.52587891 0.756072163582
1512744169330 lifecam22 2059.88232422 5225.64941406 0.755162060261
1512744169860 lifecam22 2059.75683594 5225.52587891 0.756072163582
1512744170464 lifecam22 2059.88232422 5225.64941406 0.755162060261
1512744170984 lifecam22 2059.88232422 5225.64941406 0.755162060261
1512744172527 lifecam22 2059.88232422 5225.64941406 0.755162060261
