1512744195496 lifecam22 2492.99584961 5399.03173828 6.25398683548
1512744195563 lifecam22 2492.99584961 5399.03173828 6.25398683548
1512744195708 lifecam22 2493.18212891 5399.37060547 6.25297784805
1512744195765 lifecam22 2495.80371094 5399.16064453 6.26524496078
1512744195833 lifecam22 2495.58276367 5399.70800781 6.26531076431
1512744195892 lifecam22 2494.57373047 5399.52636719 6.25796031952
1512744195971 lifecam22 2495.15673828 5399.34570312 6.26201057434
1512744196100 lifecam22 2494.00439453 5398.47216797 6.25390529633
1512744196164 lifecam22 2495.08984375 5397.97412109 6.26792097092
1512744196299 lifecam22 2497.43847656 5394.22216797 6.28115701675
1512744196501 lifecam22 2474.1003418 5393.5 6.28005075455
1512744196559 lifecam22 2457.5 5393.5 6.283182621
1512744196633 lifecam22 2439.57910156 5393.5 0.00762850418687
1512744196704 lifecam22 2425.52563477 5394.10742188 0.0352204479277
1512744196765 lifecam22 2411.13671875 5393.9609375 0.0583303645253
1512744196827 lifecam22 2395.78564453 5393.81054688 0.094842620194
1512744196897 lifecam22 2381.14599609 5393.22509766 0.127165853977
1512744196962 lifecam22 2365.90478516 5392.49511719 0.162157133222
1512744197034 lifecam22 2350.37060547 5390.41650391 0.197583958507
1512744197101 lifecam22 2335.88085938 5388.66259766 0.234704777598
1512744197169 lifecam22 2320.49047852 5386.15234375 0.257771551609
1512744197310 lifecam22 2290.53344727 5378.68408203 0.312875837088
1512744197434 lifecam22 2260.98730469 5371.05566406 0.371313750744
1512744197631 lifecam22 2217.93261719 5354.62792969 0.461545079947
1512744197707 lifecam22 2204.42919922 5349.22412109 0.488123685122
1512744197764 lifecam22 2190.92041016 5343.51123047 0.513864815235
1512744197831 lifecam22 2173.14770508 5333.32568359 0.491945445538
1512744197899 lifecam22 2163.54003906 5328.42138672 0.571635365486
1512744197973 lifecam22 2151.21069336 5321.17578125 0.599248111248
1512744198241 lifecam22 2100.41967773 5286.74267578 0.712985694408
1512744198286 lifecam22 2087.5078125 5276.11474609 0.752553880215
1512744198371 lifecam22 2075.99975586 5267.5 0.792658090591
1512744198435 lifecam22 2065.57836914 5256.69677734 0.786461174488
1512744198553 lifecam22 2043.55236816 5235.12158203 0.869903981686
1512744198636 lifecam22 2036.47595215 5228.47607422 0.895532608032
1512744198703 lifecam22 2035.04089355 5226.49267578 0.905527293682
1512744199162 lifecam22 2035.5045166 5227.08105469 0.906669020653
1512744199505 lifecam22 2035.5045166 5227.08105469 0.906669020653
1512744200435 lifecam22 2035.5045166 5227.08105469 0.906669020653
1512744201440 lifecam22 2035.37512207 5226.91650391 0.905031681061
