1512744807295 lifecam22 2239.83056641 5720.90771484 6.2114315033
1512744807375 lifecam22 2241.76831055 5721.45654297 6.20534706116
1512744807439 lifecam22 2240.60546875 5721.08300781 6.20814561844
1512744807505 lifecam22 2240.99853516 5721.05273438 6.20711040497
1512744807640 lifecam22 2242.68579102 5721.17822266 6.21145582199
1512744807700 lifecam22 2241.52954102 5720.84765625 6.20920085907
1512744807778 lifecam22 2239.29467773 5722.81982422 6.20594739914
1512744807839 lifecam22 2239.16503906 5723.19238281 6.20453643799
1512744807908 lifecam22 2238.72485352 5723.94921875 6.1949596405
1512744808096 lifecam22 2239.04077148 5723.90234375 6.19857549667
1512744808173 lifecam22 2238.88037109 5723.93164062 6.20568275452
1512744808305 lifecam22 2237.50756836 5725.49902344 6.1810002327
1512744808380 lifecam22 2237.58276367 5726.46972656 6.17129087448
1512744808443 lifecam22 2236.59741211 5727.81445312 6.18201541901
1512744808507 lifecam22 2236.06811523 5730.37548828 6.17173337936
1512744808575 lifecam22 2237.8347168 5731.65673828 6.13286066055
1512744808638 lifecam22 2238.2956543 5732.64794922 6.12376260757
1512744808712 lifecam22 2238.30541992 5733.33837891 6.11508321762
1512744808765 lifecam22 2238.93261719 5734.64550781 6.10844993591
1512744808910 lifecam22 2239.07177734 5734.39990234 6.10784244537
1512744808977 lifecam22 2238.10961914 5733.22216797 6.11290502548
1512744809030 lifecam22 2237.03320312 5731.24902344 6.14623165131
1512744809108 lifecam22 2236.82910156 5729.17285156 6.16216373444
1512744809163 lifecam22 2237.60253906 5728.44628906 6.15529346466
1512744809313 lifecam22 2238.11376953 5726.20996094 6.16872930527
1512744809381 lifecam22 2238.43603516 5726.88037109 6.17554330826
1512744809442 lifecam22 2238.61767578 5727.18212891 6.16931533813
1512744809514 lifecam22 2238.70117188 5726.45703125 6.17017841339
1512744809568 lifecam22 2239.0637207 5725.15087891 6.19098043442
1512744809780 lifecam22 2239.84814453 5724.88037109 6.20048093796
1512744809850 lifecam22 2239.41894531 5724.91943359 6.19907236099
1512744809912 lifecam22 2239.47070312 5725.11572266 6.19600963593
1512744809979 lifecam22 2239.04931641 5724.94482422 6.19499063492
1512744810049 lifecam22 2238.83203125 5724.95898438 6.19224023819
1512744810173 lifecam22 2239.41894531 5724.91943359 6.19907236099
1512744810238 lifecam22 2239.23510742 5724.93115234 6.19677448273
1512744810301 lifecam22 2239.23510742 5724.93115234 6.19677448273
1512744810378 lifecam22 2239.04931641 5724.94482422 6.19499063492
1512744810445 lifecam22 2239.41894531 5724.91943359 6.19907236099
1512744810579 lifecam22 2239.09228516 5725.53417969 6.18782758713
1512744810654 lifecam22 2239.3671875 5726.73925781 6.18031215668
1512744810697 lifecam22 2240.23120117 5728.21337891 6.17324495316
1512744810768 lifecam22 2239.26904297 5727.82958984 6.17637300491
1512744810850 lifecam22 2238.640625 5728.10449219 6.17343902588
1512744810981 lifecam22 2234.1784668 5725.27148438 6.22231912613
1512744811039 lifecam22 2239.41699219 5721.71630859 6.2169752121
1512744811124 lifecam22 2237.50585938 5722.0703125 6.2152132988
1512744811181 lifecam22 2237.68139648 5721.85693359 6.21664953232
1512744811250 lifecam22 2237.68139648 5721.85693359 6.21664953232
1512744811447 lifecam22 2223.72680664 5722.66064453 6.2232837677
1512744811506 lifecam22 2208.71264648 5723.76171875 6.23308181763
1512744811581 lifecam22 2190.71459961 5724.60791016 6.23830461502
1512744811645 lifecam22 2176.29614258 5724.94970703 6.2501335144
1512744811697 lifecam22 2162.68945312 5726.0 6.27863454819
1512744811840 lifecam22 2131.87451172 5726.14013672 0.048965036869
1512744811913 lifecam22 2117.01708984 5726.12353516 0.0809028819203
1512744811985 lifecam22 2101.95947266 5725.45703125 0.114371240139
1512744812044 lifecam22 2087.32202148 5724.52050781 0.142363741994
1512744812119 lifecam22 2071.83691406 5722.96044922 0.179183423519
1512744812251 lifecam22 2041.95666504 5719.02246094 0.238405048847
1512744812298 lifecam22 2026.56555176 5716.35400391 0.261659801006
1512744812381 lifecam22 2012.22424316 5713.23046875 0.288796365261
1512744812453 lifecam22 1996.21911621 5708.73388672 0.32140776515
1512744812506 lifecam22 1982.10949707 5705.43261719 0.350255191326
1512744812653 lifecam22 1953.30773926 5695.85449219 0.407047361135
1512744812717 lifecam22 1939.32971191 5690.61621094 0.433841913939
1512744812775 lifecam22 1924.80578613 5684.87207031 0.466365486383
1512744812852 lifecam22 1910.44580078 5678.41796875 0.492986768484
1512744812921 lifecam22 1896.85375977 5672.05712891 0.52176207304
1512744813110 lifecam22 1856.50378418 5649.90185547 0.619849860668
1512744813171 lifecam22 1843.40466309 5642.03417969 0.64109992981
1512744813253 lifecam22 1830.56005859 5633.73046875 0.679968118668
1512744813317 lifecam22 1818.23791504 5624.19384766 0.70328605175
1512744813380 lifecam22 1806.62097168 5614.91894531 0.721796751022
1512744813578 lifecam22 1772.83605957 5585.89697266 0.835240960121
1512744813718 lifecam22 1769.16833496 5582.35058594 0.824036180973
1512744813786 lifecam22 1769.3503418 5582.65917969 0.822965025902
1512744813973 lifecam22 1769.3503418 5582.65917969 0.822965025902
1512744814054 lifecam22 1769.48815918 5582.52392578 0.822058796883
1512744814119 lifecam22 1769.3503418 5582.65917969 0.822965025902
1512744814171 lifecam22 1769.3503418 5582.65917969 0.822965025902
1512744814236 lifecam22 1769.3503418 5582.65917969 0.822965025902
1512744814369 lifecam22 1769.3503418 5582.65917969 0.822965025902
1512744814447 lifecam22 1769.3503418 5582.65917969 0.822965025902
1512744814510 lifecam22 1769.3503418 5582.65917969 0.822965025902
1512744814574 lifecam22 1769.3503418 5582.65917969 0.822965025902
1512744814635 lifecam22 1769.2545166 5582.77050781 0.827239751816
1512744814790 lifecam22 1769.44152832 5582.80517578 0.833036065102
1512744814858 lifecam22 1769.3503418 5582.65917969 0.822965025902
1512744814917 lifecam22 1769.3503418 5582.65917969 0.822965025902
1512744814973 lifecam22 1769.3503418 5582.65917969 0.822965025902
1512744815039 lifecam22 1769.3503418 5582.65917969 0.822965025902
1512744815245 lifecam22 1769.3503418 5582.65917969 0.822965025902
1512744815313 lifecam22 1769.3503418 5582.65917969 0.822965025902
1512744815369 lifecam22 1769.3503418 5582.65917969 0.822965025902
1512744815439 lifecam22 1769.2545166 5582.77050781 0.827239751816
1512744815520 lifecam22 1769.3503418 5582.65917969 0.822965025902
1512744815658 lifecam22 1769.3503418 5582.65917969 0.822965025902
1512744815723 lifecam22 1769.3503418 5582.65917969 0.822965025902
1512744815781 lifecam22 1769.3503418 5582.65917969 0.822965025902
1512744815857 lifecam22 1769.3503418 5582.65917969 0.822965025902
