1512744278227 lifecam22 2577.58618164 5354.45361328 6.22777318954
1512744278360 lifecam22 2577.95581055 5354.95898438 6.22590494156
1512744278429 lifecam22 2577.80517578 5355.48828125 6.22798442841
1512744278496 lifecam22 2578.00561523 5355.81542969 6.22912740707
1512744278564 lifecam22 2577.86108398 5356.34570312 6.23257684708
1512744278626 lifecam22 2578.39208984 5355.61816406 6.22438049316
1512744278766 lifecam22 2580.15527344 5354.10644531 6.22850131989
1512744278890 lifecam22 2580.515625 5351.5 6.25120973587
1512744279219 lifecam22 2561.84326172 5351.06835938 6.26520586014
1512744279291 lifecam22 2545.29980469 5350.84716797 6.23860406876
1512744279362 lifecam22 2529.68481445 5351.5 6.25490188599
1512744279426 lifecam22 2516.14306641 5351.5 6.27378940582
1512744279563 lifecam22 2485.70166016 5353.875 0.0308449883014
1512744279628 lifecam22 2469.79394531 5354.37451172 0.0742316842079
1512744279685 lifecam22 2455.35473633 5354.33496094 0.104481033981
1512744279762 lifecam22 2439.56640625 5353.24462891 0.140404552221
1512744279828 lifecam22 2424.70996094 5352.01220703 0.162147223949
1512744279965 lifecam22 2393.6940918 5347.81298828 0.221390172839
1512744280035 lifecam22 2378.40087891 5345.03613281 0.253822863102
1512744280094 lifecam22 2363.38378906 5342.27539062 0.267160743475
1512744280162 lifecam22 2344.18212891 5337.58251953 0.240132153034
1512744280501 lifecam22 2276.11279297 5315.36523438 0.462725281715
1512744280568 lifecam22 2262.55273438 5309.05566406 0.484758526087
1512744280625 lifecam22 2244.80249023 5300.85449219 0.4275406003
1512744280702 lifecam22 2235.21972656 5295.66699219 0.545357882977
1512744280760 lifecam22 2216.73217773 5287.33837891 0.456653028727
1512744280820 lifecam22 2207.81201172 5280.91259766 0.597794950008
1512744280895 lifecam22 2194.84375 5272.95556641 0.627986252308
1512744281027 lifecam22 2169.26757812 5255.96240234 0.686082661152
1512744281358 lifecam22 2114.0078125 5210.37060547 0.828597784042
1512744283171 lifecam22 2112.24902344 5209.08251953 0.850761711597
