1512744293860 lifecam22 2531.54736328 5375.10302734 6.18036413193
1512744293913 lifecam22 2530.39233398 5374.98681641 6.18584012985
1512744293976 lifecam22 2526.79125977 5373.10253906 6.20021820068
1512744294053 lifecam22 2521.79614258 5370.12060547 6.22203111649
1512744294187 lifecam22 2519.45263672 5362.75927734 6.2730588913
1512744294249 lifecam22 2519.43408203 5363.61621094 6.27525377274
1512744294319 lifecam22 2519.43066406 5363.79541016 6.27588033676
1512744294390 lifecam22 2519.43554688 5363.09912109 6.27162361145
1512744294452 lifecam22 2520.31713867 5362.53173828 6.254322052
1512744294592 lifecam22 2519.47998047 5361.34619141 6.26866960526
1512744294643 lifecam22 2519.35131836 5360.25 6.27671146393
1512744294715 lifecam22 2519.21020508 5359.68408203 0.00167984177824
1512744294787 lifecam22 2519.27490234 5358.49951172 0.0169484056532
1512744294853 lifecam22 2519.27490234 5358.49951172 0.0169484056532
1512744295055 lifecam22 2516.8034668 5362.0 6.28293943405
1512744295127 lifecam22 2517.93017578 5359.2734375 6.27496099472
1512744295189 lifecam22 2517.39086914 5358.83740234 7.75496082497e-05
1512744295316 lifecam22 2517.7734375 5358.68457031 0.00246471585706
1512744295372 lifecam22 2517.91357422 5360.66162109 6.27147626877
1512744295458 lifecam22 2517.72949219 5360.30957031 6.27206707001
1512744295586 lifecam22 2517.34790039 5360.85986328 6.270611763
1512744295654 lifecam22 2518.46020508 5360.27001953 6.27903318405
1512744295719 lifecam22 2517.71435547 5361.19482422 6.26936626434
1512744295857 lifecam22 2517.52270508 5361.55566406 6.2675280571
1512744295923 lifecam22 2517.71240234 5361.04345703 6.26185369492
1512744295982 lifecam22 2516.98925781 5361.77001953 6.26005601883
1512744296061 lifecam22 2517.69628906 5362.29052734 6.26449203491
1512744296123 lifecam22 2517.16503906 5361.76074219 6.26135730743
1512744296320 lifecam22 2517.52514648 5361.22412109 6.262778759
1512744296393 lifecam22 2517.52636719 5361.38964844 6.26488733292
1512744296725 lifecam22 2517.70483398 5361.21337891 6.26366662979
1512744296855 lifecam22 2517.70654297 5361.0390625 6.26351356506
1512744296921 lifecam22 2517.51611328 5361.31298828 6.26152801514
1512744296990 lifecam22 2517.52636719 5361.31591797 6.25974845886
1512744297116 lifecam22 2517.69042969 5361.95751953 6.26070785522
1512744297189 lifecam22 2518.24951172 5361.93994141 6.26425409317
1512744297260 lifecam22 2518.41210938 5362.05224609 6.26571130753
1512744297315 lifecam22 2518.40795898 5361.74707031 6.26175069809
1512744297393 lifecam22 2518.95507812 5362.23779297 6.26984405518
1512744297525 lifecam22 2519.45239258 5363.09423828 6.27568674088
1512744297584 lifecam22 2519.44140625 5363.95996094 6.27985286713
1512744297658 lifecam22 2520.07299805 5364.86669922 6.28048372269
1512744297727 lifecam22 2520.14086914 5364.86474609 6.28024291992
1512744297788 lifecam22 2519.44433594 5364.70654297 0.00295120873488
1512744297918 lifecam22 2520.49975586 5361.99951172 1.74845553147e-07
1512744297983 lifecam22 2520.49975586 5359.49121094 0.0163475926965
1512744298051 lifecam22 2520.5 5359.66357422 0.0181384738535
1512744298126 lifecam22 2520.49975586 5359.14746094 0.0127800153568
1512744298188 lifecam22 2520.49975586 5359.14746094 0.0127800153568
1512744298390 lifecam22 2499.53955078 5359.87255859 0.0259662307799
1512744298461 lifecam22 2481.18359375 5359.42919922 0.0779054760933
1512744298526 lifecam22 2466.53540039 5358.68847656 0.0987899899483
1512744298594 lifecam22 2452.41064453 5357.80322266 0.116566836834
1512744298659 lifecam22 2435.39746094 5356.83935547 0.150305688381
1512744298926 lifecam22 2375.89868164 5348.50292969 0.263172328472
1512744298995 lifecam22 2360.09643555 5345.06738281 0.295994341373
1512744299054 lifecam22 2345.43212891 5340.70263672 0.323481976986
1512744299200 lifecam22 2316.29760742 5331.90087891 0.37956687808
1512744299267 lifecam22 2297.97338867 5326.80078125 0.31472247839
1512744299327 lifecam22 2287.30322266 5322.40136719 0.4551628232
1512744299394 lifecam22 2273.85351562 5316.02148438 0.469635426998
1512744299462 lifecam22 2259.48730469 5310.109375 0.497836321592
1512744299647 lifecam22 2219.32324219 5288.62060547 0.59386742115
1512744299864 lifecam22 2180.70263672 5264.43652344 0.672201514244
1512744299930 lifecam22 2168.13378906 5255.43212891 0.708793282509
1512744300190 lifecam22 2121.40698242 5215.56738281 0.839372932911
1512744300398 lifecam22 2089.52563477 5182.16210938 0.925030231476
1512744300997 lifecam22 2073.14819336 5162.32910156 0.977958679199
1512744301803 lifecam22 2073.38378906 5162.09570312 0.970319628716
