1512744351466 lifecam22 2486.89892578 5338.02099609 6.21055650711
1512744351540 lifecam22 2486.89892578 5338.02099609 6.21055650711
1512744351611 lifecam22 2486.74072266 5338.02978516 6.20710611343
1512744351731 lifecam22 2486.37597656 5337.73144531 6.21226215363
1512744351802 lifecam22 2486.69677734 5337.36181641 6.21336889267
1512744351875 lifecam22 2486.51904297 5337.37939453 6.21425056458
1512744351943 lifecam22 2486.52416992 5336.85888672 6.22171831131
1512744351997 lifecam22 2486.35546875 5336.43896484 6.23067378998
1512744352209 lifecam22 2486.69433594 5335.53857422 6.23441505432
1512744352275 lifecam22 2486.51757812 5335.55078125 6.23572063446
1512744352337 lifecam22 2486.51757812 5335.55078125 6.23572063446
1512744352406 lifecam22 2486.50708008 5335.37060547 6.23475503922
1512744352472 lifecam22 2486.50708008 5335.37060547 6.23475503922
1512744352610 lifecam22 2486.50708008 5335.37060547 6.23475503922
1512744352677 lifecam22 2486.19702148 5335.83837891 6.23956775665
1512744352738 lifecam22 2486.3840332 5336.19824219 6.23554849625
1512744352808 lifecam22 2486.35864258 5335.66162109 6.23498678207
1512744352877 lifecam22 2486.35864258 5335.66162109 6.23498678207
1512744353076 lifecam22 2486.74682617 5336.03613281 6.24151325226
1512744353143 lifecam22 2486.39892578 5336.54736328 6.23553562164
1512744353209 lifecam22 2486.52734375 5336.796875 6.22323274612
1512744353275 lifecam22 2486.35205078 5336.62597656 6.22741651535
1512744353342 lifecam22 2486.38134766 5336.38574219 6.23229217529
1512744353544 lifecam22 2486.55053711 5335.83447266 6.23502779007
1512744353610 lifecam22 2486.54736328 5335.89208984 6.23970890045
1512744353675 lifecam22 2486.36328125 5336.875 6.22763109207
1512744353743 lifecam22 2486.5222168 5336.82666016 6.22177314758
1512744353810 lifecam22 2486.53076172 5337.53955078 6.21567964554
1512744354011 lifecam22 2486.69165039 5337.17431641 6.21447372437
1512744354074 lifecam22 2487.04150391 5336.52929688 6.22344875336
1512744354142 lifecam22 2487.03173828 5336.74609375 6.21985864639
1512744354214 lifecam22 2487.04150391 5336.52929688 6.22344875336
1512744354277 lifecam22 2486.8527832 5336.16503906 6.22528791428
1512744354479 lifecam22 2487.04150391 5336.52929688 6.22344875336
1512744354545 lifecam22 2487.02416992 5336.90185547 6.21742630005
1512744354612 lifecam22 2487.02416992 5336.90185547 6.21742630005
1512744354679 lifecam22 2486.87011719 5337.34082031 6.21151161194
1512744354744 lifecam22 2486.69018555 5337.35888672 6.21197128296
1512744354947 lifecam22 2486.18945312 5337.56591797 6.21350812912
1512744355011 lifecam22 2486.37109375 5337.88964844 6.20801401138
1512744355079 lifecam22 2486.51171875 5337.71826172 6.20868635178
1512744355145 lifecam22 2486.51171875 5337.53564453 6.21081209183
1512744355211 lifecam22 2486.35546875 5337.37353516 6.2194943428
1512744355349 lifecam22 2486.54907227 5338.04248047 6.21470308304
1512744355410 lifecam22 2486.57128906 5338.75439453 6.21202754974
1512744355479 lifecam22 2487.03808594 5338.36914062 6.21870756149
1512744355550 lifecam22 2485.48266602 5337.12792969 6.23209142685
1512744355611 lifecam22 2488.79174805 5336.08496094 6.22334575653
1512744355815 lifecam22 2489.70727539 5334.29248047 6.22056102753
1512744355881 lifecam22 2489.53027344 5334.30419922 6.22142982483
1512744355946 lifecam22 2489.70727539 5334.29248047 6.22056102753
1512744356014 lifecam22 2485.49975586 5334.0 6.24926233292
1512744356078 lifecam22 2474.86645508 5334.66357422 6.22671079636
1512744356283 lifecam22 2425.53881836 5335.68994141 0.0266234334558
1512744356347 lifecam22 2410.33935547 5335.52197266 0.0471604503691
1512744356414 lifecam22 2395.53320312 5335.43896484 0.0709374621511
1512744356482 lifecam22 2379.765625 5335.33349609 0.101837582886
1512744356545 lifecam22 2365.28369141 5334.85595703 0.137911885977
1512744356749 lifecam22 2319.6796875 5329.8125 0.217398941517
1512744356814 lifecam22 2304.54541016 5327.19335938 0.254060804844
1512744356882 lifecam22 2289.91333008 5323.99853516 0.290072262287
1512744356948 lifecam22 2275.2199707 5320.875 0.316374123096
1512744357283 lifecam22 2201.89794922 5296.5 0.461432039738
1512744357349 lifecam22 2188.421875 5289.83203125 0.488040775061
1512744357480 lifecam22 2157.67333984 5274.72070312 0.466516315937
1512744357682 lifecam22 2121.85620117 5253.39892578 0.640877187252
1512744357949 lifecam22 2072.35888672 5217.25341797 0.739963471889
1512744358084 lifecam22 2049.43066406 5197.55566406 0.817450582981
1512744358151 lifecam22 2038.70007324 5186.67724609 0.842775642872
1512744358351 lifecam22 2027.18713379 5174.86083984 0.884005784988
