1512744706820 lifecam22 2012.13879395 5705.97753906 6.22778701782
1512744706883 lifecam22 2012.13879395 5705.97753906 6.22778701782
1512744706946 lifecam22 2012.34680176 5705.95751953 6.23027896881
1512744707019 lifecam22 2012.34680176 5705.95751953 6.23027896881
1512744707154 lifecam22 2012.34680176 5705.95751953 6.23027896881
1512744707215 lifecam22 2012.55993652 5705.93652344 6.23318862915
1512744707289 lifecam22 2012.34680176 5705.95751953 6.23027896881
1512744707350 lifecam22 2012.34924316 5705.78662109 6.23123979568
1512744707417 lifecam22 2012.35095215 5705.95654297 6.23070049286
1512744707557 lifecam22 2012.34680176 5705.95751953 6.23027896881
1512744707621 lifecam22 2012.35095215 5705.95654297 6.23070049286
1512744707690 lifecam22 2012.13879395 5705.97753906 6.22778701782
1512744707753 lifecam22 2012.35095215 5705.95654297 6.23070049286
1512744707813 lifecam22 2012.13879395 5705.97753906 6.22778701782
1512744707959 lifecam22 2012.55993652 5705.93652344 6.23318862915
1512744708015 lifecam22 2012.56408691 5705.93554688 6.23360967636
1512744708086 lifecam22 2012.55847168 5705.76611328 6.23372650146
1512744708155 lifecam22 2012.55847168 5705.76611328 6.23372650146
1512744708224 lifecam22 2012.34509277 5705.78759766 6.23081922531
1512744708421 lifecam22 2012.78161621 5705.91357422 6.2369389534
1512744708480 lifecam22 2012.77746582 5705.91455078 6.23651695251
1512744708558 lifecam22 2012.77746582 5705.91455078 6.23651695251
1512744708624 lifecam22 2012.55993652 5705.93652344 6.23318862915
1512744708680 lifecam22 2012.55993652 5705.93652344 6.23318862915
1512744708809 lifecam22 2012.13879395 5705.97753906 6.22778701782
1512744708889 lifecam22 2012.34680176 5705.95751953 6.23027896881
1512744708953 lifecam22 2012.13879395 5705.97753906 6.22778701782
1512744709027 lifecam22 2012.34680176 5705.95751953 6.23027896881
1512744709086 lifecam22 2012.13879395 5705.97753906 6.22778701782
1512744709230 lifecam22 2012.13317871 5706.17822266 6.2245798111
1512744709281 lifecam22 2012.35095215 5705.95654297 6.23070049286
1512744709357 lifecam22 2012.34680176 5705.95751953 6.23027896881
1512744709489 lifecam22 2012.13317871 5706.17822266 6.2245798111
1512744709627 lifecam22 2012.13317871 5706.17822266 6.2245798111
1512744709687 lifecam22 2012.14538574 5706.34960938 6.22679710388
1512744709758 lifecam22 2012.14221191 5706.91699219 6.2215681076
1512744709812 lifecam22 2012.14221191 5706.91699219 6.2215681076
1512744709889 lifecam22 2012.14343262 5707.93896484 6.21430921555
1512744710024 lifecam22 2012.56945801 5708.73681641 6.2170996666
1512744710088 lifecam22 2012.38366699 5708.21533203 6.21124744415
1512744710156 lifecam22 2008.92468262 5708.85888672 6.18803453445
1512744710222 lifecam22 2008.98156738 5709.56591797 6.1867814064
1512744710293 lifecam22 2009.00231934 5709.79101562 6.17804813385
1512744710492 lifecam22 2010.97302246 5707.13427734 6.20538377762
1512744710560 lifecam22 2010.61193848 5706.98974609 6.20802879333
1512744710622 lifecam22 2014.09606934 5701.07226562 6.25229787827
1512744710690 lifecam22 2011.10900879 5701.5 6.26365470886
1512744710758 lifecam22 1999.3885498 5701.49951172 6.26685714722
1512744710889 lifecam22 1964.0 5701.49951172 6.28318452835
1512744710951 lifecam22 1950.00012207 5703.10351562 0.0205845274031
1512744711026 lifecam22 1936.25073242 5702.69140625 0.0461717285216
1512744711090 lifecam22 1921.40454102 5702.859375 0.0716053768992
1512744711160 lifecam22 1906.08056641 5702.35400391 0.0997669100761
1512744711289 lifecam22 1873.62243652 5700.48242188 0.118685305119
1512744711346 lifecam22 1861.09155273 5699.22216797 0.195346653461
1512744711427 lifecam22 1845.36889648 5696.32128906 0.221057116985
1512744711484 lifecam22 1830.4822998 5693.76708984 0.251088917255
1512744711546 lifecam22 1814.94494629 5690.65771484 0.27343326807
1512744711696 lifecam22 1783.47998047 5682.13232422 0.280803501606
1512744711749 lifecam22 1770.8638916 5679.18359375 0.373560130596
1512744711961 lifecam22 1727.50769043 5663.48681641 0.460666328669
1512744712157 lifecam22 1686.4942627 5644.23339844 0.539616048336
1512744712295 lifecam22 1659.63061523 5628.79882812 0.598955988884
1512744712427 lifecam22 1633.84020996 5611.95654297 0.659929513931
1512744712621 lifecam22 1596.89074707 5584.75244141 0.746433794498
1512744712695 lifecam22 1585.59082031 5574.76025391 0.77038371563
1512744712820 lifecam22 1562.93188477 5553.26953125 0.847250461578
1512744713027 lifecam22 1549.91186523 5539.63476562 0.866075873375
1512744713087 lifecam22 1550.33605957 5539.84619141 0.870272517204
1512744713162 lifecam22 1550.19750977 5539.95947266 0.869738280773
1512744713230 lifecam22 1550.33605957 5539.84619141 0.870272517204
1512744713294 lifecam22 1550.28564453 5540.26464844 0.862987697124
1512744713434 lifecam22 1550.16845703 5539.65527344 0.866587221622
1512744713488 lifecam22 1550.33605957 5539.84619141 0.870272517204
1512744713562 lifecam22 1550.21655273 5539.70849609 0.870294213295
1512744713629 lifecam22 1550.33605957 5539.84619141 0.870272517204
1512744713683 lifecam22 1550.42358398 5540.14892578 0.86350697279
1512744713898 lifecam22 1550.33605957 5539.84619141 0.870272517204
1512744713961 lifecam22 1550.33605957 5539.84619141 0.870272517204
1512744714030 lifecam22 1550.33605957 5539.84619141 0.870272517204
1512744714098 lifecam22 1550.26965332 5539.97607422 0.859536588192
1512744714234 lifecam22 1550.16845703 5539.65527344 0.866587221622
1512744714297 lifecam22 1550.33605957 5539.84619141 0.870272517204
1512744714357 lifecam22 1550.16845703 5539.65527344 0.866587221622
1512744714429 lifecam22 1550.33605957 5539.84619141 0.870272517204
1512744714496 lifecam22 1550.33605957 5539.84619141 0.870272517204
1512744714695 lifecam22 1550.19750977 5539.95947266 0.869738280773
1512744714758 lifecam22 1550.33605957 5539.84619141 0.870272517204
1512744714834 lifecam22 1550.33605957 5539.84619141 0.870272517204
1512744714898 lifecam22 1550.33605957 5539.84619141 0.870272517204
1512744714960 lifecam22 1550.33605957 5539.84619141 0.870272517204
1512744715095 lifecam22 1550.33605957 5539.84619141 0.870272517204
