1512041693397 lifecam22 2699.875 5197.5 0.0325565971434
1512041693537 lifecam22 2700.04077148 5197.5 0.029916588217
1512041693601 lifecam22 2700.20336914 5197.5 0.0268510039896
1512041693670 lifecam22 2699.875 5197.5 0.0325565971434
1512041693880 lifecam22 2700.36303711 5197.5 0.0233601946384
1512041693939 lifecam22 2700.36303711 5197.5 0.0233601946384
1512041694004 lifecam22 2700.36303711 5197.5 0.0233601946384
1512041694070 lifecam22 2699.69384766 5197.5 0.0320802368224
1512041694145 lifecam22 2699.70605469 5197.5 0.0347699522972
1512041694261 lifecam22 2700.23779297 5196.90625 0.0386682152748
1512041694344 lifecam22 2701.08276367 5197.09277344 0.0244790948927
1512041694413 lifecam22 2701.10351562 5196.89355469 0.0275742467493
1512041694475 lifecam22 2701.06005859 5197.29492188 0.0209297593683
1512041694544 lifecam22 2701.27490234 5197.49951172 0.0169479288161
1512041694679 lifecam22 2701.10351562 5196.89355469 0.0275742467493
1512041694743 lifecam22 2701.29150391 5196.89355469 0.026275459677
1512041694815 lifecam22 2701.10351562 5196.89355469 0.0275742467493
1512041694866 lifecam22 2701.44677734 5195.29199219 0.0448203720152
1512041694943 lifecam22 2701.47802734 5194.90087891 0.0496520362794
1512041695215 lifecam22 2702.49975586 5197.49951172 1.74845553147e-07
1512041695286 lifecam22 2702.92041016 5197.49951172 0.00743300095201
1512041695336 lifecam22 2701.47119141 5197.49951172 0.0152332223952
1512041695412 lifecam22 2699.66308594 5199.73535156 0.0835589841008
1512041695479 lifecam22 2700.74902344 5198.96435547 0.0524624064565
1512041695614 lifecam22 2699.09667969 5198.77929688 0.0779185891151
1512041695746 lifecam22 2675.06005859 5199.04101562 0.13699477911
1512041695882 lifecam22 2656.60839844 5199.02246094 0.195808127522
1512041696084 lifecam22 2627.25024414 5196.82763672 0.298741161823
1512041697684 lifecam22 2438.96826172 5065.46923828 1.35160851479
1512041697815 lifecam22 2432.03588867 5050.56933594 1.40941512585
1512041697952 lifecam22 2430.98095703 5049.79980469 1.40816318989
1512041698008 lifecam22 2430.7565918 5049.82861328 1.40390777588
1512041698076 lifecam22 2431.2878418 5049.55371094 1.41111278534
1512041698278 lifecam22 2431.34399414 5049.53515625 1.40598940849
1512041698342 lifecam22 2431.34399414 5049.53515625 1.40598940849
1512041698415 lifecam22 2431.13208008 5049.57421875 1.40898430347
1512041698481 lifecam22 2430.94775391 5049.60351562 1.40942049026
1512041698551 lifecam22 2431.34399414 5049.53515625 1.40598940849
1512041698685 lifecam22 2430.94775391 5049.60351562 1.40942049026
1512041698740 lifecam22 2431.13208008 5049.57421875 1.40898430347
1512041698811 lifecam22 2431.34399414 5049.53515625 1.40598940849
1512041698870 lifecam22 2431.33642578 5049.54541016 1.41074991226
1512041698953 lifecam22 2431.37963867 5049.73144531 1.40474140644
1512041699153 lifecam22 2431.16552734 5049.77001953 1.40772938728
1512041699209 lifecam22 2431.54833984 5049.50683594 1.40776252747
1512041699276 lifecam22 2431.16479492 5049.59326172 1.40732681751
