1512041794835 lifecam22 2700.37011719 5223.03076172 6.26287698746
1512041795569 lifecam22 2696.04003906 5223.47558594 0.0865569710732
1512041795691 lifecam22 2695.32763672 5224.53222656 0.0816348195076
1512041795901 lifecam22 2695.46923828 5223.44433594 0.0898744463921
1512041795969 lifecam22 2695.25976562 5223.63427734 0.0951092764735
1512041796028 lifecam22 2695.42797852 5223.81689453 0.091256082058
1512041796159 lifecam22 2695.44506836 5223.61376953 0.0872794985771
1512041796305 lifecam22 2695.44506836 5223.61376953 0.0872794985771
1512041796435 lifecam22 2695.44506836 5223.61376953 0.0872794985771
1512041796565 lifecam22 2695.47924805 5223.44433594 0.089623644948
1512041796704 lifecam22 2695.44506836 5223.61376953 0.0872794985771
1512041796755 lifecam22 2695.44506836 5223.61376953 0.0872794985771
1512041796839 lifecam22 2695.44506836 5223.61376953 0.0872794985771
1512041796905 lifecam22 2695.44506836 5223.61376953 0.0872794985771
1512041796978 lifecam22 2695.44506836 5223.61376953 0.0872794985771
1512041797164 lifecam22 2695.46923828 5223.44433594 0.0898744463921
1512041797238 lifecam22 2695.44506836 5223.61376953 0.0872794985771
1512041797307 lifecam22 2695.29125977 5223.609375 0.089365541935
1512041797498 lifecam22 2695.12695312 5223.39111328 0.0941457226872
1512041797575 lifecam22 2695.3203125 5223.40234375 0.0928863883018
1512041797644 lifecam22 2695.12695312 5223.39111328 0.0941457226872
1512041797764 lifecam22 2695.12109375 5223.42675781 0.0932139754295
1512041798043 lifecam22 2695.3203125 5223.40234375 0.0928863883018
1512041798112 lifecam22 2695.10498047 5223.54296875 0.0921134352684
1512041798177 lifecam22 2695.09570312 5223.60058594 0.0906217768788
1512041798374 lifecam22 2695.72900391 5222.92724609 0.0962968468666
1512041798440 lifecam22 2696.15039062 5224.03271484 0.0948850512505
1512041798704 lifecam22 2696.92163086 5224.32617188 0.0688092187047
1512041798911 lifecam22 2696.34570312 5222.96044922 0.11498349905
1512041798978 lifecam22 2696.2253418 5223.87939453 0.116536915302
1512041799170 lifecam22 2689.45751953 5222.9765625 0.135402753949
1512041799311 lifecam22 2665.27539062 5222.24951172 0.197151601315
1512041800778 lifecam22 2475.75195312 5135.95410156 1.09741449356
1512041800982 lifecam22 2457.28759766 5109.99755859 1.25578439236
1512041801115 lifecam22 2450.14208984 5091.60546875 1.4245402813
1512041801175 lifecam22 2442.78637695 5083.48925781 1.37848567963
1512041801234 lifecam22 2439.16674805 5074.98583984 1.42806482315
1512041801302 lifecam22 2435.8684082 5067.45605469 1.44374382496
1512041801381 lifecam22 2433.10058594 5059.98730469 1.48343813419
1512041801450 lifecam22 2433.0625 5059.59619141 1.48126387596
1512041801518 lifecam22 2433.13525391 5060.37353516 1.48344409466
1512041801583 lifecam22 2433.06542969 5060.20751953 1.48418152332
1512041801650 lifecam22 2433.16210938 5060.60253906 1.48736548424
1512041801714 lifecam22 2433.14453125 5060.41064453 1.48710095882
1512041801850 lifecam22 2433.11865234 5060.20214844 1.4825950861
1512041801906 lifecam22 2433.08935547 5060.41699219 1.48904800415
1512041801972 lifecam22 2433.16210938 5060.60253906 1.48736548424
1512041802049 lifecam22 2433.16210938 5060.60791016 1.48721253872
1512041802117 lifecam22 2433.11767578 5060.18164062 1.48318481445
1512041802253 lifecam22 2433.14453125 5060.41064453 1.48710095882
1512041802310 lifecam22 2433.16210938 5060.60253906 1.48736548424
1512041802383 lifecam22 2433.14453125 5060.41601562 1.48694825172
1512041802439 lifecam22 2433.16210938 5060.60791016 1.48721253872
1512041802497 lifecam22 2433.15844727 5060.58349609 1.48622429371
1512041802654 lifecam22 2433.14453125 5060.41601562 1.48694825172
1512041802714 lifecam22 2433.08837891 5060.4140625 1.48868894577
1512041802779 lifecam22 2433.14501953 5060.40820312 1.48761367798
1512041802850 lifecam22 2433.14453125 5060.41601562 1.48694825172
1512041802918 lifecam22 2433.14453125 5060.41601562 1.48694825172
1512041803051 lifecam22 2433.14453125 5060.41064453 1.48710095882
1512041803111 lifecam22 2433.14453125 5060.41601562 1.48694825172
1512041803182 lifecam22 2433.16210938 5060.60791016 1.48721253872
1512041803237 lifecam22 2433.16210938 5060.60791016 1.48721253872
1512041803313 lifecam22 2433.14453125 5060.41064453 1.48710095882
