1512041813459 lifecam22 2564.12817383 5239.77685547 0.0130316670984
1512041813523 lifecam22 2564.13354492 5239.82958984 0.0115845855325
1512041813598 lifecam22 2565.27075195 5240.60986328 6.27517938614
1512041813664 lifecam22 2564.52954102 5240.50390625 0.00234681763686
1512041813731 lifecam22 2564.86035156 5239.81591797 0.0101394085214
1512041813868 lifecam22 2565.04614258 5239.97216797 0.00615018978715
1512041813920 lifecam22 2564.6887207 5239.98339844 0.00752646150067
1512041814004 lifecam22 2564.84936523 5239.65673828 0.0136782564223
1512041814058 lifecam22 2564.97119141 5239.5 0.025518598035
1512041814123 lifecam22 2565.15234375 5239.5 0.0250524934381
1512041814268 lifecam22 2564.68652344 5239.98632812 0.00797218456864
1512041814335 lifecam22 2564.26245117 5242.61474609 6.26393079758
1512041814516 lifecam22 2565.27587891 5240.13037109 0.0411844886839
1512041814666 lifecam22 2565.79296875 5243.87207031 0.00117606320418
1512041814733 lifecam22 2565.55371094 5244.23583984 0.0583689846098
1512041814800 lifecam22 2565.78955078 5243.54345703 0.051498953253
1512041814865 lifecam22 2565.73681641 5240.89355469 0.0531130507588
1512041814932 lifecam22 2566.28833008 5244.76660156 0.0548408664763
1512041815139 lifecam22 2567.76367188 5248.46826172 0.0686749815941
1512041815190 lifecam22 2568.24462891 5249.7890625 0.0805426165462
1512041815251 lifecam22 2567.99658203 5248.48339844 0.0738547444344
1512041815335 lifecam22 2565.96655273 5243.16796875 0.0868361592293
1512041815389 lifecam22 2566.7421875 5242.19726562 0.0840414166451
1512041815604 lifecam22 2567.22827148 5243.08837891 0.0825026556849
1512041815668 lifecam22 2567.24511719 5242.92089844 0.0830565169454
1512041815733 lifecam22 2567.34570312 5242.68701172 0.0864018797874
1512041815801 lifecam22 2567.07104492 5242.73583984 0.0797426179051
1512041815871 lifecam22 2567.17529297 5242.91650391 0.0786028653383
1512041816008 lifecam22 2567.1628418 5243.08642578 0.0791627764702
1512041816061 lifecam22 2566.70922852 5242.53125 0.0862657427788
1512041816124 lifecam22 2566.74047852 5241.87988281 0.0937462374568
1512041816202 lifecam22 2567.08544922 5241.37011719 0.0912284404039
1512041816269 lifecam22 2567.00927734 5242.12158203 0.0878759101033
1512041816470 lifecam22 2568.27270508 5242.08642578 0.072219915688
1512041816537 lifecam22 2567.55200195 5242.07763672 0.0740098357201
1512041816597 lifecam22 2566.4284668 5243.36767578 0.0819252207875
1512041816667 lifecam22 2566.49267578 5242.69238281 0.0830262303352
1512041816735 lifecam22 2566.6081543 5242.08691406 0.0724179297686
1512041816932 lifecam22 2567.48852539 5241.04785156 0.0845791697502
1512041817009 lifecam22 2562.85375977 5241.20507812 0.112672865391
1512041817142 lifecam22 2538.95336914 5242.96728516 0.203836858273
1512041817200 lifecam22 2531.60424805 5242.57519531 0.237035349011
1512041817470 lifecam22 2491.73828125 5238.11572266 0.407713830471
1512041817606 lifecam22 2473.03027344 5233.95556641 0.486699879169
1512041818670 lifecam22 2344.28369141 5142.68945312 1.18871355057
1512041818801 lifecam22 2334.05029297 5127.75439453 1.24515891075
1512041818874 lifecam22 2328.2644043 5116.85400391 1.31145215034
1512041819061 lifecam22 2315.8215332 5089.92529297 1.44970297813
1512041819142 lifecam22 2313.01733398 5082.46289062 1.48069119453
1512041819339 lifecam22 2311.35473633 5076.34179688 1.48153293133
1512041819469 lifecam22 2311.18774414 5076.359375 1.48368966579
1512041819526 lifecam22 2311.53613281 5076.32617188 1.48063492775
1512041819595 lifecam22 2311.35473633 5076.34179688 1.48153293133
1512041819671 lifecam22 2311.37841797 5076.51123047 1.48417818546
1512041819740 lifecam22 2311.53613281 5076.32617188 1.48063492775
1512041819944 lifecam22 2311.37841797 5076.51123047 1.48417818546
1512041820011 lifecam22 2311.36889648 5076.34375 1.48279356956
1512041820077 lifecam22 2311.35473633 5076.34179688 1.48153293133
1512041820137 lifecam22 2311.35473633 5076.34179688 1.48153293133
1512041820200 lifecam22 2311.37841797 5076.51123047 1.48417818546
1512041820403 lifecam22 2311.39013672 5076.51464844 1.48542892933
1512041820478 lifecam22 2311.2253418 5076.37402344 1.48965668678
1512041820538 lifecam22 2311.37841797 5076.51123047 1.48417818546
1512041820609 lifecam22 2311.18774414 5076.359375 1.48368966579
1512041820675 lifecam22 2311.55957031 5076.49609375 1.48327803612
1512041820811 lifecam22 2311.37329102 5076.18945312 1.48486030102
1512041820870 lifecam22 2311.37841797 5076.51123047 1.48417818546
1512041820942 lifecam22 2311.35473633 5076.34179688 1.48153293133
1512041821012 lifecam22 2311.20410156 5076.20410156 1.48701119423
1512041821064 lifecam22 2311.37329102 5076.18945312 1.48486030102
