1512041761250 lifecam22 2659.50488281 5226.77001953 6.18261098862
1512041761302 lifecam22 2664.60839844 5224.14697266 0.0518705286086
1512041761521 lifecam22 2664.52197266 5225.29296875 0.0308246053755
1512041761577 lifecam22 2665.01464844 5225.29150391 0.0256747640669
1512041761652 lifecam22 2665.48535156 5223.75195312 0.0419697202742
1512041761712 lifecam22 2665.39892578 5224.89453125 0.0331415571272
1512041761766 lifecam22 2664.99047852 5225.5 0.0216344036162
1512041761911 lifecam22 2665.36669922 5225.29150391 0.0230224765837
1512041761988 lifecam22 2665.42480469 5224.51660156 0.0353723205626
1512041762042 lifecam22 2665.18237305 5225.29345703 0.0262506622821
1512041762118 lifecam22 2664.34082031 5225.49951172 0.0298351664096
1512041762173 lifecam22 2664.18676758 5225.29589844 0.0360794700682
1512041762315 lifecam22 2664.68115234 5225.5 0.0276796258986
1512041762378 lifecam22 2664.34082031 5225.49951172 0.0298351664096
1512041762433 lifecam22 2664.68115234 5225.5 0.0276796258986
1512041762520 lifecam22 2665.20336914 5225.5 0.0268539804965
1512041762588 lifecam22 2665.36328125 5225.5 0.0233617462218
1512041762716 lifecam22 2665.36328125 5225.5 0.0233617462218
1512041762787 lifecam22 2665.36328125 5225.5 0.0233617462218
1512041762850 lifecam22 2665.45507812 5225.5 0.0259723104537
1512041762904 lifecam22 2665.36328125 5225.5 0.0233617462218
1512041762978 lifecam22 2665.36328125 5225.5 0.0233617462218
1512041763053 lifecam22 2665.45507812 5225.5 0.0259723104537
1512041763113 lifecam22 2665.45507812 5225.5 0.0259723104537
1512041763173 lifecam22 2665.19287109 5225.29785156 0.0299512781203
1512041763242 lifecam22 2665.19287109 5225.29785156 0.0299512781203
1512041763305 lifecam22 2665.25024414 5224.70751953 0.0388557352126
1512041763582 lifecam22 2665.30712891 5223.95019531 0.0446035303175
1512041763654 lifecam22 2665.31958008 5223.76318359 0.0454829409719
1512041763717 lifecam22 2665.33056641 5223.578125 0.045925680548
1512041763780 lifecam22 2665.33056641 5223.578125 0.045925680548
1512041763850 lifecam22 2665.38720703 5222.62890625 0.0630837082863
1512041763985 lifecam22 2666.18505859 5220.76513672 0.0513834357262
1512041764052 lifecam22 2666.78149414 5224.74804688 0.024619165808
1512041764122 lifecam22 2666.87988281 5222.75585938 0.0446816161275
1512041764190 lifecam22 2666.87866211 5224.88818359 0.0201035179198
1512041764252 lifecam22 2664.54785156 5224.91259766 0.0463170483708
1512041764455 lifecam22 2666.17895508 5222.92382812 0.05874985829
1512041764517 lifecam22 2666.17895508 5222.92382812 0.05874985829
1512041764587 lifecam22 2666.17895508 5222.92382812 0.05874985829
1512041764647 lifecam22 2659.74560547 5222.59033203 0.051368303597
1512041764720 lifecam22 2647.47827148 5222.05029297 0.0646867230535
1512041764785 lifecam22 2635.19311523 5222.03466797 0.0778836533427
1512041764919 lifecam22 2617.58203125 5221.99853516 0.14674398303
1512041764989 lifecam22 2607.07348633 5222.53222656 0.185826599598
1512041765058 lifecam22 2597.85742188 5221.85986328 0.225602939725
1512041765125 lifecam22 2588.28076172 5221.29296875 0.257846057415
1512041766388 lifecam22 2423.58374023 5139.62255859 1.10573911667
1512041766791 lifecam22 2392.73657227 5089.89599609 1.3665548563
1512041766856 lifecam22 2389.48486328 5085.40429688 1.36783182621
1512041767324 lifecam22 2389.69238281 5085.55517578 1.36421096325
