1512041677842 lifecam22 2695.73095703 5193.078125 0.0343659557402
1512041677909 lifecam22 2695.91845703 5195.29785156 0.0591933205724
1512041677976 lifecam22 2696.2421875 5193.46875 0.0745951533318
1512041678122 lifecam22 2696.49731445 5192.09619141 0.0676154643297
1512041678186 lifecam22 2696.45849609 5192.95556641 0.0766213610768
1512041678248 lifecam22 2696.30029297 5192.96289062 0.0809232667089
1512041678310 lifecam22 2695.99072266 5192.37207031 0.0704279616475
1512041678372 lifecam22 2696.36425781 5192.06054688 0.0712968707085
1512041678583 lifecam22 2696.68798828 5189.88525391 0.057503528893
1512041678654 lifecam22 2696.66845703 5190.27392578 0.0649868920445
1512041678709 lifecam22 2696.66845703 5190.27392578 0.0649868920445
1512041678839 lifecam22 2696.65844727 5190.43408203 0.0688243508339
1512041678992 lifecam22 2696.71240234 5189.68652344 0.0601802580059
1512041679041 lifecam22 2696.68798828 5189.88525391 0.057503528893
1512041679187 lifecam22 2696.33911133 5191.90771484 0.0634712576866
1512041679252 lifecam22 2696.5847168 5191.015625 0.0587646439672
1512041679646 lifecam22 2696.65844727 5190.43408203 0.0688243508339
1512041679709 lifecam22 2696.68798828 5189.88525391 0.057503528893
1512041679918 lifecam22 2697.11279297 5189.56640625 0.0697235614061
1512041680048 lifecam22 2697.12744141 5190.95849609 0.0557643808424
1512041680115 lifecam22 2697.1640625 5190.64501953 0.0492220558226
1512041680186 lifecam22 2697.21337891 5190.0859375 0.0527139417827
1512041680333 lifecam22 2697.63842773 5188.80175781 0.0604189112782
1512041680384 lifecam22 2697.61816406 5189.11865234 0.0626209378242
1512041680460 lifecam22 2697.59619141 5189.43212891 0.0588718093932
1512041680518 lifecam22 2697.31665039 5188.92089844 0.073772855103
1512041680584 lifecam22 2697.61181641 5188.90429688 0.0727604106069
1512041680650 lifecam22 2698.17529297 5188.09326172 0.0677985548973
1512041680853 lifecam22 2697.19873047 5193.1796875 0.0761442780495
1512041680920 lifecam22 2696.6484375 5192.7890625 0.0778459906578
1512041680981 lifecam22 2696.44946289 5193.32763672 0.0852606967092
1512041681046 lifecam22 2697.95532227 5192.02978516 0.0848652720451
1512041681121 lifecam22 2698.1184082 5191.91064453 0.0753249526024
1512041681258 lifecam22 2696.39355469 5191.29443359 0.0815827250481
1512041681315 lifecam22 2687.59863281 5189.41455078 0.0765747502446
1512041681726 lifecam22 2626.62744141 5188.28076172 0.255928814411
1512041683383 lifecam22 2430.06884766 5060.80615234 1.31828069687
1512041683584 lifecam22 2424.81469727 5049.89697266 1.37005293369
1512041683648 lifecam22 2424.92578125 5049.90380859 1.37030291557
1512041683715 lifecam22 2425.32739258 5049.57324219 1.37027955055
1512041683785 lifecam22 2424.95703125 5049.64306641 1.37502861023
1512041683933 lifecam22 2425.10888672 5049.86425781 1.36860573292
1512041683992 lifecam22 2424.96435547 5050.12011719 1.36658382416
1512041684051 lifecam22 2424.96435547 5050.12011719 1.36658382416
1512041684122 lifecam22 2424.96435547 5050.12011719 1.36658382416
1512041684192 lifecam22 2425.10888672 5049.86425781 1.36860573292
