1512041727069 lifecam22 2702.49951172 5220.01953125 6.26367473602
1512041727130 lifecam22 2702.49951172 5220.39111328 6.26416110992
1512041727188 lifecam22 2702.49951172 5219.66015625 6.26492643356
1512041727247 lifecam22 2702.49951172 5219.66015625 6.26492643356
1512041727329 lifecam22 2702.49951172 5220.01953125 6.26367473602
1512041727470 lifecam22 2702.49951172 5219.31347656 6.26792955399
1512041727523 lifecam22 2702.49951172 5219.31347656 6.26792955399
1512041727591 lifecam22 2702.49951172 5219.83837891 6.26408290863
1512041727667 lifecam22 2702.49951172 5219.48535156 6.26620912552
1512041727731 lifecam22 2702.49951172 5219.31347656 6.26792955399
1512041727928 lifecam22 2702.49951172 5219.66015625 6.26492643356
1512041727996 lifecam22 2702.49951172 5219.48535156 6.26620912552
1512041728059 lifecam22 2702.49951172 5219.31347656 6.26792955399
1512041728131 lifecam22 2702.49951172 5219.48535156 6.26620912552
1512041728263 lifecam22 2701.91625977 5219.38916016 6.27703523636
1512041728332 lifecam22 2701.92382812 5219.23095703 6.27869987488
1512041728398 lifecam22 2701.91625977 5219.38916016 6.27703523636
1512041728460 lifecam22 2702.33935547 5219.15917969 6.27300977707
1512041728530 lifecam22 2702.49951172 5219.31347656 6.26792955399
1512041728609 lifecam22 2702.49951172 5219.48535156 6.26620912552
1512041728666 lifecam22 2702.33227539 5219.68164062 6.26784420013
1512041728741 lifecam22 2702.49975586 5219.14453125 6.27009153366
1512041728799 lifecam22 2702.49951172 5218.97851562 6.27269792557
1512041728859 lifecam22 2702.49951172 5219.31347656 6.26792955399
1512041729060 lifecam22 2702.49951172 5218.97851562 6.27269792557
1512041729128 lifecam22 2702.49951172 5218.97851562 6.27269792557
1512041729194 lifecam22 2702.49951172 5219.31347656 6.26792955399
1512041729271 lifecam22 2702.49951172 5219.31347656 6.26792955399
1512041729333 lifecam22 2702.49951172 5218.97851562 6.27269792557
1512041729469 lifecam22 2702.34228516 5218.99023438 6.27561473846
1512041729529 lifecam22 2702.34570312 5218.82421875 6.27866506577
1512041729604 lifecam22 2702.34960938 5218.66064453 6.28216266632
1512041729672 lifecam22 2702.34570312 5218.82421875 6.27866506577
1512041729738 lifecam22 2702.34570312 5218.82421875 6.27866506577
1512041729870 lifecam22 2702.49975586 5218.49951172 1.37487529628e-06
1512041729936 lifecam22 2702.49975586 5218.49951172 1.37487529628e-06
1512041730002 lifecam22 2702.49975586 5218.49951172 1.37487529628e-06
1512041730070 lifecam22 2702.49951172 5219.31347656 6.26792955399
1512041730137 lifecam22 2702.49951172 5219.66015625 6.26492643356
1512041730331 lifecam22 2701.73779297 5222.72216797 0.0245855487883
1512041730394 lifecam22 2701.52612305 5222.0 0.0143556054682
1512041730456 lifecam22 2702.49975586 5220.58154297 0.0187118686736
1512041730538 lifecam22 2702.49975586 5219.66015625 0.018581809476
1512041730607 lifecam22 2702.5 5219.48535156 0.0172328390181
1512041730737 lifecam22 2683.50195312 5221.22998047 0.0742525607347
1512041730934 lifecam22 2652.97241211 5221.3984375 0.180937469006
1512041732409 lifecam22 2461.48730469 5133.99755859 1.12294530869
1512041732472 lifecam22 2455.55834961 5125.95458984 1.17334759235
1512041732603 lifecam22 2445.05029297 5111.25878906 1.230245471
1512041732679 lifecam22 2440.16503906 5101.06494141 1.2890021801
