1512041741751 lifecam22 2696.55322266 5186.62841797 0.0475445464253
1512041741880 lifecam22 2697.71704102 5184.46630859 0.0465050414205
1512041741954 lifecam22 2697.33740234 5184.84521484 0.0455814115703
1512041742009 lifecam22 2697.5612793 5184.12060547 0.0398038104177
1512041742085 lifecam22 2697.37890625 5185.19238281 0.036854095757
1512041742151 lifecam22 2696.84179688 5188.33203125 0.0427301563323
1512041742222 lifecam22 2697.03051758 5187.62060547 0.0426477827132
1512041742277 lifecam22 2697.72216797 5185.54150391 0.0350980199873
1512041742345 lifecam22 2697.35302734 5185.90771484 0.030883256346
1512041742410 lifecam22 2697.03466797 5188.26220703 0.0422895625234
1512041742477 lifecam22 2696.46533203 5188.11181641 0.0517272390425
1512041742629 lifecam22 2696.93432617 5186.48876953 0.0580011047423
1512041742684 lifecam22 2696.78833008 5185.67285156 0.0607650950551
1512041742824 lifecam22 2696.88037109 5187.31494141 0.0519256033003
1512041742886 lifecam22 2697.0703125 5184.48925781 0.0474711060524
1512041743024 lifecam22 2697.43261719 5184.48681641 0.0508402064443
1512041743091 lifecam22 2697.46020508 5184.10205078 0.0462619699538
1512041743156 lifecam22 2697.50952148 5184.09277344 0.0502513088286
1512041743222 lifecam22 2697.42919922 5184.48242188 0.0520234741271
1512041743293 lifecam22 2697.25 5184.48535156 0.0499321855605
1512041743412 lifecam22 2697.22460938 5184.85400391 0.0526006929576
1512041743487 lifecam22 2697.25 5184.48535156 0.0499321855605
1512041743550 lifecam22 2697.23730469 5184.67236328 0.0516406930983
1512041743620 lifecam22 2697.08203125 5185.18261719 0.0592170357704
1512041743680 lifecam22 2697.08544922 5185.16259766 0.0613142885268
1512041743890 lifecam22 2697.11987305 5184.6328125 0.0552169717848
1512041743956 lifecam22 2697.14038086 5184.28564453 0.0496249832213
1512041744021 lifecam22 2697.31347656 5184.28320312 0.0518389344215
1512041744090 lifecam22 2697.12841797 5184.47509766 0.0517190136015
1512041744163 lifecam22 2697.11083984 5184.79296875 0.0582751743495
1512041744289 lifecam22 2697.3359375 5183.89697266 0.0464914478362
1512041744359 lifecam22 2697.35717773 5183.49951172 0.0395745672286
1512041744414 lifecam22 2697.52929688 5183.49951172 0.0413658060133
1512041744489 lifecam22 2697.35717773 5183.49951172 0.0395745672286
1512041744557 lifecam22 2697.34863281 5183.49951172 0.0393247045577
1512041744695 lifecam22 2698.32226562 5183.99169922 0.0466311536729
1512041744752 lifecam22 2698.08154297 5188.17089844 0.0557072795928
1512041744892 lifecam22 2700.38720703 5183.5 0.0268879570067
1512041744959 lifecam22 2697.64575195 5189.45654297 0.0478588938713
1512041745164 lifecam22 2699.22998047 5186.44677734 0.0722311139107
1512041745224 lifecam22 2699.24389648 5186.26220703 0.0726731419563
1512041745289 lifecam22 2699.24389648 5186.26220703 0.0726731419563
1512041745358 lifecam22 2695.68994141 5186.22119141 0.0669924691319
1512041745423 lifecam22 2684.19335938 5187.03466797 0.0778831839561
1512041745557 lifecam22 2662.36743164 5186.52294922 0.154436528683
1512041745757 lifecam22 2634.31347656 5182.2578125 0.307816922665
1512041747097 lifecam22 2462.15185547 5100.37109375 1.10903251171
1512041747227 lifecam22 2449.20532227 5082.29150391 1.21913075447
1512041747296 lifecam22 2444.33666992 5074.61230469 1.27166879177
1512041747354 lifecam22 2439.31298828 5066.70361328 1.31134688854
1512041747429 lifecam22 2435.02197266 5059.33544922 1.32556009293
1512041747497 lifecam22 2430.54785156 5050.39257812 1.36984527111
1512041747696 lifecam22 2428.00097656 5043.95654297 1.41200840473
1512041747759 lifecam22 2428.00097656 5043.95654297 1.41200840473
1512041747827 lifecam22 2428.00097656 5043.95654297 1.41200840473
1512041747896 lifecam22 2427.81835938 5043.98291016 1.41077756882
1512041748018 lifecam22 2428.00097656 5043.95654297 1.41200840473
1512041748099 lifecam22 2427.92285156 5043.56005859 1.40601420403
1512041748145 lifecam22 2427.95556641 5043.72900391 1.40817332268
1512041748233 lifecam22 2427.96826172 5043.78808594 1.40984845161
1512041748292 lifecam22 2427.92285156 5043.56005859 1.40601420403
1512041748434 lifecam22 2427.96826172 5043.78808594 1.40984845161
1512041748495 lifecam22 2427.95556641 5043.72900391 1.40817332268
1512041748561 lifecam22 2428.00097656 5043.95654297 1.41200840473
1512041748633 lifecam22 2428.00097656 5043.95654297 1.41200840473
1512041748696 lifecam22 2428.00097656 5043.95654297 1.41200840473
