1512041712370 lifecam22 2752.11279297 5191.64501953 6.25297403336
1512041712505 lifecam22 2752.41186523 5192.71533203 6.22370672226
1512041712642 lifecam22 2752.66064453 5190.50341797 6.25227499008
1512041712703 lifecam22 2752.50146484 5190.81738281 6.25389862061
1512041712774 lifecam22 2752.68115234 5190.65527344 6.25580072403
1512041712849 lifecam22 2752.50146484 5190.81738281 6.25389862061
1512041712909 lifecam22 2752.50146484 5190.81738281 6.25389862061
1512041712979 lifecam22 2752.50146484 5190.81738281 6.25389862061
1512041713042 lifecam22 2752.32714844 5190.98681641 6.25314092636
1512041713110 lifecam22 2752.50146484 5190.81738281 6.25389862061
1512041713372 lifecam22 2752.50146484 5190.81738281 6.25389862061
1512041713444 lifecam22 2752.33862305 5190.66455078 6.25840330124
1512041713513 lifecam22 2752.50878906 5190.65966797 6.25672626495
1512041713577 lifecam22 2752.29492188 5190.66650391 6.25933456421
1512041713705 lifecam22 2752.48828125 5190.66064453 6.25715827942
1512041713778 lifecam22 2752.69946289 5190.3515625 6.26267623901
1512041713843 lifecam22 2752.31103516 5190.35058594 6.26612901688
1512041713981 lifecam22 2752.31103516 5190.35058594 6.26612901688
1512041714044 lifecam22 2752.31103516 5190.35058594 6.26612901688
1512041714112 lifecam22 2752.11181641 5190.34960938 6.26873731613
1512041714172 lifecam22 2752.11181641 5190.34960938 6.26873731613
1512041714308 lifecam22 2752.31103516 5190.35058594 6.26612901688
1512041714504 lifecam22 2752.11181641 5190.34960938 6.26873731613
1512041714577 lifecam22 2752.5078125 5190.3515625 6.26396560669
1512041714645 lifecam22 2752.31103516 5190.35058594 6.26612901688
1512041714709 lifecam22 2752.29492188 5190.19824219 6.26260042191
1512041714775 lifecam22 2752.29492188 5190.19824219 6.26260042191
1512041714915 lifecam22 2752.4675293 5190.00341797 6.25685214996
1512041715241 lifecam22 2752.76220703 5187.79345703 6.23712921143
1512041715317 lifecam22 2755.0168457 5186.99902344 6.22699213028
1512041715372 lifecam22 2754.26806641 5187.95898438 6.22737789154
1512041715445 lifecam22 2754.43212891 5189.30371094 6.22637557983
1512041715511 lifecam22 2753.08300781 5190.35107422 6.2601108551
1512041715576 lifecam22 2752.11474609 5191.30908203 6.25596094131
1512041715717 lifecam22 2752.05761719 5190.12792969 6.26636314392
1512041715779 lifecam22 2752.08300781 5190.5 6.2716255188
1512041715843 lifecam22 2752.08300781 5190.5 6.2716255188
1512041715910 lifecam22 2751.49951172 5190.49951172 6.28318452835
1512041715966 lifecam22 2738.46679688 5190.49951172 6.26940441132
1512041716119 lifecam22 2718.71435547 5190.64746094 0.0316788591444
1512041716181 lifecam22 2709.21899414 5192.32519531 0.0424345172942
1512041716248 lifecam22 2699.19873047 5193.47363281 0.0815340876579
1512041716310 lifecam22 2689.34863281 5194.22363281 0.139113843441
1512041717185 lifecam22 2567.90698242 5167.60595703 0.74335539341
1512041717516 lifecam22 2524.75 5142.60205078 0.932589530945
1512041717645 lifecam22 2509.23144531 5129.53564453 1.00882077217
1512041717846 lifecam22 2489.72216797 5107.67431641 1.15007960796
1512041718192 lifecam22 2466.85424805 5072.22705078 1.31462347507
1512041718240 lifecam22 2468.14526367 5074.49853516 1.31124222279
1512041718311 lifecam22 2468.83740234 5076.88916016 1.28765571117
1512041718385 lifecam22 2468.21630859 5074.73779297 1.31027293205
1512041718518 lifecam22 2468.14526367 5074.49853516 1.31124222279
1512041718584 lifecam22 2468.14526367 5074.49853516 1.31124222279
1512041718652 lifecam22 2468.14526367 5074.49853516 1.31124222279
1512041718720 lifecam22 2468.14526367 5074.49853516 1.31124222279
1512041718783 lifecam22 2468.11523438 5074.39599609 1.31184446812
1512041718917 lifecam22 2468.06835938 5074.24804688 1.31020104885
1512041718980 lifecam22 2468.09863281 5074.35009766 1.30960166454
1512041719049 lifecam22 2468.09863281 5074.35009766 1.30960166454
1512041719125 lifecam22 2468.11523438 5074.39599609 1.31184446812
1512041719187 lifecam22 2468.09863281 5074.35009766 1.30960166454
1512041719306 lifecam22 2468.14526367 5074.49853516 1.31124222279
1512041719372 lifecam22 2468.06835938 5074.24804688 1.31020104885
1512041719455 lifecam22 2468.14526367 5074.49853516 1.31124222279
1512041719518 lifecam22 2468.14526367 5074.49853516 1.31124222279
1512041719584 lifecam22 2468.14526367 5074.49853516 1.31124222279
1512041719724 lifecam22 2468.06835938 5074.24804688 1.31020104885
1512041719768 lifecam22 2468.14526367 5074.49853516 1.31124222279
1512041719849 lifecam22 2468.09863281 5074.35009766 1.30960166454
1512041719918 lifecam22 2468.06835938 5074.24804688 1.31020104885
1512041719978 lifecam22 2468.11523438 5074.39599609 1.31184446812
1512041720124 lifecam22 2468.28857422 5074.42382812 1.30713999271
1512041720186 lifecam22 2468.19433594 5074.11962891 1.30903255939
1512041720252 lifecam22 2468.3684082 5074.07421875 1.30826556683
