1512041777326 lifecam22 2664.23461914 5241.22167969 6.17536020279
1512041777390 lifecam22 2664.15161133 5240.37011719 6.17237281799
1512041777535 lifecam22 2664.56103516 5241.18701172 6.16758966446
1512041777604 lifecam22 2664.31665039 5240.16015625 6.17438936234
1512041777660 lifecam22 2664.84838867 5239.58349609 6.175137043
1512041777727 lifecam22 2664.67431641 5240.32177734 6.16999006271
1512041777795 lifecam22 2664.66821289 5239.7734375 6.17295312881
1512041777943 lifecam22 2664.00878906 5241.63720703 6.16410160065
1512041777993 lifecam22 2664.36279297 5240.87548828 6.17328739166
1512041778057 lifecam22 2664.47998047 5241.15478516 6.16043758392
1512041778128 lifecam22 2664.50219727 5241.92871094 6.15003681183
1512041778195 lifecam22 2664.69165039 5239.9609375 6.17501688004
1512041778345 lifecam22 2664.69433594 5240.48339844 6.17170524597
1512041778407 lifecam22 2664.52514648 5240.828125 6.16720819473
1512041778474 lifecam22 2664.18066406 5240.65380859 6.16552829742
1512041778527 lifecam22 2664.5456543 5240.66113281 6.17161607742
1512041778604 lifecam22 2664.40063477 5241.01367188 6.17376327515
1512041778808 lifecam22 2664.54663086 5240.98388672 6.16935491562
1512041778870 lifecam22 2664.50537109 5240.50732422 6.17086744308
1512041778924 lifecam22 2664.15917969 5240.34472656 6.17663955688
1512041778995 lifecam22 2664.40966797 5241.39941406 6.17055845261
1512041779074 lifecam22 2664.44604492 5241.92431641 6.16631221771
1512041779202 lifecam22 2664.69433594 5240.48339844 6.17170524597
1512041779266 lifecam22 2664.83447266 5239.37255859 6.17777299881
1512041779338 lifecam22 2664.83129883 5239.90429688 6.17138814926
1512041779402 lifecam22 2664.68041992 5240.27636719 6.17390203476
1512041779468 lifecam22 2664.71679688 5240.27734375 6.17821407318
1512041779672 lifecam22 2664.68041992 5239.39355469 6.18080759048
1512041779737 lifecam22 2664.68041992 5239.39355469 6.18080759048
1512041779802 lifecam22 2664.66772461 5239.22802734 6.18209457397
1512041779866 lifecam22 2664.47216797 5239.23486328 6.17995357513
1512041779933 lifecam22 2664.80078125 5239.02392578 6.17736911774
1512041780068 lifecam22 2664.76953125 5238.68066406 6.177713871
1512041780133 lifecam22 2664.74023438 5238.34179688 6.17881011963
1512041780216 lifecam22 2664.7590332 5238.52099609 6.17976284027
1512041780274 lifecam22 2664.74023438 5238.34179688 6.17881011963
1512041780336 lifecam22 2664.54418945 5238.36376953 6.17754268646
1512041780479 lifecam22 2664.92578125 5238.3203125 6.17839384079
1512041780538 lifecam22 2664.91601562 5238.1640625 6.18082475662
1512041780618 lifecam22 2665.79882812 5237.88671875 6.17936658859
1512041780731 lifecam22 2665.90405273 5239.12597656 6.17326641083
1512041780872 lifecam22 2664.35693359 5242.47265625 6.1796336174
1512041780937 lifecam22 2664.11499023 5241.33740234 6.19088220596
1512041781271 lifecam22 2661.42773438 5241.18603516 6.18152761459
1512041781345 lifecam22 2649.95751953 5242.46435547 6.20571279526
1512041781407 lifecam22 2637.00048828 5244.33056641 6.21709489822
1512041781483 lifecam22 2629.71826172 5246.49951172 6.24613618851
1512041781548 lifecam22 2618.49975586 5246.49951172 6.59619445287e-07
1512041781678 lifecam22 2600.43896484 5249.95849609 0.0735495686531
1512041781742 lifecam22 2590.17919922 5250.87841797 0.122634351254
1512041781798 lifecam22 2580.08959961 5251.51269531 0.165136992931
1512041781878 lifecam22 2570.69335938 5251.72070312 0.209724366665
1512041782077 lifecam22 2541.61669922 5250.11474609 0.335991442204
1512041783338 lifecam22 2382.61865234 5159.17626953 1.17157804966
1512041783603 lifecam22 2373.29516602 5144.58203125 1.2463029623
1512041783746 lifecam22 2373.03662109 5144.35742188 1.24973464012
1512041783803 lifecam22 2373.12207031 5144.61083984 1.24741172791
1512041783935 lifecam22 2373.06591797 5144.44384766 1.24900686741
1512041784004 lifecam22 2373.03662109 5144.35742188 1.24973464012
1512041784076 lifecam22 2373.0378418 5144.33642578 1.25286233425
1512041784151 lifecam22 2373.87280273 5146.89599609 1.21851408482
1512041784217 lifecam22 2373.04785156 5144.39306641 1.24919652939
1512041784283 lifecam22 2373.06591797 5144.44384766 1.24900686741
1512041784350 lifecam22 2372.98022461 5144.19042969 1.25132966042
1512041784488 lifecam22 2373.12207031 5144.61083984 1.24741172791
1512041784547 lifecam22 2373.03662109 5144.35742188 1.24973464012
1512041784620 lifecam22 2373.12207031 5144.61083984 1.24741172791
1512041784683 lifecam22 2373.12207031 5144.61083984 1.24741172791
1512041784750 lifecam22 2373.03662109 5144.35742188 1.24973464012
1512041784951 lifecam22 2373.03662109 5144.35742188 1.24973464012
1512041785015 lifecam22 2372.98022461 5144.19042969 1.25132966042
1512041785084 lifecam22 2373.03662109 5144.35742188 1.24973464012
1512041785141 lifecam22 2373.06591797 5144.44384766 1.24900686741
