1512041561130 lifecam22 2501.61987305 5219.89746094 6.19516468048
1512041561194 lifecam22 2501.61987305 5219.89746094 6.19516468048
1512041561324 lifecam22 2501.6328125 5220.08105469 6.19345617294
1512041561396 lifecam22 2501.6328125 5220.08105469 6.19345617294
1512041561466 lifecam22 2501.84228516 5220.05810547 6.19088459015
1512041561527 lifecam22 2501.6328125 5220.08105469 6.19345617294
1512041561594 lifecam22 2501.41845703 5220.10449219 6.19645929337
1512041561734 lifecam22 2501.66357422 5220.46923828 6.19655990601
1512041561801 lifecam22 2501.61987305 5219.89746094 6.19516468048
1512041561867 lifecam22 2501.40795898 5219.92138672 6.1981754303
1512041561935 lifecam22 2501.40795898 5219.92138672 6.1981754303
1512041561992 lifecam22 2501.39672852 5219.74365234 6.19903326035
1512041562145 lifecam22 2501.10058594 5219.20556641 6.21306848526
1512041562190 lifecam22 2501.08349609 5218.68896484 6.21479272842
1512041562262 lifecam22 2502.21630859 5218.53369141 6.21479511261
1512041562538 lifecam22 2503.33398438 5216.95947266 6.21837091446
1512041562603 lifecam22 2503.51757812 5216.94970703 6.21838951111
1512041562676 lifecam22 2502.6015625 5216.99755859 6.21884441376
1512041562730 lifecam22 2494.45751953 5217.890625 6.2406539917
1512041562797 lifecam22 2477.6640625 5218.68408203 6.26387500763
1512041563001 lifecam22 2442.25927734 5219.10644531 6.24982070923
1512041563068 lifecam22 2429.5 5220.17285156 6.25460243225
1512041563131 lifecam22 2418.22460938 5221.16113281 6.21269607544
1512041563208 lifecam22 2405.61108398 5220.71679688 6.21705389023
1512041563401 lifecam22 2366.93652344 5221.30371094 6.2365694046
1512041563472 lifecam22 2352.35351562 5222.58642578 6.15696430206
1512041563527 lifecam22 2345.06054688 5221.29101562 6.24315261841
1512041563594 lifecam22 2331.5 5222.15039062 6.25085639954
1512041563662 lifecam22 2319.65844727 5221.56835938 6.22095060349
1512041563805 lifecam22 2296.5 5221.82177734 6.25436687469
1512041563876 lifecam22 2282.49975586 5222.14111328 6.25291919708
1512041563949 lifecam22 2269.92358398 5221.37646484 6.23573589325
1512041563995 lifecam22 2255.74829102 5223.39355469 6.16755628586
1512041564064 lifecam22 2247.49951172 5222.43896484 6.26493453979
1512041564270 lifecam22 2210.65917969 5218.64453125 6.25361824036
1512041564345 lifecam22 2198.5 5218.5 6.28318357468
1512041564409 lifecam22 2184.5 5218.5 6.59619445287e-07
1512041564470 lifecam22 2169.40454102 5218.5 6.25638151169
1512041564547 lifecam22 2161.79296875 5218.5 6.2558426857
1512041564604 lifecam22 2149.5 5218.5 6.28318309784
1512041564668 lifecam22 2135.49975586 5218.5 1.82782301295e-07
1512041564740 lifecam22 2122.64868164 5218.5 6.23844528198
1512041564805 lifecam22 2113.88769531 5218.49951172 6.27176332474
1512041564944 lifecam22 2093.49975586 5218.5 4.21200894607e-07
1512041565002 lifecam22 2093.49975586 5218.5 4.21200894607e-07
1512041565065 lifecam22 2093.49975586 5218.5 1.13645671718e-06
1512041565141 lifecam22 2093.49975586 5218.5 1.13645671718e-06
1512041565215 lifecam22 2093.49975586 5218.5 1.13645671718e-06
1512041565342 lifecam22 2093.49975586 5218.5 1.13645671718e-06
1512041565416 lifecam22 2093.49975586 5218.5 1.13645671718e-06
1512041565473 lifecam22 2093.49975586 5218.5 1.13645671718e-06
1512041565535 lifecam22 2093.49975586 5218.5 1.13645671718e-06
1512041565608 lifecam22 2093.49975586 5218.5 1.13645671718e-06
1512041565741 lifecam22 2093.49975586 5218.5 1.13645671718e-06
