1512041498704 lifecam22 2492.86425781 5168.38964844 6.25576639175
1512041498769 lifecam22 2492.86083984 5168.21875 6.25545120239
1512041498827 lifecam22 2493.05029297 5168.38378906 6.25412082672
1512041498981 lifecam22 2493.03564453 5168.19580078 6.25023365021
1512041499032 lifecam22 2492.85693359 5168.20849609 6.25329256058
1512041499096 lifecam22 2493.03564453 5168.19580078 6.25023365021
1512041499171 lifecam22 2492.85693359 5168.20849609 6.25329256058
1512041499247 lifecam22 2492.8671875 5168.39794922 6.257168293
1512041499439 lifecam22 2492.85742188 5168.20947266 6.25372743607
1512041499504 lifecam22 2492.8671875 5168.39794922 6.257168293
1512041499564 lifecam22 2493.05029297 5168.38378906 6.25412082672
1512041499642 lifecam22 2492.86352539 5168.38916016 6.25538873672
1512041499712 lifecam22 2493.05029297 5168.38378906 6.25412082672
1512041499847 lifecam22 2493.03564453 5168.19580078 6.25023365021
1512041499911 lifecam22 2492.85742188 5168.20947266 6.25372743607
1512041499979 lifecam22 2492.8671875 5168.39941406 6.25760364532
1512041500029 lifecam22 2492.85058594 5168.02978516 6.25157260895
1512041500104 lifecam22 2492.8671875 5168.39794922 6.257168293
1512041500239 lifecam22 2492.84545898 5167.8515625 6.2502245903
1512041500307 lifecam22 2492.92260742 5167.65673828 6.23882770538
1512041500362 lifecam22 2492.83203125 5167.60205078 6.24532413483
1512041500432 lifecam22 2492.16357422 5165.78320312 0.00280529633164
1512041500505 lifecam22 2488.99975586 5169.33935547 6.25666475296
1512041501648 lifecam22 2493.68823242 5166.19287109 6.22289991379
1512041501915 lifecam22 2490.84716797 5168.67333984 6.23295354843
1512041502033 lifecam22 2489.17675781 5169.20166016 6.24951076508
1512041502103 lifecam22 2486.11254883 5169.63867188 6.24037218094
1512041502165 lifecam22 2492.67041016 5167.86035156 6.25230360031
1512041502315 lifecam22 2471.69433594 5169.5 6.27880764008
1512041502374 lifecam22 2457.49975586 5169.49951172 8.98038024388e-07
1512041502433 lifecam22 2448.99243164 5169.5 6.25720739365
1512041502565 lifecam22 2422.5 5170.02197266 6.27266931534
1512041502774 lifecam22 2386.48095703 5172.63378906 6.23102664948
1512041502841 lifecam22 2373.49951172 5173.54101562 6.24851560593
1512041502915 lifecam22 2359.65136719 5173.02441406 6.24777173996
1512041502985 lifecam22 2349.53125 5173.29443359 6.2227435112
1512041503034 lifecam22 2338.07421875 5173.39990234 6.24369955063
1512041503181 lifecam22 2311.78613281 5173.47949219 6.23485469818
1512041503242 lifecam22 2299.16772461 5173.79248047 6.20853471756
1512041503316 lifecam22 2289.49951172 5175.27783203 6.26636600494
1512041503376 lifecam22 2275.49951172 5175.67089844 6.26994609833
1512041503451 lifecam22 2263.21826172 5175.890625 6.25118780136
1512041503582 lifecam22 2240.49951172 5176.49951172 6.28318500519
1512041503651 lifecam22 2226.49975586 5176.5 6.28318405151
1512041503699 lifecam22 2211.17871094 5176.32275391 6.26763820648
1512041503771 lifecam22 2204.15795898 5176.5 6.2607011795
1512041503839 lifecam22 2191.49975586 5176.5 8.98038024388e-07
1512041503988 lifecam22 2163.59570312 5176.5 6.24124765396
1512041504039 lifecam22 2154.08251953 5176.27636719 6.24542713165
1512041504109 lifecam22 2142.49975586 5176.5 1.82782301295e-07
1512041504168 lifecam22 2128.49975586 5176.29394531 6.28011083603
1512041504238 lifecam22 2116.46679688 5176.5 6.23430013657
1512041504449 lifecam22 2084.38720703 5176.49951172 6.25569295883
1512041504565 lifecam22 2086.49975586 5176.5 4.21200894607e-07
1512041504636 lifecam22 2086.49975586 5176.5 4.21200894607e-07
1512041504719 lifecam22 2086.49975586 5176.5 4.21200894607e-07
1512041504835 lifecam22 2086.49975586 5176.5 4.21200894607e-07
1512041504906 lifecam22 2086.49975586 5176.5 4.21200894607e-07
1512041504968 lifecam22 2086.34301758 5176.49951172 6.27924346924
1512041505035 lifecam22 2086.34301758 5176.49951172 6.27924346924
1512041505108 lifecam22 2086.49975586 5176.5 4.21200894607e-07
1512041505246 lifecam22 2086.49975586 5176.5 4.21200894607e-07
1512041505320 lifecam22 2086.49975586 5176.5 4.21200894607e-07
1512041505387 lifecam22 2086.49975586 5176.5 4.21200894607e-07
1512041505446 lifecam22 2086.49975586 5176.5 4.21200894607e-07
1512041505515 lifecam22 2086.49975586 5176.5 4.21200894607e-07
1512041505718 lifecam22 2086.49975586 5176.5 4.21200894607e-07
1512041505787 lifecam22 2086.49975586 5176.5 4.21200894607e-07
1512041505853 lifecam22 2086.49975586 5176.5 4.21200894607e-07
1512041505914 lifecam22 2086.49975586 5176.5 4.21200894607e-07
1512041505986 lifecam22 2086.49975586 5176.5 4.21200894607e-07
1512041506186 lifecam22 2086.49975586 5176.5 4.21200894607e-07
1512041506253 lifecam22 2086.49975586 5176.5 4.21200894607e-07
