1512041589117 lifecam22 2498.48828125 5207.42822266 6.27289819717
1512041589187 lifecam22 2498.49755859 5206.82373047 6.28177642822
1512041589247 lifecam22 2498.49780273 5206.63818359 6.28042984009
1512041589310 lifecam22 2498.30639648 5206.65283203 6.28209400177
1512041589651 lifecam22 2498.3112793 5206.29150391 6.2805109024
1512041589712 lifecam22 2498.50195312 5206.27539062 6.27885437012
1512041589777 lifecam22 2499.55444336 5206.02441406 6.26166391373
1512041589841 lifecam22 2498.52734375 5205.5859375 6.28020334244
1512041590040 lifecam22 2497.69873047 5213.15625 6.17986106873
1512041590119 lifecam22 2498.32543945 5205.94580078 6.28118276596
1512041590183 lifecam22 2499.14013672 5211.00146484 6.28075933456
1512041590238 lifecam22 2499.5 5207.81152344 6.27834844589
1512041590308 lifecam22 2499.49975586 5207.37353516 0.0107608474791
1512041590510 lifecam22 2471.5 5208.38378906 0.0365708507597
1512041590580 lifecam22 2459.45654297 5208.07470703 0.0602884925902
1512041590646 lifecam22 2450.16552734 5208.21044922 0.0433843769133
1512041590708 lifecam22 2436.5 5208.04394531 0.0373932756484
1512041590775 lifecam22 2424.09716797 5207.859375 0.059921566397
1512041590911 lifecam22 2399.57910156 5206.77783203 0.0639420151711
1512041590974 lifecam22 2387.49975586 5206.11181641 0.0276984609663
1512041591051 lifecam22 2374.7175293 5205.4140625 0.0376556552947
1512041591112 lifecam22 2362.57421875 5204.61523438 0.0521642565727
1512041591190 lifecam22 2351.51757812 5203.35400391 0.0416364111006
1512041591379 lifecam22 2314.02539062 5200.62695312 0.072219312191
1512041591442 lifecam22 2302.12451172 5199.62255859 0.0573942102492
1512041591575 lifecam22 2277.75048828 5197.95947266 0.0621820166707
1512041591642 lifecam22 2265.65527344 5196.79150391 0.0626375228167
1512041591847 lifecam22 2229.03271484 5194.30126953 0.070900849998
1512041591916 lifecam22 2217.15014648 5193.71240234 0.0709101557732
1512041591982 lifecam22 2204.79492188 5192.92626953 0.0535294488072
1512041592046 lifecam22 2192.55810547 5192.12597656 0.0459231771529
1512041592119 lifecam22 2181.18505859 5190.68798828 0.0735442042351
1512041592321 lifecam22 2144.48925781 5187.06884766 0.0686927586794
1512041592386 lifecam22 2131.86328125 5186.24853516 0.0730994492769
1512041592445 lifecam22 2119.73266602 5185.42236328 0.0593240894377
1512041592511 lifecam22 2106.87915039 5184.109375 0.0404780581594
1512041592587 lifecam22 2096.22924805 5183.06494141 0.0739232897758
1512041592721 lifecam22 2092.79223633 5182.64453125 0.0671101137996
1512041592856 lifecam22 2093.74731445 5182.36474609 0.0710799172521
1512041593719 lifecam22 2093.40625 5182.33496094 0.0673580765724
