1512041541706 lifecam22 2495.92236328 5221.75439453 6.25136327744
1512041541763 lifecam22 2495.47998047 5221.75341797 6.25546550751
1512041541826 lifecam22 2496.04345703 5219.19091797 6.270362854
1512041542106 lifecam22 2498.77954102 5214.99951172 6.25297212601
1512041542379 lifecam22 2498.04589844 5221.00878906 6.22070598602
1512041542445 lifecam22 2496.17993164 5220.21044922 6.25477695465
1512041542505 lifecam22 2496.18066406 5220.37597656 6.2541384697
1512041542566 lifecam22 2496.37597656 5220.55664062 6.24868154526
1512041542636 lifecam22 2495.99975586 5219.27636719 6.26880693436
1512041542782 lifecam22 2495.99975586 5219.60498047 6.26578378677
1512041542837 lifecam22 2497.31323242 5219.10058594 6.2513999939
1512041542904 lifecam22 2495.99975586 5219.43945312 6.26710224152
1512041542967 lifecam22 2497.94775391 5220.82080078 6.22503805161
1512041543041 lifecam22 2498.57666016 5225.00292969 6.19561862946
1512041543243 lifecam22 2499.5 5219.74316406 6.26346111298
1512041543309 lifecam22 2499.49975586 5219.37158203 6.26916217804
1512041543376 lifecam22 2499.49975586 5219.57714844 6.26606893539
1512041543435 lifecam22 2499.5 5220.15185547 6.25768756866
1512041543495 lifecam22 2495.06323242 5218.65966797 6.24871683121
1512041543697 lifecam22 2457.5 5223.15087891 0.0330544188619
1512041543772 lifecam22 2443.65478516 5223.18652344 0.037727419287
1512041543836 lifecam22 2432.19555664 5222.68994141 0.0717964693904
1512041543906 lifecam22 2421.2121582 5222.17041016 0.062217656523
1512041544040 lifecam22 2395.95898438 5220.72119141 0.0568520501256
1512041544110 lifecam22 2383.35791016 5220.26611328 0.063506424427
1512041544172 lifecam22 2371.83740234 5219.60693359 0.0494557060301
1512041544234 lifecam22 2359.49462891 5218.83496094 0.0234643854201
1512041544309 lifecam22 2346.94921875 5217.66601562 0.0455727018416
1512041544512 lifecam22 2310.49975586 5215.2265625 0.0379042066634
1512041544577 lifecam22 2298.53564453 5214.13330078 0.0648047253489
1512041544643 lifecam22 2286.09643555 5213.69042969 0.0691868662834
1512041544713 lifecam22 2274.4387207 5212.88037109 0.0499059595168
1512041544907 lifecam22 2237.24584961 5209.88427734 0.0639587044716
1512041544983 lifecam22 2225.55761719 5208.94970703 0.054778996855
1512041545110 lifecam22 2200.90771484 5207.35595703 0.069174349308
1512041545183 lifecam22 2189.55541992 5206.77783203 0.0635086894035
1512041545252 lifecam22 2176.12719727 5205.58154297 0.0271139778197
1512041545306 lifecam22 2165.07739258 5204.18945312 0.0628201439977
1512041545368 lifecam22 2150.63574219 5202.48046875 0.0726513266563
1512041545435 lifecam22 2140.45068359 5201.67089844 0.0691678002477
1512041545502 lifecam22 2128.00195312 5201.04492188 0.0497280992568
