1512041527740 lifecam22 2496.25439453 5195.20898438 6.21127843857
1512041527811 lifecam22 2495.66723633 5195.58691406 6.20878171921
1512041528010 lifecam22 2496.07910156 5195.41259766 6.21138525009
1512041528139 lifecam22 2495.72021484 5195.08398438 6.20965099335
1512041528211 lifecam22 2493.55541992 5197.71875 6.20253753662
1512041528284 lifecam22 2493.71240234 5200.50341797 6.16490316391
1512041528479 lifecam22 2494.69213867 5190.78515625 6.19305038452
1512041528546 lifecam22 2495.01977539 5189.99365234 6.20201063156
1512041528688 lifecam22 2494.41992188 5190.25634766 6.20392131805
1512041528748 lifecam22 2494.83837891 5191.97949219 6.18867397308
1512041528888 lifecam22 2495.36962891 5191.66503906 6.18324565887
1512041528959 lifecam22 2495.10131836 5190.68945312 6.22450637817
1512041529010 lifecam22 2494.7824707 5186.57421875 6.23307704926
1512041529146 lifecam22 2495.49414062 5186.42871094 6.22240686417
1512041529814 lifecam22 2495.10546875 5189.91650391 6.2306728363
1512041529885 lifecam22 2494.06518555 5193.38183594 6.25052452087
1512041529943 lifecam22 2493.83398438 5194.58203125 6.22893190384
1512041530019 lifecam22 2493.81958008 5196.28808594 6.20871114731
1512041530085 lifecam22 2493.65966797 5196.08007812 6.21467399597
1512041530287 lifecam22 2490.75 5200.01416016 6.16856575012
1512041530351 lifecam22 2490.41796875 5199.609375 6.18162298203
1512041530477 lifecam22 2491.18432617 5199.45898438 6.16924285889
1512041530540 lifecam22 2490.04443359 5198.30273438 6.19836139679
1512041530616 lifecam22 2490.47167969 5198.60986328 6.17822790146
1512041530687 lifecam22 2493.73876953 5198.26513672 6.19499206543
1512041530741 lifecam22 2491.30761719 5200.4765625 6.16925239563
1512041530809 lifecam22 2494.265625 5198.14697266 6.20044279099
1512041530881 lifecam22 2495.42407227 5198.60791016 6.1935095787
1512041530942 lifecam22 2493.60888672 5198.62255859 6.20194005966
1512041531082 lifecam22 2493.9777832 5199.85058594 6.21907806396
1512041531161 lifecam22 2495.1875 5199.93945312 6.21154165268
1512041531221 lifecam22 2496.43286133 5198.36669922 6.21353960037
1512041531490 lifecam22 2482.3762207 5198.79785156 6.22140216827
1512041531557 lifecam22 2466.25683594 5199.65332031 6.22054719925
1512041531616 lifecam22 2455.37988281 5200.35302734 6.21357536316
1512041531676 lifecam22 2443.49975586 5201.17773438 6.24519824982
1512041531748 lifecam22 2429.94995117 5201.20410156 6.23457050323
1512041531958 lifecam22 2394.49975586 5203.87353516 6.27260875702
1512041532019 lifecam22 2380.86743164 5204.13037109 6.26817703247
1512041532087 lifecam22 2369.26928711 5204.49951172 6.24535512924
1512041532145 lifecam22 2357.43652344 5204.49951172 6.25143194199
1512041532216 lifecam22 2345.49975586 5204.5 6.28318500519
1512041532413 lifecam22 2309.55761719 5204.5 6.26516342163
1512041532476 lifecam22 2296.5 5204.5 6.28318500519
1512041532548 lifecam22 2283.08300781 5204.5 6.27162599564
1512041532618 lifecam22 2270.68945312 5204.5 6.23145484924
1512041532831 lifecam22 2233.49975586 5204.5 4.21200894607e-07
1512041532897 lifecam22 2222.33349609 5204.5 6.23433208466
1512041532944 lifecam22 2212.1315918 5204.5 6.2752866745
1512041533017 lifecam22 2198.49975586 5204.5 6.28318500519
1512041533097 lifecam22 2185.31347656 5204.49951172 6.26792907715
1512041533214 lifecam22 2163.5 5204.5 1.13645671718e-06
1512041533293 lifecam22 2149.49975586 5204.5 1.82782301295e-07
1512041533353 lifecam22 2136.74633789 5204.49951172 6.26301908493
1512041533420 lifecam22 2126.43676758 5204.49951172 6.25143146515
1512041533499 lifecam22 2114.5 5204.5 6.28318357468
1512041533637 lifecam22 2088.6550293 5204.5 6.23272657394
1512041533699 lifecam22 2086.5 5204.5 6.59619445287e-07
1512041533760 lifecam22 2086.5 5204.5 6.59619445287e-07
1512041533816 lifecam22 2086.81616211 5204.49951172 6.27574682236
1512041533885 lifecam22 2086.65649414 5204.49951172 6.2792429924
1512041534012 lifecam22 2086.65649414 5204.49951172 6.2792429924
1512041534089 lifecam22 2086.65649414 5204.49951172 6.2792429924
