1512041364624 lifecam22 2423.03222656 5131.70654297 0.0334431603551
1512041364704 lifecam22 2422.89331055 5131.70458984 0.0316559709609
1512041364768 lifecam22 2423.65087891 5131.56933594 0.0284667629749
1512041364834 lifecam22 2423.03076172 5131.68994141 0.0327095389366
1512041364899 lifecam22 2423.65649414 5131.31787109 0.0301191248
1512041364965 lifecam22 2423.04882812 5130.86230469 0.0350965894759
1512041365022 lifecam22 2423.51953125 5130.89013672 0.0298040546477
1512041365103 lifecam22 2422.94384766 5130.85791016 0.0337688401341
1512041365164 lifecam22 2423.08789062 5131.28173828 0.0345075801015
1512041365240 lifecam22 2422.94384766 5130.85791016 0.0337688401341
1512041365360 lifecam22 2423.11206055 5130.25 0.0374541915953
1512041365427 lifecam22 2422.90454102 5130.68261719 0.031141821295
1512041365505 lifecam22 2422.94213867 5130.68408203 0.0316069796681
1512041365571 lifecam22 2423.04638672 5130.68945312 0.0328056290746
1512041365636 lifecam22 2422.94213867 5130.68408203 0.0316069796681
1512041365782 lifecam22 2422.90600586 5130.85595703 0.0333035625517
1512041365908 lifecam22 2422.90625 5130.70898438 0.0323423817754
1512041365962 lifecam22 2422.90454102 5130.68261719 0.031141821295
1512041366025 lifecam22 2423.02929688 5131.34277344 0.0295683778822
1512041366245 lifecam22 2422.94213867 5130.68408203 0.0316069796681
1512041366308 lifecam22 2427.72924805 5130.91455078 0.047699149698
1512041366373 lifecam22 2428.9387207 5130.62939453 0.0523679889739
1512041366437 lifecam22 2429.01660156 5129.39306641 0.0587578453124
1512041366504 lifecam22 2423.48730469 5136.02978516 6.22950077057
1512041366640 lifecam22 2426.25268555 5134.29980469 0.0387843288481
1512041366698 lifecam22 2429.09155273 5134.02294922 0.0340206027031
1512041366772 lifecam22 2429.10205078 5133.83154297 0.0278070606291
1512041366836 lifecam22 2429.10205078 5133.83154297 0.0278070606291
1512041366903 lifecam22 2429.10205078 5133.83154297 0.0278070606291
1512041367099 lifecam22 2395.06030273 5132.47216797 0.0688194707036
1512041367175 lifecam22 2384.88256836 5131.81396484 0.0717989802361
1512041367224 lifecam22 2372.19482422 5131.54589844 0.0617790855467
1512041367308 lifecam22 2359.50268555 5130.61621094 0.0730976462364
1512041367370 lifecam22 2348.10986328 5129.78369141 0.0730323269963
1512041367513 lifecam22 2323.72509766 5127.03417969 0.0848175957799
1512041367573 lifecam22 2312.42285156 5125.59326172 0.0757035687566
1512041367708 lifecam22 2286.58618164 5123.67529297 0.0757193043828
1512041367775 lifecam22 2274.87255859 5122.84082031 0.0770251229405
1512041367904 lifecam22 2250.63037109 5120.26611328 0.0848851948977
1512041367963 lifecam22 2238.60131836 5119.16064453 0.0796696618199
1512041368039 lifecam22 2222.66210938 5117.58544922 0.0567063689232
1512041368101 lifecam22 2215.05444336 5117.11230469 0.073971092701
1512041368170 lifecam22 2201.83764648 5115.69873047 0.0848766043782
1512041368312 lifecam22 2178.51611328 5113.56835938 0.0981296896935
1512041368363 lifecam22 2165.81518555 5111.78173828 0.0848851948977
1512041368425 lifecam22 2153.5300293 5110.94433594 0.0831528380513
1512041368501 lifecam22 2141.19189453 5109.94433594 0.0805504992604
1512041368576 lifecam22 2129.64086914 5108.83740234 0.0851226523519
1512041368699 lifecam22 2104.46289062 5105.43554688 0.0865728259087
1512041368841 lifecam22 2080.69580078 5103.09228516 0.0802870467305
1512041368907 lifecam22 2068.93505859 5102.57666016 0.0789337679744
1512041368980 lifecam22 2056.66015625 5101.22558594 0.0935904458165
1512041369107 lifecam22 2032.32763672 5098.51464844 0.098718225956
1512041369169 lifecam22 2021.44970703 5097.36962891 0.0960844233632
1512041369241 lifecam22 2020.02416992 5097.32714844 0.0901004746556
1512041369299 lifecam22 2021.41503906 5097.75488281 0.0938697531819
1512041369374 lifecam22 2021.41503906 5097.75488281 0.0938697531819
1512041369508 lifecam22 2021.44970703 5097.36962891 0.0960844233632
1512041369578 lifecam22 2021.43408203 5097.54980469 0.0956348851323
1512041369646 lifecam22 2021.41503906 5097.75488281 0.0938697531819
1512041369710 lifecam22 2021.41503906 5097.75488281 0.0938697531819
1512041369774 lifecam22 2021.41503906 5097.75488281 0.0938697531819
1512041369908 lifecam22 2021.26245117 5097.52539062 0.0921611264348
1512041369970 lifecam22 2021.26245117 5097.52539062 0.0921611264348
1512041370036 lifecam22 2021.46386719 5097.16455078 0.0921832919121
1512041370116 lifecam22 2021.26245117 5097.52539062 0.0921611264348
1512041370179 lifecam22 2021.41503906 5097.75488281 0.0938697531819
1512041370246 lifecam22 2021.26049805 5097.55224609 0.0908520892262
