1512041423465 lifecam22 2492.49975586 5141.67773438 0.000880424224306
1512041423519 lifecam22 2492.49975586 5141.67773438 0.000880424224306
1512041423592 lifecam22 2492.49975586 5142.01269531 0.00572580564767
1512041423647 lifecam22 2492.49975586 5141.84082031 0.00395900383592
1512041423727 lifecam22 2492.49975586 5141.5 1.61329387538e-06
1512041423916 lifecam22 2492.49975586 5141.84082031 0.00395900383592
1512041423988 lifecam22 2492.49975586 5142.203125 0.00485247792676
1512041424050 lifecam22 2492.49975586 5142.03076172 0.00308353104629
1512041424111 lifecam22 2492.49975586 5141.5 1.61329387538e-06
1512041424189 lifecam22 2492.89379883 5140.83886719 0.0259816087782
1512041424390 lifecam22 2494.36035156 5142.35205078 0.00636107102036
1512041424455 lifecam22 2490.45214844 5147.10742188 0.0360913909972
1512041424526 lifecam22 2491.49707031 5145.38671875 0.0500543750823
1512041424594 lifecam22 2492.5 5145.21142578 0.00404781475663
1512041424663 lifecam22 2492.5 5144.61914062 0.0361315645278
1512041424801 lifecam22 2492.5 5144.23242188 0.0352529920638
1512041424858 lifecam22 2491.78710938 5144.19580078 0.0478873923421
1512041424925 lifecam22 2475.97045898 5144.69042969 0.0691744685173
1512041424985 lifecam22 2460.45874023 5144.58105469 0.0709273219109
1512041425065 lifecam22 2450.6706543 5144.12353516 0.0646312907338
1512041425128 lifecam22 2439.5065918 5144.02539062 0.0718012526631
1512041425269 lifecam22 2413.53222656 5141.41064453 0.068768337369
1512041425331 lifecam22 2401.46435547 5140.12744141 0.073932826519
1512041425384 lifecam22 2389.94946289 5139.01171875 0.0743762925267
1512041425462 lifecam22 2377.17236328 5138.19921875 0.0765977576375
1512041425530 lifecam22 2363.97192383 5137.51513672 0.0731008723378
1512041425731 lifecam22 2328.38647461 5134.51269531 0.0826960280538
1512041425781 lifecam22 2315.60253906 5133.30371094 0.0722671225667
1512041425860 lifecam22 2305.13378906 5132.47021484 0.0710196048021
1512041425997 lifecam22 2279.60058594 5130.48730469 0.0748558714986
1512041426195 lifecam22 2243.69897461 5126.33203125 0.0857327580452
1512041426258 lifecam22 2230.93286133 5124.80371094 0.0781788304448
1512041426397 lifecam22 2204.08862305 5122.98339844 0.0638460442424
1512041426459 lifecam22 2194.49389648 5122.11376953 0.0813798308372
1512041426663 lifecam22 2158.72631836 5118.30664062 0.0780606940389
1512041426731 lifecam22 2145.79956055 5117.17041016 0.0765989348292
1512041426798 lifecam22 2133.32861328 5116.48828125 0.0777545720339
1512041426860 lifecam22 2122.13208008 5115.57617188 0.088096909225
1512041427061 lifecam22 2087.88842773 5111.35058594 0.092949219048
1512041427129 lifecam22 2084.84375 5111.0234375 0.0862481147051
