1512041516067 lifecam22 2500.08422852 5168.95947266 0.0232247784734
1512041516138 lifecam22 2499.88916016 5169.90234375 0.0273121036589
1512041516202 lifecam22 2499.86083984 5170.22509766 0.0272393878549
1512041516406 lifecam22 2499.86157227 5170.39746094 0.026218239218
1512041516467 lifecam22 2499.67944336 5170.53271484 0.0285025276244
1512041516531 lifecam22 2499.86035156 5170.96679688 0.0213267244399
1512041516593 lifecam22 2499.8359375 5172.78222656 6.27922439575
1512041516665 lifecam22 2499.8581543 5172.84765625 6.27188158035
1512041516999 lifecam22 2496.41113281 5176.58300781 0.0098049081862
1512041517126 lifecam22 2496.98535156 5176.49951172 0.0167898572981
1512041517269 lifecam22 2497.16015625 5176.49951172 0.0181029476225
1512041517340 lifecam22 2497.16015625 5176.49951172 0.0181029476225
1512041517527 lifecam22 2497.33837891 5176.49951172 0.0189901012927
1512041517740 lifecam22 2497.38208008 5175.890625 0.0276982225478
1512041517796 lifecam22 2497.46118164 5174.92089844 0.0365310274065
1512041517932 lifecam22 2498.51757812 5175.26855469 0.0290991719812
1512041518136 lifecam22 2498.67089844 5176.49951172 0.0130783962086
1512041518198 lifecam22 2497.51953125 5176.49951172 0.0194473881274
1512041518259 lifecam22 2497.51953125 5176.49951172 0.0194473881274
1512041518340 lifecam22 2498.87329102 5176.49951172 0.0104797519743
1512041518388 lifecam22 2499.49951172 5176.28808594 0.00394374504685
1512041518531 lifecam22 2499.49951172 5176.28808594 0.00394374504685
1512041518600 lifecam22 2492.5 5175.92236328 0.0113822855055
1512041518656 lifecam22 2478.5 5174.68554688 0.0302891172469
1512041518736 lifecam22 2463.34741211 5174.12255859 0.056135006249
1512041518796 lifecam22 2452.61914062 5173.83349609 0.0665183737874
1512041518924 lifecam22 2428.59082031 5173.00292969 0.0556858256459
1512041518998 lifecam22 2416.55615234 5172.2421875 0.0537506975234
1512041519061 lifecam22 2403.94995117 5171.60986328 0.0652478411794
1512041519129 lifecam22 2391.38525391 5169.86132812 0.0622047819197
1512041519199 lifecam22 2379.50024414 5168.69335938 0.0517197325826
1512041519336 lifecam22 2355.1953125 5166.68994141 0.0717979073524
1512041519401 lifecam22 2342.54516602 5166.22851562 0.0757246688008
1512041519468 lifecam22 2330.61206055 5165.43115234 0.0547854378819
1512041519522 lifecam22 2318.15332031 5164.94189453 0.0533859170973
1512041519738 lifecam22 2281.86889648 5161.36279297 0.0501959994435
1512041519801 lifecam22 2269.89501953 5160.32226562 0.0599715150893
1512041519874 lifecam22 2257.77148438 5159.54003906 0.0757319405675
1512041519925 lifecam22 2245.67553711 5158.94384766 0.0691756680608
1512041520141 lifecam22 2208.87036133 5154.54736328 0.0783230662346
1512041520206 lifecam22 2196.60131836 5153.2265625 0.0656830742955
1512041520393 lifecam22 2160.58691406 5151.67089844 0.0748565867543
1512041520542 lifecam22 2134.58496094 5149.63330078 0.0487886145711
1512041520605 lifecam22 2122.55273438 5148.24755859 0.0815085843205
1512041520670 lifecam22 2111.70703125 5146.87060547 0.0744023993611
1512041520730 lifecam22 2099.19433594 5145.54296875 0.062611527741
1512041520805 lifecam22 2090.17236328 5145.19921875 0.076599419117
1512041520930 lifecam22 2091.84130859 5145.14550781 0.0678650811315
1512041521000 lifecam22 2091.66381836 5145.13134766 0.0695994570851
1512041521062 lifecam22 2091.84130859 5145.14550781 0.0678650811315
1512041521139 lifecam22 2091.84130859 5145.14550781 0.0678650811315
1512041521214 lifecam22 2091.83105469 5145.32958984 0.0674439147115
1512041521411 lifecam22 2091.84130859 5145.14550781 0.0678650811315
1512041521475 lifecam22 2091.84130859 5145.14550781 0.0678650811315
1512041521538 lifecam22 2091.84130859 5145.14550781 0.0678650811315
1512041521594 lifecam22 2091.84130859 5145.14550781 0.0678650811315
1512041521741 lifecam22 2091.84130859 5145.14550781 0.0678650811315
1512041521805 lifecam22 2091.84130859 5145.14550781 0.0678650811315
1512041521875 lifecam22 2091.84130859 5145.14550781 0.0678650811315
1512041521946 lifecam22 2091.84130859 5145.14550781 0.0678650811315
1512041521994 lifecam22 2091.84130859 5145.14550781 0.0678650811315
