1512041573555 lifecam22 2496.0 5166.35742188 6.24707555771
1512041573613 lifecam22 2496.0 5167.46044922 6.25483751297
1512041573692 lifecam22 2496.0 5165.82080078 6.24568223953
1512041573757 lifecam22 2495.61621094 5163.29589844 6.26949071884
1512041573889 lifecam22 2490.84008789 5157.35107422 6.26250648499
1512041574422 lifecam22 2495.02075195 5168.6953125 6.11253881454
1512041574487 lifecam22 2495.83789062 5164.85839844 6.23766756058
1512041574542 lifecam22 2496.95751953 5164.78710938 6.24413061142
1512041574625 lifecam22 2497.66186523 5165.89257812 6.2271528244
1512041574755 lifecam22 2495.80053711 5166.71435547 6.24445915222
1512041574829 lifecam22 2495.22509766 5166.93701172 6.24260044098
1512041574895 lifecam22 2495.61865234 5167.09228516 6.24690055847
1512041574950 lifecam22 2495.03833008 5167.51513672 6.24527406693
1512041575010 lifecam22 2494.83007812 5167.33886719 6.24021339417
1512041575160 lifecam22 2494.41796875 5167.67822266 6.23073005676
1512041575211 lifecam22 2495.02197266 5167.12207031 6.24063301086
1512041575284 lifecam22 2496.0 5166.72070312 6.24784564972
1512041575353 lifecam22 2496.0 5166.0 6.24630689621
1512041575431 lifecam22 2496.0 5165.63427734 6.24870252609
1512041575564 lifecam22 2495.61083984 5166.20947266 6.24525785446
1512041575610 lifecam22 2494.26171875 5167.66210938 6.2366271019
1512041575679 lifecam22 2497.07421875 5166.27001953 6.22056770325
1512041575747 lifecam22 2497.24975586 5166.4296875 6.2258272171
1512041575814 lifecam22 2497.24975586 5166.4296875 6.2258272171
1512041575950 lifecam22 2497.26635742 5166.59960938 6.22848129272
1512041576022 lifecam22 2497.06640625 5166.43994141 6.22582387924
1512041576090 lifecam22 2497.24975586 5166.4296875 6.2258272171
1512041576161 lifecam22 2497.08984375 5166.43457031 6.2236571312
1512041576219 lifecam22 2497.23242188 5166.26269531 6.22274684906
1512041576365 lifecam22 2496.90380859 5166.44384766 6.22321557999
1512041576419 lifecam22 2497.06640625 5166.43994141 6.22582387924
1512041576488 lifecam22 2497.24975586 5166.4296875 6.2258272171
1512041576625 lifecam22 2497.24975586 5166.4296875 6.2258272171
1512041576829 lifecam22 2496.91113281 5166.44433594 6.22764348984
1512041576886 lifecam22 2496.89575195 5166.27832031 6.22498226166
1512041576950 lifecam22 2497.08691406 5166.43408203 6.22322273254
1512041577028 lifecam22 2497.24975586 5166.4296875 6.2258272171
1512041577095 lifecam22 2497.24975586 5166.4296875 6.2258272171
1512041577230 lifecam22 2497.06640625 5166.43994141 6.22582387924
1512041577298 lifecam22 2497.06640625 5166.43994141 6.22582387924
1512041577361 lifecam22 2497.23242188 5166.26269531 6.22274684906
1512041577424 lifecam22 2496.88769531 5166.28125 6.22012996674
1512041577492 lifecam22 2497.22680664 5166.09667969 6.22450256348
1512041577695 lifecam22 2497.06518555 5165.8046875 6.2338643074
1512041577816 lifecam22 2497.05126953 5165.79882812 6.2355465889
1512041577894 lifecam22 2497.16308594 5163.24951172 6.24955654144
1512041577965 lifecam22 2496.0 5163.43945312 6.26710319519
1512041578163 lifecam22 2495.81591797 5163.61132812 6.26580810547
1512041578237 lifecam22 2495.81542969 5162.5 1.13645671718e-06
1512041578297 lifecam22 2496.84423828 5162.5 6.26809644699
1512041578634 lifecam22 2497.70605469 5160.65527344 6.269115448
1512041578762 lifecam22 2497.04736328 5161.34277344 6.28235721588
1512041578885 lifecam22 2496.67871094 5164.05419922 6.25338172913
1512041579099 lifecam22 2495.63305664 5169.05322266 0.0202360805124
1512041579164 lifecam22 2496.0 5169.49951172 8.98038024388e-07
1512041579233 lifecam22 2499.35424805 5167.14306641 0.0109954513609
1512041579299 lifecam22 2499.30395508 5167.43847656 6.27759599686
1512041579362 lifecam22 2499.5 5168.38183594 6.28141736984
1512041579503 lifecam22 2492.49951172 5169.20800781 0.00414401711896
1512041579568 lifecam22 2475.44311523 5168.43945312 0.0509112514555
1512041579631 lifecam22 2461.84814453 5167.74853516 0.0617597699165
1512041579695 lifecam22 2450.49951172 5167.1328125 0.0347159542143
1512041579768 lifecam22 2438.07861328 5166.61425781 0.0625769644976
1512041579970 lifecam22 2401.49975586 5164.48925781 0.0316469110548
1512041580098 lifecam22 2377.55419922 5163.24072266 0.0630869343877
1512041580168 lifecam22 2365.49462891 5162.03662109 0.0460252277553
1512041580233 lifecam22 2352.12255859 5161.65039062 0.0466186441481
1512041580436 lifecam22 2316.37890625 5159.37109375 0.0587669089437
1512041580637 lifecam22 2280.47973633 5156.46679688 0.0621876195073
1512041580699 lifecam22 2267.8671875 5155.02099609 0.0466484464705
1512041580835 lifecam22 2243.58422852 5152.52636719 0.0744151473045
1512041580900 lifecam22 2230.94482422 5151.88720703 0.0739728808403
1512041580971 lifecam22 2215.4777832 5150.66992188 0.0405095256865
1512041581035 lifecam22 2207.53759766 5150.59228516 0.0627915337682
1512041581103 lifecam22 2194.9375 5149.40966797 0.071356125176
1512041581300 lifecam22 2157.37939453 5145.35888672 0.0731406807899
1512041581365 lifecam22 2146.57275391 5144.85839844 0.0757251381874
1512041581438 lifecam22 2133.99658203 5144.14648438 0.068584382534
1512041581507 lifecam22 2121.05664062 5142.68164062 0.058037225157
1512041581573 lifecam22 2110.60229492 5141.61474609 0.080066986382
1512041581829 lifecam22 2089.7265625 5139.24414062 0.0815426707268
1512041581898 lifecam22 2089.94262695 5139.09375 0.0793458819389
1512041581970 lifecam22 2089.92871094 5139.26367188 0.082832634449
1512041582033 lifecam22 2090.10302734 5139.45849609 0.0810746625066
1512041582105 lifecam22 2090.11621094 5139.27880859 0.08195322752
1512041582159 lifecam22 2089.71289062 5139.42431641 0.0806632637978
1512041582222 lifecam22 2089.71289062 5139.42431641 0.0806632637978
1512041582293 lifecam22 2089.92871094 5139.26367188 0.082832634449
1512041582369 lifecam22 2089.92871094 5139.26367188 0.082832634449
1512041582433 lifecam22 2089.92871094 5139.26367188 0.082832634449
1512041582567 lifecam22 2089.91479492 5139.44384766 0.0819538235664
1512041582633 lifecam22 2089.7265625 5139.24414062 0.0815426707268
1512041582756 lifecam22 2089.92871094 5139.26367188 0.082832634449
1512041582831 lifecam22 2089.92871094 5139.26367188 0.082832634449
1512041582898 lifecam22 2089.7265625 5139.24414062 0.0815426707268
