1512041475809 lifecam22 2494.36010742 5162.67041016 6.25367259979
1512041475871 lifecam22 2494.89746094 5162.65576172 6.24396753311
1512041475939 lifecam22 2495.26904297 5162.49951172 6.24535703659
1512041476001 lifecam22 2495.07885742 5162.5 6.24628829956
1512041476065 lifecam22 2495.07128906 5162.65283203 6.24269104004
1512041476272 lifecam22 2495.26904297 5162.49951172 6.24535703659
1512041476329 lifecam22 2495.26904297 5162.49951172 6.24535703659
1512041476408 lifecam22 2495.24707031 5162.65087891 6.24208211899
1512041476468 lifecam22 2494.89746094 5162.65576172 6.24396753311
1512041476538 lifecam22 2495.26904297 5162.49951172 6.24535703659
1512041476610 lifecam22 2494.90014648 5162.69335938 6.24352216721
1512041476674 lifecam22 2495.09399414 5162.49951172 6.24662733078
1512041476742 lifecam22 2495.07885742 5162.5 6.24628829956
1512041476809 lifecam22 2494.89746094 5162.65576172 6.24396753311
1512041476857 lifecam22 2494.90380859 5162.5 6.24755811691
1512041477009 lifecam22 2494.90380859 5162.5 6.24755811691
1512041477071 lifecam22 2493.1262207 5162.5 0.0104772485793
1512041477132 lifecam22 2493.27685547 5163.79931641 6.24984502792
1512041477199 lifecam22 2493.31347656 5162.49951172 6.26793003082
1512041477259 lifecam22 2493.35473633 5159.0 6.26697635651
1512041477464 lifecam22 2494.58959961 5158.34082031 6.26266813278
1512041477525 lifecam22 2493.87866211 5159.61621094 6.24559307098
1512041477594 lifecam22 2492.65869141 5159.78857422 6.25986003876
1512041477668 lifecam22 2492.67333984 5159.68603516 6.26169347763
1512041477875 lifecam22 2492.67333984 5160.00927734 6.25628900528
1512041477935 lifecam22 2493.30395508 5162.31933594 6.26700401306
1512041477993 lifecam22 2494.24560547 5164.16162109 6.24088907242
1512041478070 lifecam22 2496.0 5164.01806641 6.26564025879
1512041478130 lifecam22 2493.52514648 5162.49951172 6.27187013626
1512041478278 lifecam22 2493.27001953 5163.61132812 6.24904441833
1512041478331 lifecam22 2492.50024414 5165.80664062 6.24605512619
1512041478402 lifecam22 2492.85961914 5163.06787109 6.26938915253
1512041478476 lifecam22 2494.54150391 5162.49951172 6.25452327728
1512041478541 lifecam22 2494.71044922 5162.49951172 6.25235939026
1512041478686 lifecam22 2477.84277344 5162.5 6.23789834976
1512041478743 lifecam22 2464.5 5162.86181641 0.000880543433595
1512041478804 lifecam22 2455.70996094 5162.5 6.26407003403
1512041478867 lifecam22 2443.49975586 5163.66650391 0.00936836376786
1512041478931 lifecam22 2429.5 5163.08300781 0.00596016971394
1512041479140 lifecam22 2394.49951172 5164.81152344 0.0270474590361
1512041479215 lifecam22 2380.49951172 5165.59765625 0.0262352861464
1512041479264 lifecam22 2362.95239258 5165.18505859 0.013089004904
1512041479335 lifecam22 2359.49975586 5165.796875 0.0275277532637
1512041479406 lifecam22 2345.49951172 5164.82080078 0.0257188696414
1512041479541 lifecam22 2315.14819336 5164.10693359 0.0169617570937
1512041479602 lifecam22 2310.3762207 5163.32763672 0.0189108308405
1512041479678 lifecam22 2296.49975586 5162.81591797 0.00747400987893
1512041479747 lifecam22 2282.49975586 5162.49951172 4.21200894607e-07
1512041479806 lifecam22 2270.10253906 5162.5 0.00799149740487
1512041479936 lifecam22 2247.5 5162.5 6.28318452835
1512041479999 lifecam22 2233.49975586 5162.5 4.21200894607e-07
1512041480071 lifecam22 2222.7512207 5162.5 0.00582951679826
1512041480139 lifecam22 2212.5 5162.5 6.59619445287e-07
1512041480211 lifecam22 2198.5 5162.5 6.28318452835
1512041480346 lifecam22 2173.57910156 5162.5 0.00763243902475
1512041480417 lifecam22 2163.5 5162.5 6.28318357468
1512041480469 lifecam22 2149.5 5162.5 6.28318309784
1512041480536 lifecam22 2133.33325195 5162.5 6.27281284332
1512041480599 lifecam22 2126.46533203 5162.36132812 0.00218409695663
1512041480752 lifecam22 2100.49975586 5161.87353516 0.0104772485793
1512041480804 lifecam22 2086.35644531 5161.61816406 0.0277105011046
1512041480876 lifecam22 2082.1574707 5160.34423828 0.046499311924
1512041480934 lifecam22 2083.34985352 5160.18505859 0.0528491139412
1512041480997 lifecam22 2086.49975586 5161.02636719 0.0262735504657
1512041481145 lifecam22 2086.49975586 5160.85742188 0.0284981168807
1512041481197 lifecam22 2086.49975586 5161.02001953 0.0253991503268
1512041481273 lifecam22 2086.49975586 5161.01708984 0.0249620135874
1512041481336 lifecam22 2086.49975586 5160.66992188 0.0280998386443
1512041481404 lifecam22 2086.49975586 5160.68505859 0.0302891172469
1512041481615 lifecam22 2086.49975586 5160.85400391 0.0280597824603
1512041481675 lifecam22 2086.49975586 5160.50732422 0.0312089379877
1512041481750 lifecam22 2086.49975586 5160.68505859 0.0302891172469
1512041481814 lifecam22 2086.49975586 5160.67285156 0.0285369809717
1512041481872 lifecam22 2086.49975586 5161.02636719 0.0262735504657
1512041482008 lifecam22 2086.49975586 5160.68505859 0.0302891172469
1512041482078 lifecam22 2086.49975586 5160.85742188 0.0284981168807
1512041482146 lifecam22 2086.49975586 5160.85400391 0.0280597824603
1512041482207 lifecam22 2086.49975586 5161.02001953 0.0253991503268
1512041482285 lifecam22 2086.49975586 5160.68505859 0.0302891172469
1512041482411 lifecam22 2086.49975586 5160.85400391 0.0280597824603
1512041482480 lifecam22 2086.49975586 5161.02001953 0.0253991503268
1512041482541 lifecam22 2086.49975586 5160.68505859 0.0302891172469
