1512053890959 lifecam22 2615.42724609 5311.67431641 6.25109052658
1512053891032 lifecam22 2615.02539062 5312.44970703 6.25703191757
1512053891228 lifecam22 2614.46118164 5312.76806641 6.26939916611
1512053891291 lifecam22 2613.421875 5312.54492188 6.26010131836
1512053891356 lifecam22 2613.59814453 5312.54150391 6.25989961624
1512053891426 lifecam22 2613.78320312 5312.31494141 6.25688076019
1512053891495 lifecam22 2614.16967773 5311.69091797 6.25626564026
1512053891632 lifecam22 2613.39111328 5312.32275391 6.25665426254
1512053891692 lifecam22 2614.16040039 5311.70458984 6.25775575638
1512053891764 lifecam22 2613.64306641 5312.1171875 6.25827980042
1512053891821 lifecam22 2613.61645508 5312.54980469 6.26373958588
1512053891885 lifecam22 2613.79272461 5312.54638672 6.2635436058
1512053892361 lifecam22 2615.43164062 5309.5 0.0062671341002
1512053892425 lifecam22 2615.82885742 5309.49951172 0.0134267248213
1512053892896 lifecam22 2617.78125 5309.5 6.27230644226
1512053893960 lifecam22 2620.40429688 5310.88916016 6.23798751831
1512053894029 lifecam22 2620.59423828 5311.30224609 6.23334980011
1512053894106 lifecam22 2620.59375 5312.37646484 6.24189949036
1512053894157 lifecam22 2620.39990234 5312.31738281 6.24047040939
1512053894231 lifecam22 2620.59375 5312.37646484 6.24189949036
1512053894437 lifecam22 2621.13378906 5310.79199219 6.22661781311
1512053894493 lifecam22 2621.87158203 5310.99169922 6.22833156586
1512053894567 lifecam22 2621.95385742 5312.33251953 6.23523902893
1512053894631 lifecam22 2621.61108398 5313.14111328 6.23655128479
1512053894699 lifecam22 2620.89794922 5312.13183594 6.25010251999
1512053894896 lifecam22 2622.12182617 5306.17333984 0.0868584513664
1512053894965 lifecam22 2624.01904297 5310.17724609 6.24862718582
1512053895037 lifecam22 2623.22460938 5309.49951172 6.26545143127
1512053895092 lifecam22 2617.0078125 5309.5 6.242811203
1512053895164 lifecam22 2615.50341797 5309.5 6.25008869171
1512053895361 lifecam22 2611.5 5309.5 6.28318500519
1512053895435 lifecam22 2604.49975586 5309.5 1.61329387538e-06
1512053895503 lifecam22 2590.49951172 5309.5 6.28318405151
1512053895566 lifecam22 2572.65478516 5306.02197266 6.20876789093
1512053895771 lifecam22 2526.85180664 5303.68164062 6.144115448
1512053895835 lifecam22 2511.39404297 5304.63037109 6.11184692383
1512053895902 lifecam22 2492.83789062 5306.17236328 6.08067655563
1512053895966 lifecam22 2476.84692383 5306.8984375 6.0503320694
1512053896040 lifecam22 2461.60644531 5308.67236328 6.02707147598
1512053896236 lifecam22 2416.12329102 5318.37646484 5.94541788101
1512053896298 lifecam22 2401.44238281 5320.62548828 5.92692041397
1512053896370 lifecam22 2385.66064453 5325.24414062 5.89727783203
1512053896435 lifecam22 2372.16796875 5328.79345703 5.86957597733
1512053896504 lifecam22 2359.5012207 5332.72998047 5.8423576355
1512053896705 lifecam22 2313.89208984 5349.78857422 5.74472045898
1512053896774 lifecam22 2301.57641602 5355.99414062 5.74070167542
1512053896838 lifecam22 2287.20556641 5362.62841797 5.70043945312
1512053896906 lifecam22 2274.93212891 5369.17675781 5.66863822937
1512053896972 lifecam22 2262.36010742 5376.46972656 5.65358304977
1512053897172 lifecam22 2222.04321289 5402.00683594 5.56324529648
1512053897237 lifecam22 2209.73339844 5410.86425781 5.56114196777
1512053897372 lifecam22 2186.59716797 5430.8671875 5.46311807632
1512053897437 lifecam22 2175.17480469 5440.29833984 5.43036651611
1512053897643 lifecam22 2147.52001953 5468.02197266 5.36883974075
1512053897709 lifecam22 2146.21728516 5470.20703125 5.35559082031
1512053897772 lifecam22 2146.60644531 5469.70410156 5.36000823975
1512053897840 lifecam22 2146.21728516 5470.20703125 5.35559082031
1512053897905 lifecam22 2146.21728516 5470.20703125 5.35559082031
1512053897966 lifecam22 2145.875 5469.94091797 5.35280513763
1512053898031 lifecam22 2146.21728516 5470.20703125 5.35559082031
1512053898104 lifecam22 2146.21728516 5470.20703125 5.35559082031
1512053898173 lifecam22 2146.21728516 5470.20703125 5.35559082031
1512053898243 lifecam22 2146.21728516 5470.20703125 5.35559082031
1512053898436 lifecam22 2146.21728516 5470.20703125 5.35559082031
1512053898504 lifecam22 2146.21728516 5470.20703125 5.35559082031
1512053898569 lifecam22 2145.875 5469.94091797 5.35280513763
1512053898634 lifecam22 2146.35107422 5470.31201172 5.35776138306
1512053898700 lifecam22 2146.21728516 5470.20703125 5.35559082031
1512053898838 lifecam22 2146.21728516 5470.20703125 5.35559082031
1512053898905 lifecam22 2145.875 5469.94091797 5.35280513763
1512053898973 lifecam22 2146.21728516 5470.20703125 5.35559082031
1512053899041 lifecam22 2146.12792969 5470.35253906 5.3589630127
1512053899106 lifecam22 2145.875 5469.94091797 5.35280513763
1512053899246 lifecam22 2146.21728516 5470.20703125 5.35559082031
1512053899309 lifecam22 2146.21728516 5470.20703125 5.35559082031
1512053899372 lifecam22 2146.21728516 5470.20703125 5.35559082031
1512053899444 lifecam22 2146.35107422 5470.31201172 5.35776138306
1512053899507 lifecam22 2146.26416016 5469.4375 5.35722064972
1512053899641 lifecam22 2146.21728516 5470.20703125 5.35559082031
1512053899707 lifecam22 2146.21728516 5470.20703125 5.35559082031
