1512053919404 lifecam22 2645.49291992 5211.5 6.28137588501
1512053919601 lifecam22 2647.97729492 5211.5 6.28220176697
1512053919670 lifecam22 2648.32739258 5211.5 6.28220033646
1512053919737 lifecam22 2648.25390625 5211.5 0.00453919637948
1512053919804 lifecam22 2648.59326172 5211.5 0.00534254685044
1512053920010 lifecam22 2648.89379883 5211.07177734 0.011148635298
1512053920070 lifecam22 2648.89379883 5211.07177734 0.011148635298
1512053920145 lifecam22 2648.89379883 5211.07177734 0.011148635298
1512053920201 lifecam22 2649.10961914 5211.07666016 0.00927204266191
1512053920273 lifecam22 2649.33764648 5211.26757812 0.0031372946687
1512053920403 lifecam22 2649.70996094 5211.08935547 0.00641602650285
1512053920475 lifecam22 2649.70996094 5211.08935547 0.00641602650285
1512053920542 lifecam22 2649.51757812 5211.08544922 0.00690263882279
1512053920596 lifecam22 2649.51977539 5211.26855469 0.00253075780347
1512053920678 lifecam22 2649.51757812 5211.08544922 0.00690263882279
1512053920812 lifecam22 2649.60107422 5210.45117188 0.0175799746066
1512053920874 lifecam22 2649.82470703 5210.64404297 0.0131258405745
1512053920941 lifecam22 2650.00292969 5210.65087891 0.0135683454573
1512053921268 lifecam22 2651.47729492 5211.5 6.28217363358
1512053921341 lifecam22 2651.37255859 5211.5 6.27893686295
1512053921404 lifecam22 2651.32958984 5211.5 0.0023589769844
1512053921477 lifecam22 2652.171875 5214.51464844 8.37484913063e-05
1512053921530 lifecam22 2652.171875 5214.51464844 8.37484913063e-05
1512053921747 lifecam22 2653.95751953 5211.5 6.28271102905
1512053921811 lifecam22 2649.68652344 5208.66064453 0.110280096531
1512053921880 lifecam22 2651.35229492 5211.5 6.27006196976
1512053921937 lifecam22 2647.4934082 5212.1875 0.0117828287184
1512053922204 lifecam22 2641.83618164 5210.39111328 0.0608320869505
1512053922271 lifecam22 2642.32983398 5209.23779297 0.0749607682228
1512053922410 lifecam22 2636.21435547 5207.64257812 0.0757319405675
1512053922478 lifecam22 2630.69042969 5203.54443359 0.102230258286
1512053922679 lifecam22 2603.55761719 5194.375 0.0680142119527
1512053922745 lifecam22 2592.28540039 5193.61181641 0.0753028988838
1512053922797 lifecam22 2579.94287109 5193.03564453 0.0873256325722
1512053922867 lifecam22 2567.6953125 5191.23535156 0.105269506574
1512053923147 lifecam22 2510.4453125 5182.76074219 0.0752970576286
1512053923210 lifecam22 2495.40478516 5180.33007812 0.0695714354515
1512053923271 lifecam22 2478.67163086 5176.5 0.00175601628143
1512053923346 lifecam22 2464.49951172 5176.49951172 4.21200894607e-07
1512053923414 lifecam22 2450.30078125 5174.69287109 6.25242853165
1512053923607 lifecam22 2398.28466797 5171.65576172 6.15351009369
1512053923745 lifecam22 2372.73535156 5172.68945312 6.10421895981
1512053923812 lifecam22 2353.36914062 5174.29345703 6.08448171616
1512053923879 lifecam22 2338.29272461 5175.98046875 6.04717540741
1512053924018 lifecam22 2308.86962891 5179.08056641 5.98300933838
1512053924077 lifecam22 2293.05126953 5182.265625 5.95165586472
1512053924138 lifecam22 2277.43383789 5185.94970703 5.93197059631
1512053924217 lifecam22 2263.31958008 5188.64990234 5.91003513336
1512053924281 lifecam22 2250.17236328 5191.97705078 5.87060976028
1512053924479 lifecam22 2205.578125 5207.72998047 5.79250574112
1512053924545 lifecam22 2193.12817383 5212.47998047 5.76092910767
1512053924602 lifecam22 2189.46386719 5214.40185547 5.74705696106
1512053924677 lifecam22 2189.46386719 5214.40185547 5.74705696106
1512053924746 lifecam22 2189.46386719 5214.40185547 5.74705696106
1512053924879 lifecam22 2189.46386719 5214.40185547 5.74705696106
1512053924947 lifecam22 2189.30639648 5214.49414062 5.74785852432
1512053925013 lifecam22 2189.47094727 5214.39697266 5.74650192261
1512053925081 lifecam22 2189.46386719 5214.40185547 5.74705696106
1512053925152 lifecam22 2189.46386719 5214.40185547 5.74705696106
1512053925337 lifecam22 2189.46386719 5214.40185547 5.74705696106
1512053925414 lifecam22 2189.62841797 5214.3046875 5.74570131302
1512053925480 lifecam22 2189.46386719 5214.40185547 5.74705696106
1512053925537 lifecam22 2189.46386719 5214.40185547 5.74705696106
1512053925614 lifecam22 2189.46386719 5214.40185547 5.74705696106
1512053925749 lifecam22 2189.46386719 5214.40185547 5.74705696106
1512053925817 lifecam22 2189.46386719 5214.40185547 5.74705696106
1512053925880 lifecam22 2189.46386719 5214.40185547 5.74705696106
1512053925947 lifecam22 2189.62841797 5214.3046875 5.74570131302
1512053926019 lifecam22 2189.46386719 5214.40185547 5.74705696106
1512053926151 lifecam22 2189.46386719 5214.40185547 5.74705696106
1512053926217 lifecam22 2189.62841797 5214.3046875 5.74570131302
1512053926288 lifecam22 2189.46386719 5214.40185547 5.74705696106
1512053926353 lifecam22 2189.46386719 5214.40185547 5.74705696106
1512053926417 lifecam22 2189.46386719 5214.40185547 5.74705696106
1512053926554 lifecam22 2189.30639648 5214.49414062 5.74785852432
1512053926621 lifecam22 2189.46386719 5214.40185547 5.74705696106
1512053926671 lifecam22 2189.46386719 5214.40185547 5.74705696106
1512053926749 lifecam22 2189.46386719 5214.40185547 5.74705696106
1512053926811 lifecam22 2189.46386719 5214.40185547 5.74705696106
1512053927015 lifecam22 2189.62841797 5214.3046875 5.74570131302
1512053927082 lifecam22 2189.46386719 5214.40185547 5.74705696106
1512053927155 lifecam22 2189.46386719 5214.40185547 5.74705696106
1512053927220 lifecam22 2189.46386719 5214.40185547 5.74705696106
1512053927285 lifecam22 2189.30639648 5214.49414062 5.74785852432
1512053927424 lifecam22 2189.46386719 5214.40185547 5.74705696106
1512053927482 lifecam22 2189.30639648 5214.49414062 5.74785852432
1512053927548 lifecam22 2189.46386719 5214.40185547 5.74705696106
1512053927620 lifecam22 2189.46386719 5214.40185547 5.74705696106
1512053927682 lifecam22 2189.46386719 5214.40185547 5.74705696106
1512053927817 lifecam22 2189.46386719 5214.40185547 5.74705696106
1512053927876 lifecam22 2189.46386719 5214.40185547 5.74705696106
1512053927949 lifecam22 2189.46386719 5214.40185547 5.74705696106
1512053928023 lifecam22 2189.46386719 5214.40185547 5.74705696106
1512053928077 lifecam22 2189.46386719 5214.40185547 5.74705696106
1512053928222 lifecam22 2189.46386719 5214.40185547 5.74705696106
1512053928288 lifecam22 2189.62841797 5214.3046875 5.74570131302
1512053928339 lifecam22 2189.46386719 5214.40185547 5.74705696106
1512053928424 lifecam22 2189.46386719 5214.40185547 5.74705696106
1512053928486 lifecam22 2189.46386719 5214.40185547 5.74705696106
1512053928622 lifecam22 2189.46386719 5214.40185547 5.74705696106
1512053928687 lifecam22 2189.46386719 5214.40185547 5.74705696106
1512053928750 lifecam22 2189.30639648 5214.49414062 5.74785852432
1512053928809 lifecam22 2189.62841797 5214.3046875 5.74570131302
1512053928879 lifecam22 2189.46386719 5214.40185547 5.74705696106
1512053929029 lifecam22 2189.46386719 5214.40185547 5.74705696106
1512053929082 lifecam22 2189.46386719 5214.40185547 5.74705696106
1512053929162 lifecam22 2189.62841797 5214.3046875 5.74570131302
1512053929219 lifecam22 2189.62841797 5214.3046875 5.74570131302
1512053929288 lifecam22 2189.46386719 5214.40185547 5.74705696106
1512053929550 lifecam22 2189.62841797 5214.3046875 5.74570131302
1512053929616 lifecam22 2189.46386719 5214.40185547 5.74705696106
1512053929685 lifecam22 2189.46386719 5214.40185547 5.74705696106
1512053929753 lifecam22 2189.30639648 5214.49414062 5.74785852432
1512053929819 lifecam22 2189.46386719 5214.40185547 5.74705696106
1512053929956 lifecam22 2189.46386719 5214.40185547 5.74705696106
1512053930024 lifecam22 2189.46386719 5214.40185547 5.74705696106
1512053930086 lifecam22 2189.62841797 5214.3046875 5.74570131302
1512053930157 lifecam22 2189.46386719 5214.40185547 5.74705696106
1512053930226 lifecam22 2189.62841797 5214.3046875 5.74570131302
