1512054533219 lifecam22 2545.20556641 5228.84863281 6.07332468033
1512054533287 lifecam22 2557.08911133 5228.50439453 6.02836608887
1512054533751 lifecam22 2564.31787109 5235.65478516 5.9363861084
1512054533952 lifecam22 2543.00048828 5229.9609375 6.03647994995
1512054534025 lifecam22 2540.64086914 5228.98974609 6.06178617477
1512054534076 lifecam22 2541.37475586 5230.04296875 6.05220365524
1512054534155 lifecam22 2541.91479492 5232.40966797 6.0100235939
1512054534347 lifecam22 2540.41992188 5230.359375 6.05930137634
1512054534422 lifecam22 2540.23779297 5229.71679688 6.0534992218
1512054534559 lifecam22 2540.93310547 5230.13476562 6.05778741837
1512054534617 lifecam22 2540.83618164 5229.96923828 6.05183267593
1512054534824 lifecam22 2541.42724609 5230.00634766 6.04556894302
1512054534884 lifecam22 2540.82373047 5225.01660156 6.11252784729
1512054534951 lifecam22 2541.5246582 5229.76806641 6.05304479599
1512054535025 lifecam22 2541.49707031 5229.57666016 6.05097103119
1512054535086 lifecam22 2541.37353516 5229.79833984 6.04943084717
1512054535423 lifecam22 2540.18823242 5230.3125 6.04290533066
1512054535557 lifecam22 2538.12719727 5229.33251953 6.06396389008
1512054535882 lifecam22 2536.49267578 5228.58007812 6.07510089874
1512054535957 lifecam22 2535.54443359 5228.26074219 6.0787820816
1512054536028 lifecam22 2535.32226562 5228.11132812 6.08347606659
1512054536152 lifecam22 2532.28295898 5229.98730469 6.02308416367
1512054536224 lifecam22 2536.27832031 5222.95166016 6.16471338272
1512054536296 lifecam22 2532.14892578 5229.41699219 6.03040266037
1512054536420 lifecam22 2535.7331543 5227.2734375 6.09474563599
1512054536623 lifecam22 2535.01074219 5224.91015625 6.10624504089
1512054536687 lifecam22 2536.04931641 5223.19433594 6.10673713684
1512054536749 lifecam22 2536.21459961 5223.15576172 6.10538625717
1512054536820 lifecam22 2533.49707031 5224.70117188 6.10241365433
1512054536886 lifecam22 2529.07006836 5227.453125 6.11532020569
1512054537033 lifecam22 2528.79980469 5226.60595703 6.11213254929
1512054537156 lifecam22 2530.85302734 5223.46777344 6.13301563263
1512054537227 lifecam22 2531.33837891 5223.04296875 6.13601493835
1512054537290 lifecam22 2530.27563477 5223.73339844 6.13184452057
1512054537355 lifecam22 2523.03857422 5225.43310547 6.16400671005
1512054537558 lifecam22 2483.19555664 5231.40722656 6.23411464691
1512054537688 lifecam22 2455.03833008 5231.83154297 6.23855304718
1512054537758 lifecam22 2440.67553711 5230.89990234 6.22187805176
1512054537821 lifecam22 2426.20117188 5229.33984375 6.20745372772
1512054538086 lifecam22 2364.27612305 5228.94433594 6.11462163925
1512054538154 lifecam22 2348.55371094 5229.78564453 6.08992815018
1512054538222 lifecam22 2329.90942383 5231.24560547 6.05441856384
1512054538286 lifecam22 2315.24511719 5232.82714844 6.02658414841
1512054538491 lifecam22 2270.38232422 5239.22167969 5.96156358719
1512054538562 lifecam22 2257.56396484 5241.84863281 5.92462301254
1512054538630 lifecam22 2240.94702148 5245.68261719 5.8772149086
1512054538691 lifecam22 2225.54516602 5249.58642578 5.86086320877
1512054538759 lifecam22 2210.14257812 5254.37597656 5.83599901199
1512054538963 lifecam22 2168.84082031 5269.99316406 5.75694608688
1512054539026 lifecam22 2153.94946289 5276.36376953 5.74300432205
1512054539087 lifecam22 2140.06542969 5283.21777344 5.70357608795
1512054539156 lifecam22 2126.77661133 5289.17822266 5.67537212372
1512054539223 lifecam22 2113.43017578 5296.30957031 5.64209651947
1512054539432 lifecam22 2075.89599609 5321.02050781 5.56622648239
1512054539491 lifecam22 2062.71337891 5332.86376953 5.56393241882
1512054539560 lifecam22 2059.48291016 5334.82080078 5.53568887711
1512054539691 lifecam22 2058.90966797 5335.90527344 5.52414083481
1512054539839 lifecam22 2058.25927734 5335.421875 5.51015377045
1512054539895 lifecam22 2058.4621582 5335.92236328 5.51978349686
1512054539956 lifecam22 2058.78222656 5336.26123047 5.52560710907
1512054540027 lifecam22 2058.57080078 5336.03076172 5.52005958557
1512054540094 lifecam22 2058.68188477 5336.16015625 5.52522277832
1512054540769 lifecam22 2058.55810547 5335.79785156 5.5214138031
1512054541033 lifecam22 2058.92333984 5336.1484375 5.52604579926
1512054541296 lifecam22 2058.92700195 5336.13574219 5.52264070511
1512054541358 lifecam22 2058.71240234 5335.89941406 5.51711177826
1512054541698 lifecam22 2058.60424805 5335.79199219 5.51683092117
1512054541769 lifecam22 2058.57080078 5336.03076172 5.52005958557
1512054541960 lifecam22 2058.68188477 5336.16015625 5.52522277832
