1512053956798 lifecam22 2707.70654297 5173.39404297 5.98928117752
1512053956866 lifecam22 2706.19213867 5174.43798828 6.00344228745
1512053956999 lifecam22 2701.36621094 5174.2265625 6.02320194244
1512053957053 lifecam22 2698.60400391 5174.41650391 6.02990722656
1512053957122 lifecam22 2698.52392578 5175.60791016 6.02212524414
1512053957197 lifecam22 2699.46777344 5175.53125 6.00926399231
1512053957267 lifecam22 2699.59350586 5176.48339844 6.00211620331
1512053957395 lifecam22 2699.64428711 5178.14501953 5.98803853989
1512053957465 lifecam22 2699.47265625 5178.23681641 5.987180233
1512053957531 lifecam22 2699.6237793 5178.13378906 5.98261547089
1512053957595 lifecam22 2699.57177734 5177.85742188 5.97623825073
1512053957667 lifecam22 2699.6237793 5178.13378906 5.98261547089
1512053957784 lifecam22 2698.7109375 5177.67285156 5.96591043472
1512053957866 lifecam22 2698.95092773 5178.53564453 5.96935844421
1512053957931 lifecam22 2699.25390625 5178.33300781 5.98067426682
1512053957997 lifecam22 2699.42724609 5178.23583984 5.98102140427
1512053958062 lifecam22 2699.25390625 5178.33300781 5.98067426682
1512053958266 lifecam22 2698.45947266 5179.32421875 5.95235824585
1512053958330 lifecam22 2698.37109375 5179.91552734 5.94413948059
1512053958402 lifecam22 2698.38891602 5178.80322266 5.9615521431
1512053958529 lifecam22 2700.40869141 5169.73242188 6.03026103973
1512053958665 lifecam22 2697.80883789 5167.46728516 6.06347799301
1512053958721 lifecam22 2698.66918945 5167.69384766 6.0796380043
1512053958799 lifecam22 2699.765625 5164.47558594 6.06655931473
1512053958868 lifecam22 2697.13427734 5166.8984375 6.06290197372
1512053958933 lifecam22 2692.03710938 5174.27539062 6.03914451599
1512053959059 lifecam22 2676.78613281 5164.6015625 6.17356872559
1512053959119 lifecam22 2677.04150391 5163.82666016 6.17136859894
1512053959190 lifecam22 2676.78686523 5163.14257812 6.15863323212
1512053959588 lifecam22 2625.48095703 5172.92675781 6.03623104095
1512053959666 lifecam22 2605.59643555 5175.61376953 5.97832345963
1512053959725 lifecam22 2596.0847168 5176.80859375 5.96724224091
1512053959936 lifecam22 2546.42602539 5188.359375 5.88062620163
1512053960055 lifecam22 2516.55541992 5197.73339844 5.82500076294
1512053960399 lifecam22 2446.57446289 5226.73193359 5.6823682785
1512053960471 lifecam22 2434.04418945 5233.64648438 5.64173984528
1512053960535 lifecam22 2419.79370117 5241.63574219 5.62397241592
1512053960665 lifecam22 2393.140625 5258.375 5.57455587387
1512053960869 lifecam22 2357.04833984 5285.42041016 5.45532751083
1512053960924 lifecam22 2346.78393555 5295.37353516 5.42240285873
1512053960993 lifecam22 2334.40087891 5306.80810547 5.39125108719
1512053961069 lifecam22 2324.21264648 5316.61621094 5.35968542099
1512053961123 lifecam22 2314.19360352 5327.63769531 5.32969665527
1512053961332 lifecam22 2284.0456543 5362.54296875 5.23920202255
1512053961397 lifecam22 2276.34326172 5372.78564453 5.21880817413
1512053961460 lifecam22 2272.44555664 5377.11816406 5.19124364853
1512053961524 lifecam22 2272.98461914 5376.84423828 5.19637441635
1512053961589 lifecam22 2272.68261719 5376.67285156 5.19355201721
1512053961804 lifecam22 2272.68261719 5376.67285156 5.19355201721
1512053961861 lifecam22 2272.68261719 5376.67285156 5.19355201721
1512053961930 lifecam22 2272.68261719 5376.67285156 5.19355201721
1512053961988 lifecam22 2272.68261719 5376.67285156 5.19355201721
1512053962060 lifecam22 2272.68261719 5376.67285156 5.19355201721
1512053962259 lifecam22 2272.68261719 5376.67285156 5.19355201721
1512053962329 lifecam22 2272.81396484 5376.75 5.19623851776
1512053962400 lifecam22 2272.68261719 5376.67285156 5.19355201721
1512053962457 lifecam22 2272.68261719 5376.67285156 5.19355201721
1512053962529 lifecam22 2272.68261719 5376.67285156 5.19355201721
1512053962740 lifecam22 2272.68261719 5376.67285156 5.19355201721
1512053962807 lifecam22 2272.68261719 5376.67285156 5.19355201721
1512053962868 lifecam22 2272.68261719 5376.67285156 5.19355201721
1512053962938 lifecam22 2272.68261719 5376.67285156 5.19355201721
1512053963011 lifecam22 2272.68261719 5376.67285156 5.19355201721
1512053963203 lifecam22 2272.68261719 5376.67285156 5.19355201721
1512053963267 lifecam22 2272.68261719 5376.67285156 5.19355201721
1512053963338 lifecam22 2272.68261719 5376.67285156 5.19355201721
1512053963404 lifecam22 2272.68261719 5376.67285156 5.19355201721
1512053963473 lifecam22 2272.68261719 5376.67285156 5.19355201721
1512053963669 lifecam22 2272.68261719 5376.67285156 5.19355201721
1512053963725 lifecam22 2272.68261719 5376.67285156 5.19355201721
1512053963807 lifecam22 2272.68261719 5376.67285156 5.19355201721
1512053963875 lifecam22 2272.68261719 5376.67285156 5.19355201721
1512053963935 lifecam22 2272.68261719 5376.67285156 5.19355201721
1512053964142 lifecam22 2272.68261719 5376.67285156 5.19355201721
1512053964205 lifecam22 2272.68261719 5376.67285156 5.19355201721
1512053964264 lifecam22 2272.68261719 5376.67285156 5.19355201721
1512053964341 lifecam22 2272.68261719 5376.67285156 5.19355201721
1512053964405 lifecam22 2272.68261719 5376.67285156 5.19355201721
1512053964539 lifecam22 2272.68261719 5376.67285156 5.19355201721
1512053964605 lifecam22 2272.68261719 5376.67285156 5.19355201721
1512053964671 lifecam22 2272.68261719 5376.67285156 5.19355201721
1512053964736 lifecam22 2272.68261719 5376.67285156 5.19355201721
1512053964802 lifecam22 2272.68261719 5376.67285156 5.19355201721
1512053965009 lifecam22 2272.68261719 5376.67285156 5.19355201721
1512053965071 lifecam22 2272.98461914 5376.84423828 5.19637441635
1512053965136 lifecam22 2272.81396484 5376.75 5.19623851776
1512053965201 lifecam22 2272.68261719 5376.67285156 5.19355201721
1512053965264 lifecam22 2272.68261719 5376.67285156 5.19355201721
1512053965477 lifecam22 2272.68261719 5376.67285156 5.19355201721
1512053965541 lifecam22 2272.68261719 5376.67285156 5.19355201721
1512053965609 lifecam22 2272.68261719 5376.67285156 5.19355201721
1512053965677 lifecam22 2272.68261719 5376.67285156 5.19355201721
1512053965733 lifecam22 2272.68261719 5376.67285156 5.19355201721
1512053965940 lifecam22 2272.68261719 5376.67285156 5.19355201721
1512053966013 lifecam22 2272.68261719 5376.67285156 5.19355201721
1512053966075 lifecam22 2272.68261719 5376.67285156 5.19355201721
1512053966137 lifecam22 2272.68261719 5376.67285156 5.19355201721
1512053966212 lifecam22 2272.68261719 5376.67285156 5.19355201721
1512053966405 lifecam22 2272.68261719 5376.67285156 5.19355201721
1512053966476 lifecam22 2272.68261719 5376.67285156 5.19355201721
1512053966538 lifecam22 2272.83935547 5376.75976562 5.1935210228
1512053966608 lifecam22 2272.68261719 5376.67285156 5.19355201721
1512053966674 lifecam22 2272.68261719 5376.67285156 5.19355201721
1512053966814 lifecam22 2272.68261719 5376.67285156 5.19355201721
1512053966869 lifecam22 2272.68261719 5376.67285156 5.19355201721
1512053966943 lifecam22 2272.68261719 5376.67285156 5.19355201721
1512053967008 lifecam22 2272.68261719 5376.67285156 5.19355201721
1512053967078 lifecam22 2272.68261719 5376.67285156 5.19355201721
1512053967281 lifecam22 2272.68261719 5376.67285156 5.19355201721
1512053967346 lifecam22 2272.98461914 5376.84423828 5.19637441635
