1512054604392 lifecam22 2354.34179688 5129.56884766 6.09302425385
1512054605268 lifecam22 2356.49291992 5128.43310547 6.10955667496
1512054605533 lifecam22 2356.09765625 5128.49072266 6.10558986664
1512054605604 lifecam22 2356.09204102 5128.96826172 6.10497808456
1512054605665 lifecam22 2356.26708984 5128.93603516 6.10544729233
1512054605927 lifecam22 2356.39013672 5130.23779297 6.09409761429
1512054605995 lifecam22 2356.39013672 5130.23779297 6.09409761429
1512054606064 lifecam22 2356.33959961 5130.85302734 6.08005428314
1512054606734 lifecam22 2354.66308594 5127.88671875 6.12224006653
1512054606871 lifecam22 2354.69287109 5126.9921875 6.11314153671
1512054606929 lifecam22 2355.01220703 5127.74267578 6.1122751236
1512054607202 lifecam22 2348.7409668 5131.44482422 6.1111073494
1512054607271 lifecam22 2344.15551758 5130.25292969 6.1270942688
1512054607337 lifecam22 2338.05029297 5130.68212891 6.11877441406
1512054607536 lifecam22 2314.68725586 5136.01660156 6.12644338608
1512054607598 lifecam22 2302.74414062 5138.51220703 6.10728740692
1512054607665 lifecam22 2292.16967773 5136.76220703 6.08677530289
1512054607733 lifecam22 2273.38208008 5138.6953125 6.04496431351
1512054607800 lifecam22 2258.67285156 5139.27685547 6.02374601364
1512054608003 lifecam22 2216.26318359 5145.6953125 5.92925882339
1512054608064 lifecam22 2201.25 5148.58398438 5.89921236038
1512054608137 lifecam22 2186.56982422 5152.40576172 5.87230014801
1512054608201 lifecam22 2171.58691406 5156.77832031 5.84038925171
1512054608265 lifecam22 2156.11376953 5160.98388672 5.81998968124
1512054608466 lifecam22 2112.57470703 5178.47363281 5.73813724518
1512054608533 lifecam22 2098.87084961 5184.49804688 5.69647359848
1512054608597 lifecam22 2084.31835938 5191.35253906 5.68292140961
1512054608667 lifecam22 2070.8515625 5198.25976562 5.65481328964
1512054608728 lifecam22 2057.04125977 5205.41650391 5.63875627518
1512054608934 lifecam22 2020.7442627 5232.91748047 5.59405231476
1512054609010 lifecam22 2005.65319824 5239.84667969 5.515645504
1512054609064 lifecam22 1996.71643066 5250.65625 5.43867254257
1512054609133 lifecam22 1985.60144043 5259.95849609 5.40961837769
1512054609195 lifecam22 1974.43054199 5269.73242188 5.38398790359
1512054609472 lifecam22 1926.58825684 5311.65332031 5.29580163956
1512054609598 lifecam22 1923.8001709 5323.25244141 5.2472486496
