1512053980961 lifecam22 2669.04833984 5233.46972656 6.13506364822
1512053981031 lifecam22 2669.60766602 5233.79052734 6.13410043716
1512053981101 lifecam22 2669.23925781 5233.66845703 6.13578414917
1512053981166 lifecam22 2670.67504883 5233.71679688 6.13722515106
1512053981231 lifecam22 2670.72314453 5234.15234375 6.13641548157
1512053981432 lifecam22 2671.18652344 5233.56005859 6.12867593765
1512053981554 lifecam22 2672.67797852 5234.33056641 6.12753677368
1512053981627 lifecam22 2674.19750977 5234.43310547 6.12571001053
1512053981698 lifecam22 2675.19042969 5234.67724609 6.12687158585
1512053981896 lifecam22 2675.49023438 5234.83447266 6.12633705139
1512053982042 lifecam22 2675.8112793 5235.35009766 6.11235904694
1512053982098 lifecam22 2676.22412109 5235.45605469 6.10812234879
1512053982166 lifecam22 2676.14916992 5235.28515625 6.1160902977
1512053982361 lifecam22 2676.54248047 5236.12792969 6.11522006989
1512053982427 lifecam22 2676.77734375 5236.36279297 6.11942625046
1512053982498 lifecam22 2677.1640625 5236.5390625 6.11379384995
1512053982562 lifecam22 2676.90332031 5237.41064453 6.1173377037
1512053982628 lifecam22 2674.76782227 5238.19091797 6.10797834396
1512053982831 lifecam22 2675.61572266 5236.07568359 6.14687108994
1512053982966 lifecam22 2679.11816406 5235.52832031 6.13426780701
1512053983241 lifecam22 2657.25756836 5233.34765625 6.18347215652
1512053983298 lifecam22 2659.07983398 5227.75488281 6.22496414185
1512053983430 lifecam22 2656.53393555 5227.57421875 6.21267318726
1512053983704 lifecam22 2618.21386719 5221.21582031 6.17037343979
1512053983840 lifecam22 2588.86572266 5219.06640625 6.07082557678
1512053983968 lifecam22 2556.79052734 5220.66650391 5.99856996536
1512053984174 lifecam22 2520.28466797 5228.0546875 5.98928022385
1512053984243 lifecam22 2501.96142578 5232.47460938 5.96789550781
1512053984302 lifecam22 2486.6003418 5232.52636719 5.96643447876
1512053984371 lifecam22 2472.18603516 5238.91845703 5.93058633804
1512053984636 lifecam22 2412.76635742 5255.00634766 5.82414531708
1512053984772 lifecam22 2384.48754883 5265.41748047 5.77878808975
1512053984836 lifecam22 2371.2578125 5270.91796875 5.74288082123
