1512054559594 lifecam22 2461.08520508 5212.5234375 6.14071416855
1512054559653 lifecam22 2460.85400391 5212.53662109 6.13684415817
1512054559722 lifecam22 2461.08520508 5212.5234375 6.14071416855
1512054559790 lifecam22 2460.85400391 5212.53662109 6.13684415817
1512054559992 lifecam22 2460.78686523 5212.67529297 6.13546800613
1512054560054 lifecam22 2460.30371094 5211.43408203 6.17483520508
1512054560127 lifecam22 2460.34790039 5211.63330078 6.17150211334
1512054560196 lifecam22 2460.85400391 5212.53662109 6.13684415817
1512054560269 lifecam22 2460.24121094 5212.20361328 6.16176652908
1512054560466 lifecam22 2460.70556641 5212.75878906 6.16174268723
1512054560527 lifecam22 2460.48828125 5212.77929688 6.15789985657
1512054560597 lifecam22 2460.17529297 5213.04345703 6.15630531311
1512054560658 lifecam22 2460.17529297 5213.04345703 6.15630531311
1512054560721 lifecam22 2460.17529297 5213.04345703 6.15630531311
1512054560863 lifecam22 2459.65185547 5213.10791016 6.14887952805
1512054561061 lifecam22 2459.18994141 5213.38134766 6.14468336105
1512054561127 lifecam22 2459.31787109 5213.16455078 6.1479716301
1512054561339 lifecam22 2459.31787109 5213.16455078 6.1479716301
1512054561397 lifecam22 2459.31787109 5213.16455078 6.1479716301
1512054561464 lifecam22 2459.08056641 5212.55810547 6.14830732346
1512054561535 lifecam22 2458.89990234 5212.80029297 6.15241527557
1512054561595 lifecam22 2458.78613281 5213.27001953 6.1503534317
1512054561801 lifecam22 2462.69921875 5212.02587891 6.14972639084
1512054561935 lifecam22 2460.86572266 5210.24121094 6.16898012161
1512054562004 lifecam22 2457.87011719 5209.39257812 6.18779945374
1512054562062 lifecam22 2455.90136719 5209.9296875 6.18275117874
1512054562334 lifecam22 2447.0 5209.00244141 6.23846101761
1512054562402 lifecam22 2445.53515625 5208.43554688 6.22661304474
1512054562468 lifecam22 2441.7824707 5206.3984375 6.2401676178
1512054562529 lifecam22 2429.49951172 5210.29003906 1.82782301295e-07
1512054562593 lifecam22 2413.12597656 5208.85253906 0.0590972416103
1512054562803 lifecam22 2369.9465332 5205.31933594 0.0438789799809
1512054562865 lifecam22 2355.51733398 5204.65527344 0.0329114794731
1512054562924 lifecam22 2340.77490234 5204.49951172 0.0174014028162
1512054562994 lifecam22 2324.5 5204.5 6.28318500519
1512054563062 lifecam22 2310.49975586 5202.70361328 6.26318073273
1512054563261 lifecam22 2265.22998047 5199.32763672 6.21440315247
1512054563331 lifecam22 2248.44970703 5198.28271484 6.18480396271
1512054563391 lifecam22 2234.64379883 5197.88623047 6.15494441986
1512054563468 lifecam22 2218.07226562 5198.00048828 6.13323879242
1512054563529 lifecam22 2205.11230469 5198.4765625 6.10050535202
1512054563734 lifecam22 2159.14257812 5202.28222656 6.02145862579
1512054563803 lifecam22 2144.10693359 5204.18115234 5.99537944794
1512054563867 lifecam22 2127.91162109 5207.09130859 5.96985960007
1512054563938 lifecam22 2112.85961914 5209.90380859 5.94778490067
1512054563998 lifecam22 2098.6081543 5213.3203125 5.92150354385
1512054564203 lifecam22 2054.37060547 5224.19677734 5.84511518478
1512054564271 lifecam22 2039.52697754 5229.73632812 5.81216669083
1512054564330 lifecam22 2023.69104004 5235.23828125 5.79826211929
1512054564398 lifecam22 2010.40100098 5240.36523438 5.76347589493
1512054564461 lifecam22 1996.60827637 5246.66308594 5.73908805847
1512054564675 lifecam22 1957.01342773 5265.88916016 5.67774009705
1512054564796 lifecam22 1955.0177002 5267.08496094 5.65278577805
1512054564867 lifecam22 1956.05944824 5266.32666016 5.65600442886
1512054564928 lifecam22 1955.91931152 5266.42871094 5.65576219559
1512054565198 lifecam22 1955.91931152 5266.42871094 5.65576219559
1512054565273 lifecam22 1955.68859863 5266.38671875 5.65609455109
1512054565335 lifecam22 1956.05944824 5266.32666016 5.65600442886
1512054565398 lifecam22 1955.95568848 5266.04150391 5.66242361069
1512054565461 lifecam22 1956.05944824 5266.32666016 5.65600442886
1512054565609 lifecam22 1956.05944824 5266.32666016 5.65600442886
1512054565667 lifecam22 1956.05944824 5266.32666016 5.65600442886
1512054565735 lifecam22 1955.80371094 5266.14892578 5.66243171692
1512054565797 lifecam22 1955.91137695 5266.43457031 5.65576028824
1512054565866 lifecam22 1955.54016113 5266.12207031 5.66336154938
1512054566135 lifecam22 1955.80371094 5266.14892578 5.66243171692
1512054566212 lifecam22 1955.80371094 5266.14892578 5.66243171692
1512054566270 lifecam22 1955.80371094 5266.14892578 5.66243171692
1512054566343 lifecam22 1956.05944824 5266.32666016 5.65600442886
1512054566405 lifecam22 1955.50390625 5266.35791016 5.66447687149
1512054566609 lifecam22 1956.05944824 5266.32666016 5.65600442886
