1512054583425 lifecam22 2334.81152344 5116.32519531 6.14621448517
1512054583495 lifecam22 2336.91040039 5114.8828125 6.15799951553
1512054583563 lifecam22 2337.39501953 5115.06103516 6.16649246216
1512054583643 lifecam22 2334.16943359 5115.19677734 6.14764356613
1512054583704 lifecam22 2337.78100586 5114.77587891 6.15844774246
1512054583763 lifecam22 2333.38549805 5116.75341797 6.14942836761
1512054583894 lifecam22 2341.75805664 5117.68359375 6.12660741806
1512054583963 lifecam22 2341.7644043 5116.68457031 6.12327671051
1512054584170 lifecam22 2340.72949219 5115.28125 6.14445877075
1512054584236 lifecam22 2341.94824219 5115.30322266 6.13438796997
1512054584569 lifecam22 2341.12426758 5116.41210938 6.13616895676
1512054584638 lifecam22 2341.12426758 5116.41210938 6.13616895676
1512054584700 lifecam22 2341.12426758 5116.41210938 6.13616895676
1512054584764 lifecam22 2341.91430664 5116.34277344 6.13483762741
1512054585235 lifecam22 2341.02075195 5117.65283203 6.1276679039
1512054585372 lifecam22 2340.92114258 5119.45117188 6.11615419388
1512054585428 lifecam22 2340.99169922 5120.52197266 6.1008272171
1512054585495 lifecam22 2340.80029297 5117.20849609 6.11956977844
1512054585568 lifecam22 2342.24047852 5115.89013672 6.13099002838
1512054585629 lifecam22 2341.79492188 5112.71777344 6.15440988541
1512054585897 lifecam22 2342.18041992 5108.61767578 6.08942699432
1512054585966 lifecam22 2334.15136719 5116.91748047 6.07774686813
1512054586033 lifecam22 2333.20166016 5114.13867188 6.1016330719
1512054586096 lifecam22 2335.1262207 5111.96240234 6.11804389954
1512054586306 lifecam22 2326.85522461 5114.70166016 6.06191635132
1512054586374 lifecam22 2321.88256836 5115.87695312 6.01722145081
1512054586438 lifecam22 2309.68481445 5116.25976562 5.97997665405
1512054586571 lifecam22 2281.44799805 5120.74951172 5.8784995079
1512054586775 lifecam22 2239.23754883 5134.58105469 5.78111410141
1512054586905 lifecam22 2209.38671875 5146.51123047 5.72388076782
1512054586973 lifecam22 2196.57080078 5152.28369141 5.69146442413
1512054587040 lifecam22 2182.27734375 5159.85546875 5.67509317398
1512054587169 lifecam22 2155.26831055 5174.93554688 5.61376047134
1512054587244 lifecam22 2143.84765625 5183.82080078 5.57337760925
1512054587306 lifecam22 2129.99145508 5194.10302734 5.56902360916
1512054587366 lifecam22 2117.71459961 5199.37548828 5.5481338501
1512054587574 lifecam22 2083.80151367 5229.96386719 5.40833473206
1512054587710 lifecam22 2062.02685547 5252.61279297 5.35300731659
1512054587769 lifecam22 2050.71142578 5263.95361328 5.31461763382
1512054588097 lifecam22 1997.44006348 5319.52636719 5.21396350861
1512054588301 lifecam22 1971.56030273 5359.47021484 5.12619876862
1512054588441 lifecam22 1957.97814941 5383.54736328 5.08053779602
1512054588578 lifecam22 1956.46142578 5385.43359375 5.06161022186
1512054588899 lifecam22 1956.12121582 5386.96191406 5.07031106949
