1512054625690 lifecam22 2287.11425781 5148.91259766 6.0770111084
1512054625758 lifecam22 2287.33105469 5149.25195312 6.06587839127
1512054625897 lifecam22 2287.40844727 5147.37304688 6.08467292786
1512054625957 lifecam22 2287.75195312 5147.28466797 6.08615684509
1512054626028 lifecam22 2286.72607422 5148.14257812 6.0619468689
1512054626094 lifecam22 2287.87670898 5146.96533203 6.10353803635
1512054626159 lifecam22 2287.87670898 5146.96533203 6.10353803635
1512054626298 lifecam22 2287.53686523 5147.04394531 6.10068750381
1512054626362 lifecam22 2287.53686523 5147.04394531 6.10068750381
1512054626427 lifecam22 2287.53686523 5147.04394531 6.10068750381
1512054626493 lifecam22 2287.56201172 5147.25488281 6.09697341919
1512054626562 lifecam22 2287.56201172 5147.25488281 6.09697341919
1512054626700 lifecam22 2287.89746094 5147.171875 6.09983253479
1512054626901 lifecam22 2289.4453125 5147.92529297 6.07403087616
1512054626957 lifecam22 2289.41748047 5147.73339844 6.07358169556
1512054627168 lifecam22 2289.4453125 5147.92529297 6.07403087616
1512054627242 lifecam22 2289.82006836 5148.05371094 6.06881666183
1512054627305 lifecam22 2290.52709961 5148.22949219 6.06823921204
1512054627375 lifecam22 2291.4230957 5148.48730469 6.05536365509
1512054627433 lifecam22 2290.57470703 5147.13720703 6.06136322021
1512054627569 lifecam22 2291.85546875 5147.97460938 6.06727695465
1512054627629 lifecam22 2292.12548828 5146.10302734 6.0897936821
1512054627699 lifecam22 2292.18334961 5145.21484375 6.09843111038
1512054628101 lifecam22 2283.95141602 5146.46337891 6.09418392181
1512054628175 lifecam22 2280.17700195 5143.63183594 6.11550760269
1512054628236 lifecam22 2279.52832031 5139.85449219 6.11498975754
1512054628293 lifecam22 2272.05737305 5138.92333984 6.06207036972
1512054628435 lifecam22 2249.01269531 5138.90478516 5.92248249054
1512054628499 lifecam22 2235.82519531 5141.26953125 5.86757659912
1512054628567 lifecam22 2221.39794922 5145.49462891 5.83526563644
1512054628629 lifecam22 2206.09643555 5149.65917969 5.81462001801
1512054628705 lifecam22 2192.29101562 5154.72753906 5.7741394043
1512054628830 lifecam22 2162.65258789 5166.51513672 5.72416067123
1512054628971 lifecam22 2134.91748047 5180.40283203 5.67667579651
1512054629029 lifecam22 2121.39208984 5187.64697266 5.6399679184
1512054629096 lifecam22 2107.01855469 5195.80419922 5.61045980453
1512054629307 lifecam22 2072.40942383 5221.74169922 5.52829837799
1512054629366 lifecam22 2059.92382812 5233.32080078 5.51433897018
1512054629506 lifecam22 2035.78845215 5251.08691406 5.41092014313
1512054629575 lifecam22 2025.14611816 5261.78808594 5.38002872467
1512054629711 lifecam22 2003.31091309 5281.62841797 5.30042743683
1512054630103 lifecam22 1941.74755859 5350.39404297 5.16217374802
1512054630240 lifecam22 1924.90649414 5376.87744141 5.10502338409
1512054630308 lifecam22 1917.19665527 5390.91845703 5.09272861481
1512054630362 lifecam22 1909.47155762 5405.33935547 5.06125211716
1512054630571 lifecam22 1901.56689453 5422.03515625 5.01766729355
1512054630638 lifecam22 1901.36804199 5422.13916016 5.01914405823
1512054630698 lifecam22 1901.59069824 5421.94433594 5.01516675949
1512054630774 lifecam22 1901.4354248 5421.89599609 5.01361846924
1512054630832 lifecam22 1901.36804199 5422.13916016 5.01914405823
1512054630978 lifecam22 1901.36804199 5422.13916016 5.01914405823
1512054631049 lifecam22 1901.4107666 5421.98681641 5.01612091064
1512054631168 lifecam22 1901.36804199 5422.13916016 5.01914405823
1512054631374 lifecam22 1901.4354248 5421.89599609 5.01361846924
1512054631444 lifecam22 1901.4107666 5421.98681641 5.01612091064
1512054631508 lifecam22 1901.36804199 5422.13916016 5.01914405823
1512054631572 lifecam22 1901.4107666 5421.98681641 5.01612091064
1512054631635 lifecam22 1901.4107666 5421.98681641 5.01612091064
