1512054499238 lifecam22 2543.09130859 5261.1015625 6.07260084152
1512054499306 lifecam22 2542.65454102 5259.88867188 6.09653806686
1512054499367 lifecam22 2542.57714844 5259.26660156 6.09664440155
1512054499437 lifecam22 2543.45727539 5258.74023438 6.09097671509
1512054499636 lifecam22 2543.59765625 5258.56201172 6.08265542984
1512054499703 lifecam22 2543.08544922 5258.90332031 6.08329486847
1512054499769 lifecam22 2543.46044922 5258.80029297 6.08308506012
1512054499834 lifecam22 2542.85961914 5258.67919922 6.08427667618
1512054499903 lifecam22 2542.71875 5258.921875 6.08504295349
1512054500041 lifecam22 2542.71875 5258.921875 6.08504295349
1512054500104 lifecam22 2542.71875 5258.921875 6.08504295349
1512054500171 lifecam22 2543.07373047 5258.82617188 6.08522558212
1512054500236 lifecam22 2542.89746094 5258.95996094 6.08453655243
1512054500302 lifecam22 2543.08544922 5258.90332031 6.08329486847
1512054500505 lifecam22 2543.21484375 5258.21240234 6.09182548523
1512054500574 lifecam22 2543.48608398 5257.73730469 6.09066009521
1512054500638 lifecam22 2543.38330078 5258.17919922 6.09370183945
1512054500707 lifecam22 2543.40307617 5258.38330078 6.08313417435
1512054500770 lifecam22 2543.46044922 5258.80029297 6.08308506012
1512054500967 lifecam22 2543.82666016 5259.72607422 6.06398820877
1512054501044 lifecam22 2543.42358398 5260.66357422 6.06164073944
1512054501105 lifecam22 2543.43017578 5260.89013672 6.06314277649
1512054501171 lifecam22 2544.15307617 5260.67675781 6.06545829773
1512054501241 lifecam22 2544.33398438 5260.61816406 6.06453180313
1512054501377 lifecam22 2544.65136719 5260.29492188 6.06329250336
1512054501440 lifecam22 2544.71606445 5259.66552734 6.06619930267
1512054501507 lifecam22 2544.92260742 5259.43554688 6.07393789291
1512054501571 lifecam22 2545.08984375 5259.55224609 6.06595468521
1512054501842 lifecam22 2545.42871094 5257.01171875 6.08326625824
1512054501908 lifecam22 2545.56567383 5256.72607422 6.07559108734
1512054501972 lifecam22 2545.91137695 5256.46728516 6.08330392838
1512054502043 lifecam22 2546.44946289 5256.48632812 6.07838821411
1512054502105 lifecam22 2546.41772461 5256.29443359 6.08095026016
1512054502375 lifecam22 2545.92407227 5256.61279297 6.07400226593
1512054502444 lifecam22 2546.53442383 5257.11425781 6.07628250122
1512054502506 lifecam22 2547.81958008 5257.13330078 6.06000995636
1512054502574 lifecam22 2546.55810547 5257.45263672 6.05678462982
1512054502641 lifecam22 2546.73120117 5255.68359375 6.0703792572
1512054502842 lifecam22 2548.99609375 5246.22070312 6.10216426849
1512054502908 lifecam22 2549.57788086 5241.27734375 6.14905738831
1512054502977 lifecam22 2548.39013672 5243.23583984 6.14422273636
1512054503042 lifecam22 2546.546875 5254.73291016 6.10464715958
1512054503109 lifecam22 2544.27661133 5262.42724609 6.07495689392
1512054503309 lifecam22 2527.45361328 5252.03662109 6.09877681732
1512054503373 lifecam22 2519.83837891 5253.60253906 6.04141378403
1512054503443 lifecam22 2508.35351562 5253.96679688 5.98874235153
1512054503512 lifecam22 2493.61914062 5255.421875 5.94775438309
1512054503844 lifecam22 2419.63330078 5273.34814453 5.79585790634
1512054503909 lifecam22 2405.38574219 5279.24951172 5.77570390701
1512054503973 lifecam22 2391.72412109 5285.21923828 5.73815345764
1512054504046 lifecam22 2377.94628906 5291.21728516 5.72459363937
1512054504177 lifecam22 2349.89892578 5305.80957031 5.65050411224
1512054504243 lifecam22 2338.04736328 5312.11865234 5.63473272324
1512054504310 lifecam22 2324.22583008 5319.96728516 5.60764503479
1512054504376 lifecam22 2309.59326172 5328.91210938 5.5925116539
1512054504442 lifecam22 2297.26513672 5337.43457031 5.53286647797
1512054504642 lifecam22 2262.90454102 5365.64648438 5.41996097565
1512054504712 lifecam22 2251.26757812 5375.96337891 5.4009976387
1512054504777 lifecam22 2241.20947266 5384.99902344 5.35819673538
1512054504843 lifecam22 2230.17041016 5396.43945312 5.33381557465
1512054504908 lifecam22 2220.04296875 5408.66503906 5.30922985077
1512054505111 lifecam22 2190.57299805 5442.11376953 5.21240997314
1512054505179 lifecam22 2181.52392578 5454.06347656 5.17556905746
1512054505244 lifecam22 2171.74707031 5467.18701172 5.16128110886
1512054505314 lifecam22 2164.04101562 5479.1484375 5.1274061203
1512054505383 lifecam22 2155.75683594 5491.96240234 5.09777879715
1512054505578 lifecam22 2139.43847656 5510.49951172 5.07174968719
1512054505649 lifecam22 2138.63818359 5513.21826172 5.08358812332
1512054505714 lifecam22 2139.06665039 5512.05664062 5.08577489853
1512054505781 lifecam22 2144.93920898 5509.15380859 4.9643497467
1512054505845 lifecam22 2138.40576172 5513.30224609 5.08793973923
1512054505982 lifecam22 2138.82763672 5512.16748047 5.08957004547
1512054506051 lifecam22 2138.82763672 5512.16748047 5.08957004547
1512054506116 lifecam22 2138.82763672 5512.16748047 5.08957004547
1512054506178 lifecam22 2138.40576172 5513.30224609 5.08793973923
1512054506245 lifecam22 2139.50268555 5510.328125 5.07286119461
1512054506448 lifecam22 2138.40576172 5513.30224609 5.08793973923
1512054506517 lifecam22 2138.82763672 5512.16748047 5.08957004547
1512054506646 lifecam22 2138.40576172 5513.30224609 5.08793973923
1512054506711 lifecam22 2138.98828125 5512.21582031 5.09360027313
1512054506918 lifecam22 2138.82763672 5512.16748047 5.08957004547
1512054506980 lifecam22 2138.82763672 5512.16748047 5.08957004547
1512054507050 lifecam22 2139.50268555 5510.328125 5.07286119461
1512054507113 lifecam22 2138.40576172 5513.30224609 5.08793973923
1512054507187 lifecam22 2138.89477539 5511.98339844 5.08694696426
1512054507381 lifecam22 2144.39892578 5511.09765625 5.02038764954
1512054507451 lifecam22 2139.50268555 5510.328125 5.07286119461
1512054507516 lifecam22 2138.40576172 5513.30224609 5.08793973923
1512054507582 lifecam22 2139.50268555 5510.328125 5.07286119461
1512054507652 lifecam22 2138.82763672 5512.16748047 5.08957004547
1512054507852 lifecam22 2138.82763672 5512.16748047 5.08957004547
1512054507913 lifecam22 2138.40576172 5513.30224609 5.08793973923
1512054507983 lifecam22 2138.82763672 5512.16748047 5.08957004547
1512054508048 lifecam22 2139.06665039 5512.05664062 5.08577489853
1512054508118 lifecam22 2138.40576172 5513.30224609 5.08793973923
1512054508249 lifecam22 2138.40576172 5513.30224609 5.08793973923
1512054508317 lifecam22 2143.55932617 5514.50439453 5.02210092545
1512054508449 lifecam22 2138.98828125 5512.21582031 5.09360027313
1512054508519 lifecam22 2138.82763672 5512.16748047 5.08957004547
1512054508717 lifecam22 2138.82763672 5512.16748047 5.08957004547
1512054508785 lifecam22 2139.50268555 5510.328125 5.07286119461
